<?xml version="1.0" encoding="UTF-8"?>
<logger class="org.jpos.util.DailyLogListener">
<log realm="channel/127.0.0.1:2300" at="Sun Feb 25 08:21:51.506 WIB 2018">
  <connect>
    localhost:2300
      Connection refused
    Unable to connect
  </connect>
</log>
<log realm="org.jpos.q2.iso.ChannelAdaptor" at="Sun Feb 25 08:21:51.508 WIB 2018">
  <warn>
    check-connection
    Unable to connect
  </warn>
</log>
<log realm="org.jpos.q2.qbean.SystemMonitor" at="Sun Feb 25 08:21:52.073 WIB 2018">
  <info>
               OS: Linux
             host: ngonar/127.0.1.1
          version: 2.0.2 (unknown)
         instance: 634bda2e-1d72-44cb-86bc-23cde5629ead
           uptime: 00:06:05.317
       processors: 4
           drift : 0
    memory(t/u/f): 119/35/83
          threads: 27
            Thread[Reference Handler,10,system]
            Thread[Finalizer,8,system]
            Thread[Signal Dispatcher,9,system]
            Thread[Q2-634bda2e-1d72-44cb-86bc-23cde5629ead,5,main]
            Thread[DestroyJavaVM,5,main]
            Thread[pool-1-thread-1,5,main]
            Thread[Timer-0,5,main]
            Thread[Timer-1,5,main]
            Thread[SimpleTransactionManager-0:idle,5,main]
            Thread[SimpleTransactionManager-1:idle,5,main]
            Thread[SimpleTransactionManager-2:idle,5,main]
            Thread[SimpleTransactionManager-3:idle,5,main]
            Thread[SimpleTransactionManager-4:idle,5,main]
            Thread[Thread-9,5,main]
            Thread[channel-sender-biller-send,5,main]
            Thread[channel-receiver-biller-receive,5,main]
            Thread[Thread-12,5,main]
            Thread[Thread-13,5,main]
            Thread[SystemMonitor,5,main]
            Thread[srv-ThreadPool.PooledThread-0,5,srv-ThreadPool-0]
            Thread[ServerTrxMan-ThreadPool.PooledThread-1,5,ServerTrxMan-ThreadPool-1]
            Thread[ServerTrxMan-ThreadPool.PooledThread-2,5,ServerTrxMan-ThreadPool-1]
            Thread[ServerTrxMan-ThreadPool.PooledThread-3,5,ServerTrxMan-ThreadPool-1]
            Thread[ServerTrxMan-ThreadPool.PooledThread-4,5,ServerTrxMan-ThreadPool-1]
            Thread[ServerTrxMan-ThreadPool.PooledThread-5,5,ServerTrxMan-ThreadPool-1]
            Thread[ServerTrxMan-ThreadPool.PooledThread-6,5,ServerTrxMan-ThreadPool-1]
            Thread[ServerTrxMan-ThreadPool.PooledThread-7,5,ServerTrxMan-ThreadPool-1]
            Thread[ServerTrxMan-ThreadPool.PooledThread-8,5,ServerTrxMan-ThreadPool-1]
            Thread[ServerTrxMan-ThreadPool.PooledThread-9,5,ServerTrxMan-ThreadPool-1]
            Thread[ServerTrxMan-ThreadPool.PooledThread-10,5,ServerTrxMan-ThreadPool-1]
         encoding: UTF-8
    name-registrar:
      logger.Q2: org.jpos.util.Logger
      server.srv: org.jpos.iso.ISOServer
        connected=0, rx=0, tx=0, last=0
      ServerTrxMan: org.jpos.q2.iso.QServer
      tspace:symphoni: org.jpos.space.TSpace
        <key count='1'>jpos-send</key>
        <keycount>0</keycount>
        <gcinfo>1,0</gcinfo>

      srv: org.jpos.q2.iso.QServer
      SimpleTransactionManager: org.jpos.transaction.TransactionManager
      biller-channel-adaptor: org.jpos.q2.iso.ChannelAdaptor
        tx=0, rx=0, connects=2, last=0
      tspace:default: org.jpos.space.TSpace
        <keycount>-1</keycount>
        <gcinfo>0,0</gcinfo>

      channel.biller-channel-adaptor: org.jpos.iso.channel.ASCIIChannel
      transient:default: org.jpos.space.TSpace
        <key count='1'>$TAILLOCK.1132647499</key>
        <keycount>0</keycount>
        <gcinfo>0,0</gcinfo>

      tspace:org.jpos.transaction.TransactionManager@4382d44b: org.jpos.space.TSpace
        <key count='1'>$HEAD</key>
        <key count='1'>$TAIL</key>
        <keycount>1</keycount>
        <gcinfo>0,0</gcinfo>

      server.ServerTrxMan: org.jpos.iso.ISOServer
        connected=0, rx=0, tx=0, last=0
      logger.Q2.buffered: org.jpos.util.BufferedLogListener
      tspace:biller: org.jpos.space.TSpace
        <keycount>-1</keycount>
        <gcinfo>0,0</gcinfo>

      mux.jPOS-AUTORESPONDER: org.jpos.q2.iso.QMUX
        tx=0, rx=0, tx_expired=0, tx_pending=0, rx_expired=0, rx_pending=0, rx_unhandled=0, rx_forwarded=0, connected=false, last=0
      logger.: org.jpos.util.Logger
  </info>
</log>
<log realm="channel/127.0.0.1:2300" at="Sun Feb 25 08:21:52.510 WIB 2018" lifespan="1ms">
  <connect>
    localhost:2300
      Connection refused
    Unable to connect
  </connect>
</log>
<log realm="org.jpos.q2.iso.ChannelAdaptor" at="Sun Feb 25 08:21:52.511 WIB 2018">
  <warn>
    check-connection
    Unable to connect
  </warn>
</log>
<log realm="channel/127.0.0.1:2300" at="Sun Feb 25 08:21:53.513 WIB 2018" lifespan="1ms">
  <connect>
    localhost:2300
      Connection refused
    Unable to connect
  </connect>
</log>
<log realm="org.jpos.q2.iso.ChannelAdaptor" at="Sun Feb 25 08:21:53.513 WIB 2018">
  <warn>
    check-connection
    Unable to connect
  </warn>
</log>
<log realm="channel/127.0.0.1:2300" at="Sun Feb 25 08:21:54.515 WIB 2018" lifespan="1ms">
  <connect>
    localhost:2300
      Connection refused
    Unable to connect
  </connect>
</log>
<log realm="org.jpos.q2.iso.ChannelAdaptor" at="Sun Feb 25 08:21:54.516 WIB 2018">
  <warn>
    check-connection
    Unable to connect
  </warn>
</log>
<log realm="channel/127.0.0.1:2300" at="Sun Feb 25 08:21:55.519 WIB 2018" lifespan="1ms">
  <connect>
    localhost:2300
      Connection refused
    Unable to connect
  </connect>
</log>
<log realm="org.jpos.q2.iso.ChannelAdaptor" at="Sun Feb 25 08:21:55.520 WIB 2018">
  <warn>
    check-connection
    Unable to connect
  </warn>
</log>
<log realm="channel/127.0.0.1:2300" at="Sun Feb 25 08:21:56.522 WIB 2018">
  <connect>
    localhost:2300
      Connection refused
    Unable to connect
  </connect>
</log>
<log realm="org.jpos.q2.iso.ChannelAdaptor" at="Sun Feb 25 08:21:56.523 WIB 2018">
  <warn>
    check-connection
    Unable to connect
  </warn>
</log>
<log realm="channel/127.0.0.1:2300" at="Sun Feb 25 08:21:57.524 WIB 2018">
  <connect>
    localhost:2300
      Connection refused
    Unable to connect
  </connect>
</log>
<log realm="org.jpos.q2.iso.ChannelAdaptor" at="Sun Feb 25 08:21:57.526 WIB 2018">
  <warn>
    check-connection
    Unable to connect
  </warn>
</log>
<log realm="channel/127.0.0.1:2300" at="Sun Feb 25 08:21:58.529 WIB 2018" lifespan="1ms">
  <connect>
    localhost:2300
      Connection refused
    Unable to connect
  </connect>
</log>
<log realm="org.jpos.q2.iso.ChannelAdaptor" at="Sun Feb 25 08:21:58.530 WIB 2018">
  <warn>
    check-connection
    Unable to connect
  </warn>
</log>
<log realm="channel/127.0.0.1:2300" at="Sun Feb 25 08:21:59.532 WIB 2018">
  <connect>
    localhost:2300
      Connection refused
    Unable to connect
  </connect>
</log>
<log realm="org.jpos.q2.iso.ChannelAdaptor" at="Sun Feb 25 08:21:59.534 WIB 2018">
  <warn>
    check-connection
    Unable to connect
  </warn>
</log>
<log realm="channel/127.0.0.1:2300" at="Sun Feb 25 08:22:00.536 WIB 2018">
  <connect>
    localhost:2300
      Connection refused
    Unable to connect
  </connect>
</log>
<log realm="org.jpos.q2.iso.ChannelAdaptor" at="Sun Feb 25 08:22:00.537 WIB 2018">
  <warn>
    check-connection
    Unable to connect
  </warn>
</log>
<log realm="channel/127.0.0.1:2300" at="Sun Feb 25 08:22:01.539 WIB 2018" lifespan="1ms">
  <connect>
    localhost:2300
      Connection refused
    Unable to connect
  </connect>
</log>
<log realm="org.jpos.q2.iso.ChannelAdaptor" at="Sun Feb 25 08:22:01.540 WIB 2018">
  <warn>
    check-connection
    Unable to connect
  </warn>
</log>
<log realm="channel/127.0.0.1:2300" at="Sun Feb 25 08:22:02.542 WIB 2018">
  <connect>
    localhost:2300
      Connection refused
    Unable to connect
  </connect>
</log>
<log realm="org.jpos.q2.iso.ChannelAdaptor" at="Sun Feb 25 08:22:02.543 WIB 2018">
  <warn>
    check-connection
    Unable to connect
  </warn>
</log>
<log realm="channel/127.0.0.1:2300" at="Sun Feb 25 08:22:03.545 WIB 2018">
  <connect>
    localhost:2300
      Connection refused
    Unable to connect
  </connect>
</log>
<log realm="org.jpos.q2.iso.ChannelAdaptor" at="Sun Feb 25 08:22:03.547 WIB 2018">
  <warn>
    check-connection
    Unable to connect
  </warn>
</log>
<log realm="channel/127.0.0.1:2300" at="Sun Feb 25 08:22:04.549 WIB 2018" lifespan="1ms">
  <connect>
    localhost:2300
      Connection refused
    Unable to connect
  </connect>
</log>
<log realm="org.jpos.q2.iso.ChannelAdaptor" at="Sun Feb 25 08:22:04.550 WIB 2018">
  <warn>
    check-connection
    Unable to connect
  </warn>
</log>
<log realm="channel/127.0.0.1:2300" at="Sun Feb 25 08:22:05.552 WIB 2018" lifespan="1ms">
  <connect>
    localhost:2300
      Connection refused
    Unable to connect
  </connect>
</log>
<log realm="org.jpos.q2.iso.ChannelAdaptor" at="Sun Feb 25 08:22:05.553 WIB 2018">
  <warn>
    check-connection
    Unable to connect
  </warn>
</log>
<log realm="channel/127.0.0.1:2300" at="Sun Feb 25 08:22:06.556 WIB 2018">
  <connect>
    localhost:2300
      Connection refused
    Unable to connect
  </connect>
</log>
<log realm="org.jpos.q2.iso.ChannelAdaptor" at="Sun Feb 25 08:22:06.557 WIB 2018">
  <warn>
    check-connection
    Unable to connect
  </warn>
</log>
<log realm="channel/127.0.0.1:2300" at="Sun Feb 25 08:22:07.558 WIB 2018">
  <connect>
    localhost:2300
      Connection refused
    Unable to connect
  </connect>
</log>
<log realm="org.jpos.q2.iso.ChannelAdaptor" at="Sun Feb 25 08:22:07.559 WIB 2018">
  <warn>
    check-connection
    Unable to connect
  </warn>
</log>
<log realm="channel/127.0.0.1:2300" at="Sun Feb 25 08:22:08.560 WIB 2018">
  <connect>
    localhost:2300
      Connection refused
    Unable to connect
  </connect>
</log>
<log realm="org.jpos.q2.iso.ChannelAdaptor" at="Sun Feb 25 08:22:08.561 WIB 2018">
  <warn>
    check-connection
    Unable to connect
  </warn>
</log>
<log realm="channel/127.0.0.1:2300" at="Sun Feb 25 08:22:09.562 WIB 2018">
  <connect>
    localhost:2300
      Connection refused
    Unable to connect
  </connect>
</log>
<log realm="org.jpos.q2.iso.ChannelAdaptor" at="Sun Feb 25 08:22:09.564 WIB 2018">
  <warn>
    check-connection
    Unable to connect
  </warn>
</log>
<log realm="channel/127.0.0.1:2300" at="Sun Feb 25 08:22:10.566 WIB 2018">
  <connect>
    localhost:2300
      Connection refused
    Unable to connect
  </connect>
</log>
<log realm="org.jpos.q2.iso.ChannelAdaptor" at="Sun Feb 25 08:22:10.570 WIB 2018">
  <warn>
    check-connection
    Unable to connect
  </warn>
</log>
<log realm="channel/127.0.0.1:2300" at="Sun Feb 25 08:22:11.572 WIB 2018">
  <connect>
    localhost:2300
      Connection refused
    Unable to connect
  </connect>
</log>
<log realm="org.jpos.q2.iso.ChannelAdaptor" at="Sun Feb 25 08:22:11.573 WIB 2018">
  <warn>
    check-connection
    Unable to connect
  </warn>
</log>
<log realm="channel/127.0.0.1:2300" at="Sun Feb 25 08:22:12.574 WIB 2018">
  <connect>
    localhost:2300
      Connection refused
    Unable to connect
  </connect>
</log>
<log realm="org.jpos.q2.iso.ChannelAdaptor" at="Sun Feb 25 08:22:12.576 WIB 2018">
  <warn>
    check-connection
    Unable to connect
  </warn>
</log>
<log realm="channel/127.0.0.1:2300" at="Sun Feb 25 08:22:13.578 WIB 2018" lifespan="1ms">
  <connect>
    localhost:2300
      Connection refused
    Unable to connect
  </connect>
</log>
<log realm="org.jpos.q2.iso.ChannelAdaptor" at="Sun Feb 25 08:22:13.579 WIB 2018">
  <warn>
    check-connection
    Unable to connect
  </warn>
</log>
<log realm="channel/127.0.0.1:2300" at="Sun Feb 25 08:22:14.582 WIB 2018">
  <connect>
    localhost:2300
      Connection refused
    Unable to connect
  </connect>
</log>
<log realm="org.jpos.q2.iso.ChannelAdaptor" at="Sun Feb 25 08:22:14.583 WIB 2018">
  <warn>
    check-connection
    Unable to connect
  </warn>
</log>
<log realm="channel/127.0.0.1:2300" at="Sun Feb 25 08:22:15.585 WIB 2018" lifespan="1ms">
  <connect>
    localhost:2300
      Connection refused
    Unable to connect
  </connect>
</log>
<log realm="org.jpos.q2.iso.ChannelAdaptor" at="Sun Feb 25 08:22:15.587 WIB 2018">
  <warn>
    check-connection
    Unable to connect
  </warn>
</log>
<log realm="channel/127.0.0.1:2300" at="Sun Feb 25 08:22:16.589 WIB 2018" lifespan="1ms">
  <connect>
    localhost:2300
      Connection refused
    Unable to connect
  </connect>
</log>
<log realm="org.jpos.q2.iso.ChannelAdaptor" at="Sun Feb 25 08:22:16.590 WIB 2018">
  <warn>
    check-connection
    Unable to connect
  </warn>
</log>
<log realm="channel/127.0.0.1:2300" at="Sun Feb 25 08:22:17.592 WIB 2018">
  <connect>
    localhost:2300
      Connection refused
    Unable to connect
  </connect>
</log>
<log realm="org.jpos.q2.iso.ChannelAdaptor" at="Sun Feb 25 08:22:17.593 WIB 2018">
  <warn>
    check-connection
    Unable to connect
  </warn>
</log>
<log realm="channel/127.0.0.1:2300" at="Sun Feb 25 08:22:18.596 WIB 2018" lifespan="1ms">
  <connect>
    localhost:2300
      Connection refused
    Unable to connect
  </connect>
</log>
<log realm="org.jpos.q2.iso.ChannelAdaptor" at="Sun Feb 25 08:22:18.598 WIB 2018">
  <warn>
    check-connection
    Unable to connect
  </warn>
</log>
<log realm="channel/127.0.0.1:2300" at="Sun Feb 25 08:22:19.600 WIB 2018" lifespan="1ms">
  <connect>
    localhost:2300
      Connection refused
    Unable to connect
  </connect>
</log>
<log realm="org.jpos.q2.iso.ChannelAdaptor" at="Sun Feb 25 08:22:19.601 WIB 2018">
  <warn>
    check-connection
    Unable to connect
  </warn>
</log>
<log realm="channel/127.0.0.1:2300" at="Sun Feb 25 08:22:20.603 WIB 2018" lifespan="1ms">
  <connect>
    localhost:2300
      Connection refused
    Unable to connect
  </connect>
</log>
<log realm="org.jpos.q2.iso.ChannelAdaptor" at="Sun Feb 25 08:22:20.605 WIB 2018">
  <warn>
    check-connection
    Unable to connect
  </warn>
</log>
<log realm="channel/127.0.0.1:2300" at="Sun Feb 25 08:22:21.607 WIB 2018" lifespan="1ms">
  <connect>
    localhost:2300
      Connection refused
    Unable to connect
  </connect>
</log>
<log realm="org.jpos.q2.iso.ChannelAdaptor" at="Sun Feb 25 08:22:21.608 WIB 2018">
  <warn>
    check-connection
    Unable to connect
  </warn>
</log>
<log realm="channel/127.0.0.1:2300" at="Sun Feb 25 08:22:22.610 WIB 2018" lifespan="1ms">
  <connect>
    localhost:2300
      Connection refused
    Unable to connect
  </connect>
</log>
<log realm="org.jpos.q2.iso.ChannelAdaptor" at="Sun Feb 25 08:22:22.614 WIB 2018" lifespan="1ms">
  <warn>
    check-connection
    Unable to connect
  </warn>
</log>
<log realm="channel/127.0.0.1:2300" at="Sun Feb 25 08:22:23.616 WIB 2018" lifespan="1ms">
  <connect>
    localhost:2300
      Connection refused
    Unable to connect
  </connect>
</log>
<log realm="org.jpos.q2.iso.ChannelAdaptor" at="Sun Feb 25 08:22:23.632 WIB 2018">
  <warn>
    check-connection
    Unable to connect
  </warn>
</log>
<log realm="channel/127.0.0.1:2300" at="Sun Feb 25 08:22:24.633 WIB 2018" lifespan="1ms">
  <connect>
    localhost:2300
      Connection refused
    Unable to connect
  </connect>
</log>
<log realm="org.jpos.q2.iso.ChannelAdaptor" at="Sun Feb 25 08:22:24.634 WIB 2018">
  <warn>
    check-connection
    Unable to connect
  </warn>
</log>
<log realm="channel/127.0.0.1:2300" at="Sun Feb 25 08:22:25.636 WIB 2018">
  <connect>
    localhost:2300
      Connection refused
    Unable to connect
  </connect>
</log>
<log realm="org.jpos.q2.iso.ChannelAdaptor" at="Sun Feb 25 08:22:25.637 WIB 2018">
  <warn>
    check-connection
    Unable to connect
  </warn>
</log>
<log realm="channel/127.0.0.1:2300" at="Sun Feb 25 08:22:26.638 WIB 2018" lifespan="1ms">
  <connect>
    localhost:2300
      Connection refused
    Unable to connect
  </connect>
</log>
<log realm="org.jpos.q2.iso.ChannelAdaptor" at="Sun Feb 25 08:22:26.639 WIB 2018">
  <warn>
    check-connection
    Unable to connect
  </warn>
</log>
<log realm="channel/127.0.0.1:2300" at="Sun Feb 25 08:22:27.641 WIB 2018" lifespan="1ms">
  <connect>
    localhost:2300
      Connection refused
    Unable to connect
  </connect>
</log>
<log realm="org.jpos.q2.iso.ChannelAdaptor" at="Sun Feb 25 08:22:27.643 WIB 2018">
  <warn>
    check-connection
    Unable to connect
  </warn>
</log>
<log realm="channel/127.0.0.1:2300" at="Sun Feb 25 08:22:28.645 WIB 2018" lifespan="1ms">
  <connect>
    localhost:2300
      Connection refused
    Unable to connect
  </connect>
</log>
<log realm="org.jpos.q2.iso.ChannelAdaptor" at="Sun Feb 25 08:22:28.646 WIB 2018">
  <warn>
    check-connection
    Unable to connect
  </warn>
</log>
<log realm="channel/127.0.0.1:2300" at="Sun Feb 25 08:22:29.648 WIB 2018" lifespan="1ms">
  <connect>
    localhost:2300
      Connection refused
    Unable to connect
  </connect>
</log>
<log realm="org.jpos.q2.iso.ChannelAdaptor" at="Sun Feb 25 08:22:29.648 WIB 2018">
  <warn>
    check-connection
    Unable to connect
  </warn>
</log>
<log realm="channel/127.0.0.1:2300" at="Sun Feb 25 08:22:30.650 WIB 2018" lifespan="1ms">
  <connect>
    localhost:2300
      Connection refused
    Unable to connect
  </connect>
</log>
<log realm="org.jpos.q2.iso.ChannelAdaptor" at="Sun Feb 25 08:22:30.651 WIB 2018">
  <warn>
    check-connection
    Unable to connect
  </warn>
</log>
<log realm="channel/127.0.0.1:2300" at="Sun Feb 25 08:22:31.653 WIB 2018" lifespan="1ms">
  <connect>
    localhost:2300
      Connection refused
    Unable to connect
  </connect>
</log>
<log realm="org.jpos.q2.iso.ChannelAdaptor" at="Sun Feb 25 08:22:31.654 WIB 2018">
  <warn>
    check-connection
    Unable to connect
  </warn>
</log>
<log realm="channel/127.0.0.1:2300" at="Sun Feb 25 08:22:32.657 WIB 2018" lifespan="1ms">
  <connect>
    localhost:2300
      Connection refused
    Unable to connect
  </connect>
</log>
<log realm="org.jpos.q2.iso.ChannelAdaptor" at="Sun Feb 25 08:22:32.658 WIB 2018">
  <warn>
    check-connection
    Unable to connect
  </warn>
</log>
<log realm="channel/127.0.0.1:2300" at="Sun Feb 25 08:22:33.660 WIB 2018" lifespan="1ms">
  <connect>
    localhost:2300
      Connection refused
    Unable to connect
  </connect>
</log>
<log realm="org.jpos.q2.iso.ChannelAdaptor" at="Sun Feb 25 08:22:33.662 WIB 2018" lifespan="1ms">
  <warn>
    check-connection
    Unable to connect
  </warn>
</log>
<log realm="channel/127.0.0.1:2300" at="Sun Feb 25 08:22:34.664 WIB 2018" lifespan="1ms">
  <connect>
    localhost:2300
      Connection refused
    Unable to connect
  </connect>
</log>
<log realm="org.jpos.q2.iso.ChannelAdaptor" at="Sun Feb 25 08:22:34.666 WIB 2018">
  <warn>
    check-connection
    Unable to connect
  </warn>
</log>
<log realm="channel/127.0.0.1:2300" at="Sun Feb 25 08:22:35.668 WIB 2018">
  <connect>
    localhost:2300
      Connection refused
    Unable to connect
  </connect>
</log>
<log realm="org.jpos.q2.iso.ChannelAdaptor" at="Sun Feb 25 08:22:35.670 WIB 2018">
  <warn>
    check-connection
    Unable to connect
  </warn>
</log>
<log realm="channel/127.0.0.1:2300" at="Sun Feb 25 08:22:36.673 WIB 2018" lifespan="1ms">
  <connect>
    localhost:2300
      Connection refused
    Unable to connect
  </connect>
</log>
<log realm="org.jpos.q2.iso.ChannelAdaptor" at="Sun Feb 25 08:22:36.677 WIB 2018" lifespan="2ms">
  <warn>
    check-connection
    Unable to connect
  </warn>
</log>
<log realm="channel/127.0.0.1:2300" at="Sun Feb 25 08:22:37.679 WIB 2018" lifespan="1ms">
  <connect>
    localhost:2300
      Connection refused
    Unable to connect
  </connect>
</log>
<log realm="org.jpos.q2.iso.ChannelAdaptor" at="Sun Feb 25 08:22:37.681 WIB 2018">
  <warn>
    check-connection
    Unable to connect
  </warn>
</log>
<log realm="channel/127.0.0.1:2300" at="Sun Feb 25 08:22:38.683 WIB 2018" lifespan="1ms">
  <connect>
    localhost:2300
      Connection refused
    Unable to connect
  </connect>
</log>
<log realm="org.jpos.q2.iso.ChannelAdaptor" at="Sun Feb 25 08:22:38.685 WIB 2018">
  <warn>
    check-connection
    Unable to connect
  </warn>
</log>
<log realm="channel/127.0.0.1:2300" at="Sun Feb 25 08:22:39.686 WIB 2018">
  <connect>
    localhost:2300
      Connection refused
    Unable to connect
  </connect>
</log>
<log realm="org.jpos.q2.iso.ChannelAdaptor" at="Sun Feb 25 08:22:39.687 WIB 2018">
  <warn>
    check-connection
    Unable to connect
  </warn>
</log>
<log realm="channel/127.0.0.1:2300" at="Sun Feb 25 08:22:40.688 WIB 2018">
  <connect>
    localhost:2300
      Connection refused
    Unable to connect
  </connect>
</log>
<log realm="org.jpos.q2.iso.ChannelAdaptor" at="Sun Feb 25 08:22:40.689 WIB 2018">
  <warn>
    check-connection
    Unable to connect
  </warn>
</log>
<log realm="channel/127.0.0.1:2300" at="Sun Feb 25 08:22:41.691 WIB 2018" lifespan="1ms">
  <connect>
    localhost:2300
      Connection refused
    Unable to connect
  </connect>
</log>
<log realm="rotate-log-listener" at="Sun Feb 25 08:22:41 WIB 2018">
   maxSize (10000) threshold reached
</log>
</logger>
