<?xml version="1.0" encoding="UTF-8"?>
<logger class="org.jpos.util.DailyLogListener">
<log realm="org.jpos.q2.iso.ChannelAdaptor" at="Sun Feb 25 08:19:54.918 WIB 2018">
  <warn>
    check-connection
    Unable to connect
  </warn>
</log>
<log realm="channel/127.0.0.1:2300" at="Sun Feb 25 08:19:55.921 WIB 2018">
  <connect>
    localhost:2300
      Connection refused
    Unable to connect
  </connect>
</log>
<log realm="org.jpos.q2.iso.ChannelAdaptor" at="Sun Feb 25 08:19:55.923 WIB 2018">
  <warn>
    check-connection
    Unable to connect
  </warn>
</log>
<log realm="channel/127.0.0.1:2300" at="Sun Feb 25 08:19:56.925 WIB 2018">
  <connect>
    localhost:2300
      Connection refused
    Unable to connect
  </connect>
</log>
<log realm="org.jpos.q2.iso.ChannelAdaptor" at="Sun Feb 25 08:19:56.927 WIB 2018">
  <warn>
    check-connection
    Unable to connect
  </warn>
</log>
<log realm="channel/127.0.0.1:2300" at="Sun Feb 25 08:19:57.929 WIB 2018" lifespan="1ms">
  <connect>
    localhost:2300
      Connection refused
    Unable to connect
  </connect>
</log>
<log realm="org.jpos.q2.iso.ChannelAdaptor" at="Sun Feb 25 08:19:57.931 WIB 2018">
  <warn>
    check-connection
    Unable to connect
  </warn>
</log>
<log realm="channel/127.0.0.1:2300" at="Sun Feb 25 08:19:58.934 WIB 2018" lifespan="1ms">
  <connect>
    localhost:2300
      Connection refused
    Unable to connect
  </connect>
</log>
<log realm="org.jpos.q2.iso.ChannelAdaptor" at="Sun Feb 25 08:19:58.937 WIB 2018">
  <warn>
    check-connection
    Unable to connect
  </warn>
</log>
<log realm="channel/127.0.0.1:2300" at="Sun Feb 25 08:19:59.940 WIB 2018">
  <connect>
    localhost:2300
      Connection refused
    Unable to connect
  </connect>
</log>
<log realm="org.jpos.q2.iso.ChannelAdaptor" at="Sun Feb 25 08:19:59.943 WIB 2018">
  <warn>
    check-connection
    Unable to connect
  </warn>
</log>
<log realm="channel/127.0.0.1:2300" at="Sun Feb 25 08:20:00.947 WIB 2018" lifespan="1ms">
  <connect>
    localhost:2300
      Connection refused
    Unable to connect
  </connect>
</log>
<log realm="org.jpos.q2.iso.ChannelAdaptor" at="Sun Feb 25 08:20:00.948 WIB 2018">
  <warn>
    check-connection
    Unable to connect
  </warn>
</log>
<log realm="channel/127.0.0.1:2300" at="Sun Feb 25 08:20:01.951 WIB 2018" lifespan="1ms">
  <connect>
    localhost:2300
      Connection refused
    Unable to connect
  </connect>
</log>
<log realm="org.jpos.q2.iso.ChannelAdaptor" at="Sun Feb 25 08:20:01.954 WIB 2018">
  <warn>
    check-connection
    Unable to connect
  </warn>
</log>
<log realm="channel/127.0.0.1:2300" at="Sun Feb 25 08:20:02.958 WIB 2018" lifespan="1ms">
  <connect>
    localhost:2300
      Connection refused
    Unable to connect
  </connect>
</log>
<log realm="org.jpos.q2.iso.ChannelAdaptor" at="Sun Feb 25 08:20:02.961 WIB 2018">
  <warn>
    check-connection
    Unable to connect
  </warn>
</log>
<log realm="channel/127.0.0.1:2300" at="Sun Feb 25 08:20:03.965 WIB 2018" lifespan="1ms">
  <connect>
    localhost:2300
      Connection refused
    Unable to connect
  </connect>
</log>
<log realm="org.jpos.q2.iso.ChannelAdaptor" at="Sun Feb 25 08:20:03.966 WIB 2018">
  <warn>
    check-connection
    Unable to connect
  </warn>
</log>
<log realm="channel/127.0.0.1:2300" at="Sun Feb 25 08:20:04.968 WIB 2018" lifespan="1ms">
  <connect>
    localhost:2300
      Connection refused
    Unable to connect
  </connect>
</log>
<log realm="org.jpos.q2.iso.ChannelAdaptor" at="Sun Feb 25 08:20:04.969 WIB 2018">
  <warn>
    check-connection
    Unable to connect
  </warn>
</log>
<log realm="channel/127.0.0.1:2300" at="Sun Feb 25 08:20:21.072 WIB 2018" lifespan="87ms">
  <connect>
    localhost:2300
      Connection refused
    Unable to connect
  </connect>
</log>
<log realm="org.jpos.q2.iso.ChannelAdaptor" at="Sun Feb 25 08:20:21.095 WIB 2018">
  <warn>
    check-connection
    Unable to connect
  </warn>
</log>
<log realm="channel/127.0.0.1:2300" at="Sun Feb 25 08:20:22.098 WIB 2018" lifespan="1ms">
  <connect>
    localhost:2300
      Connection refused
    Unable to connect
  </connect>
</log>
<log realm="org.jpos.q2.iso.ChannelAdaptor" at="Sun Feb 25 08:20:22.099 WIB 2018">
  <warn>
    check-connection
    Unable to connect
  </warn>
</log>
<log realm="channel/127.0.0.1:2300" at="Sun Feb 25 08:20:23.101 WIB 2018" lifespan="1ms">
  <connect>
    localhost:2300
      Connection refused
    Unable to connect
  </connect>
</log>
<log realm="org.jpos.q2.iso.ChannelAdaptor" at="Sun Feb 25 08:20:23.102 WIB 2018">
  <warn>
    check-connection
    Unable to connect
  </warn>
</log>
<log realm="channel/127.0.0.1:2300" at="Sun Feb 25 08:20:24.105 WIB 2018" lifespan="1ms">
  <connect>
    localhost:2300
      Connection refused
    Unable to connect
  </connect>
</log>
<log realm="org.jpos.q2.iso.ChannelAdaptor" at="Sun Feb 25 08:20:24.108 WIB 2018">
  <warn>
    check-connection
    Unable to connect
  </warn>
</log>
<log realm="channel/127.0.0.1:2300" at="Sun Feb 25 08:20:25.134 WIB 2018" lifespan="1ms">
  <connect>
    localhost:2300
      Connection refused
    Unable to connect
  </connect>
</log>
<log realm="org.jpos.q2.iso.ChannelAdaptor" at="Sun Feb 25 08:20:25.137 WIB 2018">
  <warn>
    check-connection
    Unable to connect
  </warn>
</log>
<log realm="channel/127.0.0.1:2300" at="Sun Feb 25 08:20:26.140 WIB 2018" lifespan="1ms">
  <connect>
    localhost:2300
      Connection refused
    Unable to connect
  </connect>
</log>
<log realm="org.jpos.q2.iso.ChannelAdaptor" at="Sun Feb 25 08:20:26.144 WIB 2018" lifespan="1ms">
  <warn>
    check-connection
    Unable to connect
  </warn>
</log>
<log realm="channel/127.0.0.1:2300" at="Sun Feb 25 08:20:27.147 WIB 2018" lifespan="1ms">
  <connect>
    localhost:2300
      Connection refused
    Unable to connect
  </connect>
</log>
<log realm="org.jpos.q2.iso.ChannelAdaptor" at="Sun Feb 25 08:20:27.149 WIB 2018">
  <warn>
    check-connection
    Unable to connect
  </warn>
</log>
<log realm="channel/127.0.0.1:2300" at="Sun Feb 25 08:20:28.150 WIB 2018">
  <connect>
    localhost:2300
      Connection refused
    Unable to connect
  </connect>
</log>
<log realm="org.jpos.q2.iso.ChannelAdaptor" at="Sun Feb 25 08:20:28.151 WIB 2018">
  <warn>
    check-connection
    Unable to connect
  </warn>
</log>
<log realm="channel/127.0.0.1:2300" at="Sun Feb 25 08:20:29.153 WIB 2018" lifespan="1ms">
  <connect>
    localhost:2300
      Connection refused
    Unable to connect
  </connect>
</log>
<log realm="org.jpos.q2.iso.ChannelAdaptor" at="Sun Feb 25 08:20:29.154 WIB 2018">
  <warn>
    check-connection
    Unable to connect
  </warn>
</log>
<log realm="channel/127.0.0.1:2300" at="Sun Feb 25 08:20:30.157 WIB 2018" lifespan="1ms">
  <connect>
    localhost:2300
      Connection refused
    Unable to connect
  </connect>
</log>
<log realm="org.jpos.q2.iso.ChannelAdaptor" at="Sun Feb 25 08:20:30.159 WIB 2018">
  <warn>
    check-connection
    Unable to connect
  </warn>
</log>
<log realm="channel/127.0.0.1:2300" at="Sun Feb 25 08:20:31.161 WIB 2018" lifespan="1ms">
  <connect>
    localhost:2300
      Connection refused
    Unable to connect
  </connect>
</log>
<log realm="org.jpos.q2.iso.ChannelAdaptor" at="Sun Feb 25 08:20:31.162 WIB 2018">
  <warn>
    check-connection
    Unable to connect
  </warn>
</log>
<log realm="channel/127.0.0.1:2300" at="Sun Feb 25 08:20:32.164 WIB 2018" lifespan="1ms">
  <connect>
    localhost:2300
      Connection refused
    Unable to connect
  </connect>
</log>
<log realm="org.jpos.q2.iso.ChannelAdaptor" at="Sun Feb 25 08:20:32.166 WIB 2018">
  <warn>
    check-connection
    Unable to connect
  </warn>
</log>
<log realm="echo-biller" at="Sun Feb 25 08:20:32.382 WIB 2018" lifespan="1ms">
  <info>
    Echo request : 08000010000081810000201802074567898301SYMPHONI0070000000
  </info>
</log>
<log realm="channel/127.0.0.1:2300" at="Sun Feb 25 08:20:33.169 WIB 2018" lifespan="1ms">
  <connect>
    localhost:2300
      Connection refused
    Unable to connect
  </connect>
</log>
<log realm="org.jpos.q2.iso.ChannelAdaptor" at="Sun Feb 25 08:20:33.170 WIB 2018">
  <warn>
    check-connection
    Unable to connect
  </warn>
</log>
<log realm="channel/127.0.0.1:2300" at="Sun Feb 25 08:20:34.173 WIB 2018" lifespan="1ms">
  <connect>
    localhost:2300
      Connection refused
    Unable to connect
  </connect>
</log>
<log realm="org.jpos.q2.iso.ChannelAdaptor" at="Sun Feb 25 08:20:34.174 WIB 2018">
  <warn>
    check-connection
    Unable to connect
  </warn>
</log>
<log realm="channel/127.0.0.1:2300" at="Sun Feb 25 08:20:35.175 WIB 2018">
  <connect>
    localhost:2300
      Connection refused
    Unable to connect
  </connect>
</log>
<log realm="org.jpos.q2.iso.ChannelAdaptor" at="Sun Feb 25 08:20:35.177 WIB 2018">
  <warn>
    check-connection
    Unable to connect
  </warn>
</log>
<log realm="channel/127.0.0.1:2300" at="Sun Feb 25 08:20:36.179 WIB 2018" lifespan="1ms">
  <connect>
    localhost:2300
      Connection refused
    Unable to connect
  </connect>
</log>
<log realm="org.jpos.q2.iso.ChannelAdaptor" at="Sun Feb 25 08:20:36.181 WIB 2018">
  <warn>
    check-connection
    Unable to connect
  </warn>
</log>
<log realm="channel/127.0.0.1:2300" at="Sun Feb 25 08:20:37.183 WIB 2018" lifespan="1ms">
  <connect>
    localhost:2300
      Connection refused
    Unable to connect
  </connect>
</log>
<log realm="org.jpos.q2.iso.ChannelAdaptor" at="Sun Feb 25 08:20:37.185 WIB 2018">
  <warn>
    check-connection
    Unable to connect
  </warn>
</log>
<log realm="channel/127.0.0.1:2300" at="Sun Feb 25 08:20:38.188 WIB 2018" lifespan="1ms">
  <connect>
    localhost:2300
      Connection refused
    Unable to connect
  </connect>
</log>
<log realm="org.jpos.q2.iso.ChannelAdaptor" at="Sun Feb 25 08:20:38.190 WIB 2018">
  <warn>
    check-connection
    Unable to connect
  </warn>
</log>
<log realm="channel/127.0.0.1:2300" at="Sun Feb 25 08:20:39.192 WIB 2018">
  <connect>
    localhost:2300
      Connection refused
    Unable to connect
  </connect>
</log>
<log realm="org.jpos.q2.iso.ChannelAdaptor" at="Sun Feb 25 08:20:39.194 WIB 2018">
  <warn>
    check-connection
    Unable to connect
  </warn>
</log>
<log realm="channel/127.0.0.1:2300" at="Sun Feb 25 08:20:40.196 WIB 2018">
  <connect>
    localhost:2300
      Connection refused
    Unable to connect
  </connect>
</log>
<log realm="org.jpos.q2.iso.ChannelAdaptor" at="Sun Feb 25 08:20:40.198 WIB 2018">
  <warn>
    check-connection
    Unable to connect
  </warn>
</log>
<log realm="channel/127.0.0.1:2300" at="Sun Feb 25 08:20:41.200 WIB 2018" lifespan="1ms">
  <connect>
    localhost:2300
      Connection refused
    Unable to connect
  </connect>
</log>
<log realm="org.jpos.q2.iso.ChannelAdaptor" at="Sun Feb 25 08:20:41.202 WIB 2018">
  <warn>
    check-connection
    Unable to connect
  </warn>
</log>
<log realm="channel/127.0.0.1:2300" at="Sun Feb 25 08:20:42.204 WIB 2018">
  <connect>
    localhost:2300
      Connection refused
    Unable to connect
  </connect>
</log>
<log realm="org.jpos.q2.iso.ChannelAdaptor" at="Sun Feb 25 08:20:42.206 WIB 2018">
  <warn>
    check-connection
    Unable to connect
  </warn>
</log>
<log realm="channel/127.0.0.1:2300" at="Sun Feb 25 08:20:43.208 WIB 2018" lifespan="1ms">
  <connect>
    localhost:2300
      Connection refused
    Unable to connect
  </connect>
</log>
<log realm="org.jpos.q2.iso.ChannelAdaptor" at="Sun Feb 25 08:20:43.209 WIB 2018">
  <warn>
    check-connection
    Unable to connect
  </warn>
</log>
<log realm="channel/127.0.0.1:2300" at="Sun Feb 25 08:20:44.210 WIB 2018">
  <connect>
    localhost:2300
      Connection refused
    Unable to connect
  </connect>
</log>
<log realm="org.jpos.q2.iso.ChannelAdaptor" at="Sun Feb 25 08:20:44.212 WIB 2018">
  <warn>
    check-connection
    Unable to connect
  </warn>
</log>
<log realm="channel/127.0.0.1:2300" at="Sun Feb 25 08:20:45.214 WIB 2018">
  <connect>
    localhost:2300
      Connection refused
    Unable to connect
  </connect>
</log>
<log realm="org.jpos.q2.iso.ChannelAdaptor" at="Sun Feb 25 08:20:45.215 WIB 2018">
  <warn>
    check-connection
    Unable to connect
  </warn>
</log>
<log realm="channel/127.0.0.1:2300" at="Sun Feb 25 08:20:46.217 WIB 2018" lifespan="1ms">
  <connect>
    localhost:2300
      Connection refused
    Unable to connect
  </connect>
</log>
<log realm="org.jpos.q2.iso.ChannelAdaptor" at="Sun Feb 25 08:20:46.219 WIB 2018">
  <warn>
    check-connection
    Unable to connect
  </warn>
</log>
<log realm="channel/127.0.0.1:2300" at="Sun Feb 25 08:20:47.222 WIB 2018">
  <connect>
    localhost:2300
      Connection refused
    Unable to connect
  </connect>
</log>
<log realm="org.jpos.q2.iso.ChannelAdaptor" at="Sun Feb 25 08:20:47.224 WIB 2018">
  <warn>
    check-connection
    Unable to connect
  </warn>
</log>
<log realm="channel/127.0.0.1:2300" at="Sun Feb 25 08:20:48.226 WIB 2018" lifespan="1ms">
  <connect>
    localhost:2300
      Connection refused
    Unable to connect
  </connect>
</log>
<log realm="org.jpos.q2.iso.ChannelAdaptor" at="Sun Feb 25 08:20:48.229 WIB 2018">
  <warn>
    check-connection
    Unable to connect
  </warn>
</log>
<log realm="channel/127.0.0.1:2300" at="Sun Feb 25 08:20:49.233 WIB 2018" lifespan="1ms">
  <connect>
    localhost:2300
      Connection refused
    Unable to connect
  </connect>
</log>
<log realm="org.jpos.q2.iso.ChannelAdaptor" at="Sun Feb 25 08:20:49.234 WIB 2018">
  <warn>
    check-connection
    Unable to connect
  </warn>
</log>
<log realm="channel/127.0.0.1:2300" at="Sun Feb 25 08:20:50.236 WIB 2018">
  <connect>
    localhost:2300
      Connection refused
    Unable to connect
  </connect>
</log>
<log realm="org.jpos.q2.iso.ChannelAdaptor" at="Sun Feb 25 08:20:50.238 WIB 2018">
  <warn>
    check-connection
    Unable to connect
  </warn>
</log>
<log realm="channel/127.0.0.1:2300" at="Sun Feb 25 08:20:51.240 WIB 2018" lifespan="1ms">
  <connect>
    localhost:2300
      Connection refused
    Unable to connect
  </connect>
</log>
<log realm="org.jpos.q2.iso.ChannelAdaptor" at="Sun Feb 25 08:20:51.242 WIB 2018">
  <warn>
    check-connection
    Unable to connect
  </warn>
</log>
<log realm="org.jpos.q2.qbean.SystemMonitor" at="Sun Feb 25 08:20:52.067 WIB 2018">
  <info>
               OS: Linux
             host: ngonar/127.0.1.1
          version: 2.0.2 (unknown)
         instance: 634bda2e-1d72-44cb-86bc-23cde5629ead
           uptime: 00:05:05.311
       processors: 4
           drift : 3914
    memory(t/u/f): 119/30/88
          threads: 27
            Thread[Reference Handler,10,system]
            Thread[Finalizer,8,system]
            Thread[Signal Dispatcher,9,system]
            Thread[Q2-634bda2e-1d72-44cb-86bc-23cde5629ead,5,main]
            Thread[DestroyJavaVM,5,main]
            Thread[pool-1-thread-1,5,main]
            Thread[Timer-0,5,main]
            Thread[Timer-1,5,main]
            Thread[SimpleTransactionManager-0:idle,5,main]
            Thread[SimpleTransactionManager-1:idle,5,main]
            Thread[SimpleTransactionManager-2:idle,5,main]
            Thread[SimpleTransactionManager-3:idle,5,main]
            Thread[SimpleTransactionManager-4:idle,5,main]
            Thread[Thread-9,5,main]
            Thread[channel-sender-biller-send,5,main]
            Thread[channel-receiver-biller-receive,5,main]
            Thread[Thread-12,5,main]
            Thread[Thread-13,5,main]
            Thread[SystemMonitor,5,main]
            Thread[srv-ThreadPool.PooledThread-0,5,srv-ThreadPool-0]
            Thread[ServerTrxMan-ThreadPool.PooledThread-1,5,ServerTrxMan-ThreadPool-1]
            Thread[ServerTrxMan-ThreadPool.PooledThread-2,5,ServerTrxMan-ThreadPool-1]
            Thread[ServerTrxMan-ThreadPool.PooledThread-3,5,ServerTrxMan-ThreadPool-1]
            Thread[ServerTrxMan-ThreadPool.PooledThread-4,5,ServerTrxMan-ThreadPool-1]
            Thread[ServerTrxMan-ThreadPool.PooledThread-5,5,ServerTrxMan-ThreadPool-1]
            Thread[ServerTrxMan-ThreadPool.PooledThread-6,5,ServerTrxMan-ThreadPool-1]
            Thread[ServerTrxMan-ThreadPool.PooledThread-7,5,ServerTrxMan-ThreadPool-1]
            Thread[ServerTrxMan-ThreadPool.PooledThread-8,5,ServerTrxMan-ThreadPool-1]
            Thread[ServerTrxMan-ThreadPool.PooledThread-9,5,ServerTrxMan-ThreadPool-1]
            Thread[ServerTrxMan-ThreadPool.PooledThread-10,5,ServerTrxMan-ThreadPool-1]
         encoding: UTF-8
    name-registrar:
      logger.Q2: org.jpos.util.Logger
      server.srv: org.jpos.iso.ISOServer
        connected=0, rx=0, tx=0, last=0
      ServerTrxMan: org.jpos.q2.iso.QServer
      tspace:symphoni: org.jpos.space.TSpace
        <keycount>-1</keycount>
        <gcinfo>0,0</gcinfo>

      srv: org.jpos.q2.iso.QServer
      SimpleTransactionManager: org.jpos.transaction.TransactionManager
      biller-channel-adaptor: org.jpos.q2.iso.ChannelAdaptor
        tx=0, rx=0, connects=2, last=0
      tspace:default: org.jpos.space.TSpace
        <keycount>-1</keycount>
        <gcinfo>0,0</gcinfo>

      channel.biller-channel-adaptor: org.jpos.iso.channel.ASCIIChannel
      transient:default: org.jpos.space.TSpace
        <key count='1'>$TAILLOCK.1132647499</key>
        <keycount>0</keycount>
        <gcinfo>0,0</gcinfo>

      tspace:org.jpos.transaction.TransactionManager@4382d44b: org.jpos.space.TSpace
        <key count='1'>$HEAD</key>
        <key count='1'>$TAIL</key>
        <keycount>1</keycount>
        <gcinfo>0,0</gcinfo>

      server.ServerTrxMan: org.jpos.iso.ISOServer
        connected=0, rx=0, tx=0, last=0
      logger.Q2.buffered: org.jpos.util.BufferedLogListener
      tspace:biller: org.jpos.space.TSpace
        <keycount>-1</keycount>
        <gcinfo>0,0</gcinfo>

      mux.jPOS-AUTORESPONDER: org.jpos.q2.iso.QMUX
        tx=0, rx=0, tx_expired=0, tx_pending=0, rx_expired=0, rx_pending=0, rx_unhandled=0, rx_forwarded=0, connected=false, last=0
      logger.: org.jpos.util.Logger
  </info>
</log>
<log realm="channel/127.0.0.1:2300" at="Sun Feb 25 08:20:52.245 WIB 2018" lifespan="1ms">
  <connect>
    localhost:2300
      Connection refused
    Unable to connect
  </connect>
</log>
<log realm="org.jpos.q2.iso.ChannelAdaptor" at="Sun Feb 25 08:20:52.247 WIB 2018">
  <warn>
    check-connection
    Unable to connect
  </warn>
</log>
<log realm="channel/127.0.0.1:2300" at="Sun Feb 25 08:20:53.250 WIB 2018" lifespan="1ms">
  <connect>
    localhost:2300
      Connection refused
    Unable to connect
  </connect>
</log>
<log realm="org.jpos.q2.iso.ChannelAdaptor" at="Sun Feb 25 08:20:53.252 WIB 2018">
  <warn>
    check-connection
    Unable to connect
  </warn>
</log>
<log realm="channel/127.0.0.1:2300" at="Sun Feb 25 08:20:54.254 WIB 2018">
  <connect>
    localhost:2300
      Connection refused
    Unable to connect
  </connect>
</log>
<log realm="org.jpos.q2.iso.ChannelAdaptor" at="Sun Feb 25 08:20:54.256 WIB 2018">
  <warn>
    check-connection
    Unable to connect
  </warn>
</log>
<log realm="channel/127.0.0.1:2300" at="Sun Feb 25 08:20:55.258 WIB 2018" lifespan="1ms">
  <connect>
    localhost:2300
      Connection refused
    Unable to connect
  </connect>
</log>
<log realm="org.jpos.q2.iso.ChannelAdaptor" at="Sun Feb 25 08:20:55.259 WIB 2018">
  <warn>
    check-connection
    Unable to connect
  </warn>
</log>
<log realm="channel/127.0.0.1:2300" at="Sun Feb 25 08:20:56.261 WIB 2018" lifespan="1ms">
  <connect>
    localhost:2300
      Connection refused
    Unable to connect
  </connect>
</log>
<log realm="org.jpos.q2.iso.ChannelAdaptor" at="Sun Feb 25 08:20:56.262 WIB 2018">
  <warn>
    check-connection
    Unable to connect
  </warn>
</log>
<log realm="channel/127.0.0.1:2300" at="Sun Feb 25 08:20:57.263 WIB 2018">
  <connect>
    localhost:2300
      Connection refused
    Unable to connect
  </connect>
</log>
<log realm="org.jpos.q2.iso.ChannelAdaptor" at="Sun Feb 25 08:20:57.264 WIB 2018">
  <warn>
    check-connection
    Unable to connect
  </warn>
</log>
<log realm="channel/127.0.0.1:2300" at="Sun Feb 25 08:20:58.266 WIB 2018" lifespan="1ms">
  <connect>
    localhost:2300
      Connection refused
    Unable to connect
  </connect>
</log>
<log realm="org.jpos.q2.iso.ChannelAdaptor" at="Sun Feb 25 08:20:58.267 WIB 2018">
  <warn>
    check-connection
    Unable to connect
  </warn>
</log>
<log realm="channel/127.0.0.1:2300" at="Sun Feb 25 08:20:59.270 WIB 2018">
  <connect>
    localhost:2300
      Connection refused
    Unable to connect
  </connect>
</log>
<log realm="org.jpos.q2.iso.ChannelAdaptor" at="Sun Feb 25 08:20:59.273 WIB 2018">
  <warn>
    check-connection
    Unable to connect
  </warn>
</log>
<log realm="channel/127.0.0.1:2300" at="Sun Feb 25 08:21:00.276 WIB 2018" lifespan="1ms">
  <connect>
    localhost:2300
      Connection refused
    Unable to connect
  </connect>
</log>
<log realm="rotate-log-listener" at="Sun Feb 25 08:21:00 WIB 2018">
   maxSize (10000) threshold reached
</log>
</logger>
