<?xml version="1.0" encoding="UTF-8"?>
<logger class="org.jpos.util.DailyLogListener">
<log realm="org.jpos.q2.iso.ChannelAdaptor" at="Sun Feb 25 08:22:41.692 WIB 2018">
  <warn>
    check-connection
    Unable to connect
  </warn>
</log>
<log realm="channel/127.0.0.1:2300" at="Sun Feb 25 08:22:42.695 WIB 2018" lifespan="1ms">
  <connect>
    localhost:2300
      Connection refused
    Unable to connect
  </connect>
</log>
<log realm="org.jpos.q2.iso.ChannelAdaptor" at="Sun Feb 25 08:22:42.697 WIB 2018">
  <warn>
    check-connection
    Unable to connect
  </warn>
</log>
<log realm="channel/127.0.0.1:2300" at="Sun Feb 25 08:22:43.699 WIB 2018">
  <connect>
    localhost:2300
      Connection refused
    Unable to connect
  </connect>
</log>
<log realm="org.jpos.q2.iso.ChannelAdaptor" at="Sun Feb 25 08:22:43.701 WIB 2018">
  <warn>
    check-connection
    Unable to connect
  </warn>
</log>
<log realm="channel/127.0.0.1:2300" at="Sun Feb 25 08:22:44.704 WIB 2018" lifespan="1ms">
  <connect>
    localhost:2300
      Connection refused
    Unable to connect
  </connect>
</log>
<log realm="org.jpos.q2.iso.ChannelAdaptor" at="Sun Feb 25 08:22:44.705 WIB 2018">
  <warn>
    check-connection
    Unable to connect
  </warn>
</log>
<log realm="channel/127.0.0.1:2300" at="Sun Feb 25 08:22:45.707 WIB 2018">
  <connect>
    localhost:2300
      Connection refused
    Unable to connect
  </connect>
</log>
<log realm="org.jpos.q2.iso.ChannelAdaptor" at="Sun Feb 25 08:22:45.708 WIB 2018">
  <warn>
    check-connection
    Unable to connect
  </warn>
</log>
<log realm="channel/127.0.0.1:2300" at="Sun Feb 25 08:22:46.709 WIB 2018">
  <connect>
    localhost:2300
      Connection refused
    Unable to connect
  </connect>
</log>
<log realm="org.jpos.q2.iso.ChannelAdaptor" at="Sun Feb 25 08:22:46.710 WIB 2018">
  <warn>
    check-connection
    Unable to connect
  </warn>
</log>
<log realm="channel/127.0.0.1:2300" at="Sun Feb 25 08:22:47.711 WIB 2018">
  <connect>
    localhost:2300
      Connection refused
    Unable to connect
  </connect>
</log>
<log realm="org.jpos.q2.iso.ChannelAdaptor" at="Sun Feb 25 08:22:47.713 WIB 2018">
  <warn>
    check-connection
    Unable to connect
  </warn>
</log>
<log realm="channel/127.0.0.1:2300" at="Sun Feb 25 08:22:48.715 WIB 2018" lifespan="1ms">
  <connect>
    localhost:2300
      Connection refused
    Unable to connect
  </connect>
</log>
<log realm="org.jpos.q2.iso.ChannelAdaptor" at="Sun Feb 25 08:22:48.716 WIB 2018">
  <warn>
    check-connection
    Unable to connect
  </warn>
</log>
<log realm="channel/127.0.0.1:2300" at="Sun Feb 25 08:22:49.718 WIB 2018">
  <connect>
    localhost:2300
      Connection refused
    Unable to connect
  </connect>
</log>
<log realm="org.jpos.q2.iso.ChannelAdaptor" at="Sun Feb 25 08:22:49.720 WIB 2018">
  <warn>
    check-connection
    Unable to connect
  </warn>
</log>
<log realm="channel/127.0.0.1:2300" at="Sun Feb 25 08:22:50.722 WIB 2018">
  <connect>
    localhost:2300
      Connection refused
    Unable to connect
  </connect>
</log>
<log realm="org.jpos.q2.iso.ChannelAdaptor" at="Sun Feb 25 08:22:50.723 WIB 2018">
  <warn>
    check-connection
    Unable to connect
  </warn>
</log>
<log realm="channel/127.0.0.1:2300" at="Sun Feb 25 08:22:51.724 WIB 2018">
  <connect>
    localhost:2300
      Connection refused
    Unable to connect
  </connect>
</log>
<log realm="org.jpos.q2.iso.ChannelAdaptor" at="Sun Feb 25 08:22:51.725 WIB 2018">
  <warn>
    check-connection
    Unable to connect
  </warn>
</log>
<log realm="org.jpos.q2.qbean.SystemMonitor" at="Sun Feb 25 08:22:52.084 WIB 2018" lifespan="1ms">
  <info>
               OS: Linux
             host: ngonar/127.0.1.1
          version: 2.0.2 (unknown)
         instance: 634bda2e-1d72-44cb-86bc-23cde5629ead
           uptime: 00:07:05.328
       processors: 4
           drift : 1
    memory(t/u/f): 119/10/108
          threads: 27
            Thread[Reference Handler,10,system]
            Thread[Finalizer,8,system]
            Thread[Signal Dispatcher,9,system]
            Thread[Q2-634bda2e-1d72-44cb-86bc-23cde5629ead,5,main]
            Thread[DestroyJavaVM,5,main]
            Thread[pool-1-thread-1,5,main]
            Thread[Timer-0,5,main]
            Thread[Timer-1,5,main]
            Thread[SimpleTransactionManager-0:idle,5,main]
            Thread[SimpleTransactionManager-1:idle,5,main]
            Thread[SimpleTransactionManager-2:idle,5,main]
            Thread[SimpleTransactionManager-3:idle,5,main]
            Thread[SimpleTransactionManager-4:idle,5,main]
            Thread[Thread-9,5,main]
            Thread[channel-sender-biller-send,5,main]
            Thread[channel-receiver-biller-receive,5,main]
            Thread[Thread-12,5,main]
            Thread[Thread-13,5,main]
            Thread[SystemMonitor,5,main]
            Thread[srv-ThreadPool.PooledThread-0,5,srv-ThreadPool-0]
            Thread[ServerTrxMan-ThreadPool.PooledThread-1,5,ServerTrxMan-ThreadPool-1]
            Thread[ServerTrxMan-ThreadPool.PooledThread-2,5,ServerTrxMan-ThreadPool-1]
            Thread[ServerTrxMan-ThreadPool.PooledThread-3,5,ServerTrxMan-ThreadPool-1]
            Thread[ServerTrxMan-ThreadPool.PooledThread-4,5,ServerTrxMan-ThreadPool-1]
            Thread[ServerTrxMan-ThreadPool.PooledThread-5,5,ServerTrxMan-ThreadPool-1]
            Thread[ServerTrxMan-ThreadPool.PooledThread-6,5,ServerTrxMan-ThreadPool-1]
            Thread[ServerTrxMan-ThreadPool.PooledThread-7,5,ServerTrxMan-ThreadPool-1]
            Thread[ServerTrxMan-ThreadPool.PooledThread-8,5,ServerTrxMan-ThreadPool-1]
            Thread[ServerTrxMan-ThreadPool.PooledThread-9,5,ServerTrxMan-ThreadPool-1]
            Thread[ServerTrxMan-ThreadPool.PooledThread-10,5,ServerTrxMan-ThreadPool-1]
         encoding: UTF-8
    name-registrar:
      logger.Q2: org.jpos.util.Logger
      server.srv: org.jpos.iso.ISOServer
        connected=0, rx=0, tx=0, last=0
      ServerTrxMan: org.jpos.q2.iso.QServer
      tspace:symphoni: org.jpos.space.TSpace
        <keycount>-1</keycount>
        <gcinfo>0,0</gcinfo>

      srv: org.jpos.q2.iso.QServer
      SimpleTransactionManager: org.jpos.transaction.TransactionManager
      biller-channel-adaptor: org.jpos.q2.iso.ChannelAdaptor
        tx=0, rx=0, connects=2, last=0
      tspace:default: org.jpos.space.TSpace
        <keycount>-1</keycount>
        <gcinfo>0,0</gcinfo>

      channel.biller-channel-adaptor: org.jpos.iso.channel.ASCIIChannel
      transient:default: org.jpos.space.TSpace
        <key count='1'>$TAILLOCK.1132647499</key>
        <keycount>0</keycount>
        <gcinfo>0,0</gcinfo>

      tspace:org.jpos.transaction.TransactionManager@4382d44b: org.jpos.space.TSpace
        <key count='1'>$HEAD</key>
        <key count='1'>$TAIL</key>
        <keycount>1</keycount>
        <gcinfo>0,0</gcinfo>

      server.ServerTrxMan: org.jpos.iso.ISOServer
        connected=0, rx=0, tx=0, last=0
      logger.Q2.buffered: org.jpos.util.BufferedLogListener
      tspace:biller: org.jpos.space.TSpace
        <keycount>-1</keycount>
        <gcinfo>0,0</gcinfo>

      mux.jPOS-AUTORESPONDER: org.jpos.q2.iso.QMUX
        tx=0, rx=0, tx_expired=0, tx_pending=0, rx_expired=0, rx_pending=0, rx_unhandled=0, rx_forwarded=0, connected=false, last=0
      logger.: org.jpos.util.Logger
  </info>
</log>
<log realm="echo-biller" at="Sun Feb 25 08:22:52.433 WIB 2018">
  <info>
    Echo request : 08000010000081810000201802074567898301SYMPHONI0070000000
  </info>
</log>
<log realm="channel/127.0.0.1:2300" at="Sun Feb 25 08:22:52.726 WIB 2018" lifespan="1ms">
  <connect>
    localhost:2300
  </connect>
</log>
<log realm="Q2.system" at="Sun Feb 25 08:22:53.006 WIB 2018">
  <info>
    shutting down (hook)
  </info>
</log>
<log realm="Q2.system" at="Sun Feb 25 08:22:53.623 WIB 2018">
  <trace>
    undeploying:/home/ngonar/WebApp/Protonema/deploy/99_sysmon.xml
  </trace>
</log>
<log realm="org.jpos.q2.qbean.SystemMonitor" at="Sun Feb 25 08:22:53.625 WIB 2018">
  <info>
    Stopping SystemMonitor
  </info>
</log>
<log realm="Q2.system" at="Sun Feb 25 08:22:53.627 WIB 2018">
  <info>
    undeployed:/home/ngonar/WebApp/Protonema/deploy/99_sysmon.xml
  </info>
</log>
<log realm="Q2.system" at="Sun Feb 25 08:22:53.629 WIB 2018">
  <trace>
    undeploying:/home/ngonar/WebApp/Protonema/deploy/53_qecho.xml
  </trace>
</log>
<log realm="Q2.system" at="Sun Feb 25 08:22:53.631 WIB 2018">
  <info>
    undeployed:/home/ngonar/WebApp/Protonema/deploy/53_qecho.xml
  </info>
</log>
<log realm="Q2.system" at="Sun Feb 25 08:22:53.633 WIB 2018">
  <trace>
    undeploying:/home/ngonar/WebApp/Protonema/deploy/20_mux.xml
  </trace>
</log>
<log realm="Q2.system" at="Sun Feb 25 08:22:53.638 WIB 2018" lifespan="1ms">
  <info>
    undeployed:/home/ngonar/WebApp/Protonema/deploy/20_mux.xml
  </info>
</log>
<log realm="Q2.system" at="Sun Feb 25 08:22:53.640 WIB 2018">
  <trace>
    undeploying:/home/ngonar/WebApp/Protonema/deploy/15_server_port_trxman.xml
  </trace>
</log>
<log realm="Q2.system" at="Sun Feb 25 08:22:53.644 WIB 2018">
  <info>
    undeployed:/home/ngonar/WebApp/Protonema/deploy/15_server_port_trxman.xml
  </info>
</log>
<log realm="Q2.system" at="Sun Feb 25 08:22:53.645 WIB 2018">
  <trace>
    undeploying:/home/ngonar/WebApp/Protonema/deploy/12_biller_channel.xml
  </trace>
</log>
<log realm="channel/127.0.0.1:2300" at="Sun Feb 25 08:22:53.646 WIB 2018" lifespan="919ms">
  <receive/>
</log>
<log realm="Q2.system" at="Sun Feb 25 08:22:53.648 WIB 2018" lifespan="1ms">
  <info>
    undeployed:/home/ngonar/WebApp/Protonema/deploy/12_biller_channel.xml
  </info>
</log>
<log realm="Q2.system" at="Sun Feb 25 08:22:53.650 WIB 2018">
  <trace>
    undeploying:/home/ngonar/WebApp/Protonema/deploy/11_serverport.xml
  </trace>
</log>
<log realm="Q2.system" at="Sun Feb 25 08:22:53.652 WIB 2018">
  <info>
    undeployed:/home/ngonar/WebApp/Protonema/deploy/11_serverport.xml
  </info>
</log>
<log realm="Q2.system" at="Sun Feb 25 08:22:53.653 WIB 2018">
  <trace>
    undeploying:/home/ngonar/WebApp/Protonema/deploy/10_transaction_manager.xml
  </trace>
</log>
<log realm="org.jpos.transaction.TransactionManager" at="Sun Feb 25 08:22:53.655 WIB 2018">
  <info>
    stop Thread[SimpleTransactionManager-4:idle,5,main], active sessions=3
  </info>
</log>
<log realm="org.jpos.transaction.TransactionManager" at="Sun Feb 25 08:22:53.656 WIB 2018" lifespan="1ms">
  <info>
    stop Thread[SimpleTransactionManager-3:idle,5,main], active sessions=4
  </info>
</log>
<log realm="org.jpos.transaction.TransactionManager" at="Sun Feb 25 08:22:53.657 WIB 2018">
  <info>
    stop Thread[SimpleTransactionManager-1:idle,5,main], active sessions=0
  </info>
</log>
<log realm="org.jpos.transaction.TransactionManager" at="Sun Feb 25 08:22:53.659 WIB 2018" lifespan="2ms">
  <info>
    stop Thread[SimpleTransactionManager-0:idle,5,main], active sessions=1
  </info>
</log>
<log realm="org.jpos.transaction.TransactionManager" at="Sun Feb 25 08:22:53.660 WIB 2018" lifespan="3ms">
  <info>
    stop Thread[SimpleTransactionManager-2:idle,5,main], active sessions=2
  </info>
</log>
<log realm="Q2.system" at="Sun Feb 25 08:22:53.661 WIB 2018">
  <info>
    undeployed:/home/ngonar/WebApp/Protonema/deploy/10_transaction_manager.xml
  </info>
</log>
<log realm="Q2.system" at="Sun Feb 25 08:22:53.662 WIB 2018">
  <trace>
    undeploying:/home/ngonar/WebApp/Protonema/deploy/00_logger.xml
  </trace>
</log>
</logger>
<?xml version="1.0" encoding="UTF-8"?>
<logger class="org.jpos.util.DailyLogListener">
<log realm="Q2.system" at="Sun Feb 25 08:22:57.286 WIB 2018" lifespan="2205ms">
  <info>
    Q2 started, deployDir=/home/ngonar/WebApp/Protonema/deploy
    
    jPOS 2.0.2 unknown/unknown (2016-08-10 11:16:58 WIT) 

-----BEGIN PGP SIGNED MESSAGE-----
Hash: SHA1

jPOS Community Edition, licensed under GNU AGPL v3.0.
This software is probably not suitable for commercial use.
Please see http://jpos.org/license for details.

-----BEGIN PGP SIGNATURE-----
Version: GnuPG v1.4.9 (Darwin)

iQEcBAEBAgAGBQJMolHDAAoJEOQyeO71nYtFv74H/3OgehDGEy1VXp2U3/GcAobg
HH2eZjPUz53r38ARPiU3pzm9LwDa3WZgJJaa/b9VrJwKvbPwe9+0kY3gScDE1skT
ladHt+KHHmGQArEutkzHlpZa73RbroFEIa1qmN6MaDEHGoxZqDh0Sv2cpvOaVYGO
St8ZaddLBPC17bSjAPWo9sWbvL7FgPFOHhnPmbeux8SLtnfWxXWsgo5hLBanKmO1
1z+I/w/6DL6ZYZU6bAJUk+eyVVImJqw0x3IEElI07Nh9MC6BA4iJ77ejobj8HI2r
q9ulRPEqH9NR79619lNKVUkE206dVlXo7xHmJS1QZy5v/GT66xBxyDVfTduPFXk=
=oP+v
-----END PGP SIGNATURE-----

  </info>
</log>
<log realm="Q2.system" at="Sun Feb 25 08:22:57.318 WIB 2018" lifespan="23ms">
  <info>
    deploy: /home/ngonar/WebApp/Protonema/deploy/10_transaction_manager.xml
  </info>
</log>
<log realm="Q2.system" at="Sun Feb 25 08:22:57.328 WIB 2018" lifespan="9ms">
  <info>
    deploy: /home/ngonar/WebApp/Protonema/deploy/11_serverport.xml
  </info>
</log>
<log realm="Q2.system" at="Sun Feb 25 08:22:57.337 WIB 2018" lifespan="8ms">
  <info>
    deploy: /home/ngonar/WebApp/Protonema/deploy/12_biller_channel.xml
  </info>
</log>
<log realm="Q2.system" at="Sun Feb 25 08:22:57.343 WIB 2018" lifespan="5ms">
  <info>
    deploy: /home/ngonar/WebApp/Protonema/deploy/15_server_port_trxman.xml
  </info>
</log>
<log realm="Q2.system" at="Sun Feb 25 08:22:57.363 WIB 2018" lifespan="19ms">
  <info>
    deploy: /home/ngonar/WebApp/Protonema/deploy/20_mux.xml
  </info>
</log>
<log realm="protonema.QEcho" at="Sun Feb 25 08:22:57.369 WIB 2018">
  <info>
    constructor
  </info>
</log>
<log realm="Q2.system" at="Sun Feb 25 08:22:57.371 WIB 2018" lifespan="6ms">
  <info>
    deploy: /home/ngonar/WebApp/Protonema/deploy/53_qecho.xml
  </info>
</log>
<log realm="Q2.system" at="Sun Feb 25 08:22:57.378 WIB 2018" lifespan="6ms">
  <info>
    deploy: /home/ngonar/WebApp/Protonema/deploy/99_sysmon.xml
  </info>
</log>
<log realm="org.jpos.transaction.TransactionManager" at="Sun Feb 25 08:22:57.382 WIB 2018">
  <info>
    start Thread[Thread-4,5,main]
  </info>
</log>
<log realm="org.jpos.transaction.TransactionManager" at="Sun Feb 25 08:22:57.384 WIB 2018" lifespan="1ms">
  <info>
    start Thread[Thread-8,5,main]
  </info>
</log>
<log realm="org.jpos.transaction.TransactionManager" at="Sun Feb 25 08:22:57.385 WIB 2018" lifespan="2ms">
  <info>
    start Thread[Thread-7,5,main]
  </info>
</log>
<log realm="org.jpos.transaction.TransactionManager" at="Sun Feb 25 08:22:57.386 WIB 2018" lifespan="3ms">
  <info>
    start Thread[Thread-6,5,main]
  </info>
</log>
<log realm="org.jpos.transaction.TransactionManager" at="Sun Feb 25 08:22:57.387 WIB 2018" lifespan="5ms">
  <info>
    start Thread[Thread-5,5,main]
  </info>
</log>
<log realm="srv.server" at="Sun Feb 25 08:22:57.434 WIB 2018">
  <iso-server>
    listening on port 9991
  </iso-server>
</log>
<log realm="ServerTrxMan.server" at="Sun Feb 25 08:22:57.485 WIB 2018" lifespan="1ms">
  <iso-server>
    listening on port 2333
  </iso-server>
</log>
<log realm="org.jpos.q2.qbean.SystemMonitor" at="Sun Feb 25 08:22:57.486 WIB 2018">
  <info>
    Starting SystemMonitor
  </info>
</log>
<log realm="channel/127.0.0.1:2300" at="Sun Feb 25 08:22:57.489 WIB 2018" lifespan="8ms">
  <connect>
    localhost:2300
  </connect>
</log>
<log realm="org.jpos.q2.qbean.SystemMonitor" at="Sun Feb 25 08:22:57.491 WIB 2018">
  <info>
               OS: Linux
             host: ngonar/127.0.1.1
          version: 2.0.2 (unknown)
         instance: 571f243e-7f6e-4991-ab25-e6bfba78b888
           uptime: 00:00:02.856
       processors: 4
           drift : 0
    memory(t/u/f): 119/16/102
          threads: 27
            Thread[Reference Handler,10,system]
            Thread[Finalizer,8,system]
            Thread[Signal Dispatcher,9,system]
            Thread[Q2-571f243e-7f6e-4991-ab25-e6bfba78b888,5,main]
            Thread[DestroyJavaVM,5,main]
            Thread[pool-1-thread-1,5,main]
            Thread[Timer-0,5,main]
            Thread[Timer-1,5,main]
            Thread[SimpleTransactionManager-0:idle,5,main]
            Thread[SimpleTransactionManager-1:idle,5,main]
            Thread[SimpleTransactionManager-2:idle,5,main]
            Thread[SimpleTransactionManager-3:idle,5,main]
            Thread[SimpleTransactionManager-4:idle,5,main]
            Thread[Thread-9,5,main]
            Thread[channel-sender-biller-send,5,main]
            Thread[channel-receiver-biller-receive,5,main]
            Thread[Thread-12,5,main]
            Thread[Thread-13,5,main]
            Thread[SystemMonitor,5,main]
            Thread[srv-ThreadPool.PooledThread-0,5,srv-ThreadPool-0]
            Thread[ServerTrxMan-ThreadPool.PooledThread-1,5,ServerTrxMan-ThreadPool-1]
            Thread[ServerTrxMan-ThreadPool.PooledThread-2,5,ServerTrxMan-ThreadPool-1]
            Thread[ServerTrxMan-ThreadPool.PooledThread-3,5,ServerTrxMan-ThreadPool-1]
            Thread[ServerTrxMan-ThreadPool.PooledThread-4,5,ServerTrxMan-ThreadPool-1]
            Thread[ServerTrxMan-ThreadPool.PooledThread-5,5,ServerTrxMan-ThreadPool-1]
            Thread[ServerTrxMan-ThreadPool.PooledThread-6,5,ServerTrxMan-ThreadPool-1]
            Thread[ServerTrxMan-ThreadPool.PooledThread-7,5,ServerTrxMan-ThreadPool-1]
            Thread[ServerTrxMan-ThreadPool.PooledThread-8,5,ServerTrxMan-ThreadPool-1]
            Thread[ServerTrxMan-ThreadPool.PooledThread-9,5,ServerTrxMan-ThreadPool-1]
            Thread[ServerTrxMan-ThreadPool.PooledThread-10,5,ServerTrxMan-ThreadPool-1]
         encoding: UTF-8
    name-registrar:
      logger.Q2: org.jpos.util.Logger
      server.srv: org.jpos.iso.ISOServer
        connected=0, rx=0, tx=0, last=0
      ServerTrxMan: org.jpos.q2.iso.QServer
      tspace:symphoni: org.jpos.space.TSpace
        <keycount>-1</keycount>
        <gcinfo>0,0</gcinfo>

      srv: org.jpos.q2.iso.QServer
      SimpleTransactionManager: org.jpos.transaction.TransactionManager
      biller-channel-adaptor: org.jpos.q2.iso.ChannelAdaptor
        tx=0, rx=0, connects=1, last=0
      tspace:default: org.jpos.space.TSpace
        <keycount>-1</keycount>
        <gcinfo>0,0</gcinfo>

      channel.biller-channel-adaptor: org.jpos.iso.channel.ASCIIChannel
      transient:default: org.jpos.space.TSpace
        <key count='1'>$TAILLOCK.1132647499</key>
        <keycount>0</keycount>
        <gcinfo>0,0</gcinfo>

      tspace:org.jpos.transaction.TransactionManager@4382d44b: org.jpos.space.TSpace
        <key count='1'>$HEAD</key>
        <key count='1'>$TAIL</key>
        <keycount>1</keycount>
        <gcinfo>0,0</gcinfo>

      server.ServerTrxMan: org.jpos.iso.ISOServer
        connected=0, rx=0, tx=0, last=0
      logger.Q2.buffered: org.jpos.util.BufferedLogListener
      tspace:biller: org.jpos.space.TSpace
        <key count='1'>biller-channel-adaptor.ready</key>
        <keycount>0</keycount>
        <gcinfo>0,0</gcinfo>

      mux.jPOS-AUTORESPONDER: org.jpos.q2.iso.QMUX
        tx=0, rx=0, tx_expired=0, tx_pending=0, rx_expired=0, rx_pending=0, rx_unhandled=0, rx_forwarded=0, connected=false, last=0
      logger.: org.jpos.util.Logger
  </info>
</log>
<log realm="echo-biller" at="Sun Feb 25 08:22:57.536 WIB 2018">
  <info>
    Echo request : 080080000000008000000400000000000000000001  301
  </info>
</log>
<log realm="Q2.system" at="Sun Feb 25 08:23:36.412 WIB 2018">
  <info>
    shutting down (hook)
  </info>
</log>
<log realm="Q2.system" at="Sun Feb 25 08:23:37.520 WIB 2018">
  <trace>
    undeploying:/home/ngonar/WebApp/Protonema/deploy/99_sysmon.xml
  </trace>
</log>
<log realm="org.jpos.q2.qbean.SystemMonitor" at="Sun Feb 25 08:23:37.523 WIB 2018">
  <info>
    Stopping SystemMonitor
  </info>
</log>
<log realm="Q2.system" at="Sun Feb 25 08:23:37.526 WIB 2018">
  <info>
    undeployed:/home/ngonar/WebApp/Protonema/deploy/99_sysmon.xml
  </info>
</log>
<log realm="Q2.system" at="Sun Feb 25 08:23:37.529 WIB 2018">
  <trace>
    undeploying:/home/ngonar/WebApp/Protonema/deploy/53_qecho.xml
  </trace>
</log>
<log realm="Q2.system" at="Sun Feb 25 08:23:37.532 WIB 2018">
  <info>
    undeployed:/home/ngonar/WebApp/Protonema/deploy/53_qecho.xml
  </info>
</log>
<log realm="Q2.system" at="Sun Feb 25 08:23:37.535 WIB 2018">
  <trace>
    undeploying:/home/ngonar/WebApp/Protonema/deploy/20_mux.xml
  </trace>
</log>
<log realm="Q2.system" at="Sun Feb 25 08:23:37.539 WIB 2018">
  <info>
    undeployed:/home/ngonar/WebApp/Protonema/deploy/20_mux.xml
  </info>
</log>
<log realm="Q2.system" at="Sun Feb 25 08:23:37.542 WIB 2018">
  <trace>
    undeploying:/home/ngonar/WebApp/Protonema/deploy/15_server_port_trxman.xml
  </trace>
</log>
<log realm="Q2.system" at="Sun Feb 25 08:23:37.546 WIB 2018">
  <info>
    undeployed:/home/ngonar/WebApp/Protonema/deploy/15_server_port_trxman.xml
  </info>
</log>
<log realm="Q2.system" at="Sun Feb 25 08:23:37.549 WIB 2018">
  <trace>
    undeploying:/home/ngonar/WebApp/Protonema/deploy/12_biller_channel.xml
  </trace>
</log>
<log realm="channel/127.0.0.1:2300" at="Sun Feb 25 08:23:37.553 WIB 2018" lifespan="40063ms">
  <receive/>
</log>
<log realm="Q2.system" at="Sun Feb 25 08:23:37.556 WIB 2018" lifespan="3ms">
  <info>
    undeployed:/home/ngonar/WebApp/Protonema/deploy/12_biller_channel.xml
  </info>
</log>
<log realm="Q2.system" at="Sun Feb 25 08:23:37.559 WIB 2018">
  <trace>
    undeploying:/home/ngonar/WebApp/Protonema/deploy/11_serverport.xml
  </trace>
</log>
<log realm="Q2.system" at="Sun Feb 25 08:23:37.561 WIB 2018">
  <info>
    undeployed:/home/ngonar/WebApp/Protonema/deploy/11_serverport.xml
  </info>
</log>
<log realm="Q2.system" at="Sun Feb 25 08:23:37.564 WIB 2018">
  <trace>
    undeploying:/home/ngonar/WebApp/Protonema/deploy/10_transaction_manager.xml
  </trace>
</log>
<log realm="org.jpos.transaction.TransactionManager" at="Sun Feb 25 08:23:37.566 WIB 2018">
  <info>
    stop Thread[SimpleTransactionManager-1:idle,5,main], active sessions=4
  </info>
</log>
<log realm="org.jpos.transaction.TransactionManager" at="Sun Feb 25 08:23:37.569 WIB 2018">
  <info>
    stop Thread[SimpleTransactionManager-0:idle,5,main], active sessions=0
  </info>
</log>
<log realm="org.jpos.transaction.TransactionManager" at="Sun Feb 25 08:23:37.571 WIB 2018" lifespan="3ms">
  <info>
    stop Thread[SimpleTransactionManager-4:idle,5,main], active sessions=1
  </info>
</log>
<log realm="org.jpos.transaction.TransactionManager" at="Sun Feb 25 08:23:37.574 WIB 2018" lifespan="7ms">
  <info>
    stop Thread[SimpleTransactionManager-3:idle,5,main], active sessions=2
  </info>
</log>
<log realm="org.jpos.transaction.TransactionManager" at="Sun Feb 25 08:23:37.576 WIB 2018" lifespan="10ms">
  <info>
    stop Thread[SimpleTransactionManager-2:idle,5,main], active sessions=3
  </info>
</log>
<log realm="Q2.system" at="Sun Feb 25 08:23:37.578 WIB 2018">
  <info>
    undeployed:/home/ngonar/WebApp/Protonema/deploy/10_transaction_manager.xml
  </info>
</log>
<log realm="Q2.system" at="Sun Feb 25 08:23:37.580 WIB 2018">
  <trace>
    undeploying:/home/ngonar/WebApp/Protonema/deploy/00_logger.xml
  </trace>
</log>
</logger>
<?xml version="1.0" encoding="UTF-8"?>
<logger class="org.jpos.util.DailyLogListener">
<log realm="Q2.system" at="Sun Feb 25 08:23:56.679 WIB 2018" lifespan="861ms">
  <info>
    Q2 started, deployDir=/home/ngonar/WebApp/Protonema/deploy
    
    jPOS 2.0.2 unknown/unknown (2016-08-10 11:16:58 WIT) 

-----BEGIN PGP SIGNED MESSAGE-----
Hash: SHA1

jPOS Community Edition, licensed under GNU AGPL v3.0.
This software is probably not suitable for commercial use.
Please see http://jpos.org/license for details.

-----BEGIN PGP SIGNATURE-----
Version: GnuPG v1.4.9 (Darwin)

iQEcBAEBAgAGBQJMolHDAAoJEOQyeO71nYtFv74H/3OgehDGEy1VXp2U3/GcAobg
HH2eZjPUz53r38ARPiU3pzm9LwDa3WZgJJaa/b9VrJwKvbPwe9+0kY3gScDE1skT
ladHt+KHHmGQArEutkzHlpZa73RbroFEIa1qmN6MaDEHGoxZqDh0Sv2cpvOaVYGO
St8ZaddLBPC17bSjAPWo9sWbvL7FgPFOHhnPmbeux8SLtnfWxXWsgo5hLBanKmO1
1z+I/w/6DL6ZYZU6bAJUk+eyVVImJqw0x3IEElI07Nh9MC6BA4iJ77ejobj8HI2r
q9ulRPEqH9NR79619lNKVUkE206dVlXo7xHmJS1QZy5v/GT66xBxyDVfTduPFXk=
=oP+v
-----END PGP SIGNATURE-----

  </info>
</log>
<log realm="Q2.system" at="Sun Feb 25 08:23:56.710 WIB 2018" lifespan="22ms">
  <info>
    deploy: /home/ngonar/WebApp/Protonema/deploy/10_transaction_manager.xml
  </info>
</log>
<log realm="Q2.system" at="Sun Feb 25 08:23:56.720 WIB 2018" lifespan="9ms">
  <info>
    deploy: /home/ngonar/WebApp/Protonema/deploy/11_serverport.xml
  </info>
</log>
<log realm="Q2.system" at="Sun Feb 25 08:23:56.729 WIB 2018" lifespan="8ms">
  <info>
    deploy: /home/ngonar/WebApp/Protonema/deploy/12_biller_channel.xml
  </info>
</log>
<log realm="Q2.system" at="Sun Feb 25 08:23:56.734 WIB 2018" lifespan="4ms">
  <info>
    deploy: /home/ngonar/WebApp/Protonema/deploy/15_server_port_trxman.xml
  </info>
</log>
<log realm="Q2.system" at="Sun Feb 25 08:23:56.755 WIB 2018" lifespan="19ms">
  <info>
    deploy: /home/ngonar/WebApp/Protonema/deploy/20_mux.xml
  </info>
</log>
<log realm="protonema.QEcho" at="Sun Feb 25 08:23:56.760 WIB 2018">
  <info>
    constructor
  </info>
</log>
<log realm="Q2.system" at="Sun Feb 25 08:23:56.763 WIB 2018" lifespan="6ms">
  <info>
    deploy: /home/ngonar/WebApp/Protonema/deploy/53_qecho.xml
  </info>
</log>
<log realm="Q2.system" at="Sun Feb 25 08:23:56.769 WIB 2018" lifespan="5ms">
  <info>
    deploy: /home/ngonar/WebApp/Protonema/deploy/99_sysmon.xml
  </info>
</log>
<log realm="org.jpos.transaction.TransactionManager" at="Sun Feb 25 08:23:56.773 WIB 2018">
  <info>
    start Thread[Thread-5,5,main]
  </info>
</log>
<log realm="org.jpos.transaction.TransactionManager" at="Sun Feb 25 08:23:56.775 WIB 2018">
  <info>
    start Thread[Thread-8,5,main]
  </info>
</log>
<log realm="org.jpos.transaction.TransactionManager" at="Sun Feb 25 08:23:56.776 WIB 2018" lifespan="2ms">
  <info>
    start Thread[Thread-7,5,main]
  </info>
</log>
<log realm="org.jpos.transaction.TransactionManager" at="Sun Feb 25 08:23:56.778 WIB 2018" lifespan="4ms">
  <info>
    start Thread[Thread-6,5,main]
  </info>
</log>
<log realm="org.jpos.transaction.TransactionManager" at="Sun Feb 25 08:23:56.780 WIB 2018" lifespan="7ms">
  <info>
    start Thread[Thread-4,5,main]
  </info>
</log>
<log realm="srv.server" at="Sun Feb 25 08:23:56.812 WIB 2018">
  <iso-server>
    listening on port 9991
  </iso-server>
</log>
<log realm="channel/127.0.0.1:2300" at="Sun Feb 25 08:23:56.881 WIB 2018" lifespan="4ms">
  <connect>
    localhost:2300
  </connect>
</log>
<log realm="ServerTrxMan.server" at="Sun Feb 25 08:23:56.883 WIB 2018" lifespan="2ms">
  <iso-server>
    listening on port 2333
  </iso-server>
</log>
<log realm="org.jpos.q2.qbean.SystemMonitor" at="Sun Feb 25 08:23:56.884 WIB 2018" lifespan="2ms">
  <info>
    Starting SystemMonitor
  </info>
</log>
<log realm="org.jpos.q2.qbean.SystemMonitor" at="Sun Feb 25 08:23:56.888 WIB 2018">
  <info>
               OS: Linux
             host: ngonar/127.0.1.1
          version: 2.0.2 (unknown)
         instance: db690809-0d31-4b64-84fb-d0031c75ccff
           uptime: 00:00:01.351
       processors: 4
           drift : 0
    memory(t/u/f): 119/16/102
          threads: 27
            Thread[Reference Handler,10,system]
            Thread[Finalizer,8,system]
            Thread[Signal Dispatcher,9,system]
            Thread[Q2-db690809-0d31-4b64-84fb-d0031c75ccff,5,main]
            Thread[DestroyJavaVM,5,main]
            Thread[pool-1-thread-1,5,main]
            Thread[Timer-0,5,main]
            Thread[Timer-1,5,main]
            Thread[SimpleTransactionManager-0:idle,5,main]
            Thread[SimpleTransactionManager-1:idle,5,main]
            Thread[SimpleTransactionManager-2:idle,5,main]
            Thread[SimpleTransactionManager-3:idle,5,main]
            Thread[SimpleTransactionManager-4:idle,5,main]
            Thread[Thread-9,5,main]
            Thread[channel-sender-biller-send,5,main]
            Thread[channel-receiver-biller-receive,5,main]
            Thread[Thread-12,5,main]
            Thread[Thread-13,5,main]
            Thread[SystemMonitor,5,main]
            Thread[srv-ThreadPool.PooledThread-0,5,srv-ThreadPool-0]
            Thread[ServerTrxMan-ThreadPool.PooledThread-1,5,ServerTrxMan-ThreadPool-1]
            Thread[ServerTrxMan-ThreadPool.PooledThread-2,5,ServerTrxMan-ThreadPool-1]
            Thread[ServerTrxMan-ThreadPool.PooledThread-3,5,ServerTrxMan-ThreadPool-1]
            Thread[ServerTrxMan-ThreadPool.PooledThread-4,5,ServerTrxMan-ThreadPool-1]
            Thread[ServerTrxMan-ThreadPool.PooledThread-5,5,ServerTrxMan-ThreadPool-1]
            Thread[ServerTrxMan-ThreadPool.PooledThread-6,5,ServerTrxMan-ThreadPool-1]
            Thread[ServerTrxMan-ThreadPool.PooledThread-7,5,ServerTrxMan-ThreadPool-1]
            Thread[ServerTrxMan-ThreadPool.PooledThread-8,5,ServerTrxMan-ThreadPool-1]
            Thread[ServerTrxMan-ThreadPool.PooledThread-9,5,ServerTrxMan-ThreadPool-1]
            Thread[ServerTrxMan-ThreadPool.PooledThread-10,5,ServerTrxMan-ThreadPool-1]
         encoding: UTF-8
    name-registrar:
      logger.Q2: org.jpos.util.Logger
      server.srv: org.jpos.iso.ISOServer
        connected=0, rx=0, tx=0, last=0
      ServerTrxMan: org.jpos.q2.iso.QServer
      tspace:symphoni: org.jpos.space.TSpace
        <keycount>-1</keycount>
        <gcinfo>0,0</gcinfo>

      srv: org.jpos.q2.iso.QServer
      SimpleTransactionManager: org.jpos.transaction.TransactionManager
      biller-channel-adaptor: org.jpos.q2.iso.ChannelAdaptor
        tx=0, rx=0, connects=1, last=0
      tspace:default: org.jpos.space.TSpace
        <keycount>-1</keycount>
        <gcinfo>0,0</gcinfo>

      tspace:org.jpos.transaction.TransactionManager@55e95e9e: org.jpos.space.TSpace
        <key count='1'>$HEAD</key>
        <key count='1'>$TAIL</key>
        <keycount>1</keycount>
        <gcinfo>0,0</gcinfo>

      channel.biller-channel-adaptor: org.jpos.iso.channel.ASCIIChannel
      transient:default: org.jpos.space.TSpace
        <key count='1'>$TAILLOCK.1441357470</key>
        <keycount>0</keycount>
        <gcinfo>0,0</gcinfo>

      server.ServerTrxMan: org.jpos.iso.ISOServer
        connected=0, rx=0, tx=0, last=0
      logger.Q2.buffered: org.jpos.util.BufferedLogListener
      tspace:biller: org.jpos.space.TSpace
        <key count='1'>biller-channel-adaptor.ready</key>
        <keycount>0</keycount>
        <gcinfo>0,0</gcinfo>

      mux.jPOS-AUTORESPONDER: org.jpos.q2.iso.QMUX
        tx=0, rx=0, tx_expired=0, tx_pending=0, rx_expired=0, rx_pending=0, rx_unhandled=0, rx_forwarded=0, connected=false, last=0
      logger.: org.jpos.util.Logger
  </info>
</log>
<log realm="echo-biller" at="Sun Feb 25 08:23:56.955 WIB 2018">
  <info>
    Echo request : 080080200000008000000400000000000000000001000001  301
  </info>
</log>
<log realm="Q2.system" at="Sun Feb 25 08:24:09.165 WIB 2018">
  <info>
    shutting down (hook)
  </info>
</log>
<log realm="Q2.system" at="Sun Feb 25 08:24:09.398 WIB 2018">
  <trace>
    undeploying:/home/ngonar/WebApp/Protonema/deploy/99_sysmon.xml
  </trace>
</log>
<log realm="org.jpos.q2.qbean.SystemMonitor" at="Sun Feb 25 08:24:09.400 WIB 2018">
  <info>
    Stopping SystemMonitor
  </info>
</log>
<log realm="Q2.system" at="Sun Feb 25 08:24:09.402 WIB 2018">
  <info>
    undeployed:/home/ngonar/WebApp/Protonema/deploy/99_sysmon.xml
  </info>
</log>
<log realm="Q2.system" at="Sun Feb 25 08:24:09.404 WIB 2018">
  <trace>
    undeploying:/home/ngonar/WebApp/Protonema/deploy/53_qecho.xml
  </trace>
</log>
<log realm="Q2.system" at="Sun Feb 25 08:24:09.406 WIB 2018">
  <info>
    undeployed:/home/ngonar/WebApp/Protonema/deploy/53_qecho.xml
  </info>
</log>
<log realm="Q2.system" at="Sun Feb 25 08:24:09.408 WIB 2018">
  <trace>
    undeploying:/home/ngonar/WebApp/Protonema/deploy/20_mux.xml
  </trace>
</log>
<log realm="Q2.system" at="Sun Feb 25 08:24:09.411 WIB 2018">
  <info>
    undeployed:/home/ngonar/WebApp/Protonema/deploy/20_mux.xml
  </info>
</log>
<log realm="Q2.system" at="Sun Feb 25 08:24:09.413 WIB 2018">
  <trace>
    undeploying:/home/ngonar/WebApp/Protonema/deploy/15_server_port_trxman.xml
  </trace>
</log>
<log realm="Q2.system" at="Sun Feb 25 08:24:09.416 WIB 2018">
  <info>
    undeployed:/home/ngonar/WebApp/Protonema/deploy/15_server_port_trxman.xml
  </info>
</log>
<log realm="Q2.system" at="Sun Feb 25 08:24:09.418 WIB 2018">
  <trace>
    undeploying:/home/ngonar/WebApp/Protonema/deploy/12_biller_channel.xml
  </trace>
</log>
<log realm="channel/127.0.0.1:2300" at="Sun Feb 25 08:24:09.420 WIB 2018" lifespan="12537ms">
  <receive/>
</log>
<log realm="Q2.system" at="Sun Feb 25 08:24:09.423 WIB 2018" lifespan="3ms">
  <info>
    undeployed:/home/ngonar/WebApp/Protonema/deploy/12_biller_channel.xml
  </info>
</log>
<log realm="Q2.system" at="Sun Feb 25 08:24:09.425 WIB 2018">
  <trace>
    undeploying:/home/ngonar/WebApp/Protonema/deploy/11_serverport.xml
  </trace>
</log>
<log realm="Q2.system" at="Sun Feb 25 08:24:09.427 WIB 2018">
  <info>
    undeployed:/home/ngonar/WebApp/Protonema/deploy/11_serverport.xml
  </info>
</log>
<log realm="Q2.system" at="Sun Feb 25 08:24:09.429 WIB 2018">
  <trace>
    undeploying:/home/ngonar/WebApp/Protonema/deploy/10_transaction_manager.xml
  </trace>
</log>
<log realm="org.jpos.transaction.TransactionManager" at="Sun Feb 25 08:24:09.432 WIB 2018">
  <info>
    stop Thread[SimpleTransactionManager-3:idle,5,main], active sessions=4
  </info>
</log>
<log realm="org.jpos.transaction.TransactionManager" at="Sun Feb 25 08:24:09.433 WIB 2018" lifespan="1ms">
  <info>
    stop Thread[SimpleTransactionManager-1:idle,5,main], active sessions=0
  </info>
</log>
<log realm="org.jpos.transaction.TransactionManager" at="Sun Feb 25 08:24:09.435 WIB 2018" lifespan="3ms">
  <info>
    stop Thread[SimpleTransactionManager-4:idle,5,main], active sessions=1
  </info>
</log>
<log realm="org.jpos.transaction.TransactionManager" at="Sun Feb 25 08:24:09.436 WIB 2018" lifespan="4ms">
  <info>
    stop Thread[SimpleTransactionManager-2:idle,5,main], active sessions=3
  </info>
</log>
<log realm="org.jpos.transaction.TransactionManager" at="Sun Feb 25 08:24:09.438 WIB 2018" lifespan="6ms">
  <info>
    stop Thread[SimpleTransactionManager-0:idle,5,main], active sessions=2
  </info>
</log>
<log realm="Q2.system" at="Sun Feb 25 08:24:09.443 WIB 2018">
  <info>
    undeployed:/home/ngonar/WebApp/Protonema/deploy/10_transaction_manager.xml
  </info>
</log>
<log realm="Q2.system" at="Sun Feb 25 08:24:09.445 WIB 2018">
  <trace>
    undeploying:/home/ngonar/WebApp/Protonema/deploy/00_logger.xml
  </trace>
</log>
</logger>
<?xml version="1.0" encoding="UTF-8"?>
<logger class="org.jpos.util.DailyLogListener">
<log realm="Q2.system" at="Sun Feb 25 08:24:48.351 WIB 2018" lifespan="676ms">
  <info>
    Q2 started, deployDir=/home/ngonar/WebApp/Protonema/deploy
    
    jPOS 2.0.2 unknown/unknown (2016-08-10 11:16:58 WIT) 

-----BEGIN PGP SIGNED MESSAGE-----
Hash: SHA1

jPOS Community Edition, licensed under GNU AGPL v3.0.
This software is probably not suitable for commercial use.
Please see http://jpos.org/license for details.

-----BEGIN PGP SIGNATURE-----
Version: GnuPG v1.4.9 (Darwin)

iQEcBAEBAgAGBQJMolHDAAoJEOQyeO71nYtFv74H/3OgehDGEy1VXp2U3/GcAobg
HH2eZjPUz53r38ARPiU3pzm9LwDa3WZgJJaa/b9VrJwKvbPwe9+0kY3gScDE1skT
ladHt+KHHmGQArEutkzHlpZa73RbroFEIa1qmN6MaDEHGoxZqDh0Sv2cpvOaVYGO
St8ZaddLBPC17bSjAPWo9sWbvL7FgPFOHhnPmbeux8SLtnfWxXWsgo5hLBanKmO1
1z+I/w/6DL6ZYZU6bAJUk+eyVVImJqw0x3IEElI07Nh9MC6BA4iJ77ejobj8HI2r
q9ulRPEqH9NR79619lNKVUkE206dVlXo7xHmJS1QZy5v/GT66xBxyDVfTduPFXk=
=oP+v
-----END PGP SIGNATURE-----

  </info>
</log>
<log realm="Q2.system" at="Sun Feb 25 08:24:48.381 WIB 2018" lifespan="20ms">
  <info>
    deploy: /home/ngonar/WebApp/Protonema/deploy/10_transaction_manager.xml
  </info>
</log>
<log realm="Q2.system" at="Sun Feb 25 08:24:48.391 WIB 2018" lifespan="9ms">
  <info>
    deploy: /home/ngonar/WebApp/Protonema/deploy/11_serverport.xml
  </info>
</log>
<log realm="Q2.system" at="Sun Feb 25 08:24:48.399 WIB 2018" lifespan="7ms">
  <info>
    deploy: /home/ngonar/WebApp/Protonema/deploy/12_biller_channel.xml
  </info>
</log>
<log realm="Q2.system" at="Sun Feb 25 08:24:48.404 WIB 2018" lifespan="4ms">
  <info>
    deploy: /home/ngonar/WebApp/Protonema/deploy/15_server_port_trxman.xml
  </info>
</log>
<log realm="Q2.system" at="Sun Feb 25 08:24:48.426 WIB 2018" lifespan="20ms">
  <info>
    deploy: /home/ngonar/WebApp/Protonema/deploy/20_mux.xml
  </info>
</log>
<log realm="protonema.QEcho" at="Sun Feb 25 08:24:48.432 WIB 2018">
  <info>
    constructor
  </info>
</log>
<log realm="Q2.system" at="Sun Feb 25 08:24:48.435 WIB 2018" lifespan="8ms">
  <info>
    deploy: /home/ngonar/WebApp/Protonema/deploy/53_qecho.xml
  </info>
</log>
<log realm="Q2.system" at="Sun Feb 25 08:24:48.441 WIB 2018" lifespan="5ms">
  <info>
    deploy: /home/ngonar/WebApp/Protonema/deploy/99_sysmon.xml
  </info>
</log>
<log realm="org.jpos.transaction.TransactionManager" at="Sun Feb 25 08:24:48.444 WIB 2018">
  <info>
    start Thread[Thread-4,5,main]
  </info>
</log>
<log realm="org.jpos.transaction.TransactionManager" at="Sun Feb 25 08:24:48.446 WIB 2018" lifespan="1ms">
  <info>
    start Thread[Thread-8,5,main]
  </info>
</log>
<log realm="org.jpos.transaction.TransactionManager" at="Sun Feb 25 08:24:48.448 WIB 2018" lifespan="3ms">
  <info>
    start Thread[Thread-6,5,main]
  </info>
</log>
<log realm="org.jpos.transaction.TransactionManager" at="Sun Feb 25 08:24:48.450 WIB 2018" lifespan="6ms">
  <info>
    start Thread[Thread-5,5,main]
  </info>
</log>
<log realm="org.jpos.transaction.TransactionManager" at="Sun Feb 25 08:24:48.454 WIB 2018" lifespan="9ms">
  <info>
    start Thread[Thread-7,5,main]
  </info>
</log>
<log realm="srv.server" at="Sun Feb 25 08:24:48.488 WIB 2018">
  <iso-server>
    listening on port 9991
  </iso-server>
</log>
<log realm="channel/127.0.0.1:2300" at="Sun Feb 25 08:24:48.565 WIB 2018" lifespan="6ms">
  <connect>
    localhost:2300
  </connect>
</log>
<log realm="ServerTrxMan.server" at="Sun Feb 25 08:24:48.578 WIB 2018">
  <iso-server>
    listening on port 2333
  </iso-server>
</log>
<log realm="org.jpos.q2.qbean.SystemMonitor" at="Sun Feb 25 08:24:48.580 WIB 2018">
  <info>
    Starting SystemMonitor
  </info>
</log>
<log realm="org.jpos.q2.qbean.SystemMonitor" at="Sun Feb 25 08:24:48.584 WIB 2018">
  <info>
               OS: Linux
             host: ngonar/127.0.1.1
          version: 2.0.2 (unknown)
         instance: 35df5fc2-e4e4-45a3-be3f-238fbef2080b
           uptime: 00:00:01.242
       processors: 4
           drift : 0
    memory(t/u/f): 119/16/102
          threads: 27
            Thread[Reference Handler,10,system]
            Thread[Finalizer,8,system]
            Thread[Signal Dispatcher,9,system]
            Thread[Q2-35df5fc2-e4e4-45a3-be3f-238fbef2080b,5,main]
            Thread[DestroyJavaVM,5,main]
            Thread[pool-1-thread-1,5,main]
            Thread[Timer-0,5,main]
            Thread[Timer-1,5,main]
            Thread[SimpleTransactionManager-0:idle,5,main]
            Thread[SimpleTransactionManager-1:idle,5,main]
            Thread[SimpleTransactionManager-2:idle,5,main]
            Thread[SimpleTransactionManager-3:idle,5,main]
            Thread[SimpleTransactionManager-4:idle,5,main]
            Thread[Thread-9,5,main]
            Thread[channel-sender-biller-send,5,main]
            Thread[channel-receiver-biller-receive,5,main]
            Thread[Thread-12,5,main]
            Thread[Thread-13,5,main]
            Thread[SystemMonitor,5,main]
            Thread[srv-ThreadPool.PooledThread-0,5,srv-ThreadPool-0]
            Thread[ServerTrxMan-ThreadPool.PooledThread-1,5,ServerTrxMan-ThreadPool-1]
            Thread[ServerTrxMan-ThreadPool.PooledThread-2,5,ServerTrxMan-ThreadPool-1]
            Thread[ServerTrxMan-ThreadPool.PooledThread-3,5,ServerTrxMan-ThreadPool-1]
            Thread[ServerTrxMan-ThreadPool.PooledThread-4,5,ServerTrxMan-ThreadPool-1]
            Thread[ServerTrxMan-ThreadPool.PooledThread-5,5,ServerTrxMan-ThreadPool-1]
            Thread[ServerTrxMan-ThreadPool.PooledThread-6,5,ServerTrxMan-ThreadPool-1]
            Thread[ServerTrxMan-ThreadPool.PooledThread-7,5,ServerTrxMan-ThreadPool-1]
            Thread[ServerTrxMan-ThreadPool.PooledThread-8,5,ServerTrxMan-ThreadPool-1]
            Thread[ServerTrxMan-ThreadPool.PooledThread-9,5,ServerTrxMan-ThreadPool-1]
            Thread[ServerTrxMan-ThreadPool.PooledThread-10,5,ServerTrxMan-ThreadPool-1]
         encoding: UTF-8
    name-registrar:
      logger.Q2: org.jpos.util.Logger
      server.srv: org.jpos.iso.ISOServer
        connected=0, rx=0, tx=0, last=0
      ServerTrxMan: org.jpos.q2.iso.QServer
      tspace:symphoni: org.jpos.space.TSpace
        <keycount>-1</keycount>
        <gcinfo>0,0</gcinfo>

      srv: org.jpos.q2.iso.QServer
      SimpleTransactionManager: org.jpos.transaction.TransactionManager
      biller-channel-adaptor: org.jpos.q2.iso.ChannelAdaptor
        tx=0, rx=0, connects=1, last=0
      tspace:default: org.jpos.space.TSpace
        <keycount>-1</keycount>
        <gcinfo>0,0</gcinfo>

      channel.biller-channel-adaptor: org.jpos.iso.channel.ASCIIChannel
      transient:default: org.jpos.space.TSpace
        <key count='1'>$TAILLOCK.1279460130</key>
        <keycount>0</keycount>
        <gcinfo>0,0</gcinfo>

      server.ServerTrxMan: org.jpos.iso.ISOServer
        connected=0, rx=0, tx=0, last=0
      logger.Q2.buffered: org.jpos.util.BufferedLogListener
      tspace:biller: org.jpos.space.TSpace
        <key count='1'>biller-channel-adaptor.ready</key>
        <keycount>0</keycount>
        <gcinfo>0,0</gcinfo>

      mux.jPOS-AUTORESPONDER: org.jpos.q2.iso.QMUX
        tx=0, rx=0, tx_expired=0, tx_pending=0, rx_expired=0, rx_pending=0, rx_unhandled=0, rx_forwarded=0, connected=false, last=0
      tspace:org.jpos.transaction.TransactionManager@4c430322: org.jpos.space.TSpace
        <key count='1'>$HEAD</key>
        <key count='1'>$TAIL</key>
        <keycount>1</keycount>
        <gcinfo>0,0</gcinfo>

      logger.: org.jpos.util.Logger
  </info>
</log>
<log realm="echo-biller" at="Sun Feb 25 08:24:48.632 WIB 2018">
  <info>
    Echo request : 080080200000008000000400000000000000000001000001  301
  </info>
</log>
<log realm="org.jpos.q2.qbean.SystemMonitor" at="Sun Feb 25 08:25:48.593 WIB 2018">
  <info>
               OS: Linux
             host: ngonar/127.0.1.1
          version: 2.0.2 (unknown)
         instance: 35df5fc2-e4e4-45a3-be3f-238fbef2080b
           uptime: 00:01:01.252
       processors: 4
           drift : 0
    memory(t/u/f): 119/17/101
          threads: 27
            Thread[Reference Handler,10,system]
            Thread[Finalizer,8,system]
            Thread[Signal Dispatcher,9,system]
            Thread[Q2-35df5fc2-e4e4-45a3-be3f-238fbef2080b,5,main]
            Thread[DestroyJavaVM,5,main]
            Thread[pool-1-thread-1,5,main]
            Thread[Timer-0,5,main]
            Thread[Timer-1,5,main]
            Thread[SimpleTransactionManager-0:idle,5,main]
            Thread[SimpleTransactionManager-1:idle,5,main]
            Thread[SimpleTransactionManager-2:idle,5,main]
            Thread[SimpleTransactionManager-3:idle,5,main]
            Thread[SimpleTransactionManager-4:idle,5,main]
            Thread[Thread-9,5,main]
            Thread[channel-sender-biller-send,5,main]
            Thread[channel-receiver-biller-receive,5,main]
            Thread[Thread-12,5,main]
            Thread[Thread-13,5,main]
            Thread[SystemMonitor,5,main]
            Thread[srv-ThreadPool.PooledThread-0,5,srv-ThreadPool-0]
            Thread[ServerTrxMan-ThreadPool.PooledThread-1,5,ServerTrxMan-ThreadPool-1]
            Thread[ServerTrxMan-ThreadPool.PooledThread-2,5,ServerTrxMan-ThreadPool-1]
            Thread[ServerTrxMan-ThreadPool.PooledThread-3,5,ServerTrxMan-ThreadPool-1]
            Thread[ServerTrxMan-ThreadPool.PooledThread-4,5,ServerTrxMan-ThreadPool-1]
            Thread[ServerTrxMan-ThreadPool.PooledThread-5,5,ServerTrxMan-ThreadPool-1]
            Thread[ServerTrxMan-ThreadPool.PooledThread-6,5,ServerTrxMan-ThreadPool-1]
            Thread[ServerTrxMan-ThreadPool.PooledThread-7,5,ServerTrxMan-ThreadPool-1]
            Thread[ServerTrxMan-ThreadPool.PooledThread-8,5,ServerTrxMan-ThreadPool-1]
            Thread[ServerTrxMan-ThreadPool.PooledThread-9,5,ServerTrxMan-ThreadPool-1]
            Thread[ServerTrxMan-ThreadPool.PooledThread-10,5,ServerTrxMan-ThreadPool-1]
         encoding: UTF-8
    name-registrar:
      logger.Q2: org.jpos.util.Logger
      server.srv: org.jpos.iso.ISOServer
        connected=0, rx=0, tx=0, last=0
      ServerTrxMan: org.jpos.q2.iso.QServer
      tspace:symphoni: org.jpos.space.TSpace
        <keycount>-1</keycount>
        <gcinfo>0,0</gcinfo>

      srv: org.jpos.q2.iso.QServer
      SimpleTransactionManager: org.jpos.transaction.TransactionManager
      biller-channel-adaptor: org.jpos.q2.iso.ChannelAdaptor
        tx=0, rx=0, connects=1, last=0
      tspace:default: org.jpos.space.TSpace
        <keycount>-1</keycount>
        <gcinfo>0,0</gcinfo>

      channel.biller-channel-adaptor: org.jpos.iso.channel.ASCIIChannel
      transient:default: org.jpos.space.TSpace
        <key count='1'>$TAILLOCK.1279460130</key>
        <keycount>0</keycount>
        <gcinfo>0,0</gcinfo>

      server.ServerTrxMan: org.jpos.iso.ISOServer
        connected=0, rx=0, tx=0, last=0
      logger.Q2.buffered: org.jpos.util.BufferedLogListener
      tspace:biller: org.jpos.space.TSpace
        <key count='1'>biller-channel-adaptor.ready</key>
        <keycount>0</keycount>
        <gcinfo>0,0</gcinfo>

      mux.jPOS-AUTORESPONDER: org.jpos.q2.iso.QMUX
        tx=0, rx=0, tx_expired=0, tx_pending=0, rx_expired=0, rx_pending=0, rx_unhandled=0, rx_forwarded=0, connected=false, last=0
      tspace:org.jpos.transaction.TransactionManager@4c430322: org.jpos.space.TSpace
        <key count='1'>$HEAD</key>
        <key count='1'>$TAIL</key>
        <keycount>1</keycount>
        <gcinfo>0,0</gcinfo>

      logger.: org.jpos.util.Logger
  </info>
</log>
<log realm="Q2.system" at="Sun Feb 25 08:25:55.754 WIB 2018">
  <info>
    shutting down (hook)
  </info>
</log>
<log realm="Q2.system" at="Sun Feb 25 08:25:56.133 WIB 2018">
  <trace>
    undeploying:/home/ngonar/WebApp/Protonema/deploy/99_sysmon.xml
  </trace>
</log>
<log realm="org.jpos.q2.qbean.SystemMonitor" at="Sun Feb 25 08:25:56.135 WIB 2018">
  <info>
    Stopping SystemMonitor
  </info>
</log>
<log realm="Q2.system" at="Sun Feb 25 08:25:56.136 WIB 2018">
  <info>
    undeployed:/home/ngonar/WebApp/Protonema/deploy/99_sysmon.xml
  </info>
</log>
<log realm="Q2.system" at="Sun Feb 25 08:25:56.138 WIB 2018">
  <trace>
    undeploying:/home/ngonar/WebApp/Protonema/deploy/53_qecho.xml
  </trace>
</log>
<log realm="Q2.system" at="Sun Feb 25 08:25:56.139 WIB 2018">
  <info>
    undeployed:/home/ngonar/WebApp/Protonema/deploy/53_qecho.xml
  </info>
</log>
<log realm="Q2.system" at="Sun Feb 25 08:25:56.141 WIB 2018">
  <trace>
    undeploying:/home/ngonar/WebApp/Protonema/deploy/20_mux.xml
  </trace>
</log>
<log realm="Q2.system" at="Sun Feb 25 08:25:56.143 WIB 2018">
  <info>
    undeployed:/home/ngonar/WebApp/Protonema/deploy/20_mux.xml
  </info>
</log>
<log realm="Q2.system" at="Sun Feb 25 08:25:56.144 WIB 2018">
  <trace>
    undeploying:/home/ngonar/WebApp/Protonema/deploy/15_server_port_trxman.xml
  </trace>
</log>
<log realm="Q2.system" at="Sun Feb 25 08:25:56.147 WIB 2018">
  <info>
    undeployed:/home/ngonar/WebApp/Protonema/deploy/15_server_port_trxman.xml
  </info>
</log>
<log realm="Q2.system" at="Sun Feb 25 08:25:56.148 WIB 2018">
  <trace>
    undeploying:/home/ngonar/WebApp/Protonema/deploy/12_biller_channel.xml
  </trace>
</log>
<log realm="channel/127.0.0.1:2300" at="Sun Feb 25 08:25:56.151 WIB 2018" lifespan="67584ms">
  <receive/>
</log>
<log realm="Q2.system" at="Sun Feb 25 08:25:56.153 WIB 2018">
  <info>
    undeployed:/home/ngonar/WebApp/Protonema/deploy/12_biller_channel.xml
  </info>
</log>
<log realm="Q2.system" at="Sun Feb 25 08:25:56.155 WIB 2018">
  <trace>
    undeploying:/home/ngonar/WebApp/Protonema/deploy/11_serverport.xml
  </trace>
</log>
<log realm="Q2.system" at="Sun Feb 25 08:25:56.159 WIB 2018">
  <info>
    undeployed:/home/ngonar/WebApp/Protonema/deploy/11_serverport.xml
  </info>
</log>
<log realm="Q2.system" at="Sun Feb 25 08:25:56.161 WIB 2018">
  <trace>
    undeploying:/home/ngonar/WebApp/Protonema/deploy/10_transaction_manager.xml
  </trace>
</log>
<log realm="org.jpos.transaction.TransactionManager" at="Sun Feb 25 08:25:56.163 WIB 2018">
  <info>
    stop Thread[SimpleTransactionManager-3:idle,5,main], active sessions=4
  </info>
</log>
<log realm="org.jpos.transaction.TransactionManager" at="Sun Feb 25 08:25:56.166 WIB 2018" lifespan="1ms">
  <info>
    stop Thread[SimpleTransactionManager-0:idle,5,main], active sessions=0
  </info>
</log>
<log realm="org.jpos.transaction.TransactionManager" at="Sun Feb 25 08:25:56.170 WIB 2018" lifespan="6ms">
  <info>
    stop Thread[SimpleTransactionManager-1:idle,5,main], active sessions=3
  </info>
</log>
<log realm="org.jpos.transaction.TransactionManager" at="Sun Feb 25 08:25:56.173 WIB 2018" lifespan="8ms">
  <info>
    stop Thread[SimpleTransactionManager-4:idle,5,main], active sessions=1
  </info>
</log>
<log realm="org.jpos.transaction.TransactionManager" at="Sun Feb 25 08:25:56.193 WIB 2018" lifespan="28ms">
  <info>
    stop Thread[SimpleTransactionManager-2:idle,5,main], active sessions=2
  </info>
</log>
<log realm="Q2.system" at="Sun Feb 25 08:25:56.196 WIB 2018" lifespan="1ms">
  <info>
    undeployed:/home/ngonar/WebApp/Protonema/deploy/10_transaction_manager.xml
  </info>
</log>
<log realm="Q2.system" at="Sun Feb 25 08:25:56.197 WIB 2018">
  <trace>
    undeploying:/home/ngonar/WebApp/Protonema/deploy/00_logger.xml
  </trace>
</log>
</logger>
<?xml version="1.0" encoding="UTF-8"?>
<logger class="org.jpos.util.DailyLogListener">
<log realm="Q2.system" at="Sun Feb 25 08:25:58.253 WIB 2018" lifespan="839ms">
  <info>
    Q2 started, deployDir=/home/ngonar/WebApp/Protonema/deploy
    
    jPOS 2.0.2 unknown/unknown (2016-08-10 11:16:58 WIT) 

-----BEGIN PGP SIGNED MESSAGE-----
Hash: SHA1

jPOS Community Edition, licensed under GNU AGPL v3.0.
This software is probably not suitable for commercial use.
Please see http://jpos.org/license for details.

-----BEGIN PGP SIGNATURE-----
Version: GnuPG v1.4.9 (Darwin)

iQEcBAEBAgAGBQJMolHDAAoJEOQyeO71nYtFv74H/3OgehDGEy1VXp2U3/GcAobg
HH2eZjPUz53r38ARPiU3pzm9LwDa3WZgJJaa/b9VrJwKvbPwe9+0kY3gScDE1skT
ladHt+KHHmGQArEutkzHlpZa73RbroFEIa1qmN6MaDEHGoxZqDh0Sv2cpvOaVYGO
St8ZaddLBPC17bSjAPWo9sWbvL7FgPFOHhnPmbeux8SLtnfWxXWsgo5hLBanKmO1
1z+I/w/6DL6ZYZU6bAJUk+eyVVImJqw0x3IEElI07Nh9MC6BA4iJ77ejobj8HI2r
q9ulRPEqH9NR79619lNKVUkE206dVlXo7xHmJS1QZy5v/GT66xBxyDVfTduPFXk=
=oP+v
-----END PGP SIGNATURE-----

  </info>
</log>
<log realm="Q2.system" at="Sun Feb 25 08:25:58.284 WIB 2018" lifespan="20ms">
  <info>
    deploy: /home/ngonar/WebApp/Protonema/deploy/10_transaction_manager.xml
  </info>
</log>
<log realm="Q2.system" at="Sun Feb 25 08:25:58.298 WIB 2018" lifespan="12ms">
  <info>
    deploy: /home/ngonar/WebApp/Protonema/deploy/11_serverport.xml
  </info>
</log>
<log realm="Q2.system" at="Sun Feb 25 08:25:58.309 WIB 2018" lifespan="9ms">
  <info>
    deploy: /home/ngonar/WebApp/Protonema/deploy/12_biller_channel.xml
  </info>
</log>
<log realm="Q2.system" at="Sun Feb 25 08:25:58.315 WIB 2018" lifespan="4ms">
  <info>
    deploy: /home/ngonar/WebApp/Protonema/deploy/15_server_port_trxman.xml
  </info>
</log>
<log realm="Q2.system" at="Sun Feb 25 08:25:58.351 WIB 2018" lifespan="34ms">
  <info>
    deploy: /home/ngonar/WebApp/Protonema/deploy/20_mux.xml
  </info>
</log>
<log realm="protonema.QEcho" at="Sun Feb 25 08:25:58.357 WIB 2018">
  <info>
    constructor
  </info>
</log>
<log realm="Q2.system" at="Sun Feb 25 08:25:58.360 WIB 2018" lifespan="8ms">
  <info>
    deploy: /home/ngonar/WebApp/Protonema/deploy/53_qecho.xml
  </info>
</log>
<log realm="Q2.system" at="Sun Feb 25 08:25:58.367 WIB 2018" lifespan="6ms">
  <info>
    deploy: /home/ngonar/WebApp/Protonema/deploy/99_sysmon.xml
  </info>
</log>
<log realm="org.jpos.transaction.TransactionManager" at="Sun Feb 25 08:25:58.374 WIB 2018">
  <info>
    start Thread[Thread-4,5,main]
  </info>
</log>
<log realm="org.jpos.transaction.TransactionManager" at="Sun Feb 25 08:25:58.378 WIB 2018" lifespan="3ms">
  <info>
    start Thread[Thread-7,5,main]
  </info>
</log>
<log realm="org.jpos.transaction.TransactionManager" at="Sun Feb 25 08:25:58.379 WIB 2018" lifespan="4ms">
  <info>
    start Thread[Thread-6,5,main]
  </info>
</log>
<log realm="org.jpos.transaction.TransactionManager" at="Sun Feb 25 08:25:58.381 WIB 2018" lifespan="7ms">
  <info>
    start Thread[Thread-5,5,main]
  </info>
</log>
<log realm="org.jpos.transaction.TransactionManager" at="Sun Feb 25 08:25:58.383 WIB 2018" lifespan="7ms">
  <info>
    start Thread[Thread-8,5,main]
  </info>
</log>
<log realm="srv.server" at="Sun Feb 25 08:25:58.442 WIB 2018">
  <iso-server>
    listening on port 9991
  </iso-server>
</log>
<log realm="ServerTrxMan.server" at="Sun Feb 25 08:25:58.512 WIB 2018">
  <iso-server>
    listening on port 2333
  </iso-server>
</log>
<log realm="org.jpos.q2.qbean.SystemMonitor" at="Sun Feb 25 08:25:58.514 WIB 2018">
  <info>
    Starting SystemMonitor
  </info>
</log>
<log realm="channel/127.0.0.1:2300" at="Sun Feb 25 08:25:58.516 WIB 2018" lifespan="8ms">
  <connect>
    localhost:2300
  </connect>
</log>
<log realm="org.jpos.q2.qbean.SystemMonitor" at="Sun Feb 25 08:25:58.518 WIB 2018">
  <info>
               OS: Linux
             host: ngonar/127.0.1.1
          version: 2.0.2 (unknown)
         instance: b477a56c-a207-4c16-b4c8-5c84611c4f0b
           uptime: 00:00:01.383
       processors: 4
           drift : 0
    memory(t/u/f): 119/16/102
          threads: 27
            Thread[Reference Handler,10,system]
            Thread[Finalizer,8,system]
            Thread[Signal Dispatcher,9,system]
            Thread[Q2-b477a56c-a207-4c16-b4c8-5c84611c4f0b,5,main]
            Thread[DestroyJavaVM,5,main]
            Thread[pool-1-thread-1,5,main]
            Thread[Timer-0,5,main]
            Thread[Timer-1,5,main]
            Thread[SimpleTransactionManager-0:idle,5,main]
            Thread[SimpleTransactionManager-1:idle,5,main]
            Thread[SimpleTransactionManager-2:idle,5,main]
            Thread[SimpleTransactionManager-3:idle,5,main]
            Thread[SimpleTransactionManager-4:idle,5,main]
            Thread[Thread-9,5,main]
            Thread[channel-sender-biller-send,5,main]
            Thread[channel-receiver-biller-receive,5,main]
            Thread[Thread-12,5,main]
            Thread[Thread-13,5,main]
            Thread[SystemMonitor,5,main]
            Thread[srv-ThreadPool.PooledThread-0,5,srv-ThreadPool-0]
            Thread[ServerTrxMan-ThreadPool.PooledThread-1,5,ServerTrxMan-ThreadPool-1]
            Thread[ServerTrxMan-ThreadPool.PooledThread-2,5,ServerTrxMan-ThreadPool-1]
            Thread[ServerTrxMan-ThreadPool.PooledThread-3,5,ServerTrxMan-ThreadPool-1]
            Thread[ServerTrxMan-ThreadPool.PooledThread-4,5,ServerTrxMan-ThreadPool-1]
            Thread[ServerTrxMan-ThreadPool.PooledThread-5,5,ServerTrxMan-ThreadPool-1]
            Thread[ServerTrxMan-ThreadPool.PooledThread-6,5,ServerTrxMan-ThreadPool-1]
            Thread[ServerTrxMan-ThreadPool.PooledThread-7,5,ServerTrxMan-ThreadPool-1]
            Thread[ServerTrxMan-ThreadPool.PooledThread-8,5,ServerTrxMan-ThreadPool-1]
            Thread[ServerTrxMan-ThreadPool.PooledThread-9,5,ServerTrxMan-ThreadPool-1]
            Thread[ServerTrxMan-ThreadPool.PooledThread-10,5,ServerTrxMan-ThreadPool-1]
         encoding: UTF-8
    name-registrar:
      logger.Q2: org.jpos.util.Logger
      server.srv: org.jpos.iso.ISOServer
        connected=0, rx=0, tx=0, last=0
      ServerTrxMan: org.jpos.q2.iso.QServer
      tspace:symphoni: org.jpos.space.TSpace
        <keycount>-1</keycount>
        <gcinfo>0,0</gcinfo>

      srv: org.jpos.q2.iso.QServer
      SimpleTransactionManager: org.jpos.transaction.TransactionManager
      biller-channel-adaptor: org.jpos.q2.iso.ChannelAdaptor
        tx=0, rx=0, connects=1, last=0
      tspace:default: org.jpos.space.TSpace
        <keycount>-1</keycount>
        <gcinfo>0,0</gcinfo>

      channel.biller-channel-adaptor: org.jpos.iso.channel.ASCIIChannel
      transient:default: org.jpos.space.TSpace
        <key count='1'>$TAILLOCK.1279460130</key>
        <keycount>0</keycount>
        <gcinfo>0,0</gcinfo>

      server.ServerTrxMan: org.jpos.iso.ISOServer
        connected=0, rx=0, tx=0, last=0
      logger.Q2.buffered: org.jpos.util.BufferedLogListener
      tspace:biller: org.jpos.space.TSpace
        <key count='1'>biller-channel-adaptor.ready</key>
        <keycount>0</keycount>
        <gcinfo>0,0</gcinfo>

      mux.jPOS-AUTORESPONDER: org.jpos.q2.iso.QMUX
        tx=0, rx=0, tx_expired=0, tx_pending=0, rx_expired=0, rx_pending=0, rx_unhandled=0, rx_forwarded=0, connected=false, last=0
      tspace:org.jpos.transaction.TransactionManager@4c430322: org.jpos.space.TSpace
        <key count='1'>$HEAD</key>
        <key count='1'>$TAIL</key>
        <keycount>1</keycount>
        <gcinfo>0,0</gcinfo>

      logger.: org.jpos.util.Logger
  </info>
</log>
<log realm="echo-biller" at="Sun Feb 25 08:25:58.568 WIB 2018">
  <info>
    Echo request : 080080200000008000000400000000000000000001000001  301
  </info>
</log>
<log realm="Q2.system" at="Sun Feb 25 08:26:34.443 WIB 2018">
  <info>
    shutting down (hook)
  </info>
</log>
<log realm="Q2.system" at="Sun Feb 25 08:26:36.043 WIB 2018">
  <trace>
    undeploying:/home/ngonar/WebApp/Protonema/deploy/99_sysmon.xml
  </trace>
</log>
<log realm="org.jpos.q2.qbean.SystemMonitor" at="Sun Feb 25 08:26:36.045 WIB 2018">
  <info>
    Stopping SystemMonitor
  </info>
</log>
<log realm="Q2.system" at="Sun Feb 25 08:26:36.047 WIB 2018">
  <info>
    undeployed:/home/ngonar/WebApp/Protonema/deploy/99_sysmon.xml
  </info>
</log>
<log realm="Q2.system" at="Sun Feb 25 08:26:36.048 WIB 2018">
  <trace>
    undeploying:/home/ngonar/WebApp/Protonema/deploy/53_qecho.xml
  </trace>
</log>
<log realm="Q2.system" at="Sun Feb 25 08:26:36.050 WIB 2018">
  <info>
    undeployed:/home/ngonar/WebApp/Protonema/deploy/53_qecho.xml
  </info>
</log>
<log realm="Q2.system" at="Sun Feb 25 08:26:36.052 WIB 2018">
  <trace>
    undeploying:/home/ngonar/WebApp/Protonema/deploy/20_mux.xml
  </trace>
</log>
<log realm="Q2.system" at="Sun Feb 25 08:26:36.054 WIB 2018">
  <info>
    undeployed:/home/ngonar/WebApp/Protonema/deploy/20_mux.xml
  </info>
</log>
<log realm="Q2.system" at="Sun Feb 25 08:26:36.056 WIB 2018">
  <trace>
    undeploying:/home/ngonar/WebApp/Protonema/deploy/15_server_port_trxman.xml
  </trace>
</log>
<log realm="Q2.system" at="Sun Feb 25 08:26:36.059 WIB 2018">
  <info>
    undeployed:/home/ngonar/WebApp/Protonema/deploy/15_server_port_trxman.xml
  </info>
</log>
<log realm="Q2.system" at="Sun Feb 25 08:26:36.061 WIB 2018">
  <trace>
    undeploying:/home/ngonar/WebApp/Protonema/deploy/12_biller_channel.xml
  </trace>
</log>
<log realm="channel/127.0.0.1:2300" at="Sun Feb 25 08:26:36.063 WIB 2018" lifespan="37546ms">
  <receive/>
</log>
<log realm="Q2.system" at="Sun Feb 25 08:26:36.065 WIB 2018" lifespan="1ms">
  <info>
    undeployed:/home/ngonar/WebApp/Protonema/deploy/12_biller_channel.xml
  </info>
</log>
<log realm="Q2.system" at="Sun Feb 25 08:26:36.067 WIB 2018">
  <trace>
    undeploying:/home/ngonar/WebApp/Protonema/deploy/11_serverport.xml
  </trace>
</log>
<log realm="Q2.system" at="Sun Feb 25 08:26:36.069 WIB 2018">
  <info>
    undeployed:/home/ngonar/WebApp/Protonema/deploy/11_serverport.xml
  </info>
</log>
<log realm="Q2.system" at="Sun Feb 25 08:26:36.070 WIB 2018">
  <trace>
    undeploying:/home/ngonar/WebApp/Protonema/deploy/10_transaction_manager.xml
  </trace>
</log>
<log realm="org.jpos.transaction.TransactionManager" at="Sun Feb 25 08:26:36.072 WIB 2018">
  <info>
    stop Thread[SimpleTransactionManager-1:idle,5,main], active sessions=3
  </info>
</log>
<log realm="org.jpos.transaction.TransactionManager" at="Sun Feb 25 08:26:36.074 WIB 2018" lifespan="2ms">
  <info>
    stop Thread[SimpleTransactionManager-0:idle,5,main], active sessions=0
  </info>
</log>
<log realm="org.jpos.transaction.TransactionManager" at="Sun Feb 25 08:26:36.075 WIB 2018" lifespan="3ms">
  <info>
    stop Thread[SimpleTransactionManager-3:idle,5,main], active sessions=1
  </info>
</log>
<log realm="org.jpos.transaction.TransactionManager" at="Sun Feb 25 08:26:36.077 WIB 2018" lifespan="5ms">
  <info>
    stop Thread[SimpleTransactionManager-4:idle,5,main], active sessions=4
  </info>
</log>
<log realm="org.jpos.transaction.TransactionManager" at="Sun Feb 25 08:26:36.079 WIB 2018" lifespan="7ms">
  <info>
    stop Thread[SimpleTransactionManager-2:idle,5,main], active sessions=2
  </info>
</log>
<log realm="Q2.system" at="Sun Feb 25 08:26:36.081 WIB 2018">
  <info>
    undeployed:/home/ngonar/WebApp/Protonema/deploy/10_transaction_manager.xml
  </info>
</log>
<log realm="Q2.system" at="Sun Feb 25 08:26:36.082 WIB 2018">
  <trace>
    undeploying:/home/ngonar/WebApp/Protonema/deploy/00_logger.xml
  </trace>
</log>
</logger>
<?xml version="1.0" encoding="UTF-8"?>
<logger class="org.jpos.util.DailyLogListener">
<log realm="Q2.system" at="Sun Feb 25 08:26:38.051 WIB 2018" lifespan="827ms">
  <info>
    Q2 started, deployDir=/home/ngonar/WebApp/Protonema/deploy
    
    jPOS 2.0.2 unknown/unknown (2016-08-10 11:16:58 WIT) 

-----BEGIN PGP SIGNED MESSAGE-----
Hash: SHA1

jPOS Community Edition, licensed under GNU AGPL v3.0.
This software is probably not suitable for commercial use.
Please see http://jpos.org/license for details.

-----BEGIN PGP SIGNATURE-----
Version: GnuPG v1.4.9 (Darwin)

iQEcBAEBAgAGBQJMolHDAAoJEOQyeO71nYtFv74H/3OgehDGEy1VXp2U3/GcAobg
HH2eZjPUz53r38ARPiU3pzm9LwDa3WZgJJaa/b9VrJwKvbPwe9+0kY3gScDE1skT
ladHt+KHHmGQArEutkzHlpZa73RbroFEIa1qmN6MaDEHGoxZqDh0Sv2cpvOaVYGO
St8ZaddLBPC17bSjAPWo9sWbvL7FgPFOHhnPmbeux8SLtnfWxXWsgo5hLBanKmO1
1z+I/w/6DL6ZYZU6bAJUk+eyVVImJqw0x3IEElI07Nh9MC6BA4iJ77ejobj8HI2r
q9ulRPEqH9NR79619lNKVUkE206dVlXo7xHmJS1QZy5v/GT66xBxyDVfTduPFXk=
=oP+v
-----END PGP SIGNATURE-----

  </info>
</log>
<log realm="Q2.system" at="Sun Feb 25 08:26:38.081 WIB 2018" lifespan="24ms">
  <info>
    deploy: /home/ngonar/WebApp/Protonema/deploy/10_transaction_manager.xml
  </info>
</log>
<log realm="Q2.system" at="Sun Feb 25 08:26:38.096 WIB 2018" lifespan="13ms">
  <info>
    deploy: /home/ngonar/WebApp/Protonema/deploy/11_serverport.xml
  </info>
</log>
<log realm="Q2.system" at="Sun Feb 25 08:26:38.108 WIB 2018" lifespan="11ms">
  <info>
    deploy: /home/ngonar/WebApp/Protonema/deploy/12_biller_channel.xml
  </info>
</log>
<log realm="Q2.system" at="Sun Feb 25 08:26:38.116 WIB 2018" lifespan="6ms">
  <info>
    deploy: /home/ngonar/WebApp/Protonema/deploy/15_server_port_trxman.xml
  </info>
</log>
<log realm="Q2.system" at="Sun Feb 25 08:26:38.141 WIB 2018" lifespan="23ms">
  <info>
    deploy: /home/ngonar/WebApp/Protonema/deploy/20_mux.xml
  </info>
</log>
<log realm="protonema.QEcho" at="Sun Feb 25 08:26:38.150 WIB 2018">
  <info>
    constructor
  </info>
</log>
<log realm="Q2.system" at="Sun Feb 25 08:26:38.155 WIB 2018" lifespan="11ms">
  <info>
    deploy: /home/ngonar/WebApp/Protonema/deploy/53_qecho.xml
  </info>
</log>
<log realm="Q2.system" at="Sun Feb 25 08:26:38.165 WIB 2018" lifespan="6ms">
  <info>
    deploy: /home/ngonar/WebApp/Protonema/deploy/99_sysmon.xml
  </info>
</log>
<log realm="org.jpos.transaction.TransactionManager" at="Sun Feb 25 08:26:38.169 WIB 2018">
  <info>
    start Thread[Thread-4,5,main]
  </info>
</log>
<log realm="org.jpos.transaction.TransactionManager" at="Sun Feb 25 08:26:38.172 WIB 2018" lifespan="1ms">
  <info>
    start Thread[Thread-6,5,main]
  </info>
</log>
<log realm="org.jpos.transaction.TransactionManager" at="Sun Feb 25 08:26:38.173 WIB 2018" lifespan="4ms">
  <info>
    start Thread[Thread-5,5,main]
  </info>
</log>
<log realm="org.jpos.transaction.TransactionManager" at="Sun Feb 25 08:26:38.178 WIB 2018">
  <info>
    start Thread[Thread-7,5,main]
  </info>
</log>
<log realm="org.jpos.transaction.TransactionManager" at="Sun Feb 25 08:26:38.181 WIB 2018" lifespan="2ms">
  <info>
    start Thread[Thread-8,5,main]
  </info>
</log>
<log realm="srv.server" at="Sun Feb 25 08:26:38.221 WIB 2018">
  <iso-server>
    listening on port 9991
  </iso-server>
</log>
<log realm="channel/127.0.0.1:2300" at="Sun Feb 25 08:26:38.324 WIB 2018" lifespan="4ms">
  <connect>
    localhost:2300
  </connect>
</log>
<log realm="ServerTrxMan.server" at="Sun Feb 25 08:26:38.329 WIB 2018">
  <iso-server>
    listening on port 2333
  </iso-server>
</log>
<log realm="org.jpos.q2.qbean.SystemMonitor" at="Sun Feb 25 08:26:38.331 WIB 2018">
  <info>
    Starting SystemMonitor
  </info>
</log>
<log realm="org.jpos.q2.qbean.SystemMonitor" at="Sun Feb 25 08:26:38.336 WIB 2018">
  <info>
               OS: Linux
             host: ngonar/127.0.1.1
          version: 2.0.2 (unknown)
         instance: 006adc59-8e13-48a5-a35b-ec5a2322733b
           uptime: 00:00:01.453
       processors: 4
           drift : 0
    memory(t/u/f): 119/16/102
          threads: 27
            Thread[Reference Handler,10,system]
            Thread[Finalizer,8,system]
            Thread[Signal Dispatcher,9,system]
            Thread[Q2-006adc59-8e13-48a5-a35b-ec5a2322733b,5,main]
            Thread[DestroyJavaVM,5,main]
            Thread[pool-1-thread-1,5,main]
            Thread[Timer-0,5,main]
            Thread[Timer-1,5,main]
            Thread[SimpleTransactionManager-0:idle,5,main]
            Thread[SimpleTransactionManager-1:idle,5,main]
            Thread[SimpleTransactionManager-2:idle,5,main]
            Thread[SimpleTransactionManager-3:idle,5,main]
            Thread[SimpleTransactionManager-4:idle,5,main]
            Thread[Thread-9,5,main]
            Thread[channel-sender-biller-send,5,main]
            Thread[channel-receiver-biller-receive,5,main]
            Thread[Thread-12,5,main]
            Thread[Thread-13,5,main]
            Thread[SystemMonitor,5,main]
            Thread[srv-ThreadPool.PooledThread-0,5,srv-ThreadPool-0]
            Thread[ServerTrxMan-ThreadPool.PooledThread-1,5,ServerTrxMan-ThreadPool-1]
            Thread[ServerTrxMan-ThreadPool.PooledThread-2,5,ServerTrxMan-ThreadPool-1]
            Thread[ServerTrxMan-ThreadPool.PooledThread-3,5,ServerTrxMan-ThreadPool-1]
            Thread[ServerTrxMan-ThreadPool.PooledThread-4,5,ServerTrxMan-ThreadPool-1]
            Thread[ServerTrxMan-ThreadPool.PooledThread-5,5,ServerTrxMan-ThreadPool-1]
            Thread[ServerTrxMan-ThreadPool.PooledThread-6,5,ServerTrxMan-ThreadPool-1]
            Thread[ServerTrxMan-ThreadPool.PooledThread-7,5,ServerTrxMan-ThreadPool-1]
            Thread[ServerTrxMan-ThreadPool.PooledThread-8,5,ServerTrxMan-ThreadPool-1]
            Thread[ServerTrxMan-ThreadPool.PooledThread-9,5,ServerTrxMan-ThreadPool-1]
            Thread[ServerTrxMan-ThreadPool.PooledThread-10,5,ServerTrxMan-ThreadPool-1]
         encoding: UTF-8
    name-registrar:
      logger.Q2: org.jpos.util.Logger
      server.srv: org.jpos.iso.ISOServer
        connected=0, rx=0, tx=0, last=0
      ServerTrxMan: org.jpos.q2.iso.QServer
      srv: org.jpos.q2.iso.QServer
      SimpleTransactionManager: org.jpos.transaction.TransactionManager
      biller-channel-adaptor: org.jpos.q2.iso.ChannelAdaptor
        tx=0, rx=0, connects=1, last=0
      tspace:default: org.jpos.space.TSpace
        <keycount>-1</keycount>
        <gcinfo>0,0</gcinfo>

      channel.biller-channel-adaptor: org.jpos.iso.channel.ASCIIChannel
      transient:default: org.jpos.space.TSpace
        <key count='1'>$TAILLOCK.1132647499</key>
        <keycount>0</keycount>
        <gcinfo>0,0</gcinfo>

      tspace:org.jpos.transaction.TransactionManager@4382d44b: org.jpos.space.TSpace
        <key count='1'>$HEAD</key>
        <key count='1'>$TAIL</key>
        <keycount>1</keycount>
        <gcinfo>0,0</gcinfo>

      server.ServerTrxMan: org.jpos.iso.ISOServer
        connected=0, rx=0, tx=0, last=0
      logger.Q2.buffered: org.jpos.util.BufferedLogListener
      tspace:biller: org.jpos.space.TSpace
        <key count='1'>biller-channel-adaptor.ready</key>
        <keycount>0</keycount>
        <gcinfo>0,0</gcinfo>

      mux.jPOS-AUTORESPONDER: org.jpos.q2.iso.QMUX
        tx=0, rx=0, tx_expired=0, tx_pending=0, rx_expired=0, rx_pending=0, rx_unhandled=0, rx_forwarded=0, connected=false, last=0
      logger.: org.jpos.util.Logger
  </info>
</log>
<log realm="echo-biller" at="Sun Feb 25 08:26:38.375 WIB 2018">
  <info>
    Echo request : 080080200000008000000400000000000000000001000001  301
  </info>
</log>
<log realm="channel/127.0.0.1:2300" at="Sun Feb 25 08:26:38.377 WIB 2018">
  <send>
    <isomsg direction="outgoing">
      <!-- org.jpos.iso.packager.GenericPackager[cfg/packager/iso87ascii.xml] -->
      <field id="0" value="0800"/>
      <field id="11" value="000001"/>
      <field id="41" value="000001"/>
      <field id="70" value="301"/>
    </isomsg>
  </send>
</log>
<log realm="channel/127.0.0.1:2300" at="Sun Feb 25 08:26:38.391 WIB 2018" lifespan="66ms">
  <receive>
    <isomsg direction="incoming">
      <!-- org.jpos.iso.packager.GenericPackager[cfg/packager/iso87ascii.xml] -->
      <field id="0" value="0810"/>
      <field id="11" value="000001"/>
      <field id="39" value="00"/>
      <field id="41" value="000001  "/>
      <field id="70" value="301"/>
    </isomsg>
  </receive>
</log>
<log realm="echo-biller" at="Sun Feb 25 08:26:38.396 WIB 2018">
  <info>
    Echo response : 08108020000002800000040000000000000000000100000001  301
  </info>
</log>
<log realm="org.jpos.q2.qbean.SystemMonitor" at="Sun Feb 25 08:27:38.359 WIB 2018">
  <info>
               OS: Linux
             host: ngonar/127.0.1.1
          version: 2.0.2 (unknown)
         instance: 006adc59-8e13-48a5-a35b-ec5a2322733b
           uptime: 00:01:01.477
       processors: 4
           drift : 0
    memory(t/u/f): 119/17/101
          threads: 27
            Thread[Reference Handler,10,system]
            Thread[Finalizer,8,system]
            Thread[Signal Dispatcher,9,system]
            Thread[Q2-006adc59-8e13-48a5-a35b-ec5a2322733b,5,main]
            Thread[DestroyJavaVM,5,main]
            Thread[pool-1-thread-1,5,main]
            Thread[Timer-0,5,main]
            Thread[Timer-1,5,main]
            Thread[SimpleTransactionManager-0:idle,5,main]
            Thread[SimpleTransactionManager-1:idle,5,main]
            Thread[SimpleTransactionManager-2:idle,5,main]
            Thread[SimpleTransactionManager-3:idle,5,main]
            Thread[SimpleTransactionManager-4:idle,5,main]
            Thread[Thread-9,5,main]
            Thread[channel-sender-biller-send,5,main]
            Thread[channel-receiver-biller-receive,5,main]
            Thread[Thread-12,5,main]
            Thread[Thread-13,5,main]
            Thread[SystemMonitor,5,main]
            Thread[srv-ThreadPool.PooledThread-0,5,srv-ThreadPool-0]
            Thread[ServerTrxMan-ThreadPool.PooledThread-1,5,ServerTrxMan-ThreadPool-1]
            Thread[ServerTrxMan-ThreadPool.PooledThread-2,5,ServerTrxMan-ThreadPool-1]
            Thread[ServerTrxMan-ThreadPool.PooledThread-3,5,ServerTrxMan-ThreadPool-1]
            Thread[ServerTrxMan-ThreadPool.PooledThread-4,5,ServerTrxMan-ThreadPool-1]
            Thread[ServerTrxMan-ThreadPool.PooledThread-5,5,ServerTrxMan-ThreadPool-1]
            Thread[ServerTrxMan-ThreadPool.PooledThread-6,5,ServerTrxMan-ThreadPool-1]
            Thread[ServerTrxMan-ThreadPool.PooledThread-7,5,ServerTrxMan-ThreadPool-1]
            Thread[ServerTrxMan-ThreadPool.PooledThread-8,5,ServerTrxMan-ThreadPool-1]
            Thread[ServerTrxMan-ThreadPool.PooledThread-9,5,ServerTrxMan-ThreadPool-1]
            Thread[ServerTrxMan-ThreadPool.PooledThread-10,5,ServerTrxMan-ThreadPool-1]
         encoding: UTF-8
    name-registrar:
      logger.Q2: org.jpos.util.Logger
      server.srv: org.jpos.iso.ISOServer
        connected=0, rx=0, tx=0, last=0
      ServerTrxMan: org.jpos.q2.iso.QServer
      srv: org.jpos.q2.iso.QServer
      SimpleTransactionManager: org.jpos.transaction.TransactionManager
      biller-channel-adaptor: org.jpos.q2.iso.ChannelAdaptor
        tx=1, rx=1, connects=1, last=1519521998395, idle=59972ms
      tspace:default: org.jpos.space.TSpace
        <keycount>-1</keycount>
        <gcinfo>0,0</gcinfo>

      channel.biller-channel-adaptor: org.jpos.iso.channel.ASCIIChannel
      transient:default: org.jpos.space.TSpace
        <key count='1'>$TAILLOCK.1132647499</key>
        <keycount>0</keycount>
        <gcinfo>0,0</gcinfo>

      tspace:org.jpos.transaction.TransactionManager@4382d44b: org.jpos.space.TSpace
        <key count='1'>$HEAD</key>
        <key count='1'>$TAIL</key>
        <keycount>1</keycount>
        <gcinfo>0,0</gcinfo>

      server.ServerTrxMan: org.jpos.iso.ISOServer
        connected=0, rx=0, tx=0, last=0
      logger.Q2.buffered: org.jpos.util.BufferedLogListener
      tspace:biller: org.jpos.space.TSpace
        <key count='1'>biller-channel-adaptor.ready</key>
        <keycount>0</keycount>
        <gcinfo>0,0</gcinfo>

      mux.jPOS-AUTORESPONDER: org.jpos.q2.iso.QMUX
        tx=0, rx=0, tx_expired=0, tx_pending=0, rx_expired=0, rx_pending=0, rx_unhandled=0, rx_forwarded=0, connected=false, last=0
      logger.: org.jpos.util.Logger
  </info>
</log>
<log realm="echo-biller" at="Sun Feb 25 08:27:38.432 WIB 2018">
  <info>
    Echo request : 080080200000008000000400000000000000000001000001  301
  </info>
</log>
<log realm="channel/127.0.0.1:2300" at="Sun Feb 25 08:27:38.434 WIB 2018">
  <send>
    <isomsg direction="outgoing">
      <!-- org.jpos.iso.packager.GenericPackager[cfg/packager/iso87ascii.xml] -->
      <field id="0" value="0800"/>
      <field id="11" value="000001"/>
      <field id="41" value="000001"/>
      <field id="70" value="301"/>
    </isomsg>
  </send>
</log>
<log realm="channel/127.0.0.1:2300" at="Sun Feb 25 08:27:38.437 WIB 2018" lifespan="60035ms">
  <receive>
    <isomsg direction="incoming">
      <!-- org.jpos.iso.packager.GenericPackager[cfg/packager/iso87ascii.xml] -->
      <field id="0" value="0810"/>
      <field id="11" value="000001"/>
      <field id="39" value="00"/>
      <field id="41" value="000001  "/>
      <field id="70" value="301"/>
    </isomsg>
  </receive>
</log>
<log realm="echo-biller" at="Sun Feb 25 08:27:38.441 WIB 2018">
  <info>
    Echo response : 08108020000002800000040000000000000000000100000001  301
  </info>
</log>
<log realm="Q2.system" at="Sun Feb 25 08:28:05.022 WIB 2018">
  <info>
    shutting down (hook)
  </info>
</log>
<log realm="Q2.system" at="Sun Feb 25 08:28:05.899 WIB 2018">
  <trace>
    undeploying:/home/ngonar/WebApp/Protonema/deploy/99_sysmon.xml
  </trace>
</log>
<log realm="org.jpos.q2.qbean.SystemMonitor" at="Sun Feb 25 08:28:05.900 WIB 2018">
  <info>
    Stopping SystemMonitor
  </info>
</log>
<log realm="Q2.system" at="Sun Feb 25 08:28:05.904 WIB 2018">
  <info>
    undeployed:/home/ngonar/WebApp/Protonema/deploy/99_sysmon.xml
  </info>
</log>
<log realm="Q2.system" at="Sun Feb 25 08:28:05.906 WIB 2018">
  <trace>
    undeploying:/home/ngonar/WebApp/Protonema/deploy/53_qecho.xml
  </trace>
</log>
<log realm="Q2.system" at="Sun Feb 25 08:28:05.909 WIB 2018">
  <info>
    undeployed:/home/ngonar/WebApp/Protonema/deploy/53_qecho.xml
  </info>
</log>
<log realm="Q2.system" at="Sun Feb 25 08:28:05.910 WIB 2018">
  <trace>
    undeploying:/home/ngonar/WebApp/Protonema/deploy/20_mux.xml
  </trace>
</log>
<log realm="Q2.system" at="Sun Feb 25 08:28:05.914 WIB 2018">
  <info>
    undeployed:/home/ngonar/WebApp/Protonema/deploy/20_mux.xml
  </info>
</log>
<log realm="Q2.system" at="Sun Feb 25 08:28:05.916 WIB 2018">
  <trace>
    undeploying:/home/ngonar/WebApp/Protonema/deploy/15_server_port_trxman.xml
  </trace>
</log>
<log realm="Q2.system" at="Sun Feb 25 08:28:05.919 WIB 2018">
  <info>
    undeployed:/home/ngonar/WebApp/Protonema/deploy/15_server_port_trxman.xml
  </info>
</log>
<log realm="Q2.system" at="Sun Feb 25 08:28:05.924 WIB 2018">
  <trace>
    undeploying:/home/ngonar/WebApp/Protonema/deploy/12_biller_channel.xml
  </trace>
</log>
<log realm="channel/127.0.0.1:2300" at="Sun Feb 25 08:28:05.926 WIB 2018" lifespan="27485ms">
  <receive/>
</log>
<log realm="Q2.system" at="Sun Feb 25 08:28:05.929 WIB 2018" lifespan="2ms">
  <info>
    undeployed:/home/ngonar/WebApp/Protonema/deploy/12_biller_channel.xml
  </info>
</log>
<log realm="Q2.system" at="Sun Feb 25 08:28:05.931 WIB 2018">
  <trace>
    undeploying:/home/ngonar/WebApp/Protonema/deploy/11_serverport.xml
  </trace>
</log>
<log realm="Q2.system" at="Sun Feb 25 08:28:05.934 WIB 2018">
  <info>
    undeployed:/home/ngonar/WebApp/Protonema/deploy/11_serverport.xml
  </info>
</log>
<log realm="Q2.system" at="Sun Feb 25 08:28:05.936 WIB 2018">
  <trace>
    undeploying:/home/ngonar/WebApp/Protonema/deploy/10_transaction_manager.xml
  </trace>
</log>
<log realm="org.jpos.transaction.TransactionManager" at="Sun Feb 25 08:28:05.938 WIB 2018">
  <info>
    stop Thread[SimpleTransactionManager-4:idle,5,main], active sessions=4
  </info>
</log>
<log realm="org.jpos.transaction.TransactionManager" at="Sun Feb 25 08:28:05.943 WIB 2018">
  <info>
    stop Thread[SimpleTransactionManager-0:idle,5,main], active sessions=2
  </info>
</log>
<log realm="org.jpos.transaction.TransactionManager" at="Sun Feb 25 08:28:05.945 WIB 2018" lifespan="1ms">
  <info>
    stop Thread[SimpleTransactionManager-3:idle,5,main], active sessions=0
  </info>
</log>
<log realm="org.jpos.transaction.TransactionManager" at="Sun Feb 25 08:28:05.947 WIB 2018" lifespan="3ms">
  <info>
    stop Thread[SimpleTransactionManager-1:idle,5,main], active sessions=1
  </info>
</log>
<log realm="org.jpos.transaction.TransactionManager" at="Sun Feb 25 08:28:05.950 WIB 2018" lifespan="7ms">
  <info>
    stop Thread[SimpleTransactionManager-2:idle,5,main], active sessions=3
  </info>
</log>
<log realm="Q2.system" at="Sun Feb 25 08:28:05.952 WIB 2018">
  <info>
    undeployed:/home/ngonar/WebApp/Protonema/deploy/10_transaction_manager.xml
  </info>
</log>
<log realm="Q2.system" at="Sun Feb 25 08:28:05.954 WIB 2018">
  <trace>
    undeploying:/home/ngonar/WebApp/Protonema/deploy/00_logger.xml
  </trace>
</log>
</logger>
<?xml version="1.0" encoding="UTF-8"?>
<logger class="org.jpos.util.DailyLogListener">
<log realm="Q2.system" at="Sun Feb 25 08:28:08.654 WIB 2018" lifespan="854ms">
  <info>
    Q2 started, deployDir=/home/ngonar/WebApp/Protonema/deploy
    
    jPOS 2.0.2 unknown/unknown (2016-08-10 11:16:58 WIT) 

-----BEGIN PGP SIGNED MESSAGE-----
Hash: SHA1

jPOS Community Edition, licensed under GNU AGPL v3.0.
This software is probably not suitable for commercial use.
Please see http://jpos.org/license for details.

-----BEGIN PGP SIGNATURE-----
Version: GnuPG v1.4.9 (Darwin)

iQEcBAEBAgAGBQJMolHDAAoJEOQyeO71nYtFv74H/3OgehDGEy1VXp2U3/GcAobg
HH2eZjPUz53r38ARPiU3pzm9LwDa3WZgJJaa/b9VrJwKvbPwe9+0kY3gScDE1skT
ladHt+KHHmGQArEutkzHlpZa73RbroFEIa1qmN6MaDEHGoxZqDh0Sv2cpvOaVYGO
St8ZaddLBPC17bSjAPWo9sWbvL7FgPFOHhnPmbeux8SLtnfWxXWsgo5hLBanKmO1
1z+I/w/6DL6ZYZU6bAJUk+eyVVImJqw0x3IEElI07Nh9MC6BA4iJ77ejobj8HI2r
q9ulRPEqH9NR79619lNKVUkE206dVlXo7xHmJS1QZy5v/GT66xBxyDVfTduPFXk=
=oP+v
-----END PGP SIGNATURE-----

  </info>
</log>
<log realm="Q2.system" at="Sun Feb 25 08:28:08.688 WIB 2018" lifespan="22ms">
  <info>
    deploy: /home/ngonar/WebApp/Protonema/deploy/10_transaction_manager.xml
  </info>
</log>
<log realm="Q2.system" at="Sun Feb 25 08:28:08.699 WIB 2018" lifespan="10ms">
  <info>
    deploy: /home/ngonar/WebApp/Protonema/deploy/11_serverport.xml
  </info>
</log>
<log realm="Q2.system" at="Sun Feb 25 08:28:08.708 WIB 2018" lifespan="8ms">
  <info>
    deploy: /home/ngonar/WebApp/Protonema/deploy/12_biller_channel.xml
  </info>
</log>
<log realm="Q2.system" at="Sun Feb 25 08:28:08.713 WIB 2018" lifespan="4ms">
  <info>
    deploy: /home/ngonar/WebApp/Protonema/deploy/15_server_port_trxman.xml
  </info>
</log>
<log realm="Q2.system" at="Sun Feb 25 08:28:08.732 WIB 2018" lifespan="17ms">
  <info>
    deploy: /home/ngonar/WebApp/Protonema/deploy/20_mux.xml
  </info>
</log>
<log realm="protonema.QEcho" at="Sun Feb 25 08:28:08.737 WIB 2018">
  <info>
    constructor
  </info>
</log>
<log realm="Q2.system" at="Sun Feb 25 08:28:08.740 WIB 2018" lifespan="7ms">
  <info>
    deploy: /home/ngonar/WebApp/Protonema/deploy/53_qecho.xml
  </info>
</log>
<log realm="Q2.system" at="Sun Feb 25 08:28:08.746 WIB 2018" lifespan="5ms">
  <info>
    deploy: /home/ngonar/WebApp/Protonema/deploy/99_sysmon.xml
  </info>
</log>
<log realm="org.jpos.transaction.TransactionManager" at="Sun Feb 25 08:28:08.750 WIB 2018">
  <info>
    start Thread[Thread-4,5,main]
  </info>
</log>
<log realm="org.jpos.transaction.TransactionManager" at="Sun Feb 25 08:28:08.751 WIB 2018">
  <info>
    start Thread[Thread-8,5,main]
  </info>
</log>
<log realm="org.jpos.transaction.TransactionManager" at="Sun Feb 25 08:28:08.753 WIB 2018" lifespan="3ms">
  <info>
    start Thread[Thread-7,5,main]
  </info>
</log>
<log realm="org.jpos.transaction.TransactionManager" at="Sun Feb 25 08:28:08.754 WIB 2018" lifespan="4ms">
  <info>
    start Thread[Thread-6,5,main]
  </info>
</log>
<log realm="org.jpos.transaction.TransactionManager" at="Sun Feb 25 08:28:08.755 WIB 2018" lifespan="5ms">
  <info>
    start Thread[Thread-5,5,main]
  </info>
</log>
<log realm="srv.server" at="Sun Feb 25 08:28:08.794 WIB 2018">
  <iso-server>
    listening on port 9991
  </iso-server>
</log>
<log realm="channel/127.0.0.1:2300" at="Sun Feb 25 08:28:08.859 WIB 2018" lifespan="5ms">
  <connect>
    localhost:2300
  </connect>
</log>
<log realm="ServerTrxMan.server" at="Sun Feb 25 08:28:08.870 WIB 2018">
  <iso-server>
    listening on port 2333
  </iso-server>
</log>
<log realm="org.jpos.q2.qbean.SystemMonitor" at="Sun Feb 25 08:28:08.879 WIB 2018" lifespan="9ms">
  <info>
    Starting SystemMonitor
  </info>
</log>
<log realm="org.jpos.q2.qbean.SystemMonitor" at="Sun Feb 25 08:28:08.882 WIB 2018">
  <info>
               OS: Linux
             host: ngonar/127.0.1.1
          version: 2.0.2 (unknown)
         instance: 1848996c-251a-4880-885a-6d8b6740f06b
           uptime: 00:00:01.441
       processors: 4
           drift : 0
    memory(t/u/f): 119/16/102
          threads: 27
            Thread[Reference Handler,10,system]
            Thread[Finalizer,8,system]
            Thread[Signal Dispatcher,9,system]
            Thread[Q2-1848996c-251a-4880-885a-6d8b6740f06b,5,main]
            Thread[DestroyJavaVM,5,main]
            Thread[pool-1-thread-1,5,main]
            Thread[Timer-0,5,main]
            Thread[Timer-1,5,main]
            Thread[SimpleTransactionManager-0:idle,5,main]
            Thread[SimpleTransactionManager-1:idle,5,main]
            Thread[SimpleTransactionManager-2:idle,5,main]
            Thread[SimpleTransactionManager-3:idle,5,main]
            Thread[SimpleTransactionManager-4:idle,5,main]
            Thread[Thread-9,5,main]
            Thread[channel-sender-biller-send,5,main]
            Thread[channel-receiver-biller-receive,5,main]
            Thread[Thread-12,5,main]
            Thread[Thread-13,5,main]
            Thread[SystemMonitor,5,main]
            Thread[srv-ThreadPool.PooledThread-0,5,srv-ThreadPool-0]
            Thread[ServerTrxMan-ThreadPool.PooledThread-1,5,ServerTrxMan-ThreadPool-1]
            Thread[ServerTrxMan-ThreadPool.PooledThread-2,5,ServerTrxMan-ThreadPool-1]
            Thread[ServerTrxMan-ThreadPool.PooledThread-3,5,ServerTrxMan-ThreadPool-1]
            Thread[ServerTrxMan-ThreadPool.PooledThread-4,5,ServerTrxMan-ThreadPool-1]
            Thread[ServerTrxMan-ThreadPool.PooledThread-5,5,ServerTrxMan-ThreadPool-1]
            Thread[ServerTrxMan-ThreadPool.PooledThread-6,5,ServerTrxMan-ThreadPool-1]
            Thread[ServerTrxMan-ThreadPool.PooledThread-7,5,ServerTrxMan-ThreadPool-1]
            Thread[ServerTrxMan-ThreadPool.PooledThread-8,5,ServerTrxMan-ThreadPool-1]
            Thread[ServerTrxMan-ThreadPool.PooledThread-9,5,ServerTrxMan-ThreadPool-1]
            Thread[ServerTrxMan-ThreadPool.PooledThread-10,5,ServerTrxMan-ThreadPool-1]
         encoding: UTF-8
    name-registrar:
      logger.Q2: org.jpos.util.Logger
      server.srv: org.jpos.iso.ISOServer
        connected=0, rx=0, tx=0, last=0
      ServerTrxMan: org.jpos.q2.iso.QServer
      srv: org.jpos.q2.iso.QServer
      SimpleTransactionManager: org.jpos.transaction.TransactionManager
      biller-channel-adaptor: org.jpos.q2.iso.ChannelAdaptor
        tx=0, rx=0, connects=1, last=0
      tspace:default: org.jpos.space.TSpace
        <keycount>-1</keycount>
        <gcinfo>0,0</gcinfo>

      channel.biller-channel-adaptor: org.jpos.iso.channel.ASCIIChannel
      transient:default: org.jpos.space.TSpace
        <key count='1'>$TAILLOCK.1279460130</key>
        <keycount>0</keycount>
        <gcinfo>0,0</gcinfo>

      server.ServerTrxMan: org.jpos.iso.ISOServer
        connected=0, rx=0, tx=0, last=0
      logger.Q2.buffered: org.jpos.util.BufferedLogListener
      tspace:biller: org.jpos.space.TSpace
        <key count='1'>biller-channel-adaptor.ready</key>
        <keycount>0</keycount>
        <gcinfo>0,0</gcinfo>

      mux.jPOS-AUTORESPONDER: org.jpos.q2.iso.QMUX
        tx=0, rx=0, tx_expired=0, tx_pending=0, rx_expired=0, rx_pending=0, rx_unhandled=0, rx_forwarded=0, connected=false, last=0
      tspace:org.jpos.transaction.TransactionManager@4c430322: org.jpos.space.TSpace
        <key count='1'>$HEAD</key>
        <key count='1'>$TAIL</key>
        <keycount>1</keycount>
        <gcinfo>0,0</gcinfo>

      logger.: org.jpos.util.Logger
  </info>
</log>
<log realm="echo-biller" at="Sun Feb 25 08:28:08.914 WIB 2018">
  <info>
    Echo request : 080080200000008000000400000000000000000001000001  301
  </info>
</log>
<log realm="channel/127.0.0.1:2300" at="Sun Feb 25 08:28:08.917 WIB 2018" lifespan="1ms">
  <send>
    <isomsg direction="outgoing">
      <!-- org.jpos.iso.packager.GenericPackager[cfg/packager/iso87ascii.xml] -->
      <field id="0" value="0800"/>
      <field id="11" value="000001"/>
      <field id="41" value="000001"/>
      <field id="70" value="301"/>
    </isomsg>
  </send>
</log>
<log realm="channel/127.0.0.1:2300" at="Sun Feb 25 08:28:08.924 WIB 2018" lifespan="63ms">
  <receive>
    <isomsg direction="incoming">
      <!-- org.jpos.iso.packager.GenericPackager[cfg/packager/iso87ascii.xml] -->
      <field id="0" value="0810"/>
      <field id="11" value="000001"/>
      <field id="39" value="00"/>
      <field id="41" value="000001  "/>
      <field id="70" value="301"/>
    </isomsg>
  </receive>
</log>
<log realm="echo-biller" at="Sun Feb 25 08:28:08.928 WIB 2018">
  <info>
    Echo response : 08108020000002800000040000000000000000000100000001  301
  </info>
</log>
<log realm="Q2.system" at="Sun Feb 25 08:28:29.078 WIB 2018">
  <info>
    shutting down (hook)
  </info>
</log>
<log realm="Q2.system" at="Sun Feb 25 08:28:31.398 WIB 2018">
  <trace>
    undeploying:/home/ngonar/WebApp/Protonema/deploy/99_sysmon.xml
  </trace>
</log>
<log realm="org.jpos.q2.qbean.SystemMonitor" at="Sun Feb 25 08:28:31.401 WIB 2018">
  <info>
    Stopping SystemMonitor
  </info>
</log>
<log realm="Q2.system" at="Sun Feb 25 08:28:31.408 WIB 2018">
  <info>
    undeployed:/home/ngonar/WebApp/Protonema/deploy/99_sysmon.xml
  </info>
</log>
<log realm="Q2.system" at="Sun Feb 25 08:28:31.410 WIB 2018">
  <trace>
    undeploying:/home/ngonar/WebApp/Protonema/deploy/53_qecho.xml
  </trace>
</log>
<log realm="Q2.system" at="Sun Feb 25 08:28:31.420 WIB 2018">
  <info>
    undeployed:/home/ngonar/WebApp/Protonema/deploy/53_qecho.xml
  </info>
</log>
<log realm="Q2.system" at="Sun Feb 25 08:28:31.422 WIB 2018">
  <trace>
    undeploying:/home/ngonar/WebApp/Protonema/deploy/20_mux.xml
  </trace>
</log>
<log realm="Q2.system" at="Sun Feb 25 08:28:31.427 WIB 2018">
  <info>
    undeployed:/home/ngonar/WebApp/Protonema/deploy/20_mux.xml
  </info>
</log>
<log realm="Q2.system" at="Sun Feb 25 08:28:31.429 WIB 2018">
  <trace>
    undeploying:/home/ngonar/WebApp/Protonema/deploy/15_server_port_trxman.xml
  </trace>
</log>
<log realm="Q2.system" at="Sun Feb 25 08:28:31.433 WIB 2018">
  <info>
    undeployed:/home/ngonar/WebApp/Protonema/deploy/15_server_port_trxman.xml
  </info>
</log>
<log realm="Q2.system" at="Sun Feb 25 08:28:31.435 WIB 2018">
  <trace>
    undeploying:/home/ngonar/WebApp/Protonema/deploy/12_biller_channel.xml
  </trace>
</log>
<log realm="channel/127.0.0.1:2300" at="Sun Feb 25 08:28:31.439 WIB 2018" lifespan="22512ms">
  <receive/>
</log>
<log realm="Q2.system" at="Sun Feb 25 08:28:31.441 WIB 2018">
  <info>
    undeployed:/home/ngonar/WebApp/Protonema/deploy/12_biller_channel.xml
  </info>
</log>
<log realm="Q2.system" at="Sun Feb 25 08:28:31.444 WIB 2018">
  <trace>
    undeploying:/home/ngonar/WebApp/Protonema/deploy/11_serverport.xml
  </trace>
</log>
<log realm="Q2.system" at="Sun Feb 25 08:28:31.446 WIB 2018">
  <info>
    undeployed:/home/ngonar/WebApp/Protonema/deploy/11_serverport.xml
  </info>
</log>
<log realm="Q2.system" at="Sun Feb 25 08:28:31.453 WIB 2018">
  <trace>
    undeploying:/home/ngonar/WebApp/Protonema/deploy/10_transaction_manager.xml
  </trace>
</log>
<log realm="org.jpos.transaction.TransactionManager" at="Sun Feb 25 08:28:31.454 WIB 2018">
  <info>
    stop Thread[SimpleTransactionManager-1:idle,5,main], active sessions=4
  </info>
</log>
<log realm="org.jpos.transaction.TransactionManager" at="Sun Feb 25 08:28:31.457 WIB 2018" lifespan="2ms">
  <info>
    stop Thread[SimpleTransactionManager-0:idle,5,main], active sessions=0
  </info>
</log>
<log realm="org.jpos.transaction.TransactionManager" at="Sun Feb 25 08:28:31.459 WIB 2018" lifespan="4ms">
  <info>
    stop Thread[SimpleTransactionManager-3:idle,5,main], active sessions=1
  </info>
</log>
<log realm="org.jpos.transaction.TransactionManager" at="Sun Feb 25 08:28:31.461 WIB 2018" lifespan="6ms">
  <info>
    stop Thread[SimpleTransactionManager-4:idle,5,main], active sessions=2
  </info>
</log>
<log realm="org.jpos.transaction.TransactionManager" at="Sun Feb 25 08:28:31.462 WIB 2018" lifespan="7ms">
  <info>
    stop Thread[SimpleTransactionManager-2:idle,5,main], active sessions=3
  </info>
</log>
<log realm="Q2.system" at="Sun Feb 25 08:28:31.464 WIB 2018">
  <info>
    undeployed:/home/ngonar/WebApp/Protonema/deploy/10_transaction_manager.xml
  </info>
</log>
<log realm="Q2.system" at="Sun Feb 25 08:28:31.466 WIB 2018">
  <trace>
    undeploying:/home/ngonar/WebApp/Protonema/deploy/00_logger.xml
  </trace>
</log>
</logger>
