<?xml version="1.0" encoding="UTF-8"?>
<logger class="org.jpos.util.DailyLogListener">
<log realm="channel/127.0.0.1:2300" at="Sun Feb 25 08:13:50.375 WIB 2018" lifespan="1ms">
  <connect>
    localhost:2300
      Connection refused
    Unable to connect
  </connect>
</log>
<log realm="org.jpos.q2.iso.ChannelAdaptor" at="Sun Feb 25 08:13:50.379 WIB 2018">
  <warn>
    check-connection
    Unable to connect
  </warn>
</log>
<log realm="channel/127.0.0.1:2300" at="Sun Feb 25 08:13:51.382 WIB 2018" lifespan="1ms">
  <connect>
    localhost:2300
      Connection refused
    Unable to connect
  </connect>
</log>
<log realm="org.jpos.q2.iso.ChannelAdaptor" at="Sun Feb 25 08:13:51.383 WIB 2018">
  <warn>
    check-connection
    Unable to connect
  </warn>
</log>
<log realm="channel/127.0.0.1:2300" at="Sun Feb 25 08:13:52.386 WIB 2018" lifespan="1ms">
  <connect>
    localhost:2300
      Connection refused
    Unable to connect
  </connect>
</log>
<log realm="org.jpos.q2.iso.ChannelAdaptor" at="Sun Feb 25 08:13:52.389 WIB 2018">
  <warn>
    check-connection
    Unable to connect
  </warn>
</log>
<log realm="channel/127.0.0.1:2300" at="Sun Feb 25 08:13:53.392 WIB 2018" lifespan="1ms">
  <connect>
    localhost:2300
      Connection refused
    Unable to connect
  </connect>
</log>
<log realm="org.jpos.q2.iso.ChannelAdaptor" at="Sun Feb 25 08:13:53.394 WIB 2018">
  <warn>
    check-connection
    Unable to connect
  </warn>
</log>
<log realm="channel/127.0.0.1:2300" at="Sun Feb 25 08:13:54.396 WIB 2018">
  <connect>
    localhost:2300
      Connection refused
    Unable to connect
  </connect>
</log>
<log realm="org.jpos.q2.iso.ChannelAdaptor" at="Sun Feb 25 08:13:54.398 WIB 2018">
  <warn>
    check-connection
    Unable to connect
  </warn>
</log>
<log realm="channel/127.0.0.1:2300" at="Sun Feb 25 08:13:55.400 WIB 2018" lifespan="1ms">
  <connect>
    localhost:2300
      Connection refused
    Unable to connect
  </connect>
</log>
<log realm="org.jpos.q2.iso.ChannelAdaptor" at="Sun Feb 25 08:13:55.402 WIB 2018" lifespan="1ms">
  <warn>
    check-connection
    Unable to connect
  </warn>
</log>
<log realm="channel/127.0.0.1:2300" at="Sun Feb 25 08:13:56.404 WIB 2018" lifespan="1ms">
  <connect>
    localhost:2300
      Connection refused
    Unable to connect
  </connect>
</log>
<log realm="org.jpos.q2.iso.ChannelAdaptor" at="Sun Feb 25 08:13:56.405 WIB 2018">
  <warn>
    check-connection
    Unable to connect
  </warn>
</log>
<log realm="channel/127.0.0.1:2300" at="Sun Feb 25 08:13:57.407 WIB 2018" lifespan="1ms">
  <connect>
    localhost:2300
      Connection refused
    Unable to connect
  </connect>
</log>
<log realm="org.jpos.q2.iso.ChannelAdaptor" at="Sun Feb 25 08:13:57.408 WIB 2018">
  <warn>
    check-connection
    Unable to connect
  </warn>
</log>
<log realm="channel/127.0.0.1:2300" at="Sun Feb 25 08:13:58.410 WIB 2018">
  <connect>
    localhost:2300
      Connection refused
    Unable to connect
  </connect>
</log>
<log realm="org.jpos.q2.iso.ChannelAdaptor" at="Sun Feb 25 08:13:58.412 WIB 2018">
  <warn>
    check-connection
    Unable to connect
  </warn>
</log>
<log realm="channel/127.0.0.1:2300" at="Sun Feb 25 08:13:59.415 WIB 2018">
  <connect>
    localhost:2300
      Connection refused
    Unable to connect
  </connect>
</log>
<log realm="org.jpos.q2.iso.ChannelAdaptor" at="Sun Feb 25 08:13:59.417 WIB 2018">
  <warn>
    check-connection
    Unable to connect
  </warn>
</log>
<log realm="channel/127.0.0.1:2300" at="Sun Feb 25 08:14:00.420 WIB 2018" lifespan="1ms">
  <connect>
    localhost:2300
      Connection refused
    Unable to connect
  </connect>
</log>
<log realm="org.jpos.q2.iso.ChannelAdaptor" at="Sun Feb 25 08:14:00.423 WIB 2018">
  <warn>
    check-connection
    Unable to connect
  </warn>
</log>
<log realm="channel/127.0.0.1:2300" at="Sun Feb 25 08:14:01.427 WIB 2018" lifespan="1ms">
  <connect>
    localhost:2300
      Connection refused
    Unable to connect
  </connect>
</log>
<log realm="org.jpos.q2.iso.ChannelAdaptor" at="Sun Feb 25 08:14:01.428 WIB 2018">
  <warn>
    check-connection
    Unable to connect
  </warn>
</log>
<log realm="channel/127.0.0.1:2300" at="Sun Feb 25 08:14:02.430 WIB 2018">
  <connect>
    localhost:2300
      Connection refused
    Unable to connect
  </connect>
</log>
<log realm="org.jpos.q2.iso.ChannelAdaptor" at="Sun Feb 25 08:14:02.432 WIB 2018">
  <warn>
    check-connection
    Unable to connect
  </warn>
</log>
<log realm="channel/127.0.0.1:2300" at="Sun Feb 25 08:14:03.434 WIB 2018" lifespan="1ms">
  <connect>
    localhost:2300
      Connection refused
    Unable to connect
  </connect>
</log>
<log realm="org.jpos.q2.iso.ChannelAdaptor" at="Sun Feb 25 08:14:03.437 WIB 2018">
  <warn>
    check-connection
    Unable to connect
  </warn>
</log>
<log realm="channel/127.0.0.1:2300" at="Sun Feb 25 08:14:04.443 WIB 2018">
  <connect>
    localhost:2300
      Connection refused
    Unable to connect
  </connect>
</log>
<log realm="org.jpos.q2.iso.ChannelAdaptor" at="Sun Feb 25 08:14:04.445 WIB 2018">
  <warn>
    check-connection
    Unable to connect
  </warn>
</log>
<log realm="channel/127.0.0.1:2300" at="Sun Feb 25 08:14:05.447 WIB 2018" lifespan="1ms">
  <connect>
    localhost:2300
      Connection refused
    Unable to connect
  </connect>
</log>
<log realm="org.jpos.q2.iso.ChannelAdaptor" at="Sun Feb 25 08:14:05.450 WIB 2018">
  <warn>
    check-connection
    Unable to connect
  </warn>
</log>
<log realm="channel/127.0.0.1:2300" at="Sun Feb 25 08:14:06.453 WIB 2018">
  <connect>
    localhost:2300
      Connection refused
    Unable to connect
  </connect>
</log>
<log realm="org.jpos.q2.iso.ChannelAdaptor" at="Sun Feb 25 08:14:06.456 WIB 2018">
  <warn>
    check-connection
    Unable to connect
  </warn>
</log>
<log realm="channel/127.0.0.1:2300" at="Sun Feb 25 08:14:07.459 WIB 2018">
  <connect>
    localhost:2300
      Connection refused
    Unable to connect
  </connect>
</log>
<log realm="org.jpos.q2.iso.ChannelAdaptor" at="Sun Feb 25 08:14:07.460 WIB 2018">
  <warn>
    check-connection
    Unable to connect
  </warn>
</log>
<log realm="channel/127.0.0.1:2300" at="Sun Feb 25 08:14:08.463 WIB 2018" lifespan="1ms">
  <connect>
    localhost:2300
      Connection refused
    Unable to connect
  </connect>
</log>
<log realm="org.jpos.q2.iso.ChannelAdaptor" at="Sun Feb 25 08:14:08.464 WIB 2018">
  <warn>
    check-connection
    Unable to connect
  </warn>
</log>
<log realm="channel/127.0.0.1:2300" at="Sun Feb 25 08:14:09.466 WIB 2018" lifespan="1ms">
  <connect>
    localhost:2300
  </connect>
</log>
<log realm="org.jpos.q2.qbean.SystemMonitor" at="Sun Feb 25 08:14:22.750 WIB 2018">
  <info>
               OS: Linux
             host: ngonar/127.0.1.1
          version: 2.0.2 (unknown)
         instance: dc02c1b9-c31b-4d78-8b5d-9bc514a9ed5c
           uptime: 00:02:01.202
       processors: 4
           drift : 0
    memory(t/u/f): 119/23/95
          threads: 27
            Thread[Reference Handler,10,system]
            Thread[Finalizer,8,system]
            Thread[Signal Dispatcher,9,system]
            Thread[Q2-dc02c1b9-c31b-4d78-8b5d-9bc514a9ed5c,5,main]
            Thread[DestroyJavaVM,5,main]
            Thread[pool-1-thread-1,5,main]
            Thread[Timer-0,5,main]
            Thread[Timer-1,5,main]
            Thread[SimpleTransactionManager-0:idle,5,main]
            Thread[SimpleTransactionManager-1:idle,5,main]
            Thread[SimpleTransactionManager-2:idle,5,main]
            Thread[SimpleTransactionManager-3:idle,5,main]
            Thread[SimpleTransactionManager-4:idle,5,main]
            Thread[Thread-9,5,main]
            Thread[Thread-12,5,main]
            Thread[Thread-13,5,main]
            Thread[SystemMonitor,5,main]
            Thread[channel-sender-biller-send,5,main]
            Thread[channel-receiver-biller-receive,5,main]
            Thread[srv-ThreadPool.PooledThread-0,5,srv-ThreadPool-0]
            Thread[ServerTrxMan-ThreadPool.PooledThread-1,5,ServerTrxMan-ThreadPool-1]
            Thread[ServerTrxMan-ThreadPool.PooledThread-2,5,ServerTrxMan-ThreadPool-1]
            Thread[ServerTrxMan-ThreadPool.PooledThread-3,5,ServerTrxMan-ThreadPool-1]
            Thread[ServerTrxMan-ThreadPool.PooledThread-4,5,ServerTrxMan-ThreadPool-1]
            Thread[ServerTrxMan-ThreadPool.PooledThread-5,5,ServerTrxMan-ThreadPool-1]
            Thread[ServerTrxMan-ThreadPool.PooledThread-6,5,ServerTrxMan-ThreadPool-1]
            Thread[ServerTrxMan-ThreadPool.PooledThread-7,5,ServerTrxMan-ThreadPool-1]
            Thread[ServerTrxMan-ThreadPool.PooledThread-8,5,ServerTrxMan-ThreadPool-1]
            Thread[ServerTrxMan-ThreadPool.PooledThread-9,5,ServerTrxMan-ThreadPool-1]
            Thread[ServerTrxMan-ThreadPool.PooledThread-10,5,ServerTrxMan-ThreadPool-1]
         encoding: UTF-8
    name-registrar:
      logger.Q2: org.jpos.util.Logger
      server.srv: org.jpos.iso.ISOServer
        connected=0, rx=0, tx=0, last=0
      ServerTrxMan: org.jpos.q2.iso.QServer
      tspace:symphoni: org.jpos.space.TSpace
        <keycount>-1</keycount>
        <gcinfo>0,0</gcinfo>

      srv: org.jpos.q2.iso.QServer
      SimpleTransactionManager: org.jpos.transaction.TransactionManager
      biller-channel-adaptor: org.jpos.q2.iso.ChannelAdaptor
        tx=0, rx=0, connects=2, last=0
      tspace:default: org.jpos.space.TSpace
        <keycount>-1</keycount>
        <gcinfo>0,0</gcinfo>

      tspace:org.jpos.transaction.TransactionManager@55e95e9e: org.jpos.space.TSpace
        <key count='1'>$HEAD</key>
        <key count='1'>$TAIL</key>
        <keycount>1</keycount>
        <gcinfo>0,0</gcinfo>

      channel.biller-channel-adaptor: org.jpos.iso.channel.ASCIIChannel
      transient:default: org.jpos.space.TSpace
        <key count='1'>$TAILLOCK.1441357470</key>
        <keycount>0</keycount>
        <gcinfo>0,0</gcinfo>

      server.ServerTrxMan: org.jpos.iso.ISOServer
        connected=0, rx=0, tx=0, last=0
      logger.Q2.buffered: org.jpos.util.BufferedLogListener
      tspace:biller: org.jpos.space.TSpace
        <key count='1'>biller-channel-adaptor.ready</key>
        <keycount>0</keycount>
        <gcinfo>0,0</gcinfo>

      mux.jPOS-AUTORESPONDER: org.jpos.q2.iso.QMUX
        tx=0, rx=0, tx_expired=0, tx_pending=0, rx_expired=0, rx_pending=0, rx_unhandled=0, rx_forwarded=0, connected=false, last=0
      logger.: org.jpos.util.Logger
  </info>
</log>
<log realm="echo-biller" at="Sun Feb 25 08:14:42.815 WIB 2018">
  <info>
    Echo request : 08000010000081810000201802074567898301SYMPHONI0070000000
  </info>
</log>
<log realm="org.jpos.q2.qbean.SystemMonitor" at="Sun Feb 25 08:15:22.765 WIB 2018">
  <info>
               OS: Linux
             host: ngonar/127.0.1.1
          version: 2.0.2 (unknown)
         instance: dc02c1b9-c31b-4d78-8b5d-9bc514a9ed5c
           uptime: 00:03:01.215
       processors: 4
           drift : 1
    memory(t/u/f): 119/24/94
          threads: 27
            Thread[Reference Handler,10,system]
            Thread[Finalizer,8,system]
            Thread[Signal Dispatcher,9,system]
            Thread[Q2-dc02c1b9-c31b-4d78-8b5d-9bc514a9ed5c,5,main]
            Thread[DestroyJavaVM,5,main]
            Thread[pool-1-thread-1,5,main]
            Thread[Timer-0,5,main]
            Thread[Timer-1,5,main]
            Thread[SimpleTransactionManager-0:idle,5,main]
            Thread[SimpleTransactionManager-1:idle,5,main]
            Thread[SimpleTransactionManager-2:idle,5,main]
            Thread[SimpleTransactionManager-3:idle,5,main]
            Thread[SimpleTransactionManager-4:idle,5,main]
            Thread[Thread-9,5,main]
            Thread[Thread-12,5,main]
            Thread[Thread-13,5,main]
            Thread[SystemMonitor,5,main]
            Thread[channel-sender-biller-send,5,main]
            Thread[channel-receiver-biller-receive,5,main]
            Thread[srv-ThreadPool.PooledThread-0,5,srv-ThreadPool-0]
            Thread[ServerTrxMan-ThreadPool.PooledThread-1,5,ServerTrxMan-ThreadPool-1]
            Thread[ServerTrxMan-ThreadPool.PooledThread-2,5,ServerTrxMan-ThreadPool-1]
            Thread[ServerTrxMan-ThreadPool.PooledThread-3,5,ServerTrxMan-ThreadPool-1]
            Thread[ServerTrxMan-ThreadPool.PooledThread-4,5,ServerTrxMan-ThreadPool-1]
            Thread[ServerTrxMan-ThreadPool.PooledThread-5,5,ServerTrxMan-ThreadPool-1]
            Thread[ServerTrxMan-ThreadPool.PooledThread-6,5,ServerTrxMan-ThreadPool-1]
            Thread[ServerTrxMan-ThreadPool.PooledThread-7,5,ServerTrxMan-ThreadPool-1]
            Thread[ServerTrxMan-ThreadPool.PooledThread-8,5,ServerTrxMan-ThreadPool-1]
            Thread[ServerTrxMan-ThreadPool.PooledThread-9,5,ServerTrxMan-ThreadPool-1]
            Thread[ServerTrxMan-ThreadPool.PooledThread-10,5,ServerTrxMan-ThreadPool-1]
         encoding: UTF-8
    name-registrar:
      logger.Q2: org.jpos.util.Logger
      server.srv: org.jpos.iso.ISOServer
        connected=0, rx=0, tx=0, last=0
      ServerTrxMan: org.jpos.q2.iso.QServer
      tspace:symphoni: org.jpos.space.TSpace
        <keycount>-1</keycount>
        <gcinfo>0,0</gcinfo>

      srv: org.jpos.q2.iso.QServer
      SimpleTransactionManager: org.jpos.transaction.TransactionManager
      biller-channel-adaptor: org.jpos.q2.iso.ChannelAdaptor
        tx=0, rx=0, connects=2, last=0
      tspace:default: org.jpos.space.TSpace
        <keycount>-1</keycount>
        <gcinfo>0,0</gcinfo>

      tspace:org.jpos.transaction.TransactionManager@55e95e9e: org.jpos.space.TSpace
        <key count='1'>$HEAD</key>
        <key count='1'>$TAIL</key>
        <keycount>1</keycount>
        <gcinfo>0,0</gcinfo>

      channel.biller-channel-adaptor: org.jpos.iso.channel.ASCIIChannel
      transient:default: org.jpos.space.TSpace
        <key count='1'>$TAILLOCK.1441357470</key>
        <keycount>0</keycount>
        <gcinfo>0,0</gcinfo>

      server.ServerTrxMan: org.jpos.iso.ISOServer
        connected=0, rx=0, tx=0, last=0
      logger.Q2.buffered: org.jpos.util.BufferedLogListener
      tspace:biller: org.jpos.space.TSpace
        <key count='1'>biller-channel-adaptor.ready</key>
        <keycount>0</keycount>
        <gcinfo>0,0</gcinfo>

      mux.jPOS-AUTORESPONDER: org.jpos.q2.iso.QMUX
        tx=0, rx=0, tx_expired=0, tx_pending=0, rx_expired=0, rx_pending=0, rx_unhandled=0, rx_forwarded=0, connected=false, last=0
      logger.: org.jpos.util.Logger
  </info>
</log>
<log realm="Q2.system" at="Sun Feb 25 08:15:44.057 WIB 2018">
  <info>
    shutting down (hook)
  </info>
</log>
<log realm="Q2.system" at="Sun Feb 25 08:15:45.398 WIB 2018">
  <trace>
    undeploying:/home/ngonar/WebApp/Protonema/deploy/99_sysmon.xml
  </trace>
</log>
<log realm="org.jpos.q2.qbean.SystemMonitor" at="Sun Feb 25 08:15:45.400 WIB 2018">
  <info>
    Stopping SystemMonitor
  </info>
</log>
<log realm="Q2.system" at="Sun Feb 25 08:15:45.401 WIB 2018">
  <info>
    undeployed:/home/ngonar/WebApp/Protonema/deploy/99_sysmon.xml
  </info>
</log>
<log realm="Q2.system" at="Sun Feb 25 08:15:45.403 WIB 2018">
  <trace>
    undeploying:/home/ngonar/WebApp/Protonema/deploy/53_qecho.xml
  </trace>
</log>
<log realm="Q2.system" at="Sun Feb 25 08:15:45.405 WIB 2018">
  <info>
    undeployed:/home/ngonar/WebApp/Protonema/deploy/53_qecho.xml
  </info>
</log>
<log realm="Q2.system" at="Sun Feb 25 08:15:45.407 WIB 2018">
  <trace>
    undeploying:/home/ngonar/WebApp/Protonema/deploy/20_mux.xml
  </trace>
</log>
<log realm="Q2.system" at="Sun Feb 25 08:15:45.409 WIB 2018">
  <info>
    undeployed:/home/ngonar/WebApp/Protonema/deploy/20_mux.xml
  </info>
</log>
<log realm="Q2.system" at="Sun Feb 25 08:15:45.411 WIB 2018">
  <trace>
    undeploying:/home/ngonar/WebApp/Protonema/deploy/15_server_port_trxman.xml
  </trace>
</log>
<log realm="Q2.system" at="Sun Feb 25 08:15:45.413 WIB 2018">
  <info>
    undeployed:/home/ngonar/WebApp/Protonema/deploy/15_server_port_trxman.xml
  </info>
</log>
<log realm="Q2.system" at="Sun Feb 25 08:15:45.415 WIB 2018">
  <trace>
    undeploying:/home/ngonar/WebApp/Protonema/deploy/12_biller_channel.xml
  </trace>
</log>
<log realm="channel/127.0.0.1:2300" at="Sun Feb 25 08:15:45.420 WIB 2018" lifespan="95953ms">
  <receive>
    <peer-disconnect/>
  </receive>
</log>
<log realm="Q2.system" at="Sun Feb 25 08:15:45.422 WIB 2018">
  <info>
    undeployed:/home/ngonar/WebApp/Protonema/deploy/12_biller_channel.xml
  </info>
</log>
<log realm="Q2.system" at="Sun Feb 25 08:15:45.423 WIB 2018">
  <trace>
    undeploying:/home/ngonar/WebApp/Protonema/deploy/11_serverport.xml
  </trace>
</log>
<log realm="Q2.system" at="Sun Feb 25 08:15:45.425 WIB 2018">
  <info>
    undeployed:/home/ngonar/WebApp/Protonema/deploy/11_serverport.xml
  </info>
</log>
<log realm="Q2.system" at="Sun Feb 25 08:15:45.426 WIB 2018">
  <trace>
    undeploying:/home/ngonar/WebApp/Protonema/deploy/10_transaction_manager.xml
  </trace>
</log>
<log realm="org.jpos.transaction.TransactionManager" at="Sun Feb 25 08:15:45.428 WIB 2018">
  <info>
    stop Thread[SimpleTransactionManager-0:idle,5,main], active sessions=4
  </info>
</log>
<log realm="org.jpos.transaction.TransactionManager" at="Sun Feb 25 08:15:45.429 WIB 2018" lifespan="1ms">
  <info>
    stop Thread[SimpleTransactionManager-4:idle,5,main], active sessions=0
  </info>
</log>
<log realm="org.jpos.transaction.TransactionManager" at="Sun Feb 25 08:15:45.431 WIB 2018" lifespan="3ms">
  <info>
    stop Thread[SimpleTransactionManager-1:idle,5,main], active sessions=1
  </info>
</log>
<log realm="org.jpos.transaction.TransactionManager" at="Sun Feb 25 08:15:45.432 WIB 2018" lifespan="4ms">
  <info>
    stop Thread[SimpleTransactionManager-3:idle,5,main], active sessions=2
  </info>
</log>
<log realm="org.jpos.transaction.TransactionManager" at="Sun Feb 25 08:15:45.434 WIB 2018" lifespan="6ms">
  <info>
    stop Thread[SimpleTransactionManager-2:idle,5,main], active sessions=3
  </info>
</log>
<log realm="Q2.system" at="Sun Feb 25 08:15:45.435 WIB 2018">
  <info>
    undeployed:/home/ngonar/WebApp/Protonema/deploy/10_transaction_manager.xml
  </info>
</log>
<log realm="Q2.system" at="Sun Feb 25 08:15:45.436 WIB 2018">
  <trace>
    undeploying:/home/ngonar/WebApp/Protonema/deploy/00_logger.xml
  </trace>
</log>
</logger>
<?xml version="1.0" encoding="UTF-8"?>
<logger class="org.jpos.util.DailyLogListener">
<log realm="Q2.system" at="Sun Feb 25 08:15:47.903 WIB 2018" lifespan="844ms">
  <info>
    Q2 started, deployDir=/home/ngonar/WebApp/Protonema/deploy
    
    jPOS 2.0.2 unknown/unknown (2016-08-10 11:16:58 WIT) 

-----BEGIN PGP SIGNED MESSAGE-----
Hash: SHA1

jPOS Community Edition, licensed under GNU AGPL v3.0.
This software is probably not suitable for commercial use.
Please see http://jpos.org/license for details.

-----BEGIN PGP SIGNATURE-----
Version: GnuPG v1.4.9 (Darwin)

iQEcBAEBAgAGBQJMolHDAAoJEOQyeO71nYtFv74H/3OgehDGEy1VXp2U3/GcAobg
HH2eZjPUz53r38ARPiU3pzm9LwDa3WZgJJaa/b9VrJwKvbPwe9+0kY3gScDE1skT
ladHt+KHHmGQArEutkzHlpZa73RbroFEIa1qmN6MaDEHGoxZqDh0Sv2cpvOaVYGO
St8ZaddLBPC17bSjAPWo9sWbvL7FgPFOHhnPmbeux8SLtnfWxXWsgo5hLBanKmO1
1z+I/w/6DL6ZYZU6bAJUk+eyVVImJqw0x3IEElI07Nh9MC6BA4iJ77ejobj8HI2r
q9ulRPEqH9NR79619lNKVUkE206dVlXo7xHmJS1QZy5v/GT66xBxyDVfTduPFXk=
=oP+v
-----END PGP SIGNATURE-----

  </info>
</log>
<log realm="Q2.system" at="Sun Feb 25 08:15:47.929 WIB 2018" lifespan="18ms">
  <info>
    deploy: /home/ngonar/WebApp/Protonema/deploy/10_transaction_manager.xml
  </info>
</log>
<log realm="Q2.system" at="Sun Feb 25 08:15:47.940 WIB 2018" lifespan="9ms">
  <info>
    deploy: /home/ngonar/WebApp/Protonema/deploy/11_serverport.xml
  </info>
</log>
<log realm="Q2.system" at="Sun Feb 25 08:15:47.949 WIB 2018" lifespan="8ms">
  <info>
    deploy: /home/ngonar/WebApp/Protonema/deploy/12_biller_channel.xml
  </info>
</log>
<log realm="Q2.system" at="Sun Feb 25 08:15:47.955 WIB 2018" lifespan="5ms">
  <info>
    deploy: /home/ngonar/WebApp/Protonema/deploy/15_server_port_trxman.xml
  </info>
</log>
<log realm="Q2.system" at="Sun Feb 25 08:15:47.975 WIB 2018" lifespan="19ms">
  <info>
    deploy: /home/ngonar/WebApp/Protonema/deploy/20_mux.xml
  </info>
</log>
<log realm="protonema.QEcho" at="Sun Feb 25 08:15:47.980 WIB 2018">
  <info>
    constructor
  </info>
</log>
<log realm="Q2.system" at="Sun Feb 25 08:15:47.983 WIB 2018" lifespan="7ms">
  <info>
    deploy: /home/ngonar/WebApp/Protonema/deploy/53_qecho.xml
  </info>
</log>
<log realm="Q2.system" at="Sun Feb 25 08:15:47.992 WIB 2018" lifespan="7ms">
  <info>
    deploy: /home/ngonar/WebApp/Protonema/deploy/99_sysmon.xml
  </info>
</log>
<log realm="org.jpos.transaction.TransactionManager" at="Sun Feb 25 08:15:47.997 WIB 2018">
  <info>
    start Thread[Thread-4,5,main]
  </info>
</log>
<log realm="org.jpos.transaction.TransactionManager" at="Sun Feb 25 08:15:47.999 WIB 2018">
  <info>
    start Thread[Thread-7,5,main]
  </info>
</log>
<log realm="org.jpos.transaction.TransactionManager" at="Sun Feb 25 08:15:48.000 WIB 2018" lifespan="1ms">
  <info>
    start Thread[Thread-6,5,main]
  </info>
</log>
<log realm="org.jpos.transaction.TransactionManager" at="Sun Feb 25 08:15:48.002 WIB 2018" lifespan="5ms">
  <info>
    start Thread[Thread-5,5,main]
  </info>
</log>
<log realm="org.jpos.transaction.TransactionManager" at="Sun Feb 25 08:15:48.005 WIB 2018">
  <info>
    start Thread[Thread-8,5,main]
  </info>
</log>
<log realm="srv.server" at="Sun Feb 25 08:15:48.037 WIB 2018">
  <iso-server>
    listening on port 9991
  </iso-server>
</log>
<log realm="channel/127.0.0.1:2300" at="Sun Feb 25 08:15:48.094 WIB 2018" lifespan="5ms">
  <connect>
    localhost:2300
  </connect>
</log>
<log realm="ServerTrxMan.server" at="Sun Feb 25 08:15:48.097 WIB 2018">
  <iso-server>
    listening on port 2333
  </iso-server>
</log>
<log realm="org.jpos.q2.qbean.SystemMonitor" at="Sun Feb 25 08:15:48.099 WIB 2018">
  <info>
    Starting SystemMonitor
  </info>
</log>
<log realm="org.jpos.q2.qbean.SystemMonitor" at="Sun Feb 25 08:15:48.100 WIB 2018">
  <info>
               OS: Linux
             host: ngonar/127.0.1.1
          version: 2.0.2 (unknown)
         instance: 634bda2e-1d72-44cb-86bc-23cde5629ead
           uptime: 00:00:01.344
       processors: 4
           drift : 0
    memory(t/u/f): 119/16/102
          threads: 27
            Thread[Reference Handler,10,system]
            Thread[Finalizer,8,system]
            Thread[Signal Dispatcher,9,system]
            Thread[Q2-634bda2e-1d72-44cb-86bc-23cde5629ead,5,main]
            Thread[DestroyJavaVM,5,main]
            Thread[pool-1-thread-1,5,main]
            Thread[Timer-0,5,main]
            Thread[Timer-1,5,main]
            Thread[SimpleTransactionManager-0:idle,5,main]
            Thread[SimpleTransactionManager-1:idle,5,main]
            Thread[SimpleTransactionManager-2:idle,5,main]
            Thread[SimpleTransactionManager-3:idle,5,main]
            Thread[SimpleTransactionManager-4:idle,5,main]
            Thread[Thread-9,5,main]
            Thread[channel-sender-biller-send,5,main]
            Thread[channel-receiver-biller-receive,5,main]
            Thread[Thread-12,5,main]
            Thread[Thread-13,5,main]
            Thread[SystemMonitor,5,main]
            Thread[srv-ThreadPool.PooledThread-0,5,srv-ThreadPool-0]
            Thread[ServerTrxMan-ThreadPool.PooledThread-1,5,ServerTrxMan-ThreadPool-1]
            Thread[ServerTrxMan-ThreadPool.PooledThread-2,5,ServerTrxMan-ThreadPool-1]
            Thread[ServerTrxMan-ThreadPool.PooledThread-3,5,ServerTrxMan-ThreadPool-1]
            Thread[ServerTrxMan-ThreadPool.PooledThread-4,5,ServerTrxMan-ThreadPool-1]
            Thread[ServerTrxMan-ThreadPool.PooledThread-5,5,ServerTrxMan-ThreadPool-1]
            Thread[ServerTrxMan-ThreadPool.PooledThread-6,5,ServerTrxMan-ThreadPool-1]
            Thread[ServerTrxMan-ThreadPool.PooledThread-7,5,ServerTrxMan-ThreadPool-1]
            Thread[ServerTrxMan-ThreadPool.PooledThread-8,5,ServerTrxMan-ThreadPool-1]
            Thread[ServerTrxMan-ThreadPool.PooledThread-9,5,ServerTrxMan-ThreadPool-1]
            Thread[ServerTrxMan-ThreadPool.PooledThread-10,5,ServerTrxMan-ThreadPool-1]
         encoding: UTF-8
    name-registrar:
      logger.Q2: org.jpos.util.Logger
      server.srv: org.jpos.iso.ISOServer
        connected=0, rx=0, tx=0, last=0
      ServerTrxMan: org.jpos.q2.iso.QServer
      tspace:symphoni: org.jpos.space.TSpace
        <keycount>-1</keycount>
        <gcinfo>0,0</gcinfo>

      srv: org.jpos.q2.iso.QServer
      SimpleTransactionManager: org.jpos.transaction.TransactionManager
      biller-channel-adaptor: org.jpos.q2.iso.ChannelAdaptor
        tx=0, rx=0, connects=1, last=0
      tspace:default: org.jpos.space.TSpace
        <keycount>-1</keycount>
        <gcinfo>0,0</gcinfo>

      channel.biller-channel-adaptor: org.jpos.iso.channel.ASCIIChannel
      transient:default: org.jpos.space.TSpace
        <key count='1'>$TAILLOCK.1132647499</key>
        <keycount>0</keycount>
        <gcinfo>0,0</gcinfo>

      tspace:org.jpos.transaction.TransactionManager@4382d44b: org.jpos.space.TSpace
        <key count='1'>$HEAD</key>
        <key count='1'>$TAIL</key>
        <keycount>1</keycount>
        <gcinfo>0,0</gcinfo>

      server.ServerTrxMan: org.jpos.iso.ISOServer
        connected=0, rx=0, tx=0, last=0
      logger.Q2.buffered: org.jpos.util.BufferedLogListener
      tspace:biller: org.jpos.space.TSpace
        <key count='1'>biller-channel-adaptor.ready</key>
        <keycount>0</keycount>
        <gcinfo>0,0</gcinfo>

      mux.jPOS-AUTORESPONDER: org.jpos.q2.iso.QMUX
        tx=0, rx=0, tx_expired=0, tx_pending=0, rx_expired=0, rx_pending=0, rx_unhandled=0, rx_forwarded=0, connected=false, last=0
      logger.: org.jpos.util.Logger
  </info>
</log>
<log realm="echo-biller" at="Sun Feb 25 08:15:48.148 WIB 2018">
  <info>
    Echo request : 08000010000081810000201802074567898301SYMPHONI0070000000
  </info>
</log>
<log realm="org.jpos.q2.qbean.SystemMonitor" at="Sun Feb 25 08:16:48.108 WIB 2018">
  <info>
               OS: Linux
             host: ngonar/127.0.1.1
          version: 2.0.2 (unknown)
         instance: 634bda2e-1d72-44cb-86bc-23cde5629ead
           uptime: 00:01:01.353
       processors: 4
           drift : 0
    memory(t/u/f): 119/17/101
          threads: 27
            Thread[Reference Handler,10,system]
            Thread[Finalizer,8,system]
            Thread[Signal Dispatcher,9,system]
            Thread[Q2-634bda2e-1d72-44cb-86bc-23cde5629ead,5,main]
            Thread[DestroyJavaVM,5,main]
            Thread[pool-1-thread-1,5,main]
            Thread[Timer-0,5,main]
            Thread[Timer-1,5,main]
            Thread[SimpleTransactionManager-0:idle,5,main]
            Thread[SimpleTransactionManager-1:idle,5,main]
            Thread[SimpleTransactionManager-2:idle,5,main]
            Thread[SimpleTransactionManager-3:idle,5,main]
            Thread[SimpleTransactionManager-4:idle,5,main]
            Thread[Thread-9,5,main]
            Thread[channel-sender-biller-send,5,main]
            Thread[channel-receiver-biller-receive,5,main]
            Thread[Thread-12,5,main]
            Thread[Thread-13,5,main]
            Thread[SystemMonitor,5,main]
            Thread[srv-ThreadPool.PooledThread-0,5,srv-ThreadPool-0]
            Thread[ServerTrxMan-ThreadPool.PooledThread-1,5,ServerTrxMan-ThreadPool-1]
            Thread[ServerTrxMan-ThreadPool.PooledThread-2,5,ServerTrxMan-ThreadPool-1]
            Thread[ServerTrxMan-ThreadPool.PooledThread-3,5,ServerTrxMan-ThreadPool-1]
            Thread[ServerTrxMan-ThreadPool.PooledThread-4,5,ServerTrxMan-ThreadPool-1]
            Thread[ServerTrxMan-ThreadPool.PooledThread-5,5,ServerTrxMan-ThreadPool-1]
            Thread[ServerTrxMan-ThreadPool.PooledThread-6,5,ServerTrxMan-ThreadPool-1]
            Thread[ServerTrxMan-ThreadPool.PooledThread-7,5,ServerTrxMan-ThreadPool-1]
            Thread[ServerTrxMan-ThreadPool.PooledThread-8,5,ServerTrxMan-ThreadPool-1]
            Thread[ServerTrxMan-ThreadPool.PooledThread-9,5,ServerTrxMan-ThreadPool-1]
            Thread[ServerTrxMan-ThreadPool.PooledThread-10,5,ServerTrxMan-ThreadPool-1]
         encoding: UTF-8
    name-registrar:
      logger.Q2: org.jpos.util.Logger
      server.srv: org.jpos.iso.ISOServer
        connected=0, rx=0, tx=0, last=0
      ServerTrxMan: org.jpos.q2.iso.QServer
      tspace:symphoni: org.jpos.space.TSpace
        <keycount>-1</keycount>
        <gcinfo>0,0</gcinfo>

      srv: org.jpos.q2.iso.QServer
      SimpleTransactionManager: org.jpos.transaction.TransactionManager
      biller-channel-adaptor: org.jpos.q2.iso.ChannelAdaptor
        tx=0, rx=0, connects=1, last=0
      tspace:default: org.jpos.space.TSpace
        <keycount>-1</keycount>
        <gcinfo>0,0</gcinfo>

      channel.biller-channel-adaptor: org.jpos.iso.channel.ASCIIChannel
      transient:default: org.jpos.space.TSpace
        <key count='1'>$TAILLOCK.1132647499</key>
        <keycount>0</keycount>
        <gcinfo>0,0</gcinfo>

      tspace:org.jpos.transaction.TransactionManager@4382d44b: org.jpos.space.TSpace
        <key count='1'>$HEAD</key>
        <key count='1'>$TAIL</key>
        <keycount>1</keycount>
        <gcinfo>0,0</gcinfo>

      server.ServerTrxMan: org.jpos.iso.ISOServer
        connected=0, rx=0, tx=0, last=0
      logger.Q2.buffered: org.jpos.util.BufferedLogListener
      tspace:biller: org.jpos.space.TSpace
        <key count='1'>biller-channel-adaptor.ready</key>
        <keycount>0</keycount>
        <gcinfo>0,0</gcinfo>

      mux.jPOS-AUTORESPONDER: org.jpos.q2.iso.QMUX
        tx=0, rx=0, tx_expired=0, tx_pending=0, rx_expired=0, rx_pending=0, rx_unhandled=0, rx_forwarded=0, connected=false, last=0
      logger.: org.jpos.util.Logger
  </info>
</log>
<log realm="echo-biller" at="Sun Feb 25 08:16:58.197 WIB 2018">
  <info>
    Echo request : 08000010000081810000201802074567898301SYMPHONI0070000000
  </info>
</log>
<log realm="org.jpos.q2.qbean.SystemMonitor" at="Sun Feb 25 08:17:48.123 WIB 2018">
  <info>
               OS: Linux
             host: ngonar/127.0.1.1
          version: 2.0.2 (unknown)
         instance: 634bda2e-1d72-44cb-86bc-23cde5629ead
           uptime: 00:02:01.368
       processors: 4
           drift : 0
    memory(t/u/f): 119/18/100
          threads: 27
            Thread[Reference Handler,10,system]
            Thread[Finalizer,8,system]
            Thread[Signal Dispatcher,9,system]
            Thread[Q2-634bda2e-1d72-44cb-86bc-23cde5629ead,5,main]
            Thread[DestroyJavaVM,5,main]
            Thread[pool-1-thread-1,5,main]
            Thread[Timer-0,5,main]
            Thread[Timer-1,5,main]
            Thread[SimpleTransactionManager-0:idle,5,main]
            Thread[SimpleTransactionManager-1:idle,5,main]
            Thread[SimpleTransactionManager-2:idle,5,main]
            Thread[SimpleTransactionManager-3:idle,5,main]
            Thread[SimpleTransactionManager-4:idle,5,main]
            Thread[Thread-9,5,main]
            Thread[channel-sender-biller-send,5,main]
            Thread[channel-receiver-biller-receive,5,main]
            Thread[Thread-12,5,main]
            Thread[Thread-13,5,main]
            Thread[SystemMonitor,5,main]
            Thread[srv-ThreadPool.PooledThread-0,5,srv-ThreadPool-0]
            Thread[ServerTrxMan-ThreadPool.PooledThread-1,5,ServerTrxMan-ThreadPool-1]
            Thread[ServerTrxMan-ThreadPool.PooledThread-2,5,ServerTrxMan-ThreadPool-1]
            Thread[ServerTrxMan-ThreadPool.PooledThread-3,5,ServerTrxMan-ThreadPool-1]
            Thread[ServerTrxMan-ThreadPool.PooledThread-4,5,ServerTrxMan-ThreadPool-1]
            Thread[ServerTrxMan-ThreadPool.PooledThread-5,5,ServerTrxMan-ThreadPool-1]
            Thread[ServerTrxMan-ThreadPool.PooledThread-6,5,ServerTrxMan-ThreadPool-1]
            Thread[ServerTrxMan-ThreadPool.PooledThread-7,5,ServerTrxMan-ThreadPool-1]
            Thread[ServerTrxMan-ThreadPool.PooledThread-8,5,ServerTrxMan-ThreadPool-1]
            Thread[ServerTrxMan-ThreadPool.PooledThread-9,5,ServerTrxMan-ThreadPool-1]
            Thread[ServerTrxMan-ThreadPool.PooledThread-10,5,ServerTrxMan-ThreadPool-1]
         encoding: UTF-8
    name-registrar:
      logger.Q2: org.jpos.util.Logger
      server.srv: org.jpos.iso.ISOServer
        connected=0, rx=0, tx=0, last=0
      ServerTrxMan: org.jpos.q2.iso.QServer
      tspace:symphoni: org.jpos.space.TSpace
        <keycount>-1</keycount>
        <gcinfo>0,0</gcinfo>

      srv: org.jpos.q2.iso.QServer
      SimpleTransactionManager: org.jpos.transaction.TransactionManager
      biller-channel-adaptor: org.jpos.q2.iso.ChannelAdaptor
        tx=0, rx=0, connects=1, last=0
      tspace:default: org.jpos.space.TSpace
        <keycount>-1</keycount>
        <gcinfo>0,0</gcinfo>

      channel.biller-channel-adaptor: org.jpos.iso.channel.ASCIIChannel
      transient:default: org.jpos.space.TSpace
        <key count='1'>$TAILLOCK.1132647499</key>
        <keycount>0</keycount>
        <gcinfo>0,0</gcinfo>

      tspace:org.jpos.transaction.TransactionManager@4382d44b: org.jpos.space.TSpace
        <key count='1'>$HEAD</key>
        <key count='1'>$TAIL</key>
        <keycount>1</keycount>
        <gcinfo>0,0</gcinfo>

      server.ServerTrxMan: org.jpos.iso.ISOServer
        connected=0, rx=0, tx=0, last=0
      logger.Q2.buffered: org.jpos.util.BufferedLogListener
      tspace:biller: org.jpos.space.TSpace
        <key count='1'>biller-channel-adaptor.ready</key>
        <keycount>0</keycount>
        <gcinfo>0,0</gcinfo>

      mux.jPOS-AUTORESPONDER: org.jpos.q2.iso.QMUX
        tx=0, rx=0, tx_expired=0, tx_pending=0, rx_expired=0, rx_pending=0, rx_unhandled=0, rx_forwarded=0, connected=false, last=0
      logger.: org.jpos.util.Logger
  </info>
</log>
<log realm="channel/127.0.0.1:2300" at="Sun Feb 25 08:17:48.869 WIB 2018" lifespan="120774ms">
  <receive>
    <peer-disconnect/>
  </receive>
</log>
<log realm="org.jpos.q2.iso.ChannelAdaptor" at="Sun Feb 25 08:17:48.871 WIB 2018">
  <warn>
    channel-receiver-biller-receive
    <exception name="null">
    java.io.EOFException
	at java.io.DataInputStream.readFully(DataInputStream.java:197)
	at org.jpos.iso.channel.ASCIIChannel.getMessageLength(ASCIIChannel.java:93)
	at org.jpos.iso.BaseChannel.receive(BaseChannel.java:699)
	at org.jpos.q2.iso.ChannelAdaptor$Receiver.run(ChannelAdaptor.java:317)
	at java.lang.Thread.run(Thread.java:745)
    </exception>
  </warn>
</log>
<log realm="channel/127.0.0.1:2300" at="Sun Feb 25 08:17:50.880 WIB 2018" lifespan="1ms">
  <connect>
    localhost:2300
      Connection refused
    Unable to connect
  </connect>
</log>
<log realm="org.jpos.q2.iso.ChannelAdaptor" at="Sun Feb 25 08:17:50.882 WIB 2018">
  <warn>
    check-connection
    Unable to connect
  </warn>
</log>
<log realm="channel/127.0.0.1:2300" at="Sun Feb 25 08:17:51.885 WIB 2018" lifespan="1ms">
  <connect>
    localhost:2300
      Connection refused
    Unable to connect
  </connect>
</log>
<log realm="org.jpos.q2.iso.ChannelAdaptor" at="Sun Feb 25 08:17:51.889 WIB 2018">
  <warn>
    check-connection
    Unable to connect
  </warn>
</log>
<log realm="channel/127.0.0.1:2300" at="Sun Feb 25 08:17:52.892 WIB 2018" lifespan="1ms">
  <connect>
    localhost:2300
      Connection refused
    Unable to connect
  </connect>
</log>
<log realm="org.jpos.q2.iso.ChannelAdaptor" at="Sun Feb 25 08:17:52.894 WIB 2018">
  <warn>
    check-connection
    Unable to connect
  </warn>
</log>
<log realm="channel/127.0.0.1:2300" at="Sun Feb 25 08:17:53.896 WIB 2018">
  <connect>
    localhost:2300
      Connection refused
    Unable to connect
  </connect>
</log>
<log realm="org.jpos.q2.iso.ChannelAdaptor" at="Sun Feb 25 08:17:53.899 WIB 2018">
  <warn>
    check-connection
    Unable to connect
  </warn>
</log>
<log realm="channel/127.0.0.1:2300" at="Sun Feb 25 08:17:54.901 WIB 2018" lifespan="1ms">
  <connect>
    localhost:2300
  </connect>
</log>
<log realm="echo-biller" at="Sun Feb 25 08:18:08.236 WIB 2018">
  <info>
    Echo request : 08000010000081810000201802074567898301SYMPHONI0070000000
  </info>
</log>
<log realm="channel/127.0.0.1:2300" at="Sun Feb 25 08:18:31.444 WIB 2018" lifespan="36542ms">
  <receive>
    <peer-disconnect/>
  </receive>
</log>
<log realm="org.jpos.q2.iso.ChannelAdaptor" at="Sun Feb 25 08:18:31.446 WIB 2018">
  <warn>
    channel-receiver-biller-receive
    <exception name="null">
    java.io.EOFException
	at java.io.DataInputStream.readFully(DataInputStream.java:197)
	at org.jpos.iso.channel.ASCIIChannel.getMessageLength(ASCIIChannel.java:93)
	at org.jpos.iso.BaseChannel.receive(BaseChannel.java:699)
	at org.jpos.q2.iso.ChannelAdaptor$Receiver.run(ChannelAdaptor.java:317)
	at java.lang.Thread.run(Thread.java:745)
    </exception>
  </warn>
</log>
<log realm="channel/127.0.0.1:2300" at="Sun Feb 25 08:18:33.451 WIB 2018" lifespan="1ms">
  <connect>
    localhost:2300
      Connection refused
    Unable to connect
  </connect>
</log>
<log realm="org.jpos.q2.iso.ChannelAdaptor" at="Sun Feb 25 08:18:33.453 WIB 2018">
  <warn>
    check-connection
    Unable to connect
  </warn>
</log>
<log realm="channel/127.0.0.1:2300" at="Sun Feb 25 08:18:34.455 WIB 2018" lifespan="1ms">
  <connect>
    localhost:2300
      Connection refused
    Unable to connect
  </connect>
</log>
<log realm="org.jpos.q2.iso.ChannelAdaptor" at="Sun Feb 25 08:18:34.458 WIB 2018">
  <warn>
    check-connection
    Unable to connect
  </warn>
</log>
<log realm="channel/127.0.0.1:2300" at="Sun Feb 25 08:18:35.462 WIB 2018" lifespan="1ms">
  <connect>
    localhost:2300
      Connection refused
    Unable to connect
  </connect>
</log>
<log realm="org.jpos.q2.iso.ChannelAdaptor" at="Sun Feb 25 08:18:35.464 WIB 2018">
  <warn>
    check-connection
    Unable to connect
  </warn>
</log>
<log realm="channel/127.0.0.1:2300" at="Sun Feb 25 08:18:36.468 WIB 2018" lifespan="1ms">
  <connect>
    localhost:2300
      Connection refused
    Unable to connect
  </connect>
</log>
<log realm="org.jpos.q2.iso.ChannelAdaptor" at="Sun Feb 25 08:18:36.470 WIB 2018">
  <warn>
    check-connection
    Unable to connect
  </warn>
</log>
<log realm="channel/127.0.0.1:2300" at="Sun Feb 25 08:18:37.473 WIB 2018" lifespan="1ms">
  <connect>
    localhost:2300
      Connection refused
    Unable to connect
  </connect>
</log>
<log realm="org.jpos.q2.iso.ChannelAdaptor" at="Sun Feb 25 08:18:37.475 WIB 2018">
  <warn>
    check-connection
    Unable to connect
  </warn>
</log>
<log realm="channel/127.0.0.1:2300" at="Sun Feb 25 08:18:38.478 WIB 2018" lifespan="1ms">
  <connect>
    localhost:2300
      Connection refused
    Unable to connect
  </connect>
</log>
<log realm="org.jpos.q2.iso.ChannelAdaptor" at="Sun Feb 25 08:18:38.479 WIB 2018">
  <warn>
    check-connection
    Unable to connect
  </warn>
</log>
<log realm="channel/127.0.0.1:2300" at="Sun Feb 25 08:18:39.482 WIB 2018" lifespan="1ms">
  <connect>
    localhost:2300
      Connection refused
    Unable to connect
  </connect>
</log>
<log realm="org.jpos.q2.iso.ChannelAdaptor" at="Sun Feb 25 08:18:39.485 WIB 2018">
  <warn>
    check-connection
    Unable to connect
  </warn>
</log>
<log realm="channel/127.0.0.1:2300" at="Sun Feb 25 08:18:40.489 WIB 2018" lifespan="1ms">
  <connect>
    localhost:2300
      Connection refused
    Unable to connect
  </connect>
</log>
<log realm="org.jpos.q2.iso.ChannelAdaptor" at="Sun Feb 25 08:18:40.491 WIB 2018">
  <warn>
    check-connection
    Unable to connect
  </warn>
</log>
<log realm="channel/127.0.0.1:2300" at="Sun Feb 25 08:18:41.494 WIB 2018">
  <connect>
    localhost:2300
      Connection refused
    Unable to connect
  </connect>
</log>
<log realm="org.jpos.q2.iso.ChannelAdaptor" at="Sun Feb 25 08:18:41.498 WIB 2018">
  <warn>
    check-connection
    Unable to connect
  </warn>
</log>
<log realm="channel/127.0.0.1:2300" at="Sun Feb 25 08:18:42.501 WIB 2018">
  <connect>
    localhost:2300
      Connection refused
    Unable to connect
  </connect>
</log>
<log realm="org.jpos.q2.iso.ChannelAdaptor" at="Sun Feb 25 08:18:42.503 WIB 2018">
  <warn>
    check-connection
    Unable to connect
  </warn>
</log>
<log realm="channel/127.0.0.1:2300" at="Sun Feb 25 08:18:43.505 WIB 2018" lifespan="1ms">
  <connect>
    localhost:2300
      Connection refused
    Unable to connect
  </connect>
</log>
<log realm="org.jpos.q2.iso.ChannelAdaptor" at="Sun Feb 25 08:18:43.508 WIB 2018">
  <warn>
    check-connection
    Unable to connect
  </warn>
</log>
<log realm="channel/127.0.0.1:2300" at="Sun Feb 25 08:18:44.512 WIB 2018" lifespan="1ms">
  <connect>
    localhost:2300
      Connection refused
    Unable to connect
  </connect>
</log>
<log realm="org.jpos.q2.iso.ChannelAdaptor" at="Sun Feb 25 08:18:44.516 WIB 2018">
  <warn>
    check-connection
    Unable to connect
  </warn>
</log>
<log realm="channel/127.0.0.1:2300" at="Sun Feb 25 08:18:45.520 WIB 2018" lifespan="1ms">
  <connect>
    localhost:2300
      Connection refused
    Unable to connect
  </connect>
</log>
<log realm="org.jpos.q2.iso.ChannelAdaptor" at="Sun Feb 25 08:18:45.524 WIB 2018">
  <warn>
    check-connection
    Unable to connect
  </warn>
</log>
<log realm="channel/127.0.0.1:2300" at="Sun Feb 25 08:18:46.527 WIB 2018" lifespan="1ms">
  <connect>
    localhost:2300
      Connection refused
    Unable to connect
  </connect>
</log>
<log realm="org.jpos.q2.iso.ChannelAdaptor" at="Sun Feb 25 08:18:46.528 WIB 2018">
  <warn>
    check-connection
    Unable to connect
  </warn>
</log>
<log realm="channel/127.0.0.1:2300" at="Sun Feb 25 08:18:47.531 WIB 2018" lifespan="1ms">
  <connect>
    localhost:2300
      Connection refused
    Unable to connect
  </connect>
</log>
<log realm="org.jpos.q2.iso.ChannelAdaptor" at="Sun Feb 25 08:18:47.533 WIB 2018">
  <warn>
    check-connection
    Unable to connect
  </warn>
</log>
<log realm="org.jpos.q2.qbean.SystemMonitor" at="Sun Feb 25 08:18:48.134 WIB 2018">
  <info>
               OS: Linux
             host: ngonar/127.0.1.1
          version: 2.0.2 (unknown)
         instance: 634bda2e-1d72-44cb-86bc-23cde5629ead
           uptime: 00:03:01.378
       processors: 4
           drift : 0
    memory(t/u/f): 119/20/98
          threads: 27
            Thread[Reference Handler,10,system]
            Thread[Finalizer,8,system]
            Thread[Signal Dispatcher,9,system]
            Thread[Q2-634bda2e-1d72-44cb-86bc-23cde5629ead,5,main]
            Thread[DestroyJavaVM,5,main]
            Thread[pool-1-thread-1,5,main]
            Thread[Timer-0,5,main]
            Thread[Timer-1,5,main]
            Thread[SimpleTransactionManager-0:idle,5,main]
            Thread[SimpleTransactionManager-1:idle,5,main]
            Thread[SimpleTransactionManager-2:idle,5,main]
            Thread[SimpleTransactionManager-3:idle,5,main]
            Thread[SimpleTransactionManager-4:idle,5,main]
            Thread[Thread-9,5,main]
            Thread[channel-sender-biller-send,5,main]
            Thread[channel-receiver-biller-receive,5,main]
            Thread[Thread-12,5,main]
            Thread[Thread-13,5,main]
            Thread[SystemMonitor,5,main]
            Thread[srv-ThreadPool.PooledThread-0,5,srv-ThreadPool-0]
            Thread[ServerTrxMan-ThreadPool.PooledThread-1,5,ServerTrxMan-ThreadPool-1]
            Thread[ServerTrxMan-ThreadPool.PooledThread-2,5,ServerTrxMan-ThreadPool-1]
            Thread[ServerTrxMan-ThreadPool.PooledThread-3,5,ServerTrxMan-ThreadPool-1]
            Thread[ServerTrxMan-ThreadPool.PooledThread-4,5,ServerTrxMan-ThreadPool-1]
            Thread[ServerTrxMan-ThreadPool.PooledThread-5,5,ServerTrxMan-ThreadPool-1]
            Thread[ServerTrxMan-ThreadPool.PooledThread-6,5,ServerTrxMan-ThreadPool-1]
            Thread[ServerTrxMan-ThreadPool.PooledThread-7,5,ServerTrxMan-ThreadPool-1]
            Thread[ServerTrxMan-ThreadPool.PooledThread-8,5,ServerTrxMan-ThreadPool-1]
            Thread[ServerTrxMan-ThreadPool.PooledThread-9,5,ServerTrxMan-ThreadPool-1]
            Thread[ServerTrxMan-ThreadPool.PooledThread-10,5,ServerTrxMan-ThreadPool-1]
         encoding: UTF-8
    name-registrar:
      logger.Q2: org.jpos.util.Logger
      server.srv: org.jpos.iso.ISOServer
        connected=0, rx=0, tx=0, last=0
      ServerTrxMan: org.jpos.q2.iso.QServer
      tspace:symphoni: org.jpos.space.TSpace
        <keycount>-1</keycount>
        <gcinfo>0,0</gcinfo>

      srv: org.jpos.q2.iso.QServer
      SimpleTransactionManager: org.jpos.transaction.TransactionManager
      biller-channel-adaptor: org.jpos.q2.iso.ChannelAdaptor
        tx=0, rx=0, connects=2, last=0
      tspace:default: org.jpos.space.TSpace
        <keycount>-1</keycount>
        <gcinfo>0,0</gcinfo>

      channel.biller-channel-adaptor: org.jpos.iso.channel.ASCIIChannel
      transient:default: org.jpos.space.TSpace
        <key count='1'>$TAILLOCK.1132647499</key>
        <keycount>0</keycount>
        <gcinfo>0,0</gcinfo>

      tspace:org.jpos.transaction.TransactionManager@4382d44b: org.jpos.space.TSpace
        <key count='1'>$HEAD</key>
        <key count='1'>$TAIL</key>
        <keycount>1</keycount>
        <gcinfo>0,0</gcinfo>

      server.ServerTrxMan: org.jpos.iso.ISOServer
        connected=0, rx=0, tx=0, last=0
      logger.Q2.buffered: org.jpos.util.BufferedLogListener
      tspace:biller: org.jpos.space.TSpace
        <keycount>-1</keycount>
        <gcinfo>0,0</gcinfo>

      mux.jPOS-AUTORESPONDER: org.jpos.q2.iso.QMUX
        tx=0, rx=0, tx_expired=0, tx_pending=0, rx_expired=0, rx_pending=0, rx_unhandled=0, rx_forwarded=0, connected=false, last=0
      logger.: org.jpos.util.Logger
  </info>
</log>
<log realm="channel/127.0.0.1:2300" at="Sun Feb 25 08:18:48.536 WIB 2018">
  <connect>
    localhost:2300
      Connection refused
    Unable to connect
  </connect>
</log>
<log realm="org.jpos.q2.iso.ChannelAdaptor" at="Sun Feb 25 08:18:48.538 WIB 2018">
  <warn>
    check-connection
    Unable to connect
  </warn>
</log>
<log realm="channel/127.0.0.1:2300" at="Sun Feb 25 08:18:49.539 WIB 2018">
  <connect>
    localhost:2300
      Connection refused
    Unable to connect
  </connect>
</log>
<log realm="org.jpos.q2.iso.ChannelAdaptor" at="Sun Feb 25 08:18:49.541 WIB 2018">
  <warn>
    check-connection
    Unable to connect
  </warn>
</log>
<log realm="channel/127.0.0.1:2300" at="Sun Feb 25 08:18:50.543 WIB 2018" lifespan="1ms">
  <connect>
    localhost:2300
      Connection refused
    Unable to connect
  </connect>
</log>
<log realm="org.jpos.q2.iso.ChannelAdaptor" at="Sun Feb 25 08:18:50.549 WIB 2018">
  <warn>
    check-connection
    Unable to connect
  </warn>
</log>
<log realm="channel/127.0.0.1:2300" at="Sun Feb 25 08:18:51.556 WIB 2018">
  <connect>
    localhost:2300
      Connection refused
    Unable to connect
  </connect>
</log>
<log realm="org.jpos.q2.iso.ChannelAdaptor" at="Sun Feb 25 08:18:51.560 WIB 2018">
  <warn>
    check-connection
    Unable to connect
  </warn>
</log>
<log realm="channel/127.0.0.1:2300" at="Sun Feb 25 08:18:52.564 WIB 2018" lifespan="1ms">
  <connect>
    localhost:2300
      Connection refused
    Unable to connect
  </connect>
</log>
<log realm="org.jpos.q2.iso.ChannelAdaptor" at="Sun Feb 25 08:18:52.566 WIB 2018">
  <warn>
    check-connection
    Unable to connect
  </warn>
</log>
<log realm="channel/127.0.0.1:2300" at="Sun Feb 25 08:18:53.568 WIB 2018" lifespan="1ms">
  <connect>
    localhost:2300
      Connection refused
    Unable to connect
  </connect>
</log>
<log realm="org.jpos.q2.iso.ChannelAdaptor" at="Sun Feb 25 08:18:53.571 WIB 2018">
  <warn>
    check-connection
    Unable to connect
  </warn>
</log>
<log realm="channel/127.0.0.1:2300" at="Sun Feb 25 08:18:54.574 WIB 2018" lifespan="1ms">
  <connect>
    localhost:2300
      Connection refused
    Unable to connect
  </connect>
</log>
<log realm="org.jpos.q2.iso.ChannelAdaptor" at="Sun Feb 25 08:18:54.577 WIB 2018">
  <warn>
    check-connection
    Unable to connect
  </warn>
</log>
<log realm="channel/127.0.0.1:2300" at="Sun Feb 25 08:18:55.580 WIB 2018" lifespan="1ms">
  <connect>
    localhost:2300
      Connection refused
    Unable to connect
  </connect>
</log>
<log realm="org.jpos.q2.iso.ChannelAdaptor" at="Sun Feb 25 08:18:55.583 WIB 2018">
  <warn>
    check-connection
    Unable to connect
  </warn>
</log>
<log realm="channel/127.0.0.1:2300" at="Sun Feb 25 08:18:56.587 WIB 2018" lifespan="1ms">
  <connect>
    localhost:2300
      Connection refused
    Unable to connect
  </connect>
</log>
<log realm="org.jpos.q2.iso.ChannelAdaptor" at="Sun Feb 25 08:18:56.588 WIB 2018">
  <warn>
    check-connection
    Unable to connect
  </warn>
</log>
<log realm="channel/127.0.0.1:2300" at="Sun Feb 25 08:18:57.591 WIB 2018" lifespan="1ms">
  <connect>
    localhost:2300
      Connection refused
    Unable to connect
  </connect>
</log>
<log realm="org.jpos.q2.iso.ChannelAdaptor" at="Sun Feb 25 08:18:57.596 WIB 2018">
  <warn>
    check-connection
    Unable to connect
  </warn>
</log>
<log realm="channel/127.0.0.1:2300" at="Sun Feb 25 08:18:58.599 WIB 2018" lifespan="1ms">
  <connect>
    localhost:2300
      Connection refused
    Unable to connect
  </connect>
</log>
<log realm="org.jpos.q2.iso.ChannelAdaptor" at="Sun Feb 25 08:18:58.600 WIB 2018">
  <warn>
    check-connection
    Unable to connect
  </warn>
</log>
<log realm="channel/127.0.0.1:2300" at="Sun Feb 25 08:18:59.603 WIB 2018" lifespan="1ms">
  <connect>
    localhost:2300
      Connection refused
    Unable to connect
  </connect>
</log>
<log realm="org.jpos.q2.iso.ChannelAdaptor" at="Sun Feb 25 08:18:59.610 WIB 2018">
  <warn>
    check-connection
    Unable to connect
  </warn>
</log>
<log realm="channel/127.0.0.1:2300" at="Sun Feb 25 08:19:00.616 WIB 2018" lifespan="1ms">
  <connect>
    localhost:2300
      Connection refused
    Unable to connect
  </connect>
</log>
<log realm="org.jpos.q2.iso.ChannelAdaptor" at="Sun Feb 25 08:19:00.618 WIB 2018" lifespan="1ms">
  <warn>
    check-connection
    Unable to connect
  </warn>
</log>
<log realm="channel/127.0.0.1:2300" at="Sun Feb 25 08:19:01.621 WIB 2018" lifespan="1ms">
  <connect>
    localhost:2300
      Connection refused
    Unable to connect
  </connect>
</log>
<log realm="org.jpos.q2.iso.ChannelAdaptor" at="Sun Feb 25 08:19:01.623 WIB 2018">
  <warn>
    check-connection
    Unable to connect
  </warn>
</log>
<log realm="channel/127.0.0.1:2300" at="Sun Feb 25 08:19:02.636 WIB 2018">
  <connect>
    localhost:2300
      Connection refused
    Unable to connect
  </connect>
</log>
<log realm="org.jpos.q2.iso.ChannelAdaptor" at="Sun Feb 25 08:19:02.640 WIB 2018">
  <warn>
    check-connection
    Unable to connect
  </warn>
</log>
<log realm="channel/127.0.0.1:2300" at="Sun Feb 25 08:19:03.647 WIB 2018" lifespan="1ms">
  <connect>
    localhost:2300
      Connection refused
    Unable to connect
  </connect>
</log>
<log realm="org.jpos.q2.iso.ChannelAdaptor" at="Sun Feb 25 08:19:03.650 WIB 2018">
  <warn>
    check-connection
    Unable to connect
  </warn>
</log>
<log realm="channel/127.0.0.1:2300" at="Sun Feb 25 08:19:04.654 WIB 2018">
  <connect>
    localhost:2300
      Connection refused
    Unable to connect
  </connect>
</log>
<log realm="rotate-log-listener" at="Sun Feb 25 08:19:04 WIB 2018">
   maxSize (10000) threshold reached
</log>
</logger>
