<?xml version="1.0" encoding="UTF-8"?>
<logger class="org.jpos.util.DailyLogListener">
<log realm="Q2.system" at="Wed Feb 21 01:08:46.235 WIB 2018" lifespan="631ms">
  <info>
    Q2 started, deployDir=/home/ngonar/WebApp/Protonema/deploy
    
    jPOS 2.0.2 unknown/unknown (2016-08-10 11:16:58 WIT) 

-----BEGIN PGP SIGNED MESSAGE-----
Hash: SHA1

jPOS Community Edition, licensed under GNU AGPL v3.0.
This software is probably not suitable for commercial use.
Please see http://jpos.org/license for details.

-----BEGIN PGP SIGNATURE-----
Version: GnuPG v1.4.9 (Darwin)

iQEcBAEBAgAGBQJMolHDAAoJEOQyeO71nYtFv74H/3OgehDGEy1VXp2U3/GcAobg
HH2eZjPUz53r38ARPiU3pzm9LwDa3WZgJJaa/b9VrJwKvbPwe9+0kY3gScDE1skT
ladHt+KHHmGQArEutkzHlpZa73RbroFEIa1qmN6MaDEHGoxZqDh0Sv2cpvOaVYGO
St8ZaddLBPC17bSjAPWo9sWbvL7FgPFOHhnPmbeux8SLtnfWxXWsgo5hLBanKmO1
1z+I/w/6DL6ZYZU6bAJUk+eyVVImJqw0x3IEElI07Nh9MC6BA4iJ77ejobj8HI2r
q9ulRPEqH9NR79619lNKVUkE206dVlXo7xHmJS1QZy5v/GT66xBxyDVfTduPFXk=
=oP+v
-----END PGP SIGNATURE-----

  </info>
</log>
<log realm="Q2.system" at="Wed Feb 21 01:08:46.269 WIB 2018" lifespan="24ms">
  <info>
    deploy: /home/ngonar/WebApp/Protonema/deploy/10_transaction_manager.xml
  </info>
</log>
<log realm="Q2.system" at="Wed Feb 21 01:08:46.279 WIB 2018" lifespan="9ms">
  <info>
    deploy: /home/ngonar/WebApp/Protonema/deploy/11_serverport.xml
  </info>
</log>
<log realm="Q2.system" at="Wed Feb 21 01:08:46.288 WIB 2018" lifespan="7ms">
  <info>
    deploy: /home/ngonar/WebApp/Protonema/deploy/12_biller_channel.xml
  </info>
</log>
<log realm="Q2.system" at="Wed Feb 21 01:08:46.294 WIB 2018" lifespan="4ms">
  <info>
    deploy: /home/ngonar/WebApp/Protonema/deploy/15_server_port_trxman.xml
  </info>
</log>
<log realm="Q2.system" at="Wed Feb 21 01:08:46.316 WIB 2018" lifespan="20ms">
  <info>
    deploy: /home/ngonar/WebApp/Protonema/deploy/99_sysmon.xml
  </info>
</log>
<log realm="org.jpos.transaction.TransactionManager" at="Wed Feb 21 01:08:46.321 WIB 2018">
  <info>
    start Thread[Thread-4,5,main]
  </info>
</log>
<log realm="org.jpos.transaction.TransactionManager" at="Wed Feb 21 01:08:46.324 WIB 2018" lifespan="3ms">
  <info>
    start Thread[Thread-7,5,main]
  </info>
</log>
<log realm="org.jpos.transaction.TransactionManager" at="Wed Feb 21 01:08:46.325 WIB 2018" lifespan="4ms">
  <info>
    start Thread[Thread-8,5,main]
  </info>
</log>
<log realm="org.jpos.transaction.TransactionManager" at="Wed Feb 21 01:08:46.328 WIB 2018" lifespan="7ms">
  <info>
    start Thread[Thread-6,5,main]
  </info>
</log>
<log realm="org.jpos.transaction.TransactionManager" at="Wed Feb 21 01:08:46.333 WIB 2018" lifespan="12ms">
  <info>
    start Thread[Thread-5,5,main]
  </info>
</log>
<log realm="srv.server" at="Wed Feb 21 01:08:46.364 WIB 2018">
  <iso-server>
    listening on port 9991
  </iso-server>
</log>
<log realm="channel" at="Wed Feb 21 01:08:46.366 WIB 2018" lifespan="4ms">
  <connect>
    localhost:8888
      Connection refused
    Unable to connect
  </connect>
</log>
<log realm="org.jpos.q2.iso.ChannelAdaptor" at="Wed Feb 21 01:08:46.368 WIB 2018">
  <warn>
    check-connection
    Unable to connect
  </warn>
</log>
<log realm="org.jpos.q2.qbean.SystemMonitor" at="Wed Feb 21 01:08:46.372 WIB 2018" lifespan="3ms">
  <info>
    Starting SystemMonitor
  </info>
</log>
<log realm="ServerTrxMan.server" at="Wed Feb 21 01:08:46.374 WIB 2018" lifespan="5ms">
  <iso-server>
    listening on port 2300
  </iso-server>
</log>
<log realm="org.jpos.q2.qbean.SystemMonitor" at="Wed Feb 21 01:08:46.375 WIB 2018">
  <info>
               OS: Linux
             host: ngonar/127.0.1.1
          version: 2.0.2 (unknown)
         instance: 3d25aa8e-8d7e-40d3-adb8-2758cda6962b
           uptime: 00:00:01.058
       processors: 4
           drift : 0
    memory(t/u/f): 119/16/102
          threads: 26
            Thread[Reference Handler,10,system]
            Thread[Finalizer,8,system]
            Thread[Signal Dispatcher,9,system]
            Thread[Q2-3d25aa8e-8d7e-40d3-adb8-2758cda6962b,5,main]
            Thread[DestroyJavaVM,5,main]
            Thread[pool-1-thread-1,5,main]
            Thread[Timer-0,5,main]
            Thread[Timer-1,5,main]
            Thread[SimpleTransactionManager-0:idle,5,main]
            Thread[SimpleTransactionManager-1:idle,5,main]
            Thread[SimpleTransactionManager-2:idle,5,main]
            Thread[SimpleTransactionManager-3:idle,5,main]
            Thread[SimpleTransactionManager-4:idle,5,main]
            Thread[Thread-9,5,main]
            Thread[channel-sender-biller-send,5,main]
            Thread[channel-receiver-biller-receive,5,main]
            Thread[Thread-12,5,main]
            Thread[SystemMonitor,5,main]
            Thread[srv-ThreadPool.PooledThread-0,5,srv-ThreadPool-0]
            Thread[ServerTrxMan-ThreadPool.PooledThread-1,5,ServerTrxMan-ThreadPool-1]
            Thread[ServerTrxMan-ThreadPool.PooledThread-2,5,ServerTrxMan-ThreadPool-1]
            Thread[ServerTrxMan-ThreadPool.PooledThread-3,5,ServerTrxMan-ThreadPool-1]
            Thread[ServerTrxMan-ThreadPool.PooledThread-4,5,ServerTrxMan-ThreadPool-1]
            Thread[ServerTrxMan-ThreadPool.PooledThread-5,5,ServerTrxMan-ThreadPool-1]
            Thread[ServerTrxMan-ThreadPool.PooledThread-6,5,ServerTrxMan-ThreadPool-1]
            Thread[ServerTrxMan-ThreadPool.PooledThread-7,5,ServerTrxMan-ThreadPool-1]
            Thread[ServerTrxMan-ThreadPool.PooledThread-8,5,ServerTrxMan-ThreadPool-1]
            Thread[ServerTrxMan-ThreadPool.PooledThread-9,5,ServerTrxMan-ThreadPool-1]
            Thread[ServerTrxMan-ThreadPool.PooledThread-10,5,ServerTrxMan-ThreadPool-1]
         encoding: UTF-8
    name-registrar:
      logger.Q2: org.jpos.util.Logger
      server.srv: org.jpos.iso.ISOServer
        connected=0, rx=0, tx=0, last=0
      ServerTrxMan: org.jpos.q2.iso.QServer
      SimpleTransactionManager: org.jpos.transaction.TransactionManager
      srv: org.jpos.q2.iso.QServer
      biller-channel-adaptor: org.jpos.q2.iso.ChannelAdaptor
        tx=0, rx=0, connects=0, last=0
      tspace:default: org.jpos.space.TSpace
        <keycount>-1</keycount>
        <gcinfo>0,0</gcinfo>

      channel.biller-channel-adaptor: org.jpos.iso.channel.ASCIIChannel
      transient:default: org.jpos.space.TSpace
        <key count='1'>$TAILLOCK.1279460130</key>
        <keycount>0</keycount>
        <gcinfo>0,0</gcinfo>

      server.ServerTrxMan: org.jpos.iso.ISOServer
        connected=0, rx=0, tx=0, last=0
      logger.Q2.buffered: org.jpos.util.BufferedLogListener
      tspace:biller: org.jpos.space.TSpace
        <keycount>-1</keycount>
        <gcinfo>0,0</gcinfo>

      tspace:org.jpos.transaction.TransactionManager@4c430322: org.jpos.space.TSpace
        <key count='1'>$HEAD</key>
        <key count='1'>$TAIL</key>
        <keycount>1</keycount>
        <gcinfo>0,0</gcinfo>

  </info>
</log>
<log realm="channel" at="Wed Feb 21 01:08:47.373 WIB 2018" lifespan="1ms">
  <connect>
    localhost:8888
      Connection refused
    Unable to connect
  </connect>
</log>
<log realm="org.jpos.q2.iso.ChannelAdaptor" at="Wed Feb 21 01:08:47.375 WIB 2018">
  <warn>
    check-connection
    Unable to connect
  </warn>
</log>
<log realm="channel" at="Wed Feb 21 01:08:48.377 WIB 2018" lifespan="1ms">
  <connect>
    localhost:8888
      Connection refused
    Unable to connect
  </connect>
</log>
<log realm="org.jpos.q2.iso.ChannelAdaptor" at="Wed Feb 21 01:08:48.381 WIB 2018" lifespan="1ms">
  <warn>
    check-connection
    Unable to connect
  </warn>
</log>
<log realm="channel" at="Wed Feb 21 01:08:49.384 WIB 2018" lifespan="1ms">
  <connect>
    localhost:8888
      Connection refused
    Unable to connect
  </connect>
</log>
<log realm="org.jpos.q2.iso.ChannelAdaptor" at="Wed Feb 21 01:08:49.388 WIB 2018">
  <warn>
    check-connection
    Unable to connect
  </warn>
</log>
<log realm="channel" at="Wed Feb 21 01:08:50.392 WIB 2018">
  <connect>
    localhost:8888
      Connection refused
    Unable to connect
  </connect>
</log>
<log realm="org.jpos.q2.iso.ChannelAdaptor" at="Wed Feb 21 01:08:50.395 WIB 2018">
  <warn>
    check-connection
    Unable to connect
  </warn>
</log>
<log realm="channel" at="Wed Feb 21 01:08:51.398 WIB 2018" lifespan="1ms">
  <connect>
    localhost:8888
      Connection refused
    Unable to connect
  </connect>
</log>
<log realm="org.jpos.q2.iso.ChannelAdaptor" at="Wed Feb 21 01:08:51.399 WIB 2018">
  <warn>
    check-connection
    Unable to connect
  </warn>
</log>
<log realm="channel" at="Wed Feb 21 01:08:52.401 WIB 2018">
  <connect>
    localhost:8888
      Connection refused
    Unable to connect
  </connect>
</log>
<log realm="org.jpos.q2.iso.ChannelAdaptor" at="Wed Feb 21 01:08:52.403 WIB 2018">
  <warn>
    check-connection
    Unable to connect
  </warn>
</log>
<log realm="channel" at="Wed Feb 21 01:08:53.405 WIB 2018">
  <connect>
    localhost:8888
      Connection refused
    Unable to connect
  </connect>
</log>
<log realm="org.jpos.q2.iso.ChannelAdaptor" at="Wed Feb 21 01:08:53.408 WIB 2018">
  <warn>
    check-connection
    Unable to connect
  </warn>
</log>
<log realm="channel" at="Wed Feb 21 01:08:54.410 WIB 2018">
  <connect>
    localhost:8888
      Connection refused
    Unable to connect
  </connect>
</log>
<log realm="org.jpos.q2.iso.ChannelAdaptor" at="Wed Feb 21 01:08:54.414 WIB 2018">
  <warn>
    check-connection
    Unable to connect
  </warn>
</log>
<log realm="channel" at="Wed Feb 21 01:08:55.421 WIB 2018" lifespan="1ms">
  <connect>
    localhost:8888
      Connection refused
    Unable to connect
  </connect>
</log>
<log realm="org.jpos.q2.iso.ChannelAdaptor" at="Wed Feb 21 01:08:55.423 WIB 2018">
  <warn>
    check-connection
    Unable to connect
  </warn>
</log>
<log realm="Q2.system" at="Wed Feb 21 01:08:55.792 WIB 2018">
  <info>
    shutting down (hook)
  </info>
</log>
<log realm="Q2.system" at="Wed Feb 21 01:08:56.381 WIB 2018" lifespan="1ms">
  <trace>
    undeploying:/home/ngonar/WebApp/Protonema/deploy/99_sysmon.xml
  </trace>
</log>
<log realm="org.jpos.q2.qbean.SystemMonitor" at="Wed Feb 21 01:08:56.384 WIB 2018">
  <info>
    Stopping SystemMonitor
  </info>
</log>
<log realm="Q2.system" at="Wed Feb 21 01:08:56.389 WIB 2018">
  <info>
    undeployed:/home/ngonar/WebApp/Protonema/deploy/99_sysmon.xml
  </info>
</log>
<log realm="Q2.system" at="Wed Feb 21 01:08:56.392 WIB 2018">
  <trace>
    undeploying:/home/ngonar/WebApp/Protonema/deploy/15_server_port_trxman.xml
  </trace>
</log>
<log realm="Q2.system" at="Wed Feb 21 01:08:56.397 WIB 2018">
  <info>
    undeployed:/home/ngonar/WebApp/Protonema/deploy/15_server_port_trxman.xml
  </info>
</log>
<log realm="Q2.system" at="Wed Feb 21 01:08:56.402 WIB 2018">
  <trace>
    undeploying:/home/ngonar/WebApp/Protonema/deploy/12_biller_channel.xml
  </trace>
</log>
<log realm="Q2.system" at="Wed Feb 21 01:08:56.405 WIB 2018">
  <info>
    undeployed:/home/ngonar/WebApp/Protonema/deploy/12_biller_channel.xml
  </info>
</log>
<log realm="Q2.system" at="Wed Feb 21 01:08:56.407 WIB 2018">
  <trace>
    undeploying:/home/ngonar/WebApp/Protonema/deploy/11_serverport.xml
  </trace>
</log>
<log realm="Q2.system" at="Wed Feb 21 01:08:56.410 WIB 2018">
  <info>
    undeployed:/home/ngonar/WebApp/Protonema/deploy/11_serverport.xml
  </info>
</log>
<log realm="Q2.system" at="Wed Feb 21 01:08:56.413 WIB 2018">
  <trace>
    undeploying:/home/ngonar/WebApp/Protonema/deploy/10_transaction_manager.xml
  </trace>
</log>
<log realm="org.jpos.transaction.TransactionManager" at="Wed Feb 21 01:08:56.416 WIB 2018">
  <info>
    stop Thread[SimpleTransactionManager-1:idle,5,main], active sessions=4
  </info>
</log>
<log realm="org.jpos.transaction.TransactionManager" at="Wed Feb 21 01:08:56.418 WIB 2018" lifespan="2ms">
  <info>
    stop Thread[SimpleTransactionManager-0:idle,5,main], active sessions=0
  </info>
</log>
<log realm="org.jpos.transaction.TransactionManager" at="Wed Feb 21 01:08:56.421 WIB 2018" lifespan="5ms">
  <info>
    stop Thread[SimpleTransactionManager-3:idle,5,main], active sessions=1
  </info>
</log>
<log realm="org.jpos.transaction.TransactionManager" at="Wed Feb 21 01:08:56.423 WIB 2018" lifespan="7ms">
  <info>
    stop Thread[SimpleTransactionManager-4:idle,5,main], active sessions=2
  </info>
</log>
<log realm="org.jpos.transaction.TransactionManager" at="Wed Feb 21 01:08:56.425 WIB 2018" lifespan="9ms">
  <info>
    stop Thread[SimpleTransactionManager-2:idle,5,main], active sessions=3
  </info>
</log>
<log realm="Q2.system" at="Wed Feb 21 01:08:56.428 WIB 2018">
  <info>
    undeployed:/home/ngonar/WebApp/Protonema/deploy/10_transaction_manager.xml
  </info>
</log>
<log realm="Q2.system" at="Wed Feb 21 01:08:56.430 WIB 2018">
  <trace>
    undeploying:/home/ngonar/WebApp/Protonema/deploy/00_logger.xml
  </trace>
</log>
</logger>
<?xml version="1.0" encoding="UTF-8"?>
<logger class="org.jpos.util.DailyLogListener">
<log realm="Q2.system" at="Wed Feb 21 01:20:03.388 WIB 2018" lifespan="661ms">
  <info>
    Q2 started, deployDir=/home/ngonar/WebApp/Protonema/deploy
    
    jPOS 2.0.2 unknown/unknown (2016-08-10 11:16:58 WIT) 

-----BEGIN PGP SIGNED MESSAGE-----
Hash: SHA1

jPOS Community Edition, licensed under GNU AGPL v3.0.
This software is probably not suitable for commercial use.
Please see http://jpos.org/license for details.

-----BEGIN PGP SIGNATURE-----
Version: GnuPG v1.4.9 (Darwin)

iQEcBAEBAgAGBQJMolHDAAoJEOQyeO71nYtFv74H/3OgehDGEy1VXp2U3/GcAobg
HH2eZjPUz53r38ARPiU3pzm9LwDa3WZgJJaa/b9VrJwKvbPwe9+0kY3gScDE1skT
ladHt+KHHmGQArEutkzHlpZa73RbroFEIa1qmN6MaDEHGoxZqDh0Sv2cpvOaVYGO
St8ZaddLBPC17bSjAPWo9sWbvL7FgPFOHhnPmbeux8SLtnfWxXWsgo5hLBanKmO1
1z+I/w/6DL6ZYZU6bAJUk+eyVVImJqw0x3IEElI07Nh9MC6BA4iJ77ejobj8HI2r
q9ulRPEqH9NR79619lNKVUkE206dVlXo7xHmJS1QZy5v/GT66xBxyDVfTduPFXk=
=oP+v
-----END PGP SIGNATURE-----

  </info>
</log>
<log realm="Q2.system" at="Wed Feb 21 01:20:03.419 WIB 2018" lifespan="21ms">
  <info>
    deploy: /home/ngonar/WebApp/Protonema/deploy/10_transaction_manager.xml
  </info>
</log>
<log realm="Q2.system" at="Wed Feb 21 01:20:03.431 WIB 2018" lifespan="10ms">
  <info>
    deploy: /home/ngonar/WebApp/Protonema/deploy/11_serverport.xml
  </info>
</log>
<log realm="Q2.system" at="Wed Feb 21 01:20:03.440 WIB 2018" lifespan="7ms">
  <info>
    deploy: /home/ngonar/WebApp/Protonema/deploy/12_biller_channel.xml
  </info>
</log>
<log realm="Q2.system" at="Wed Feb 21 01:20:03.446 WIB 2018" lifespan="4ms">
  <info>
    deploy: /home/ngonar/WebApp/Protonema/deploy/15_server_port_trxman.xml
  </info>
</log>
<log realm="Q2.system" at="Wed Feb 21 01:20:03.471 WIB 2018" lifespan="23ms">
  <info>
    deploy: /home/ngonar/WebApp/Protonema/deploy/20_mux.xml
  </info>
</log>
<log realm="Q2.system" at="Wed Feb 21 01:20:03.478 WIB 2018">
  <warn>
    Tidying /home/ngonar/WebApp/Protonema/deploy/53_qecho.xml out of the way, by adding .BAD
    It will be called: /home/ngonar/WebApp/Protonema/deploy/53_qecho.xml.BAD see log above for detail of problem.
  </warn>
</log>
<log realm="Q2.system" at="Wed Feb 21 01:20:03.480 WIB 2018" lifespan="5ms">
  <info>
    deploy: /home/ngonar/WebApp/Protonema/deploy/53_qecho.xml
    <exception name="The MBean class could not be loaded">
    javax.management.ReflectionException: The MBean class could not be loaded
	at com.sun.jmx.mbeanserver.MBeanInstantiator.loadClass(MBeanInstantiator.java:654)
	at com.sun.jmx.mbeanserver.MBeanInstantiator.findClass(MBeanInstantiator.java:119)
	at com.sun.jmx.mbeanserver.MBeanInstantiator.findClass(MBeanInstantiator.java:142)
	at com.sun.jmx.mbeanserver.MBeanInstantiator.instantiate(MBeanInstantiator.java:618)
	at com.sun.jmx.mbeanserver.MBeanInstantiator.instantiate(MBeanInstantiator.java:527)
	at com.sun.jmx.mbeanserver.JmxMBeanServer.instantiate(JmxMBeanServer.java:990)
	at org.jpos.q2.QFactory.instantiate(QFactory.java:79)
	at org.jpos.q2.Q2.deploy(Q2.java:479)
	at org.jpos.q2.Q2.deploy(Q2.java:294)
	at org.jpos.q2.Q2.run(Q2.java:186)
	at java.lang.Thread.run(Thread.java:745)
Caused by: java.lang.ClassNotFoundException: sa_gateway.QEchoJpa
	at java.net.URLClassLoader$1.run(URLClassLoader.java:366)
	at java.net.URLClassLoader$1.run(URLClassLoader.java:355)
	at java.security.AccessController.doPrivileged(Native Method)
	at java.net.URLClassLoader.findClass(URLClassLoader.java:354)
	at java.lang.ClassLoader.loadClass(ClassLoader.java:425)
	at java.lang.ClassLoader.loadClass(ClassLoader.java:358)
	at java.lang.Class.forName0(Native Method)
	at java.lang.Class.forName(Class.java:270)
	at com.sun.jmx.mbeanserver.MBeanInstantiator.loadClass(MBeanInstantiator.java:649)
	... 10 more
    </exception>
  </info>
</log>
<log realm="Q2.system" at="Wed Feb 21 01:20:03.499 WIB 2018" lifespan="7ms">
  <info>
    deploy: /home/ngonar/WebApp/Protonema/deploy/99_sysmon.xml
  </info>
</log>
<log realm="org.jpos.transaction.TransactionManager" at="Wed Feb 21 01:20:03.507 WIB 2018">
  <info>
    start Thread[Thread-4,5,main]
  </info>
</log>
<log realm="org.jpos.transaction.TransactionManager" at="Wed Feb 21 01:20:03.509 WIB 2018" lifespan="1ms">
  <info>
    start Thread[Thread-7,5,main]
  </info>
</log>
<log realm="org.jpos.transaction.TransactionManager" at="Wed Feb 21 01:20:03.511 WIB 2018" lifespan="3ms">
  <info>
    start Thread[Thread-6,5,main]
  </info>
</log>
<log realm="org.jpos.transaction.TransactionManager" at="Wed Feb 21 01:20:03.512 WIB 2018" lifespan="4ms">
  <info>
    start Thread[Thread-5,5,main]
  </info>
</log>
<log realm="org.jpos.transaction.TransactionManager" at="Wed Feb 21 01:20:03.514 WIB 2018" lifespan="1ms">
  <info>
    start Thread[Thread-8,5,main]
  </info>
</log>
<log realm="srv.server" at="Wed Feb 21 01:20:03.556 WIB 2018">
  <iso-server>
    listening on port 9991
  </iso-server>
</log>
<log realm="channel" at="Wed Feb 21 01:20:03.562 WIB 2018" lifespan="3ms">
  <connect>
    localhost:8888
      Connection refused
    Unable to connect
  </connect>
</log>
<log realm="org.jpos.q2.iso.ChannelAdaptor" at="Wed Feb 21 01:20:03.564 WIB 2018">
  <warn>
    check-connection
    Unable to connect
  </warn>
</log>
<log realm="ServerTrxMan.server" at="Wed Feb 21 01:20:03.567 WIB 2018">
  <iso-server>
    listening on port 2300
  </iso-server>
</log>
<log realm="org.jpos.q2.qbean.SystemMonitor" at="Wed Feb 21 01:20:03.568 WIB 2018" lifespan="1ms">
  <info>
    Starting SystemMonitor
  </info>
</log>
<log realm="org.jpos.q2.qbean.SystemMonitor" at="Wed Feb 21 01:20:03.569 WIB 2018">
  <info>
               OS: Linux
             host: ngonar/127.0.1.1
          version: 2.0.2 (unknown)
         instance: a53da563-9e33-4dca-a21e-820e0327ce18
           uptime: 00:00:01.135
       processors: 4
           drift : 0
    memory(t/u/f): 119/16/102
          threads: 26
            Thread[Reference Handler,10,system]
            Thread[Finalizer,8,system]
            Thread[Signal Dispatcher,9,system]
            Thread[Q2-a53da563-9e33-4dca-a21e-820e0327ce18,5,main]
            Thread[DestroyJavaVM,5,main]
            Thread[pool-1-thread-1,5,main]
            Thread[Timer-0,5,main]
            Thread[Timer-1,5,main]
            Thread[SimpleTransactionManager-0:idle,5,main]
            Thread[SimpleTransactionManager-1:idle,5,main]
            Thread[SimpleTransactionManager-2:idle,5,main]
            Thread[SimpleTransactionManager-3:idle,5,main]
            Thread[SimpleTransactionManager-4:idle,5,main]
            Thread[Thread-9,5,main]
            Thread[channel-sender-biller-send,5,main]
            Thread[channel-receiver-biller-receive,5,main]
            Thread[Thread-12,5,main]
            Thread[SystemMonitor,5,main]
            Thread[srv-ThreadPool.PooledThread-0,5,srv-ThreadPool-0]
            Thread[ServerTrxMan-ThreadPool.PooledThread-1,5,ServerTrxMan-ThreadPool-1]
            Thread[ServerTrxMan-ThreadPool.PooledThread-2,5,ServerTrxMan-ThreadPool-1]
            Thread[ServerTrxMan-ThreadPool.PooledThread-3,5,ServerTrxMan-ThreadPool-1]
            Thread[ServerTrxMan-ThreadPool.PooledThread-4,5,ServerTrxMan-ThreadPool-1]
            Thread[ServerTrxMan-ThreadPool.PooledThread-5,5,ServerTrxMan-ThreadPool-1]
            Thread[ServerTrxMan-ThreadPool.PooledThread-6,5,ServerTrxMan-ThreadPool-1]
            Thread[ServerTrxMan-ThreadPool.PooledThread-7,5,ServerTrxMan-ThreadPool-1]
            Thread[ServerTrxMan-ThreadPool.PooledThread-8,5,ServerTrxMan-ThreadPool-1]
            Thread[ServerTrxMan-ThreadPool.PooledThread-9,5,ServerTrxMan-ThreadPool-1]
            Thread[ServerTrxMan-ThreadPool.PooledThread-10,5,ServerTrxMan-ThreadPool-1]
         encoding: UTF-8
    name-registrar:
      logger.Q2: org.jpos.util.Logger
      server.srv: org.jpos.iso.ISOServer
        connected=0, rx=0, tx=0, last=0
      ServerTrxMan: org.jpos.q2.iso.QServer
      srv: org.jpos.q2.iso.QServer
      SimpleTransactionManager: org.jpos.transaction.TransactionManager
      biller-channel-adaptor: org.jpos.q2.iso.ChannelAdaptor
        tx=0, rx=0, connects=0, last=0
      tspace:default: org.jpos.space.TSpace
        <keycount>-1</keycount>
        <gcinfo>0,0</gcinfo>

      channel.biller-channel-adaptor: org.jpos.iso.channel.ASCIIChannel
      tspace:org.jpos.transaction.TransactionManager@55e95e9e: org.jpos.space.TSpace
        <key count='1'>$HEAD</key>
        <key count='1'>$TAIL</key>
        <keycount>1</keycount>
        <gcinfo>0,0</gcinfo>

      transient:default: org.jpos.space.TSpace
        <key count='1'>$TAILLOCK.1441357470</key>
        <keycount>0</keycount>
        <gcinfo>0,0</gcinfo>

      server.ServerTrxMan: org.jpos.iso.ISOServer
        connected=0, rx=0, tx=0, last=0
      logger.Q2.buffered: org.jpos.util.BufferedLogListener
      tspace:biller: org.jpos.space.TSpace
        <keycount>-1</keycount>
        <gcinfo>0,0</gcinfo>

      mux.jPOS-AUTORESPONDER: org.jpos.q2.iso.QMUX
        tx=0, rx=0, tx_expired=0, tx_pending=0, rx_expired=0, rx_pending=0, rx_unhandled=0, rx_forwarded=0, connected=false, last=0
  </info>
</log>
<log realm="channel" at="Wed Feb 21 01:20:04.567 WIB 2018" lifespan="1ms">
  <connect>
    localhost:8888
      Connection refused
    Unable to connect
  </connect>
</log>
<log realm="org.jpos.q2.iso.ChannelAdaptor" at="Wed Feb 21 01:20:04.570 WIB 2018">
  <warn>
    check-connection
    Unable to connect
  </warn>
</log>
<log realm="channel" at="Wed Feb 21 01:20:05.573 WIB 2018" lifespan="1ms">
  <connect>
    localhost:8888
      Connection refused
    Unable to connect
  </connect>
</log>
<log realm="org.jpos.q2.iso.ChannelAdaptor" at="Wed Feb 21 01:20:05.575 WIB 2018">
  <warn>
    check-connection
    Unable to connect
  </warn>
</log>
<log realm="channel" at="Wed Feb 21 01:20:06.579 WIB 2018" lifespan="1ms">
  <connect>
    localhost:8888
      Connection refused
    Unable to connect
  </connect>
</log>
<log realm="org.jpos.q2.iso.ChannelAdaptor" at="Wed Feb 21 01:20:06.582 WIB 2018">
  <warn>
    check-connection
    Unable to connect
  </warn>
</log>
<log realm="Q2.system" at="Wed Feb 21 01:20:06.945 WIB 2018">
  <info>
    shutting down (hook)
  </info>
</log>
<log realm="channel" at="Wed Feb 21 01:20:07.585 WIB 2018">
  <connect>
    localhost:8888
      Connection refused
    Unable to connect
  </connect>
</log>
<log realm="org.jpos.q2.iso.ChannelAdaptor" at="Wed Feb 21 01:20:07.589 WIB 2018">
  <warn>
    check-connection
    Unable to connect
  </warn>
</log>
<log realm="Q2.system" at="Wed Feb 21 01:20:08.571 WIB 2018">
  <trace>
    undeploying:/home/ngonar/WebApp/Protonema/deploy/99_sysmon.xml
  </trace>
</log>
<log realm="org.jpos.q2.qbean.SystemMonitor" at="Wed Feb 21 01:20:08.575 WIB 2018">
  <info>
    Stopping SystemMonitor
  </info>
</log>
<log realm="Q2.system" at="Wed Feb 21 01:20:08.579 WIB 2018">
  <info>
    undeployed:/home/ngonar/WebApp/Protonema/deploy/99_sysmon.xml
  </info>
</log>
<log realm="Q2.system" at="Wed Feb 21 01:20:08.581 WIB 2018">
  <trace>
    undeploying:/home/ngonar/WebApp/Protonema/deploy/20_mux.xml
  </trace>
</log>
<log realm="Q2.system" at="Wed Feb 21 01:20:08.585 WIB 2018">
  <info>
    undeployed:/home/ngonar/WebApp/Protonema/deploy/20_mux.xml
  </info>
</log>
<log realm="Q2.system" at="Wed Feb 21 01:20:08.588 WIB 2018">
  <trace>
    undeploying:/home/ngonar/WebApp/Protonema/deploy/15_server_port_trxman.xml
  </trace>
</log>
<log realm="channel" at="Wed Feb 21 01:20:08.594 WIB 2018" lifespan="2ms">
  <connect>
    localhost:8888
      Connection refused
    Unable to connect
  </connect>
</log>
<log realm="Q2.system" at="Wed Feb 21 01:20:08.598 WIB 2018">
  <info>
    undeployed:/home/ngonar/WebApp/Protonema/deploy/15_server_port_trxman.xml
  </info>
</log>
<log realm="Q2.system" at="Wed Feb 21 01:20:08.602 WIB 2018">
  <trace>
    undeploying:/home/ngonar/WebApp/Protonema/deploy/12_biller_channel.xml
  </trace>
</log>
<log realm="Q2.system" at="Wed Feb 21 01:20:08.605 WIB 2018">
  <info>
    undeployed:/home/ngonar/WebApp/Protonema/deploy/12_biller_channel.xml
  </info>
</log>
<log realm="org.jpos.q2.iso.ChannelAdaptor" at="Wed Feb 21 01:20:08.607 WIB 2018" lifespan="9ms">
  <warn>
    check-connection
    Unable to connect
  </warn>
</log>
<log realm="Q2.system" at="Wed Feb 21 01:20:08.610 WIB 2018" lifespan="2ms">
  <trace>
    undeploying:/home/ngonar/WebApp/Protonema/deploy/11_serverport.xml
  </trace>
</log>
<log realm="Q2.system" at="Wed Feb 21 01:20:08.619 WIB 2018">
  <info>
    undeployed:/home/ngonar/WebApp/Protonema/deploy/11_serverport.xml
  </info>
</log>
<log realm="Q2.system" at="Wed Feb 21 01:20:08.621 WIB 2018">
  <trace>
    undeploying:/home/ngonar/WebApp/Protonema/deploy/10_transaction_manager.xml
  </trace>
</log>
<log realm="org.jpos.transaction.TransactionManager" at="Wed Feb 21 01:20:08.624 WIB 2018">
  <info>
    stop Thread[SimpleTransactionManager-4:idle,5,main], active sessions=3
  </info>
</log>
<log realm="org.jpos.transaction.TransactionManager" at="Wed Feb 21 01:20:08.626 WIB 2018" lifespan="2ms">
  <info>
    stop Thread[SimpleTransactionManager-3:idle,5,main], active sessions=0
  </info>
</log>
<log realm="org.jpos.transaction.TransactionManager" at="Wed Feb 21 01:20:08.633 WIB 2018" lifespan="9ms">
  <info>
    stop Thread[SimpleTransactionManager-1:idle,5,main], active sessions=4
  </info>
</log>
<log realm="org.jpos.transaction.TransactionManager" at="Wed Feb 21 01:20:08.637 WIB 2018" lifespan="13ms">
  <info>
    stop Thread[SimpleTransactionManager-0:idle,5,main], active sessions=2
  </info>
</log>
<log realm="org.jpos.transaction.TransactionManager" at="Wed Feb 21 01:20:08.639 WIB 2018" lifespan="15ms">
  <info>
    stop Thread[SimpleTransactionManager-2:idle,5,main], active sessions=1
  </info>
</log>
<log realm="Q2.system" at="Wed Feb 21 01:20:08.641 WIB 2018">
  <info>
    undeployed:/home/ngonar/WebApp/Protonema/deploy/10_transaction_manager.xml
  </info>
</log>
<log realm="Q2.system" at="Wed Feb 21 01:20:08.643 WIB 2018">
  <trace>
    undeploying:/home/ngonar/WebApp/Protonema/deploy/00_logger.xml
  </trace>
</log>
</logger>
<?xml version="1.0" encoding="UTF-8"?>
<logger class="org.jpos.util.DailyLogListener">
<log realm="Q2.system" at="Wed Feb 21 01:25:58.749 WIB 2018" lifespan="650ms">
  <info>
    Q2 started, deployDir=/home/ngonar/WebApp/Protonema/deploy
    
    jPOS 2.0.2 unknown/unknown (2016-08-10 11:16:58 WIT) 

-----BEGIN PGP SIGNED MESSAGE-----
Hash: SHA1

jPOS Community Edition, licensed under GNU AGPL v3.0.
This software is probably not suitable for commercial use.
Please see http://jpos.org/license for details.

-----BEGIN PGP SIGNATURE-----
Version: GnuPG v1.4.9 (Darwin)

iQEcBAEBAgAGBQJMolHDAAoJEOQyeO71nYtFv74H/3OgehDGEy1VXp2U3/GcAobg
HH2eZjPUz53r38ARPiU3pzm9LwDa3WZgJJaa/b9VrJwKvbPwe9+0kY3gScDE1skT
ladHt+KHHmGQArEutkzHlpZa73RbroFEIa1qmN6MaDEHGoxZqDh0Sv2cpvOaVYGO
St8ZaddLBPC17bSjAPWo9sWbvL7FgPFOHhnPmbeux8SLtnfWxXWsgo5hLBanKmO1
1z+I/w/6DL6ZYZU6bAJUk+eyVVImJqw0x3IEElI07Nh9MC6BA4iJ77ejobj8HI2r
q9ulRPEqH9NR79619lNKVUkE206dVlXo7xHmJS1QZy5v/GT66xBxyDVfTduPFXk=
=oP+v
-----END PGP SIGNATURE-----

  </info>
</log>
<log realm="Q2.system" at="Wed Feb 21 01:25:58.779 WIB 2018" lifespan="22ms">
  <info>
    deploy: /home/ngonar/WebApp/Protonema/deploy/10_transaction_manager.xml
  </info>
</log>
<log realm="Q2.system" at="Wed Feb 21 01:25:58.789 WIB 2018" lifespan="9ms">
  <info>
    deploy: /home/ngonar/WebApp/Protonema/deploy/11_serverport.xml
  </info>
</log>
<log realm="Q2.system" at="Wed Feb 21 01:25:58.799 WIB 2018" lifespan="8ms">
  <info>
    deploy: /home/ngonar/WebApp/Protonema/deploy/12_biller_channel.xml
  </info>
</log>
<log realm="Q2.system" at="Wed Feb 21 01:25:58.805 WIB 2018" lifespan="5ms">
  <info>
    deploy: /home/ngonar/WebApp/Protonema/deploy/15_server_port_trxman.xml
  </info>
</log>
<log realm="Q2.system" at="Wed Feb 21 01:25:58.827 WIB 2018" lifespan="21ms">
  <info>
    deploy: /home/ngonar/WebApp/Protonema/deploy/20_mux.xml
  </info>
</log>
<log realm="Q2.system" at="Wed Feb 21 01:25:58.831 WIB 2018">
  <warn>
    Tidying /home/ngonar/WebApp/Protonema/deploy/53_qecho.xml out of the way, by adding .BAD
    It will be called: /home/ngonar/WebApp/Protonema/deploy/53_qecho.xml.BAD see log above for detail of problem.
  </warn>
</log>
<log realm="Q2.system" at="Wed Feb 21 01:25:58.833 WIB 2018" lifespan="5ms">
  <info>
    deploy: /home/ngonar/WebApp/Protonema/deploy/53_qecho.xml
    <exception name="The MBean class could not be loaded">
    javax.management.ReflectionException: The MBean class could not be loaded
	at com.sun.jmx.mbeanserver.MBeanInstantiator.loadClass(MBeanInstantiator.java:654)
	at com.sun.jmx.mbeanserver.MBeanInstantiator.findClass(MBeanInstantiator.java:119)
	at com.sun.jmx.mbeanserver.MBeanInstantiator.findClass(MBeanInstantiator.java:142)
	at com.sun.jmx.mbeanserver.MBeanInstantiator.instantiate(MBeanInstantiator.java:618)
	at com.sun.jmx.mbeanserver.MBeanInstantiator.instantiate(MBeanInstantiator.java:527)
	at com.sun.jmx.mbeanserver.JmxMBeanServer.instantiate(JmxMBeanServer.java:990)
	at org.jpos.q2.QFactory.instantiate(QFactory.java:79)
	at org.jpos.q2.Q2.deploy(Q2.java:479)
	at org.jpos.q2.Q2.deploy(Q2.java:294)
	at org.jpos.q2.Q2.run(Q2.java:186)
	at java.lang.Thread.run(Thread.java:745)
Caused by: java.lang.ClassNotFoundException: sa_gateway.QEcho
	at java.net.URLClassLoader$1.run(URLClassLoader.java:366)
	at java.net.URLClassLoader$1.run(URLClassLoader.java:355)
	at java.security.AccessController.doPrivileged(Native Method)
	at java.net.URLClassLoader.findClass(URLClassLoader.java:354)
	at java.lang.ClassLoader.loadClass(ClassLoader.java:425)
	at java.lang.ClassLoader.loadClass(ClassLoader.java:358)
	at java.lang.Class.forName0(Native Method)
	at java.lang.Class.forName(Class.java:270)
	at com.sun.jmx.mbeanserver.MBeanInstantiator.loadClass(MBeanInstantiator.java:649)
	... 10 more
    </exception>
  </info>
</log>
<log realm="Q2.system" at="Wed Feb 21 01:25:58.847 WIB 2018" lifespan="8ms">
  <info>
    deploy: /home/ngonar/WebApp/Protonema/deploy/99_sysmon.xml
  </info>
</log>
<log realm="org.jpos.transaction.TransactionManager" at="Wed Feb 21 01:25:58.853 WIB 2018">
  <info>
    start Thread[Thread-4,5,main]
  </info>
</log>
<log realm="org.jpos.transaction.TransactionManager" at="Wed Feb 21 01:25:58.855 WIB 2018">
  <info>
    start Thread[Thread-5,5,main]
  </info>
</log>
<log realm="org.jpos.transaction.TransactionManager" at="Wed Feb 21 01:25:58.856 WIB 2018" lifespan="1ms">
  <info>
    start Thread[Thread-6,5,main]
  </info>
</log>
<log realm="org.jpos.transaction.TransactionManager" at="Wed Feb 21 01:25:58.857 WIB 2018" lifespan="1ms">
  <info>
    start Thread[Thread-8,5,main]
  </info>
</log>
<log realm="org.jpos.transaction.TransactionManager" at="Wed Feb 21 01:25:58.858 WIB 2018" lifespan="2ms">
  <info>
    start Thread[Thread-7,5,main]
  </info>
</log>
<log realm="srv.server" at="Wed Feb 21 01:25:58.899 WIB 2018">
  <iso-server>
    listening on port 9991
  </iso-server>
</log>
<log realm="channel" at="Wed Feb 21 01:25:58.904 WIB 2018" lifespan="4ms">
  <connect>
    localhost:8888
      Connection refused
    Unable to connect
  </connect>
</log>
<log realm="ServerTrxMan.server" at="Wed Feb 21 01:25:58.906 WIB 2018">
  <iso-server>
    listening on port 2300
  </iso-server>
</log>
<log realm="org.jpos.q2.qbean.SystemMonitor" at="Wed Feb 21 01:25:58.908 WIB 2018" lifespan="2ms">
  <info>
    Starting SystemMonitor
  </info>
</log>
<log realm="org.jpos.q2.iso.ChannelAdaptor" at="Wed Feb 21 01:25:58.909 WIB 2018" lifespan="3ms">
  <warn>
    check-connection
    Unable to connect
  </warn>
</log>
<log realm="org.jpos.q2.qbean.SystemMonitor" at="Wed Feb 21 01:25:58.910 WIB 2018" lifespan="1ms">
  <info>
               OS: Linux
             host: ngonar/127.0.1.1
          version: 2.0.2 (unknown)
         instance: 40ff2bcf-7802-484a-b85e-888f5529edb7
           uptime: 00:00:01.132
       processors: 4
           drift : 0
    memory(t/u/f): 119/16/102
          threads: 26
            Thread[Reference Handler,10,system]
            Thread[Finalizer,8,system]
            Thread[Signal Dispatcher,9,system]
            Thread[Q2-40ff2bcf-7802-484a-b85e-888f5529edb7,5,main]
            Thread[DestroyJavaVM,5,main]
            Thread[pool-1-thread-1,5,main]
            Thread[Timer-0,5,main]
            Thread[Timer-1,5,main]
            Thread[SimpleTransactionManager-0:idle,5,main]
            Thread[SimpleTransactionManager-1:idle,5,main]
            Thread[SimpleTransactionManager-2:idle,5,main]
            Thread[SimpleTransactionManager-3:idle,5,main]
            Thread[SimpleTransactionManager-4:idle,5,main]
            Thread[Thread-9,5,main]
            Thread[channel-sender-biller-send,5,main]
            Thread[channel-receiver-biller-receive,5,main]
            Thread[Thread-12,5,main]
            Thread[SystemMonitor,5,main]
            Thread[srv-ThreadPool.PooledThread-0,5,srv-ThreadPool-0]
            Thread[ServerTrxMan-ThreadPool.PooledThread-1,5,ServerTrxMan-ThreadPool-1]
            Thread[ServerTrxMan-ThreadPool.PooledThread-2,5,ServerTrxMan-ThreadPool-1]
            Thread[ServerTrxMan-ThreadPool.PooledThread-3,5,ServerTrxMan-ThreadPool-1]
            Thread[ServerTrxMan-ThreadPool.PooledThread-4,5,ServerTrxMan-ThreadPool-1]
            Thread[ServerTrxMan-ThreadPool.PooledThread-5,5,ServerTrxMan-ThreadPool-1]
            Thread[ServerTrxMan-ThreadPool.PooledThread-6,5,ServerTrxMan-ThreadPool-1]
            Thread[ServerTrxMan-ThreadPool.PooledThread-7,5,ServerTrxMan-ThreadPool-1]
            Thread[ServerTrxMan-ThreadPool.PooledThread-8,5,ServerTrxMan-ThreadPool-1]
            Thread[ServerTrxMan-ThreadPool.PooledThread-9,5,ServerTrxMan-ThreadPool-1]
            Thread[ServerTrxMan-ThreadPool.PooledThread-10,5,ServerTrxMan-ThreadPool-1]
         encoding: UTF-8
    name-registrar:
      logger.Q2: org.jpos.util.Logger
      server.srv: org.jpos.iso.ISOServer
        connected=0, rx=0, tx=0, last=0
      ServerTrxMan: org.jpos.q2.iso.QServer
      srv: org.jpos.q2.iso.QServer
      SimpleTransactionManager: org.jpos.transaction.TransactionManager
      biller-channel-adaptor: org.jpos.q2.iso.ChannelAdaptor
        tx=0, rx=0, connects=0, last=0
      tspace:default: org.jpos.space.TSpace
        <keycount>-1</keycount>
        <gcinfo>0,0</gcinfo>

      channel.biller-channel-adaptor: org.jpos.iso.channel.ASCIIChannel
      transient:default: org.jpos.space.TSpace
        <key count='1'>$TAILLOCK.1279460130</key>
        <keycount>0</keycount>
        <gcinfo>0,0</gcinfo>

      server.ServerTrxMan: org.jpos.iso.ISOServer
        connected=0, rx=0, tx=0, last=0
      logger.Q2.buffered: org.jpos.util.BufferedLogListener
      tspace:biller: org.jpos.space.TSpace
        <keycount>-1</keycount>
        <gcinfo>0,0</gcinfo>

      mux.jPOS-AUTORESPONDER: org.jpos.q2.iso.QMUX
        tx=0, rx=0, tx_expired=0, tx_pending=0, rx_expired=0, rx_pending=0, rx_unhandled=0, rx_forwarded=0, connected=false, last=0
      tspace:org.jpos.transaction.TransactionManager@4c430322: org.jpos.space.TSpace
        <key count='1'>$HEAD</key>
        <key count='1'>$TAIL</key>
        <keycount>1</keycount>
        <gcinfo>0,0</gcinfo>

  </info>
</log>
<log realm="channel" at="Wed Feb 21 01:25:59.911 WIB 2018">
  <connect>
    localhost:8888
      Connection refused
    Unable to connect
  </connect>
</log>
<log realm="org.jpos.q2.iso.ChannelAdaptor" at="Wed Feb 21 01:25:59.916 WIB 2018" lifespan="1ms">
  <warn>
    check-connection
    Unable to connect
  </warn>
</log>
<log realm="channel" at="Wed Feb 21 01:26:00.920 WIB 2018" lifespan="1ms">
  <connect>
    localhost:8888
      Connection refused
    Unable to connect
  </connect>
</log>
<log realm="org.jpos.q2.iso.ChannelAdaptor" at="Wed Feb 21 01:26:00.922 WIB 2018">
  <warn>
    check-connection
    Unable to connect
  </warn>
</log>
<log realm="channel" at="Wed Feb 21 01:26:01.925 WIB 2018" lifespan="1ms">
  <connect>
    localhost:8888
      Connection refused
    Unable to connect
  </connect>
</log>
<log realm="org.jpos.q2.iso.ChannelAdaptor" at="Wed Feb 21 01:26:01.928 WIB 2018">
  <warn>
    check-connection
    Unable to connect
  </warn>
</log>
<log realm="channel" at="Wed Feb 21 01:26:02.932 WIB 2018" lifespan="1ms">
  <connect>
    localhost:8888
      Connection refused
    Unable to connect
  </connect>
</log>
<log realm="org.jpos.q2.iso.ChannelAdaptor" at="Wed Feb 21 01:26:02.935 WIB 2018">
  <warn>
    check-connection
    Unable to connect
  </warn>
</log>
<log realm="channel" at="Wed Feb 21 01:26:03.939 WIB 2018" lifespan="1ms">
  <connect>
    localhost:8888
      Connection refused
    Unable to connect
  </connect>
</log>
<log realm="org.jpos.q2.iso.ChannelAdaptor" at="Wed Feb 21 01:26:03.942 WIB 2018">
  <warn>
    check-connection
    Unable to connect
  </warn>
</log>
<log realm="Q2.system" at="Wed Feb 21 01:26:04.360 WIB 2018" lifespan="1ms">
  <info>
    shutting down (hook)
  </info>
</log>
<log realm="channel" at="Wed Feb 21 01:26:04.945 WIB 2018">
  <connect>
    localhost:8888
      Connection refused
    Unable to connect
  </connect>
</log>
<log realm="org.jpos.q2.iso.ChannelAdaptor" at="Wed Feb 21 01:26:04.948 WIB 2018">
  <warn>
    check-connection
    Unable to connect
  </warn>
</log>
<log realm="channel" at="Wed Feb 21 01:26:05.952 WIB 2018" lifespan="1ms">
  <connect>
    localhost:8888
      Connection refused
    Unable to connect
  </connect>
</log>
<log realm="org.jpos.q2.iso.ChannelAdaptor" at="Wed Feb 21 01:26:05.958 WIB 2018">
  <warn>
    check-connection
    Unable to connect
  </warn>
</log>
<log realm="Q2.system" at="Wed Feb 21 01:26:06.418 WIB 2018">
  <trace>
    undeploying:/home/ngonar/WebApp/Protonema/deploy/99_sysmon.xml
  </trace>
</log>
<log realm="org.jpos.q2.qbean.SystemMonitor" at="Wed Feb 21 01:26:06.421 WIB 2018">
  <info>
    Stopping SystemMonitor
  </info>
</log>
<log realm="Q2.system" at="Wed Feb 21 01:26:06.424 WIB 2018">
  <info>
    undeployed:/home/ngonar/WebApp/Protonema/deploy/99_sysmon.xml
  </info>
</log>
<log realm="Q2.system" at="Wed Feb 21 01:26:06.427 WIB 2018">
  <trace>
    undeploying:/home/ngonar/WebApp/Protonema/deploy/20_mux.xml
  </trace>
</log>
<log realm="Q2.system" at="Wed Feb 21 01:26:06.431 WIB 2018">
  <info>
    undeployed:/home/ngonar/WebApp/Protonema/deploy/20_mux.xml
  </info>
</log>
<log realm="Q2.system" at="Wed Feb 21 01:26:06.433 WIB 2018">
  <trace>
    undeploying:/home/ngonar/WebApp/Protonema/deploy/15_server_port_trxman.xml
  </trace>
</log>
<log realm="Q2.system" at="Wed Feb 21 01:26:06.437 WIB 2018">
  <info>
    undeployed:/home/ngonar/WebApp/Protonema/deploy/15_server_port_trxman.xml
  </info>
</log>
<log realm="Q2.system" at="Wed Feb 21 01:26:06.441 WIB 2018">
  <trace>
    undeploying:/home/ngonar/WebApp/Protonema/deploy/12_biller_channel.xml
  </trace>
</log>
<log realm="Q2.system" at="Wed Feb 21 01:26:06.443 WIB 2018">
  <info>
    undeployed:/home/ngonar/WebApp/Protonema/deploy/12_biller_channel.xml
  </info>
</log>
<log realm="Q2.system" at="Wed Feb 21 01:26:06.445 WIB 2018">
  <trace>
    undeploying:/home/ngonar/WebApp/Protonema/deploy/11_serverport.xml
  </trace>
</log>
<log realm="Q2.system" at="Wed Feb 21 01:26:06.448 WIB 2018">
  <info>
    undeployed:/home/ngonar/WebApp/Protonema/deploy/11_serverport.xml
  </info>
</log>
<log realm="Q2.system" at="Wed Feb 21 01:26:06.450 WIB 2018">
  <trace>
    undeploying:/home/ngonar/WebApp/Protonema/deploy/10_transaction_manager.xml
  </trace>
</log>
<log realm="org.jpos.transaction.TransactionManager" at="Wed Feb 21 01:26:06.453 WIB 2018">
  <info>
    stop Thread[SimpleTransactionManager-4:idle,5,main], active sessions=3
  </info>
</log>
<log realm="org.jpos.transaction.TransactionManager" at="Wed Feb 21 01:26:06.455 WIB 2018" lifespan="2ms">
  <info>
    stop Thread[SimpleTransactionManager-3:idle,5,main], active sessions=4
  </info>
</log>
<log realm="org.jpos.transaction.TransactionManager" at="Wed Feb 21 01:26:06.457 WIB 2018" lifespan="2ms">
  <info>
    stop Thread[SimpleTransactionManager-0:idle,5,main], active sessions=0
  </info>
</log>
<log realm="org.jpos.transaction.TransactionManager" at="Wed Feb 21 01:26:06.460 WIB 2018" lifespan="5ms">
  <info>
    stop Thread[SimpleTransactionManager-1:idle,5,main], active sessions=1
  </info>
</log>
<log realm="org.jpos.transaction.TransactionManager" at="Wed Feb 21 01:26:06.462 WIB 2018" lifespan="7ms">
  <info>
    stop Thread[SimpleTransactionManager-2:idle,5,main], active sessions=2
  </info>
</log>
<log realm="Q2.system" at="Wed Feb 21 01:26:06.464 WIB 2018">
  <info>
    undeployed:/home/ngonar/WebApp/Protonema/deploy/10_transaction_manager.xml
  </info>
</log>
<log realm="Q2.system" at="Wed Feb 21 01:26:06.466 WIB 2018">
  <trace>
    undeploying:/home/ngonar/WebApp/Protonema/deploy/00_logger.xml
  </trace>
</log>
</logger>
<?xml version="1.0" encoding="UTF-8"?>
<logger class="org.jpos.util.DailyLogListener">
<log realm="Q2.system" at="Wed Feb 21 01:26:31.961 WIB 2018" lifespan="667ms">
  <info>
    Q2 started, deployDir=/home/ngonar/WebApp/Protonema/deploy
    
    jPOS 2.0.2 unknown/unknown (2016-08-10 11:16:58 WIT) 

-----BEGIN PGP SIGNED MESSAGE-----
Hash: SHA1

jPOS Community Edition, licensed under GNU AGPL v3.0.
This software is probably not suitable for commercial use.
Please see http://jpos.org/license for details.

-----BEGIN PGP SIGNATURE-----
Version: GnuPG v1.4.9 (Darwin)

iQEcBAEBAgAGBQJMolHDAAoJEOQyeO71nYtFv74H/3OgehDGEy1VXp2U3/GcAobg
HH2eZjPUz53r38ARPiU3pzm9LwDa3WZgJJaa/b9VrJwKvbPwe9+0kY3gScDE1skT
ladHt+KHHmGQArEutkzHlpZa73RbroFEIa1qmN6MaDEHGoxZqDh0Sv2cpvOaVYGO
St8ZaddLBPC17bSjAPWo9sWbvL7FgPFOHhnPmbeux8SLtnfWxXWsgo5hLBanKmO1
1z+I/w/6DL6ZYZU6bAJUk+eyVVImJqw0x3IEElI07Nh9MC6BA4iJ77ejobj8HI2r
q9ulRPEqH9NR79619lNKVUkE206dVlXo7xHmJS1QZy5v/GT66xBxyDVfTduPFXk=
=oP+v
-----END PGP SIGNATURE-----

  </info>
</log>
<log realm="Q2.system" at="Wed Feb 21 01:26:31.990 WIB 2018" lifespan="20ms">
  <info>
    deploy: /home/ngonar/WebApp/Protonema/deploy/10_transaction_manager.xml
  </info>
</log>
<log realm="Q2.system" at="Wed Feb 21 01:26:32.000 WIB 2018" lifespan="8ms">
  <info>
    deploy: /home/ngonar/WebApp/Protonema/deploy/11_serverport.xml
  </info>
</log>
<log realm="Q2.system" at="Wed Feb 21 01:26:32.008 WIB 2018" lifespan="7ms">
  <info>
    deploy: /home/ngonar/WebApp/Protonema/deploy/12_biller_channel.xml
  </info>
</log>
<log realm="Q2.system" at="Wed Feb 21 01:26:32.014 WIB 2018" lifespan="5ms">
  <info>
    deploy: /home/ngonar/WebApp/Protonema/deploy/15_server_port_trxman.xml
  </info>
</log>
<log realm="Q2.system" at="Wed Feb 21 01:26:32.032 WIB 2018" lifespan="17ms">
  <info>
    deploy: /home/ngonar/WebApp/Protonema/deploy/20_mux.xml
  </info>
</log>
<log realm="protonema.QEcho" at="Wed Feb 21 01:26:32.038 WIB 2018">
  <info>
    constructor
  </info>
</log>
<log realm="Q2.system" at="Wed Feb 21 01:26:32.041 WIB 2018" lifespan="6ms">
  <info>
    deploy: /home/ngonar/WebApp/Protonema/deploy/53_qecho.xml
  </info>
</log>
<log realm="Q2.system" at="Wed Feb 21 01:26:32.048 WIB 2018" lifespan="5ms">
  <info>
    deploy: /home/ngonar/WebApp/Protonema/deploy/99_sysmon.xml
  </info>
</log>
<log realm="org.jpos.transaction.TransactionManager" at="Wed Feb 21 01:26:32.052 WIB 2018">
  <info>
    start Thread[Thread-4,5,main]
  </info>
</log>
<log realm="org.jpos.transaction.TransactionManager" at="Wed Feb 21 01:26:32.054 WIB 2018" lifespan="2ms">
  <info>
    start Thread[Thread-7,5,main]
  </info>
</log>
<log realm="org.jpos.transaction.TransactionManager" at="Wed Feb 21 01:26:32.056 WIB 2018" lifespan="4ms">
  <info>
    start Thread[Thread-6,5,main]
  </info>
</log>
<log realm="org.jpos.transaction.TransactionManager" at="Wed Feb 21 01:26:32.058 WIB 2018" lifespan="6ms">
  <info>
    start Thread[Thread-5,5,main]
  </info>
</log>
<log realm="org.jpos.transaction.TransactionManager" at="Wed Feb 21 01:26:32.059 WIB 2018" lifespan="6ms">
  <info>
    start Thread[Thread-8,5,main]
  </info>
</log>
<log realm="srv.server" at="Wed Feb 21 01:26:32.095 WIB 2018">
  <iso-server>
    listening on port 9991
  </iso-server>
</log>
<log realm="channel" at="Wed Feb 21 01:26:32.097 WIB 2018" lifespan="3ms">
  <connect>
    localhost:8888
      Connection refused
    Unable to connect
  </connect>
</log>
<log realm="org.jpos.q2.iso.ChannelAdaptor" at="Wed Feb 21 01:26:32.099 WIB 2018">
  <warn>
    check-connection
    Unable to connect
  </warn>
</log>
<log realm="ServerTrxMan.server" at="Wed Feb 21 01:26:32.102 WIB 2018">
  <iso-server>
    listening on port 2300
  </iso-server>
</log>
<log realm="org.jpos.q2.qbean.SystemMonitor" at="Wed Feb 21 01:26:32.103 WIB 2018" lifespan="1ms">
  <info>
    Starting SystemMonitor
  </info>
</log>
<log realm="org.jpos.q2.qbean.SystemMonitor" at="Wed Feb 21 01:26:32.105 WIB 2018">
  <info>
               OS: Linux
             host: ngonar/127.0.1.1
          version: 2.0.2 (unknown)
         instance: 37853f98-8501-4911-96ac-d791b45e820f
           uptime: 00:00:01.097
       processors: 4
           drift : 0
    memory(t/u/f): 119/16/102
          threads: 27
            Thread[Reference Handler,10,system]
            Thread[Finalizer,8,system]
            Thread[Signal Dispatcher,9,system]
            Thread[Q2-37853f98-8501-4911-96ac-d791b45e820f,5,main]
            Thread[DestroyJavaVM,5,main]
            Thread[pool-1-thread-1,5,main]
            Thread[Timer-0,5,main]
            Thread[Timer-1,5,main]
            Thread[SimpleTransactionManager-0:idle,5,main]
            Thread[SimpleTransactionManager-1:idle,5,main]
            Thread[SimpleTransactionManager-2:idle,5,main]
            Thread[SimpleTransactionManager-3:idle,5,main]
            Thread[SimpleTransactionManager-4:idle,5,main]
            Thread[Thread-9,5,main]
            Thread[channel-sender-biller-send,5,main]
            Thread[channel-receiver-biller-receive,5,main]
            Thread[Thread-12,5,main]
            Thread[Thread-13,5,main]
            Thread[SystemMonitor,5,main]
            Thread[srv-ThreadPool.PooledThread-0,5,srv-ThreadPool-0]
            Thread[ServerTrxMan-ThreadPool.PooledThread-1,5,ServerTrxMan-ThreadPool-1]
            Thread[ServerTrxMan-ThreadPool.PooledThread-2,5,ServerTrxMan-ThreadPool-1]
            Thread[ServerTrxMan-ThreadPool.PooledThread-3,5,ServerTrxMan-ThreadPool-1]
            Thread[ServerTrxMan-ThreadPool.PooledThread-4,5,ServerTrxMan-ThreadPool-1]
            Thread[ServerTrxMan-ThreadPool.PooledThread-5,5,ServerTrxMan-ThreadPool-1]
            Thread[ServerTrxMan-ThreadPool.PooledThread-6,5,ServerTrxMan-ThreadPool-1]
            Thread[ServerTrxMan-ThreadPool.PooledThread-7,5,ServerTrxMan-ThreadPool-1]
            Thread[ServerTrxMan-ThreadPool.PooledThread-8,5,ServerTrxMan-ThreadPool-1]
            Thread[ServerTrxMan-ThreadPool.PooledThread-9,5,ServerTrxMan-ThreadPool-1]
            Thread[ServerTrxMan-ThreadPool.PooledThread-10,5,ServerTrxMan-ThreadPool-1]
         encoding: UTF-8
    name-registrar:
      logger.Q2: org.jpos.util.Logger
      server.srv: org.jpos.iso.ISOServer
        connected=0, rx=0, tx=0, last=0
      ServerTrxMan: org.jpos.q2.iso.QServer
      tspace:symphoni: org.jpos.space.TSpace
        <keycount>-1</keycount>
        <gcinfo>0,0</gcinfo>

      srv: org.jpos.q2.iso.QServer
      SimpleTransactionManager: org.jpos.transaction.TransactionManager
      biller-channel-adaptor: org.jpos.q2.iso.ChannelAdaptor
        tx=0, rx=0, connects=0, last=0
      tspace:default: org.jpos.space.TSpace
        <keycount>-1</keycount>
        <gcinfo>0,0</gcinfo>

      channel.biller-channel-adaptor: org.jpos.iso.channel.ASCIIChannel
      tspace:org.jpos.transaction.TransactionManager@55e95e9e: org.jpos.space.TSpace
        <key count='1'>$HEAD</key>
        <key count='1'>$TAIL</key>
        <keycount>1</keycount>
        <gcinfo>0,0</gcinfo>

      transient:default: org.jpos.space.TSpace
        <key count='1'>$TAILLOCK.1441357470</key>
        <keycount>0</keycount>
        <gcinfo>0,0</gcinfo>

      server.ServerTrxMan: org.jpos.iso.ISOServer
        connected=0, rx=0, tx=0, last=0
      logger.Q2.buffered: org.jpos.util.BufferedLogListener
      tspace:biller: org.jpos.space.TSpace
        <keycount>-1</keycount>
        <gcinfo>0,0</gcinfo>

      mux.jPOS-AUTORESPONDER: org.jpos.q2.iso.QMUX
        tx=0, rx=0, tx_expired=0, tx_pending=0, rx_expired=0, rx_pending=0, rx_unhandled=0, rx_forwarded=0, connected=false, last=0
  </info>
</log>
<log realm="channel" at="Wed Feb 21 01:26:33.101 WIB 2018" lifespan="1ms">
  <connect>
    localhost:8888
      Connection refused
    Unable to connect
  </connect>
</log>
<log realm="org.jpos.q2.iso.ChannelAdaptor" at="Wed Feb 21 01:26:33.104 WIB 2018">
  <warn>
    check-connection
    Unable to connect
  </warn>
</log>
<log realm="channel" at="Wed Feb 21 01:26:34.107 WIB 2018" lifespan="1ms">
  <connect>
    localhost:8888
      Connection refused
    Unable to connect
  </connect>
</log>
<log realm="org.jpos.q2.iso.ChannelAdaptor" at="Wed Feb 21 01:26:34.111 WIB 2018">
  <warn>
    check-connection
    Unable to connect
  </warn>
</log>
<log realm="channel" at="Wed Feb 21 01:26:35.115 WIB 2018">
  <connect>
    localhost:8888
      Connection refused
    Unable to connect
  </connect>
</log>
<log realm="org.jpos.q2.iso.ChannelAdaptor" at="Wed Feb 21 01:26:35.117 WIB 2018">
  <warn>
    check-connection
    Unable to connect
  </warn>
</log>
<log realm="Q2.system" at="Wed Feb 21 01:26:36.090 WIB 2018">
  <info>
    shutting down (hook)
  </info>
</log>
<log realm="channel" at="Wed Feb 21 01:26:36.119 WIB 2018">
  <connect>
    localhost:8888
      Connection refused
    Unable to connect
  </connect>
</log>
<log realm="org.jpos.q2.iso.ChannelAdaptor" at="Wed Feb 21 01:26:36.123 WIB 2018">
  <warn>
    check-connection
    Unable to connect
  </warn>
</log>
<log realm="Q2.system" at="Wed Feb 21 01:26:37.114 WIB 2018">
  <trace>
    undeploying:/home/ngonar/WebApp/Protonema/deploy/99_sysmon.xml
  </trace>
</log>
<log realm="org.jpos.q2.qbean.SystemMonitor" at="Wed Feb 21 01:26:37.117 WIB 2018">
  <info>
    Stopping SystemMonitor
  </info>
</log>
<log realm="Q2.system" at="Wed Feb 21 01:26:37.120 WIB 2018">
  <info>
    undeployed:/home/ngonar/WebApp/Protonema/deploy/99_sysmon.xml
  </info>
</log>
<log realm="Q2.system" at="Wed Feb 21 01:26:37.122 WIB 2018">
  <trace>
    undeploying:/home/ngonar/WebApp/Protonema/deploy/53_qecho.xml
  </trace>
</log>
<log realm="Q2.system" at="Wed Feb 21 01:26:37.125 WIB 2018">
  <info>
    undeployed:/home/ngonar/WebApp/Protonema/deploy/53_qecho.xml
  </info>
</log>
<log realm="channel" at="Wed Feb 21 01:26:37.129 WIB 2018" lifespan="3ms">
  <connect>
    localhost:8888
      Connection refused
    Unable to connect
  </connect>
</log>
<log realm="Q2.system" at="Wed Feb 21 01:26:37.133 WIB 2018" lifespan="4ms">
  <trace>
    undeploying:/home/ngonar/WebApp/Protonema/deploy/20_mux.xml
  </trace>
</log>
<log realm="org.jpos.q2.iso.ChannelAdaptor" at="Wed Feb 21 01:26:37.135 WIB 2018" lifespan="2ms">
  <warn>
    check-connection
    Unable to connect
  </warn>
</log>
<log realm="Q2.system" at="Wed Feb 21 01:26:37.138 WIB 2018" lifespan="2ms">
  <info>
    undeployed:/home/ngonar/WebApp/Protonema/deploy/20_mux.xml
  </info>
</log>
<log realm="Q2.system" at="Wed Feb 21 01:26:37.140 WIB 2018">
  <trace>
    undeploying:/home/ngonar/WebApp/Protonema/deploy/15_server_port_trxman.xml
  </trace>
</log>
<log realm="Q2.system" at="Wed Feb 21 01:26:37.143 WIB 2018">
  <info>
    undeployed:/home/ngonar/WebApp/Protonema/deploy/15_server_port_trxman.xml
  </info>
</log>
<log realm="Q2.system" at="Wed Feb 21 01:26:37.146 WIB 2018">
  <trace>
    undeploying:/home/ngonar/WebApp/Protonema/deploy/12_biller_channel.xml
  </trace>
</log>
<log realm="Q2.system" at="Wed Feb 21 01:26:37.148 WIB 2018">
  <info>
    undeployed:/home/ngonar/WebApp/Protonema/deploy/12_biller_channel.xml
  </info>
</log>
<log realm="Q2.system" at="Wed Feb 21 01:26:37.150 WIB 2018">
  <trace>
    undeploying:/home/ngonar/WebApp/Protonema/deploy/11_serverport.xml
  </trace>
</log>
<log realm="Q2.system" at="Wed Feb 21 01:26:37.152 WIB 2018">
  <info>
    undeployed:/home/ngonar/WebApp/Protonema/deploy/11_serverport.xml
  </info>
</log>
<log realm="Q2.system" at="Wed Feb 21 01:26:37.154 WIB 2018">
  <trace>
    undeploying:/home/ngonar/WebApp/Protonema/deploy/10_transaction_manager.xml
  </trace>
</log>
<log realm="org.jpos.transaction.TransactionManager" at="Wed Feb 21 01:26:37.156 WIB 2018">
  <info>
    stop Thread[SimpleTransactionManager-4:idle,5,main], active sessions=4
  </info>
</log>
<log realm="org.jpos.transaction.TransactionManager" at="Wed Feb 21 01:26:37.158 WIB 2018" lifespan="1ms">
  <info>
    stop Thread[SimpleTransactionManager-0:idle,5,main], active sessions=0
  </info>
</log>
<log realm="org.jpos.transaction.TransactionManager" at="Wed Feb 21 01:26:37.160 WIB 2018" lifespan="3ms">
  <info>
    stop Thread[SimpleTransactionManager-3:idle,5,main], active sessions=1
  </info>
</log>
<log realm="org.jpos.transaction.TransactionManager" at="Wed Feb 21 01:26:37.162 WIB 2018" lifespan="6ms">
  <info>
    stop Thread[SimpleTransactionManager-2:idle,5,main], active sessions=2
  </info>
</log>
<log realm="org.jpos.transaction.TransactionManager" at="Wed Feb 21 01:26:37.164 WIB 2018" lifespan="8ms">
  <info>
    stop Thread[SimpleTransactionManager-1:idle,5,main], active sessions=3
  </info>
</log>
<log realm="Q2.system" at="Wed Feb 21 01:26:37.166 WIB 2018">
  <info>
    undeployed:/home/ngonar/WebApp/Protonema/deploy/10_transaction_manager.xml
  </info>
</log>
<log realm="Q2.system" at="Wed Feb 21 01:26:37.168 WIB 2018">
  <trace>
    undeploying:/home/ngonar/WebApp/Protonema/deploy/00_logger.xml
  </trace>
</log>
</logger>
<?xml version="1.0" encoding="UTF-8"?>
<logger class="org.jpos.util.DailyLogListener">
<log realm="Q2.system" at="Wed Feb 21 01:26:45.946 WIB 2018" lifespan="662ms">
  <info>
    Q2 started, deployDir=/home/ngonar/WebApp/Protonema/deploy
    
    jPOS 2.0.2 unknown/unknown (2016-08-10 11:16:58 WIT) 

-----BEGIN PGP SIGNED MESSAGE-----
Hash: SHA1

jPOS Community Edition, licensed under GNU AGPL v3.0.
This software is probably not suitable for commercial use.
Please see http://jpos.org/license for details.

-----BEGIN PGP SIGNATURE-----
Version: GnuPG v1.4.9 (Darwin)

iQEcBAEBAgAGBQJMolHDAAoJEOQyeO71nYtFv74H/3OgehDGEy1VXp2U3/GcAobg
HH2eZjPUz53r38ARPiU3pzm9LwDa3WZgJJaa/b9VrJwKvbPwe9+0kY3gScDE1skT
ladHt+KHHmGQArEutkzHlpZa73RbroFEIa1qmN6MaDEHGoxZqDh0Sv2cpvOaVYGO
St8ZaddLBPC17bSjAPWo9sWbvL7FgPFOHhnPmbeux8SLtnfWxXWsgo5hLBanKmO1
1z+I/w/6DL6ZYZU6bAJUk+eyVVImJqw0x3IEElI07Nh9MC6BA4iJ77ejobj8HI2r
q9ulRPEqH9NR79619lNKVUkE206dVlXo7xHmJS1QZy5v/GT66xBxyDVfTduPFXk=
=oP+v
-----END PGP SIGNATURE-----

  </info>
</log>
<log realm="Q2.system" at="Wed Feb 21 01:26:45.976 WIB 2018" lifespan="20ms">
  <info>
    deploy: /home/ngonar/WebApp/Protonema/deploy/10_transaction_manager.xml
  </info>
</log>
<log realm="Q2.system" at="Wed Feb 21 01:26:45.987 WIB 2018" lifespan="10ms">
  <info>
    deploy: /home/ngonar/WebApp/Protonema/deploy/11_serverport.xml
  </info>
</log>
<log realm="Q2.system" at="Wed Feb 21 01:26:45.996 WIB 2018" lifespan="8ms">
  <info>
    deploy: /home/ngonar/WebApp/Protonema/deploy/12_biller_channel.xml
  </info>
</log>
<log realm="Q2.system" at="Wed Feb 21 01:26:46.002 WIB 2018" lifespan="5ms">
  <info>
    deploy: /home/ngonar/WebApp/Protonema/deploy/15_server_port_trxman.xml
  </info>
</log>
<log realm="Q2.system" at="Wed Feb 21 01:26:46.023 WIB 2018" lifespan="20ms">
  <info>
    deploy: /home/ngonar/WebApp/Protonema/deploy/20_mux.xml
  </info>
</log>
<log realm="protonema.QEcho" at="Wed Feb 21 01:26:46.028 WIB 2018">
  <info>
    constructor
  </info>
</log>
<log realm="Q2.system" at="Wed Feb 21 01:26:46.031 WIB 2018" lifespan="7ms">
  <info>
    deploy: /home/ngonar/WebApp/Protonema/deploy/53_qecho.xml
  </info>
</log>
<log realm="Q2.system" at="Wed Feb 21 01:26:46.038 WIB 2018" lifespan="6ms">
  <info>
    deploy: /home/ngonar/WebApp/Protonema/deploy/99_sysmon.xml
  </info>
</log>
<log realm="org.jpos.transaction.TransactionManager" at="Wed Feb 21 01:26:46.042 WIB 2018">
  <info>
    start Thread[Thread-4,5,main]
  </info>
</log>
<log realm="org.jpos.transaction.TransactionManager" at="Wed Feb 21 01:26:46.043 WIB 2018">
  <info>
    start Thread[Thread-6,5,main]
  </info>
</log>
<log realm="org.jpos.transaction.TransactionManager" at="Wed Feb 21 01:26:46.045 WIB 2018" lifespan="3ms">
  <info>
    start Thread[Thread-5,5,main]
  </info>
</log>
<log realm="org.jpos.transaction.TransactionManager" at="Wed Feb 21 01:26:46.046 WIB 2018" lifespan="2ms">
  <info>
    start Thread[Thread-8,5,main]
  </info>
</log>
<log realm="org.jpos.transaction.TransactionManager" at="Wed Feb 21 01:26:46.048 WIB 2018" lifespan="4ms">
  <info>
    start Thread[Thread-7,5,main]
  </info>
</log>
<log realm="srv.server" at="Wed Feb 21 01:26:46.079 WIB 2018">
  <iso-server>
    listening on port 9991
  </iso-server>
</log>
<log realm="ServerTrxMan.server" at="Wed Feb 21 01:26:46.085 WIB 2018">
  <iso-server>
    listening on port 2300
  </iso-server>
</log>
<log realm="channel" at="Wed Feb 21 01:26:46.087 WIB 2018" lifespan="5ms">
  <connect>
    localhost:8888
      Connection refused
    Unable to connect
  </connect>
</log>
<log realm="org.jpos.q2.qbean.SystemMonitor" at="Wed Feb 21 01:26:46.088 WIB 2018" lifespan="1ms">
  <info>
    Starting SystemMonitor
  </info>
</log>
<log realm="org.jpos.q2.iso.ChannelAdaptor" at="Wed Feb 21 01:26:46.090 WIB 2018" lifespan="1ms">
  <warn>
    check-connection
    Unable to connect
  </warn>
</log>
<log realm="org.jpos.q2.qbean.SystemMonitor" at="Wed Feb 21 01:26:46.091 WIB 2018">
  <info>
               OS: Linux
             host: ngonar/127.0.1.1
          version: 2.0.2 (unknown)
         instance: d3a2d448-9602-4ab8-ae2d-8d58da13a253
           uptime: 00:00:01.101
       processors: 4
           drift : 0
    memory(t/u/f): 119/16/102
          threads: 27
            Thread[Reference Handler,10,system]
            Thread[Finalizer,8,system]
            Thread[Signal Dispatcher,9,system]
            Thread[Q2-d3a2d448-9602-4ab8-ae2d-8d58da13a253,5,main]
            Thread[DestroyJavaVM,5,main]
            Thread[pool-1-thread-1,5,main]
            Thread[Timer-0,5,main]
            Thread[Timer-1,5,main]
            Thread[SimpleTransactionManager-0:idle,5,main]
            Thread[SimpleTransactionManager-1:idle,5,main]
            Thread[SimpleTransactionManager-2:idle,5,main]
            Thread[SimpleTransactionManager-3:idle,5,main]
            Thread[SimpleTransactionManager-4:idle,5,main]
            Thread[Thread-9,5,main]
            Thread[channel-sender-biller-send,5,main]
            Thread[channel-receiver-biller-receive,5,main]
            Thread[Thread-12,5,main]
            Thread[Thread-13,5,main]
            Thread[SystemMonitor,5,main]
            Thread[srv-ThreadPool.PooledThread-0,5,srv-ThreadPool-0]
            Thread[ServerTrxMan-ThreadPool.PooledThread-1,5,ServerTrxMan-ThreadPool-1]
            Thread[ServerTrxMan-ThreadPool.PooledThread-2,5,ServerTrxMan-ThreadPool-1]
            Thread[ServerTrxMan-ThreadPool.PooledThread-3,5,ServerTrxMan-ThreadPool-1]
            Thread[ServerTrxMan-ThreadPool.PooledThread-4,5,ServerTrxMan-ThreadPool-1]
            Thread[ServerTrxMan-ThreadPool.PooledThread-5,5,ServerTrxMan-ThreadPool-1]
            Thread[ServerTrxMan-ThreadPool.PooledThread-6,5,ServerTrxMan-ThreadPool-1]
            Thread[ServerTrxMan-ThreadPool.PooledThread-7,5,ServerTrxMan-ThreadPool-1]
            Thread[ServerTrxMan-ThreadPool.PooledThread-8,5,ServerTrxMan-ThreadPool-1]
            Thread[ServerTrxMan-ThreadPool.PooledThread-9,5,ServerTrxMan-ThreadPool-1]
            Thread[ServerTrxMan-ThreadPool.PooledThread-10,5,ServerTrxMan-ThreadPool-1]
         encoding: UTF-8
    name-registrar:
      logger.Q2: org.jpos.util.Logger
      server.srv: org.jpos.iso.ISOServer
        connected=0, rx=0, tx=0, last=0
      ServerTrxMan: org.jpos.q2.iso.QServer
      tspace:symphoni: org.jpos.space.TSpace
        <keycount>-1</keycount>
        <gcinfo>0,0</gcinfo>

      srv: org.jpos.q2.iso.QServer
      SimpleTransactionManager: org.jpos.transaction.TransactionManager
      biller-channel-adaptor: org.jpos.q2.iso.ChannelAdaptor
        tx=0, rx=0, connects=0, last=0
      tspace:default: org.jpos.space.TSpace
        <keycount>-1</keycount>
        <gcinfo>0,0</gcinfo>

      channel.biller-channel-adaptor: org.jpos.iso.channel.ASCIIChannel
      transient:default: org.jpos.space.TSpace
        <key count='1'>$TAILLOCK.1279460130</key>
        <keycount>0</keycount>
        <gcinfo>0,0</gcinfo>

      server.ServerTrxMan: org.jpos.iso.ISOServer
        connected=0, rx=0, tx=0, last=0
      logger.Q2.buffered: org.jpos.util.BufferedLogListener
      tspace:biller: org.jpos.space.TSpace
        <keycount>-1</keycount>
        <gcinfo>0,0</gcinfo>

      mux.jPOS-AUTORESPONDER: org.jpos.q2.iso.QMUX
        tx=0, rx=0, tx_expired=0, tx_pending=0, rx_expired=0, rx_pending=0, rx_unhandled=0, rx_forwarded=0, connected=false, last=0
      tspace:org.jpos.transaction.TransactionManager@4c430322: org.jpos.space.TSpace
        <key count='1'>$HEAD</key>
        <key count='1'>$TAIL</key>
        <keycount>1</keycount>
        <gcinfo>0,0</gcinfo>

  </info>
</log>
<log realm="channel" at="Wed Feb 21 01:26:47.092 WIB 2018" lifespan="1ms">
  <connect>
    localhost:8888
      Connection refused
    Unable to connect
  </connect>
</log>
<log realm="org.jpos.q2.iso.ChannelAdaptor" at="Wed Feb 21 01:26:47.093 WIB 2018">
  <warn>
    check-connection
    Unable to connect
  </warn>
</log>
<log realm="channel" at="Wed Feb 21 01:26:48.096 WIB 2018" lifespan="1ms">
  <connect>
    localhost:8888
      Connection refused
    Unable to connect
  </connect>
</log>
<log realm="org.jpos.q2.iso.ChannelAdaptor" at="Wed Feb 21 01:26:48.099 WIB 2018">
  <warn>
    check-connection
    Unable to connect
  </warn>
</log>
<log realm="channel" at="Wed Feb 21 01:26:49.102 WIB 2018">
  <connect>
    localhost:8888
      Connection refused
    Unable to connect
  </connect>
</log>
<log realm="org.jpos.q2.iso.ChannelAdaptor" at="Wed Feb 21 01:26:49.104 WIB 2018">
  <warn>
    check-connection
    Unable to connect
  </warn>
</log>
<log realm="channel" at="Wed Feb 21 01:26:50.107 WIB 2018" lifespan="1ms">
  <connect>
    localhost:8888
      Connection refused
    Unable to connect
  </connect>
</log>
<log realm="org.jpos.q2.iso.ChannelAdaptor" at="Wed Feb 21 01:26:50.110 WIB 2018">
  <warn>
    check-connection
    Unable to connect
  </warn>
</log>
<log realm="Q2.system" at="Wed Feb 21 01:26:50.294 WIB 2018" lifespan="1ms">
  <info>
    shutting down (hook)
  </info>
</log>
<log realm="Q2.system" at="Wed Feb 21 01:26:51.098 WIB 2018">
  <trace>
    undeploying:/home/ngonar/WebApp/Protonema/deploy/99_sysmon.xml
  </trace>
</log>
<log realm="org.jpos.q2.qbean.SystemMonitor" at="Wed Feb 21 01:26:51.101 WIB 2018">
  <info>
    Stopping SystemMonitor
  </info>
</log>
<log realm="Q2.system" at="Wed Feb 21 01:26:51.105 WIB 2018">
  <info>
    undeployed:/home/ngonar/WebApp/Protonema/deploy/99_sysmon.xml
  </info>
</log>
<log realm="Q2.system" at="Wed Feb 21 01:26:51.109 WIB 2018">
  <trace>
    undeploying:/home/ngonar/WebApp/Protonema/deploy/53_qecho.xml
  </trace>
</log>
<log realm="Q2.system" at="Wed Feb 21 01:26:51.112 WIB 2018">
  <info>
    undeployed:/home/ngonar/WebApp/Protonema/deploy/53_qecho.xml
  </info>
</log>
<log realm="channel" at="Wed Feb 21 01:26:51.115 WIB 2018" lifespan="1ms">
  <connect>
    localhost:8888
      Connection refused
    Unable to connect
  </connect>
</log>
<log realm="Q2.system" at="Wed Feb 21 01:26:51.119 WIB 2018" lifespan="4ms">
  <trace>
    undeploying:/home/ngonar/WebApp/Protonema/deploy/20_mux.xml
  </trace>
</log>
<log realm="org.jpos.q2.iso.ChannelAdaptor" at="Wed Feb 21 01:26:51.122 WIB 2018" lifespan="3ms">
  <warn>
    check-connection
    Unable to connect
  </warn>
</log>
<log realm="Q2.system" at="Wed Feb 21 01:26:51.126 WIB 2018" lifespan="2ms">
  <info>
    undeployed:/home/ngonar/WebApp/Protonema/deploy/20_mux.xml
  </info>
</log>
<log realm="Q2.system" at="Wed Feb 21 01:26:51.130 WIB 2018">
  <trace>
    undeploying:/home/ngonar/WebApp/Protonema/deploy/15_server_port_trxman.xml
  </trace>
</log>
<log realm="Q2.system" at="Wed Feb 21 01:26:51.135 WIB 2018">
  <info>
    undeployed:/home/ngonar/WebApp/Protonema/deploy/15_server_port_trxman.xml
  </info>
</log>
<log realm="Q2.system" at="Wed Feb 21 01:26:51.140 WIB 2018">
  <trace>
    undeploying:/home/ngonar/WebApp/Protonema/deploy/12_biller_channel.xml
  </trace>
</log>
<log realm="Q2.system" at="Wed Feb 21 01:26:51.142 WIB 2018">
  <info>
    undeployed:/home/ngonar/WebApp/Protonema/deploy/12_biller_channel.xml
  </info>
</log>
<log realm="Q2.system" at="Wed Feb 21 01:26:51.144 WIB 2018">
  <trace>
    undeploying:/home/ngonar/WebApp/Protonema/deploy/11_serverport.xml
  </trace>
</log>
<log realm="Q2.system" at="Wed Feb 21 01:26:51.147 WIB 2018">
  <info>
    undeployed:/home/ngonar/WebApp/Protonema/deploy/11_serverport.xml
  </info>
</log>
<log realm="Q2.system" at="Wed Feb 21 01:26:51.150 WIB 2018">
  <trace>
    undeploying:/home/ngonar/WebApp/Protonema/deploy/10_transaction_manager.xml
  </trace>
</log>
<log realm="org.jpos.transaction.TransactionManager" at="Wed Feb 21 01:26:51.152 WIB 2018">
  <info>
    stop Thread[SimpleTransactionManager-3:idle,5,main], active sessions=4
  </info>
</log>
<log realm="org.jpos.transaction.TransactionManager" at="Wed Feb 21 01:26:51.155 WIB 2018" lifespan="3ms">
  <info>
    stop Thread[SimpleTransactionManager-2:idle,5,main], active sessions=1
  </info>
</log>
<log realm="org.jpos.transaction.TransactionManager" at="Wed Feb 21 01:26:51.158 WIB 2018" lifespan="5ms">
  <info>
    stop Thread[SimpleTransactionManager-0:idle,5,main], active sessions=0
  </info>
</log>
<log realm="org.jpos.transaction.TransactionManager" at="Wed Feb 21 01:26:51.161 WIB 2018" lifespan="9ms">
  <info>
    stop Thread[SimpleTransactionManager-1:idle,5,main], active sessions=2
  </info>
</log>
<log realm="org.jpos.transaction.TransactionManager" at="Wed Feb 21 01:26:51.163 WIB 2018" lifespan="11ms">
  <info>
    stop Thread[SimpleTransactionManager-4:idle,5,main], active sessions=3
  </info>
</log>
<log realm="Q2.system" at="Wed Feb 21 01:26:51.166 WIB 2018">
  <info>
    undeployed:/home/ngonar/WebApp/Protonema/deploy/10_transaction_manager.xml
  </info>
</log>
<log realm="Q2.system" at="Wed Feb 21 01:26:51.167 WIB 2018">
  <trace>
    undeploying:/home/ngonar/WebApp/Protonema/deploy/00_logger.xml
  </trace>
</log>
</logger>
<?xml version="1.0" encoding="UTF-8"?>
<logger class="org.jpos.util.DailyLogListener">
<log realm="Q2.system" at="Wed Feb 21 01:28:27.166 WIB 2018" lifespan="717ms">
  <info>
    Q2 started, deployDir=/home/ngonar/WebApp/Protonema/deploy
    
    jPOS 2.0.2 unknown/unknown (2016-08-10 11:16:58 WIT) 

-----BEGIN PGP SIGNED MESSAGE-----
Hash: SHA1

jPOS Community Edition, licensed under GNU AGPL v3.0.
This software is probably not suitable for commercial use.
Please see http://jpos.org/license for details.

-----BEGIN PGP SIGNATURE-----
Version: GnuPG v1.4.9 (Darwin)

iQEcBAEBAgAGBQJMolHDAAoJEOQyeO71nYtFv74H/3OgehDGEy1VXp2U3/GcAobg
HH2eZjPUz53r38ARPiU3pzm9LwDa3WZgJJaa/b9VrJwKvbPwe9+0kY3gScDE1skT
ladHt+KHHmGQArEutkzHlpZa73RbroFEIa1qmN6MaDEHGoxZqDh0Sv2cpvOaVYGO
St8ZaddLBPC17bSjAPWo9sWbvL7FgPFOHhnPmbeux8SLtnfWxXWsgo5hLBanKmO1
1z+I/w/6DL6ZYZU6bAJUk+eyVVImJqw0x3IEElI07Nh9MC6BA4iJ77ejobj8HI2r
q9ulRPEqH9NR79619lNKVUkE206dVlXo7xHmJS1QZy5v/GT66xBxyDVfTduPFXk=
=oP+v
-----END PGP SIGNATURE-----

  </info>
</log>
<log realm="Q2.system" at="Wed Feb 21 01:28:27.207 WIB 2018" lifespan="21ms">
  <info>
    deploy: /home/ngonar/WebApp/Protonema/deploy/10_transaction_manager.xml
  </info>
</log>
<log realm="Q2.system" at="Wed Feb 21 01:28:27.218 WIB 2018" lifespan="10ms">
  <info>
    deploy: /home/ngonar/WebApp/Protonema/deploy/11_serverport.xml
  </info>
</log>
<log realm="Q2.system" at="Wed Feb 21 01:28:27.229 WIB 2018" lifespan="9ms">
  <info>
    deploy: /home/ngonar/WebApp/Protonema/deploy/12_biller_channel.xml
  </info>
</log>
<log realm="Q2.system" at="Wed Feb 21 01:28:27.236 WIB 2018" lifespan="5ms">
  <info>
    deploy: /home/ngonar/WebApp/Protonema/deploy/15_server_port_trxman.xml
  </info>
</log>
<log realm="Q2.system" at="Wed Feb 21 01:28:27.255 WIB 2018" lifespan="18ms">
  <info>
    deploy: /home/ngonar/WebApp/Protonema/deploy/20_mux.xml
  </info>
</log>
<log realm="protonema.QEcho" at="Wed Feb 21 01:28:27.262 WIB 2018">
  <info>
    constructor
  </info>
</log>
<log realm="Q2.system" at="Wed Feb 21 01:28:27.264 WIB 2018" lifespan="6ms">
  <info>
    deploy: /home/ngonar/WebApp/Protonema/deploy/53_qecho.xml
  </info>
</log>
<log realm="Q2.system" at="Wed Feb 21 01:28:27.271 WIB 2018" lifespan="5ms">
  <info>
    deploy: /home/ngonar/WebApp/Protonema/deploy/99_sysmon.xml
  </info>
</log>
<log realm="org.jpos.transaction.TransactionManager" at="Wed Feb 21 01:28:27.275 WIB 2018">
  <info>
    start Thread[Thread-4,5,main]
  </info>
</log>
<log realm="org.jpos.transaction.TransactionManager" at="Wed Feb 21 01:28:27.277 WIB 2018" lifespan="1ms">
  <info>
    start Thread[Thread-8,5,main]
  </info>
</log>
<log realm="org.jpos.transaction.TransactionManager" at="Wed Feb 21 01:28:27.279 WIB 2018" lifespan="3ms">
  <info>
    start Thread[Thread-7,5,main]
  </info>
</log>
<log realm="org.jpos.transaction.TransactionManager" at="Wed Feb 21 01:28:27.281 WIB 2018" lifespan="6ms">
  <info>
    start Thread[Thread-6,5,main]
  </info>
</log>
<log realm="org.jpos.transaction.TransactionManager" at="Wed Feb 21 01:28:27.283 WIB 2018" lifespan="8ms">
  <info>
    start Thread[Thread-5,5,main]
  </info>
</log>
<log realm="srv.server" at="Wed Feb 21 01:28:27.315 WIB 2018">
  <iso-server>
    listening on port 9991
  </iso-server>
</log>
<log realm="channel" at="Wed Feb 21 01:28:27.320 WIB 2018" lifespan="3ms">
  <connect>
    localhost:8888
      Connection refused
    Unable to connect
  </connect>
</log>
<log realm="org.jpos.q2.iso.ChannelAdaptor" at="Wed Feb 21 01:28:27.322 WIB 2018">
  <warn>
    check-connection
    Unable to connect
  </warn>
</log>
<log realm="ServerTrxMan.server" at="Wed Feb 21 01:28:27.325 WIB 2018">
  <iso-server>
    listening on port 2300
  </iso-server>
</log>
<log realm="org.jpos.q2.qbean.SystemMonitor" at="Wed Feb 21 01:28:27.326 WIB 2018" lifespan="1ms">
  <info>
    Starting SystemMonitor
  </info>
</log>
<log realm="org.jpos.q2.qbean.SystemMonitor" at="Wed Feb 21 01:28:27.328 WIB 2018">
  <info>
               OS: Linux
             host: ngonar/127.0.1.1
          version: 2.0.2 (unknown)
         instance: 4541f884-5066-4e42-b4ab-37f5cc50e6b9
           uptime: 00:00:01.198
       processors: 4
           drift : 0
    memory(t/u/f): 119/16/102
          threads: 27
            Thread[Reference Handler,10,system]
            Thread[Finalizer,8,system]
            Thread[Signal Dispatcher,9,system]
            Thread[Q2-4541f884-5066-4e42-b4ab-37f5cc50e6b9,5,main]
            Thread[DestroyJavaVM,5,main]
            Thread[pool-1-thread-1,5,main]
            Thread[Timer-0,5,main]
            Thread[Timer-1,5,main]
            Thread[SimpleTransactionManager-0:idle,5,main]
            Thread[SimpleTransactionManager-1:idle,5,main]
            Thread[SimpleTransactionManager-2:idle,5,main]
            Thread[SimpleTransactionManager-3:idle,5,main]
            Thread[SimpleTransactionManager-4:idle,5,main]
            Thread[Thread-9,5,main]
            Thread[channel-sender-biller-send,5,main]
            Thread[channel-receiver-biller-receive,5,main]
            Thread[Thread-12,5,main]
            Thread[Thread-13,5,main]
            Thread[SystemMonitor,5,main]
            Thread[srv-ThreadPool.PooledThread-0,5,srv-ThreadPool-0]
            Thread[ServerTrxMan-ThreadPool.PooledThread-1,5,ServerTrxMan-ThreadPool-1]
            Thread[ServerTrxMan-ThreadPool.PooledThread-2,5,ServerTrxMan-ThreadPool-1]
            Thread[ServerTrxMan-ThreadPool.PooledThread-3,5,ServerTrxMan-ThreadPool-1]
            Thread[ServerTrxMan-ThreadPool.PooledThread-4,5,ServerTrxMan-ThreadPool-1]
            Thread[ServerTrxMan-ThreadPool.PooledThread-5,5,ServerTrxMan-ThreadPool-1]
            Thread[ServerTrxMan-ThreadPool.PooledThread-6,5,ServerTrxMan-ThreadPool-1]
            Thread[ServerTrxMan-ThreadPool.PooledThread-7,5,ServerTrxMan-ThreadPool-1]
            Thread[ServerTrxMan-ThreadPool.PooledThread-8,5,ServerTrxMan-ThreadPool-1]
            Thread[ServerTrxMan-ThreadPool.PooledThread-9,5,ServerTrxMan-ThreadPool-1]
            Thread[ServerTrxMan-ThreadPool.PooledThread-10,5,ServerTrxMan-ThreadPool-1]
         encoding: UTF-8
    name-registrar:
      logger.Q2: org.jpos.util.Logger
      server.srv: org.jpos.iso.ISOServer
        connected=0, rx=0, tx=0, last=0
      ServerTrxMan: org.jpos.q2.iso.QServer
      tspace:symphoni: org.jpos.space.TSpace
        <keycount>-1</keycount>
        <gcinfo>0,0</gcinfo>

      srv: org.jpos.q2.iso.QServer
      SimpleTransactionManager: org.jpos.transaction.TransactionManager
      biller-channel-adaptor: org.jpos.q2.iso.ChannelAdaptor
        tx=0, rx=0, connects=0, last=0
      tspace:default: org.jpos.space.TSpace
        <keycount>-1</keycount>
        <gcinfo>0,0</gcinfo>

      channel.biller-channel-adaptor: org.jpos.iso.channel.ASCIIChannel
      transient:default: org.jpos.space.TSpace
        <key count='1'>$TAILLOCK.1279460130</key>
        <keycount>0</keycount>
        <gcinfo>0,0</gcinfo>

      server.ServerTrxMan: org.jpos.iso.ISOServer
        connected=0, rx=0, tx=0, last=0
      logger.Q2.buffered: org.jpos.util.BufferedLogListener
      tspace:biller: org.jpos.space.TSpace
        <keycount>-1</keycount>
        <gcinfo>0,0</gcinfo>

      mux.jPOS-AUTORESPONDER: org.jpos.q2.iso.QMUX
        tx=0, rx=0, tx_expired=0, tx_pending=0, rx_expired=0, rx_pending=0, rx_unhandled=0, rx_forwarded=0, connected=false, last=0
      tspace:org.jpos.transaction.TransactionManager@4c430322: org.jpos.space.TSpace
        <key count='1'>$HEAD</key>
        <key count='1'>$TAIL</key>
        <keycount>1</keycount>
        <gcinfo>0,0</gcinfo>

  </info>
</log>
<log realm="echo-biller" at="Wed Feb 21 01:28:27.392 WIB 2018">
  <info>
    Echo request : 2800001000008181000020180221012827074567898301SYMPHONI        0070000000
  </info>
</log>
<log realm="channel" at="Wed Feb 21 01:28:28.324 WIB 2018" lifespan="1ms">
  <connect>
    localhost:8888
      Connection refused
    Unable to connect
  </connect>
</log>
<log realm="org.jpos.q2.iso.ChannelAdaptor" at="Wed Feb 21 01:28:28.327 WIB 2018">
  <warn>
    check-connection
    Unable to connect
  </warn>
</log>
<log realm="channel" at="Wed Feb 21 01:28:29.330 WIB 2018" lifespan="1ms">
  <connect>
    localhost:8888
      Connection refused
    Unable to connect
  </connect>
</log>
<log realm="org.jpos.q2.iso.ChannelAdaptor" at="Wed Feb 21 01:28:29.333 WIB 2018">
  <warn>
    check-connection
    Unable to connect
  </warn>
</log>
<log realm="channel" at="Wed Feb 21 01:28:30.335 WIB 2018">
  <connect>
    localhost:8888
      Connection refused
    Unable to connect
  </connect>
</log>
<log realm="org.jpos.q2.iso.ChannelAdaptor" at="Wed Feb 21 01:28:30.338 WIB 2018">
  <warn>
    check-connection
    Unable to connect
  </warn>
</log>
<log realm="channel" at="Wed Feb 21 01:28:31.341 WIB 2018" lifespan="1ms">
  <connect>
    localhost:8888
      Connection refused
    Unable to connect
  </connect>
</log>
<log realm="org.jpos.q2.iso.ChannelAdaptor" at="Wed Feb 21 01:28:31.344 WIB 2018">
  <warn>
    check-connection
    Unable to connect
  </warn>
</log>
<log realm="channel" at="Wed Feb 21 01:28:32.348 WIB 2018" lifespan="1ms">
  <connect>
    localhost:8888
      Connection refused
    Unable to connect
  </connect>
</log>
<log realm="org.jpos.q2.iso.ChannelAdaptor" at="Wed Feb 21 01:28:32.350 WIB 2018">
  <warn>
    check-connection
    Unable to connect
  </warn>
</log>
<log realm="channel" at="Wed Feb 21 01:28:33.354 WIB 2018" lifespan="1ms">
  <connect>
    localhost:8888
      Connection refused
    Unable to connect
  </connect>
</log>
<log realm="org.jpos.q2.iso.ChannelAdaptor" at="Wed Feb 21 01:28:33.357 WIB 2018">
  <warn>
    check-connection
    Unable to connect
  </warn>
</log>
<log realm="Q2.system" at="Wed Feb 21 01:28:33.529 WIB 2018">
  <info>
    shutting down (hook)
  </info>
</log>
<log realm="channel" at="Wed Feb 21 01:28:34.361 WIB 2018" lifespan="1ms">
  <connect>
    localhost:8888
      Connection refused
    Unable to connect
  </connect>
</log>
<log realm="org.jpos.q2.iso.ChannelAdaptor" at="Wed Feb 21 01:28:34.366 WIB 2018">
  <warn>
    check-connection
    Unable to connect
  </warn>
</log>
<log realm="Q2.system" at="Wed Feb 21 01:28:34.837 WIB 2018">
  <trace>
    undeploying:/home/ngonar/WebApp/Protonema/deploy/99_sysmon.xml
  </trace>
</log>
<log realm="org.jpos.q2.qbean.SystemMonitor" at="Wed Feb 21 01:28:34.841 WIB 2018">
  <info>
    Stopping SystemMonitor
  </info>
</log>
<log realm="Q2.system" at="Wed Feb 21 01:28:34.844 WIB 2018">
  <info>
    undeployed:/home/ngonar/WebApp/Protonema/deploy/99_sysmon.xml
  </info>
</log>
<log realm="Q2.system" at="Wed Feb 21 01:28:34.847 WIB 2018">
  <trace>
    undeploying:/home/ngonar/WebApp/Protonema/deploy/53_qecho.xml
  </trace>
</log>
<log realm="Q2.system" at="Wed Feb 21 01:28:34.851 WIB 2018" lifespan="1ms">
  <info>
    undeployed:/home/ngonar/WebApp/Protonema/deploy/53_qecho.xml
  </info>
</log>
<log realm="Q2.system" at="Wed Feb 21 01:28:34.853 WIB 2018">
  <trace>
    undeploying:/home/ngonar/WebApp/Protonema/deploy/20_mux.xml
  </trace>
</log>
<log realm="Q2.system" at="Wed Feb 21 01:28:34.857 WIB 2018">
  <info>
    undeployed:/home/ngonar/WebApp/Protonema/deploy/20_mux.xml
  </info>
</log>
<log realm="Q2.system" at="Wed Feb 21 01:28:34.860 WIB 2018">
  <trace>
    undeploying:/home/ngonar/WebApp/Protonema/deploy/15_server_port_trxman.xml
  </trace>
</log>
<log realm="Q2.system" at="Wed Feb 21 01:28:34.864 WIB 2018">
  <info>
    undeployed:/home/ngonar/WebApp/Protonema/deploy/15_server_port_trxman.xml
  </info>
</log>
<log realm="Q2.system" at="Wed Feb 21 01:28:34.868 WIB 2018">
  <trace>
    undeploying:/home/ngonar/WebApp/Protonema/deploy/12_biller_channel.xml
  </trace>
</log>
<log realm="Q2.system" at="Wed Feb 21 01:28:34.871 WIB 2018">
  <info>
    undeployed:/home/ngonar/WebApp/Protonema/deploy/12_biller_channel.xml
  </info>
</log>
<log realm="Q2.system" at="Wed Feb 21 01:28:34.874 WIB 2018">
  <trace>
    undeploying:/home/ngonar/WebApp/Protonema/deploy/11_serverport.xml
  </trace>
</log>
<log realm="Q2.system" at="Wed Feb 21 01:28:34.876 WIB 2018">
  <info>
    undeployed:/home/ngonar/WebApp/Protonema/deploy/11_serverport.xml
  </info>
</log>
<log realm="Q2.system" at="Wed Feb 21 01:28:34.879 WIB 2018">
  <trace>
    undeploying:/home/ngonar/WebApp/Protonema/deploy/10_transaction_manager.xml
  </trace>
</log>
<log realm="org.jpos.transaction.TransactionManager" at="Wed Feb 21 01:28:34.882 WIB 2018">
  <info>
    stop Thread[SimpleTransactionManager-1:idle,5,main], active sessions=3
  </info>
</log>
<log realm="org.jpos.transaction.TransactionManager" at="Wed Feb 21 01:28:34.884 WIB 2018" lifespan="2ms">
  <info>
    stop Thread[SimpleTransactionManager-0:idle,5,main], active sessions=0
  </info>
</log>
<log realm="org.jpos.transaction.TransactionManager" at="Wed Feb 21 01:28:34.886 WIB 2018" lifespan="4ms">
  <info>
    stop Thread[SimpleTransactionManager-4:idle,5,main], active sessions=1
  </info>
</log>
<log realm="org.jpos.transaction.TransactionManager" at="Wed Feb 21 01:28:34.888 WIB 2018" lifespan="6ms">
  <info>
    stop Thread[SimpleTransactionManager-2:idle,5,main], active sessions=2
  </info>
</log>
<log realm="org.jpos.transaction.TransactionManager" at="Wed Feb 21 01:28:34.891 WIB 2018" lifespan="9ms">
  <info>
    stop Thread[SimpleTransactionManager-3:idle,5,main], active sessions=4
  </info>
</log>
<log realm="Q2.system" at="Wed Feb 21 01:28:34.893 WIB 2018">
  <info>
    undeployed:/home/ngonar/WebApp/Protonema/deploy/10_transaction_manager.xml
  </info>
</log>
<log realm="Q2.system" at="Wed Feb 21 01:28:34.895 WIB 2018">
  <trace>
    undeploying:/home/ngonar/WebApp/Protonema/deploy/00_logger.xml
  </trace>
</log>
</logger>
