<?xml version="1.0" encoding="UTF-8"?>
<logger class="org.jpos.util.DailyLogListener">
<log realm="Q2.system" at="Sun Feb 25 08:06:15.251 WIB 2018">
  <trace>
    undeploying:/home/ngonar/WebApp/Protonema/deploy/00_logger.xml
  </trace>
</log>
</logger>
<?xml version="1.0" encoding="UTF-8"?>
<logger class="org.jpos.util.DailyLogListener">
<log realm="Q2.system" at="Sun Feb 25 08:08:06.305 WIB 2018" lifespan="631ms">
  <info>
    Q2 started, deployDir=/home/ngonar/WebApp/Protonema/deploy
    
    jPOS 2.0.2 unknown/unknown (2016-08-10 11:16:58 WIT) 

-----BEGIN PGP SIGNED MESSAGE-----
Hash: SHA1

jPOS Community Edition, licensed under GNU AGPL v3.0.
This software is probably not suitable for commercial use.
Please see http://jpos.org/license for details.

-----BEGIN PGP SIGNATURE-----
Version: GnuPG v1.4.9 (Darwin)

iQEcBAEBAgAGBQJMolHDAAoJEOQyeO71nYtFv74H/3OgehDGEy1VXp2U3/GcAobg
HH2eZjPUz53r38ARPiU3pzm9LwDa3WZgJJaa/b9VrJwKvbPwe9+0kY3gScDE1skT
ladHt+KHHmGQArEutkzHlpZa73RbroFEIa1qmN6MaDEHGoxZqDh0Sv2cpvOaVYGO
St8ZaddLBPC17bSjAPWo9sWbvL7FgPFOHhnPmbeux8SLtnfWxXWsgo5hLBanKmO1
1z+I/w/6DL6ZYZU6bAJUk+eyVVImJqw0x3IEElI07Nh9MC6BA4iJ77ejobj8HI2r
q9ulRPEqH9NR79619lNKVUkE206dVlXo7xHmJS1QZy5v/GT66xBxyDVfTduPFXk=
=oP+v
-----END PGP SIGNATURE-----

  </info>
</log>
<log realm="Q2.system" at="Sun Feb 25 08:08:06.336 WIB 2018" lifespan="16ms">
  <info>
    deploy: /home/ngonar/WebApp/Protonema/deploy/10_transaction_manager.xml
  </info>
</log>
<log realm="Q2.system" at="Sun Feb 25 08:08:06.346 WIB 2018" lifespan="8ms">
  <info>
    deploy: /home/ngonar/WebApp/Protonema/deploy/11_serverport.xml
  </info>
</log>
<log realm="Q2.system" at="Sun Feb 25 08:08:06.355 WIB 2018" lifespan="8ms">
  <info>
    deploy: /home/ngonar/WebApp/Protonema/deploy/12_biller_channel.xml
  </info>
</log>
<log realm="Q2.system" at="Sun Feb 25 08:08:06.360 WIB 2018" lifespan="4ms">
  <info>
    deploy: /home/ngonar/WebApp/Protonema/deploy/15_server_port_trxman.xml
  </info>
</log>
<log realm="Q2.system" at="Sun Feb 25 08:08:06.383 WIB 2018" lifespan="22ms">
  <info>
    deploy: /home/ngonar/WebApp/Protonema/deploy/20_mux.xml
  </info>
</log>
<log realm="protonema.QEcho" at="Sun Feb 25 08:08:06.389 WIB 2018">
  <info>
    constructor
  </info>
</log>
<log realm="Q2.system" at="Sun Feb 25 08:08:06.391 WIB 2018" lifespan="6ms">
  <info>
    deploy: /home/ngonar/WebApp/Protonema/deploy/53_qecho.xml
  </info>
</log>
<log realm="Q2.system" at="Sun Feb 25 08:08:06.398 WIB 2018" lifespan="5ms">
  <info>
    deploy: /home/ngonar/WebApp/Protonema/deploy/99_sysmon.xml
  </info>
</log>
<log realm="org.jpos.transaction.TransactionManager" at="Sun Feb 25 08:08:06.402 WIB 2018">
  <info>
    start Thread[Thread-4,5,main]
  </info>
</log>
<log realm="org.jpos.transaction.TransactionManager" at="Sun Feb 25 08:08:06.404 WIB 2018" lifespan="1ms">
  <info>
    start Thread[Thread-8,5,main]
  </info>
</log>
<log realm="org.jpos.transaction.TransactionManager" at="Sun Feb 25 08:08:06.406 WIB 2018" lifespan="3ms">
  <info>
    start Thread[Thread-7,5,main]
  </info>
</log>
<log realm="org.jpos.transaction.TransactionManager" at="Sun Feb 25 08:08:06.408 WIB 2018" lifespan="6ms">
  <info>
    start Thread[Thread-6,5,main]
  </info>
</log>
<log realm="org.jpos.transaction.TransactionManager" at="Sun Feb 25 08:08:06.410 WIB 2018" lifespan="8ms">
  <info>
    start Thread[Thread-5,5,main]
  </info>
</log>
<log realm="srv.server" at="Sun Feb 25 08:08:06.438 WIB 2018">
  <iso-server>
    listening on port 9991
  </iso-server>
</log>
<log realm="channel/127.0.0.1:2300" at="Sun Feb 25 08:08:06.445 WIB 2018" lifespan="7ms">
  <connect>
    localhost:2300
  </connect>
</log>
<log realm="ServerTrxMan.server" at="Sun Feb 25 08:08:06.450 WIB 2018">
  <iso-server>
    listening on port 2333
  </iso-server>
</log>
<log realm="org.jpos.q2.qbean.SystemMonitor" at="Sun Feb 25 08:08:06.451 WIB 2018" lifespan="1ms">
  <info>
    Starting SystemMonitor
  </info>
</log>
<log realm="org.jpos.q2.qbean.SystemMonitor" at="Sun Feb 25 08:08:06.453 WIB 2018">
  <info>
               OS: Linux
             host: ngonar/127.0.1.1
          version: 2.0.2 (unknown)
         instance: 701ef84f-44d2-4b8f-be80-4b001e5b7a79
           uptime: 00:00:01.067
       processors: 4
           drift : 0
    memory(t/u/f): 119/16/102
          threads: 27
            Thread[Reference Handler,10,system]
            Thread[Finalizer,8,system]
            Thread[Signal Dispatcher,9,system]
            Thread[Q2-701ef84f-44d2-4b8f-be80-4b001e5b7a79,5,main]
            Thread[DestroyJavaVM,5,main]
            Thread[pool-1-thread-1,5,main]
            Thread[Timer-0,5,main]
            Thread[Timer-1,5,main]
            Thread[SimpleTransactionManager-0:idle,5,main]
            Thread[SimpleTransactionManager-1:idle,5,main]
            Thread[SimpleTransactionManager-2:idle,5,main]
            Thread[SimpleTransactionManager-3:idle,5,main]
            Thread[SimpleTransactionManager-4:idle,5,main]
            Thread[Thread-9,5,main]
            Thread[channel-sender-biller-send,5,main]
            Thread[channel-receiver-biller-receive,5,main]
            Thread[Thread-12,5,main]
            Thread[Thread-13,5,main]
            Thread[SystemMonitor,5,main]
            Thread[srv-ThreadPool.PooledThread-0,5,srv-ThreadPool-0]
            Thread[ServerTrxMan-ThreadPool.PooledThread-1,5,ServerTrxMan-ThreadPool-1]
            Thread[ServerTrxMan-ThreadPool.PooledThread-2,5,ServerTrxMan-ThreadPool-1]
            Thread[ServerTrxMan-ThreadPool.PooledThread-3,5,ServerTrxMan-ThreadPool-1]
            Thread[ServerTrxMan-ThreadPool.PooledThread-4,5,ServerTrxMan-ThreadPool-1]
            Thread[ServerTrxMan-ThreadPool.PooledThread-5,5,ServerTrxMan-ThreadPool-1]
            Thread[ServerTrxMan-ThreadPool.PooledThread-6,5,ServerTrxMan-ThreadPool-1]
            Thread[ServerTrxMan-ThreadPool.PooledThread-7,5,ServerTrxMan-ThreadPool-1]
            Thread[ServerTrxMan-ThreadPool.PooledThread-8,5,ServerTrxMan-ThreadPool-1]
            Thread[ServerTrxMan-ThreadPool.PooledThread-9,5,ServerTrxMan-ThreadPool-1]
            Thread[ServerTrxMan-ThreadPool.PooledThread-10,5,ServerTrxMan-ThreadPool-1]
         encoding: UTF-8
    name-registrar:
      logger.Q2: org.jpos.util.Logger
      server.srv: org.jpos.iso.ISOServer
        connected=0, rx=0, tx=0, last=0
      ServerTrxMan: org.jpos.q2.iso.QServer
      tspace:symphoni: org.jpos.space.TSpace
        <keycount>-1</keycount>
        <gcinfo>0,0</gcinfo>

      srv: org.jpos.q2.iso.QServer
      SimpleTransactionManager: org.jpos.transaction.TransactionManager
      biller-channel-adaptor: org.jpos.q2.iso.ChannelAdaptor
        tx=0, rx=0, connects=1, last=0
      tspace:default: org.jpos.space.TSpace
        <keycount>-1</keycount>
        <gcinfo>0,0</gcinfo>

      channel.biller-channel-adaptor: org.jpos.iso.channel.ASCIIChannel
      transient:default: org.jpos.space.TSpace
        <key count='1'>$TAILLOCK.1279460130</key>
        <keycount>0</keycount>
        <gcinfo>0,0</gcinfo>

      server.ServerTrxMan: org.jpos.iso.ISOServer
        connected=0, rx=0, tx=0, last=0
      logger.Q2.buffered: org.jpos.util.BufferedLogListener
      tspace:biller: org.jpos.space.TSpace
        <key count='1'>biller-channel-adaptor.ready</key>
        <keycount>0</keycount>
        <gcinfo>0,0</gcinfo>

      mux.jPOS-AUTORESPONDER: org.jpos.q2.iso.QMUX
        tx=0, rx=0, tx_expired=0, tx_pending=0, rx_expired=0, rx_pending=0, rx_unhandled=0, rx_forwarded=0, connected=false, last=0
      tspace:org.jpos.transaction.TransactionManager@4c430322: org.jpos.space.TSpace
        <key count='1'>$HEAD</key>
        <key count='1'>$TAIL</key>
        <keycount>1</keycount>
        <gcinfo>0,0</gcinfo>

  </info>
</log>
<log realm="echo-biller" at="Sun Feb 25 08:08:06.509 WIB 2018">
  <info>
    Echo request : 08000010000081810000201802074567898301SYMPHONI0070000000
  </info>
</log>
<log realm="Q2.system" at="Sun Feb 25 08:08:13.551 WIB 2018">
  <info>
    shutting down (hook)
  </info>
</log>
<log realm="Q2.system" at="Sun Feb 25 08:08:13.963 WIB 2018" lifespan="1ms">
  <trace>
    undeploying:/home/ngonar/WebApp/Protonema/deploy/99_sysmon.xml
  </trace>
</log>
<log realm="org.jpos.q2.qbean.SystemMonitor" at="Sun Feb 25 08:08:13.966 WIB 2018">
  <info>
    Stopping SystemMonitor
  </info>
</log>
<log realm="Q2.system" at="Sun Feb 25 08:08:13.970 WIB 2018">
  <info>
    undeployed:/home/ngonar/WebApp/Protonema/deploy/99_sysmon.xml
  </info>
</log>
<log realm="Q2.system" at="Sun Feb 25 08:08:13.973 WIB 2018">
  <trace>
    undeploying:/home/ngonar/WebApp/Protonema/deploy/53_qecho.xml
  </trace>
</log>
<log realm="Q2.system" at="Sun Feb 25 08:08:13.976 WIB 2018">
  <info>
    undeployed:/home/ngonar/WebApp/Protonema/deploy/53_qecho.xml
  </info>
</log>
<log realm="Q2.system" at="Sun Feb 25 08:08:13.979 WIB 2018">
  <trace>
    undeploying:/home/ngonar/WebApp/Protonema/deploy/20_mux.xml
  </trace>
</log>
<log realm="Q2.system" at="Sun Feb 25 08:08:13.983 WIB 2018">
  <info>
    undeployed:/home/ngonar/WebApp/Protonema/deploy/20_mux.xml
  </info>
</log>
<log realm="Q2.system" at="Sun Feb 25 08:08:13.986 WIB 2018">
  <trace>
    undeploying:/home/ngonar/WebApp/Protonema/deploy/15_server_port_trxman.xml
  </trace>
</log>
<log realm="Q2.system" at="Sun Feb 25 08:08:13.991 WIB 2018">
  <info>
    undeployed:/home/ngonar/WebApp/Protonema/deploy/15_server_port_trxman.xml
  </info>
</log>
<log realm="Q2.system" at="Sun Feb 25 08:08:13.995 WIB 2018">
  <trace>
    undeploying:/home/ngonar/WebApp/Protonema/deploy/12_biller_channel.xml
  </trace>
</log>
<log realm="channel/127.0.0.1:2300" at="Sun Feb 25 08:08:13.998 WIB 2018" lifespan="7551ms">
  <receive/>
</log>
<log realm="Q2.system" at="Sun Feb 25 08:08:14.000 WIB 2018" lifespan="2ms">
  <info>
    undeployed:/home/ngonar/WebApp/Protonema/deploy/12_biller_channel.xml
  </info>
</log>
<log realm="Q2.system" at="Sun Feb 25 08:08:14.003 WIB 2018">
  <trace>
    undeploying:/home/ngonar/WebApp/Protonema/deploy/11_serverport.xml
  </trace>
</log>
<log realm="Q2.system" at="Sun Feb 25 08:08:14.006 WIB 2018">
  <info>
    undeployed:/home/ngonar/WebApp/Protonema/deploy/11_serverport.xml
  </info>
</log>
<log realm="Q2.system" at="Sun Feb 25 08:08:14.008 WIB 2018">
  <trace>
    undeploying:/home/ngonar/WebApp/Protonema/deploy/10_transaction_manager.xml
  </trace>
</log>
<log realm="org.jpos.transaction.TransactionManager" at="Sun Feb 25 08:08:14.010 WIB 2018">
  <info>
    stop Thread[SimpleTransactionManager-2:idle,5,main], active sessions=3
  </info>
</log>
<log realm="org.jpos.transaction.TransactionManager" at="Sun Feb 25 08:08:14.011 WIB 2018" lifespan="1ms">
  <info>
    stop Thread[SimpleTransactionManager-4:idle,5,main], active sessions=0
  </info>
</log>
<log realm="org.jpos.transaction.TransactionManager" at="Sun Feb 25 08:08:14.013 WIB 2018" lifespan="3ms">
  <info>
    stop Thread[SimpleTransactionManager-0:idle,5,main], active sessions=1
  </info>
</log>
<log realm="org.jpos.transaction.TransactionManager" at="Sun Feb 25 08:08:14.014 WIB 2018" lifespan="4ms">
  <info>
    stop Thread[SimpleTransactionManager-3:idle,5,main], active sessions=2
  </info>
</log>
<log realm="org.jpos.transaction.TransactionManager" at="Sun Feb 25 08:08:14.016 WIB 2018" lifespan="6ms">
  <info>
    stop Thread[SimpleTransactionManager-1:idle,5,main], active sessions=4
  </info>
</log>
<log realm="Q2.system" at="Sun Feb 25 08:08:14.021 WIB 2018">
  <info>
    undeployed:/home/ngonar/WebApp/Protonema/deploy/10_transaction_manager.xml
  </info>
</log>
<log realm="Q2.system" at="Sun Feb 25 08:08:14.023 WIB 2018">
  <trace>
    undeploying:/home/ngonar/WebApp/Protonema/deploy/00_logger.xml
  </trace>
</log>
</logger>
<?xml version="1.0" encoding="UTF-8"?>
<logger class="org.jpos.util.DailyLogListener">
<log realm="Q2.system" at="Sun Feb 25 08:09:21.257 WIB 2018" lifespan="642ms">
  <info>
    Q2 started, deployDir=/home/ngonar/WebApp/Protonema/deploy
    
    jPOS 2.0.2 unknown/unknown (2016-08-10 11:16:58 WIT) 

-----BEGIN PGP SIGNED MESSAGE-----
Hash: SHA1

jPOS Community Edition, licensed under GNU AGPL v3.0.
This software is probably not suitable for commercial use.
Please see http://jpos.org/license for details.

-----BEGIN PGP SIGNATURE-----
Version: GnuPG v1.4.9 (Darwin)

iQEcBAEBAgAGBQJMolHDAAoJEOQyeO71nYtFv74H/3OgehDGEy1VXp2U3/GcAobg
HH2eZjPUz53r38ARPiU3pzm9LwDa3WZgJJaa/b9VrJwKvbPwe9+0kY3gScDE1skT
ladHt+KHHmGQArEutkzHlpZa73RbroFEIa1qmN6MaDEHGoxZqDh0Sv2cpvOaVYGO
St8ZaddLBPC17bSjAPWo9sWbvL7FgPFOHhnPmbeux8SLtnfWxXWsgo5hLBanKmO1
1z+I/w/6DL6ZYZU6bAJUk+eyVVImJqw0x3IEElI07Nh9MC6BA4iJ77ejobj8HI2r
q9ulRPEqH9NR79619lNKVUkE206dVlXo7xHmJS1QZy5v/GT66xBxyDVfTduPFXk=
=oP+v
-----END PGP SIGNATURE-----

  </info>
</log>
<log realm="Q2.system" at="Sun Feb 25 08:09:21.289 WIB 2018" lifespan="17ms">
  <info>
    deploy: /home/ngonar/WebApp/Protonema/deploy/10_transaction_manager.xml
  </info>
</log>
<log realm="Q2.system" at="Sun Feb 25 08:09:21.298 WIB 2018" lifespan="8ms">
  <info>
    deploy: /home/ngonar/WebApp/Protonema/deploy/11_serverport.xml
  </info>
</log>
<log realm="Q2.system" at="Sun Feb 25 08:09:21.308 WIB 2018" lifespan="8ms">
  <info>
    deploy: /home/ngonar/WebApp/Protonema/deploy/12_biller_channel.xml
  </info>
</log>
<log realm="Q2.system" at="Sun Feb 25 08:09:21.314 WIB 2018" lifespan="5ms">
  <info>
    deploy: /home/ngonar/WebApp/Protonema/deploy/15_server_port_trxman.xml
  </info>
</log>
<log realm="Q2.system" at="Sun Feb 25 08:09:21.334 WIB 2018" lifespan="19ms">
  <info>
    deploy: /home/ngonar/WebApp/Protonema/deploy/20_mux.xml
  </info>
</log>
<log realm="protonema.QEcho" at="Sun Feb 25 08:09:21.341 WIB 2018">
  <info>
    constructor
  </info>
</log>
<log realm="Q2.system" at="Sun Feb 25 08:09:21.345 WIB 2018" lifespan="10ms">
  <info>
    deploy: /home/ngonar/WebApp/Protonema/deploy/53_qecho.xml
  </info>
</log>
<log realm="Q2.system" at="Sun Feb 25 08:09:21.354 WIB 2018" lifespan="8ms">
  <info>
    deploy: /home/ngonar/WebApp/Protonema/deploy/99_sysmon.xml
  </info>
</log>
<log realm="org.jpos.transaction.TransactionManager" at="Sun Feb 25 08:09:21.359 WIB 2018">
  <info>
    start Thread[Thread-4,5,main]
  </info>
</log>
<log realm="org.jpos.transaction.TransactionManager" at="Sun Feb 25 08:09:21.361 WIB 2018" lifespan="2ms">
  <info>
    start Thread[Thread-5,5,main]
  </info>
</log>
<log realm="org.jpos.transaction.TransactionManager" at="Sun Feb 25 08:09:21.363 WIB 2018" lifespan="1ms">
  <info>
    start Thread[Thread-7,5,main]
  </info>
</log>
<log realm="org.jpos.transaction.TransactionManager" at="Sun Feb 25 08:09:21.364 WIB 2018" lifespan="2ms">
  <info>
    start Thread[Thread-6,5,main]
  </info>
</log>
<log realm="org.jpos.transaction.TransactionManager" at="Sun Feb 25 08:09:21.369 WIB 2018">
  <info>
    start Thread[Thread-8,5,main]
  </info>
</log>
<log realm="org.jpos.q2.iso.ChannelAdaptor" at="Sun Feb 25 08:09:21.409 WIB 2018">
  <warn>
    error starting service
    <iso-exception>
      org.jpos.core.ConfigurationException: packager-config property cannot be null
      <iso-exception>
        packager-config property cannot be null
        org.jpos.core.ConfigurationException: packager-config property cannot be null
	at org.jpos.iso.packager.GenericPackager.setConfiguration(GenericPackager.java:149)
	at org.jpos.q2.QFactory.setConfiguration(QFactory.java:381)
	at org.jpos.q2.iso.ChannelAdaptor.newChannel(ChannelAdaptor.java:198)
	at org.jpos.q2.iso.ChannelAdaptor.initChannel(ChannelAdaptor.java:240)
	at org.jpos.q2.iso.ChannelAdaptor.startService(ChannelAdaptor.java:72)
	at org.jpos.q2.QBeanSupport.start(QBeanSupport.java:115)
	at sun.reflect.NativeMethodAccessorImpl.invoke0(Native Method)
	at sun.reflect.NativeMethodAccessorImpl.invoke(NativeMethodAccessorImpl.java:57)
	at sun.reflect.DelegatingMethodAccessorImpl.invoke(DelegatingMethodAccessorImpl.java:43)
	at java.lang.reflect.Method.invoke(Method.java:606)
	at sun.reflect.misc.Trampoline.invoke(MethodUtil.java:75)
	at sun.reflect.GeneratedMethodAccessor1.invoke(Unknown Source)
	at sun.reflect.DelegatingMethodAccessorImpl.invoke(DelegatingMethodAccessorImpl.java:43)
	at java.lang.reflect.Method.invoke(Method.java:606)
	at sun.reflect.misc.MethodUtil.invoke(MethodUtil.java:279)
	at com.sun.jmx.mbeanserver.StandardMBeanIntrospector.invokeM2(StandardMBeanIntrospector.java:112)
	at com.sun.jmx.mbeanserver.StandardMBeanIntrospector.invokeM2(StandardMBeanIntrospector.java:46)
	at com.sun.jmx.mbeanserver.MBeanIntrospector.invokeM(MBeanIntrospector.java:237)
	at com.sun.jmx.mbeanserver.PerInterface.invoke(PerInterface.java:138)
	at com.sun.jmx.mbeanserver.MBeanSupport.invoke(MBeanSupport.java:252)
	at com.sun.jmx.interceptor.DefaultMBeanServerInterceptor.invoke(DefaultMBeanServerInterceptor.java:819)
	at com.sun.jmx.mbeanserver.JmxMBeanServer.invoke(JmxMBeanServer.java:801)
	at org.jpos.q2.QFactory.startQBean(QFactory.java:188)
	at org.jpos.q2.Q2.start(Q2.java:525)
	at org.jpos.q2.Q2.deploy(Q2.java:311)
	at org.jpos.q2.Q2.run(Q2.java:186)
	at java.lang.Thread.run(Thread.java:745)
      </iso-exception>
      org.jpos.core.ConfigurationException: org.jpos.core.ConfigurationException: packager-config property cannot be null (org.jpos.core.ConfigurationException: packager-config property cannot be null)
	at org.jpos.q2.QFactory.setConfiguration(QFactory.java:385)
	at org.jpos.q2.iso.ChannelAdaptor.newChannel(ChannelAdaptor.java:198)
	at org.jpos.q2.iso.ChannelAdaptor.initChannel(ChannelAdaptor.java:240)
	at org.jpos.q2.iso.ChannelAdaptor.startService(ChannelAdaptor.java:72)
	at org.jpos.q2.QBeanSupport.start(QBeanSupport.java:115)
	at sun.reflect.NativeMethodAccessorImpl.invoke0(Native Method)
	at sun.reflect.NativeMethodAccessorImpl.invoke(NativeMethodAccessorImpl.java:57)
	at sun.reflect.DelegatingMethodAccessorImpl.invoke(DelegatingMethodAccessorImpl.java:43)
	at java.lang.reflect.Method.invoke(Method.java:606)
	at sun.reflect.misc.Trampoline.invoke(MethodUtil.java:75)
	at sun.reflect.GeneratedMethodAccessor1.invoke(Unknown Source)
	at sun.reflect.DelegatingMethodAccessorImpl.invoke(DelegatingMethodAccessorImpl.java:43)
	at java.lang.reflect.Method.invoke(Method.java:606)
	at sun.reflect.misc.MethodUtil.invoke(MethodUtil.java:279)
	at com.sun.jmx.mbeanserver.StandardMBeanIntrospector.invokeM2(StandardMBeanIntrospector.java:112)
	at com.sun.jmx.mbeanserver.StandardMBeanIntrospector.invokeM2(StandardMBeanIntrospector.java:46)
	at com.sun.jmx.mbeanserver.MBeanIntrospector.invokeM(MBeanIntrospector.java:237)
	at com.sun.jmx.mbeanserver.PerInterface.invoke(PerInterface.java:138)
	at com.sun.jmx.mbeanserver.MBeanSupport.invoke(MBeanSupport.java:252)
	at com.sun.jmx.interceptor.DefaultMBeanServerInterceptor.invoke(DefaultMBeanServerInterceptor.java:819)
	at com.sun.jmx.mbeanserver.JmxMBeanServer.invoke(JmxMBeanServer.java:801)
	at org.jpos.q2.QFactory.startQBean(QFactory.java:188)
	at org.jpos.q2.Q2.start(Q2.java:525)
	at org.jpos.q2.Q2.deploy(Q2.java:311)
	at org.jpos.q2.Q2.run(Q2.java:186)
	at java.lang.Thread.run(Thread.java:745)
Nested:org.jpos.core.ConfigurationException: packager-config property cannot be null
	at org.jpos.iso.packager.GenericPackager.setConfiguration(GenericPackager.java:149)
	at org.jpos.q2.QFactory.setConfiguration(QFactory.java:381)
	at org.jpos.q2.iso.ChannelAdaptor.newChannel(ChannelAdaptor.java:198)
	at org.jpos.q2.iso.ChannelAdaptor.initChannel(ChannelAdaptor.java:240)
	at org.jpos.q2.iso.ChannelAdaptor.startService(ChannelAdaptor.java:72)
	at org.jpos.q2.QBeanSupport.start(QBeanSupport.java:115)
	at sun.reflect.NativeMethodAccessorImpl.invoke0(Native Method)
	at sun.reflect.NativeMethodAccessorImpl.invoke(NativeMethodAccessorImpl.java:57)
	at sun.reflect.DelegatingMethodAccessorImpl.invoke(DelegatingMethodAccessorImpl.java:43)
	at java.lang.reflect.Method.invoke(Method.java:606)
	at sun.reflect.misc.Trampoline.invoke(MethodUtil.java:75)
	at sun.reflect.GeneratedMethodAccessor1.invoke(Unknown Source)
	at sun.reflect.DelegatingMethodAccessorImpl.invoke(DelegatingMethodAccessorImpl.java:43)
	at java.lang.reflect.Method.invoke(Method.java:606)
	at sun.reflect.misc.MethodUtil.invoke(MethodUtil.java:279)
	at com.sun.jmx.mbeanserver.StandardMBeanIntrospector.invokeM2(StandardMBeanIntrospector.java:112)
	at com.sun.jmx.mbeanserver.StandardMBeanIntrospector.invokeM2(StandardMBeanIntrospector.java:46)
	at com.sun.jmx.mbeanserver.MBeanIntrospector.invokeM(MBeanIntrospector.java:237)
	at com.sun.jmx.mbeanserver.PerInterface.invoke(PerInterface.java:138)
	at com.sun.jmx.mbeanserver.MBeanSupport.invoke(MBeanSupport.java:252)
	at com.sun.jmx.interceptor.DefaultMBeanServerInterceptor.invoke(DefaultMBeanServerInterceptor.java:819)
	at com.sun.jmx.mbeanserver.JmxMBeanServer.invoke(JmxMBeanServer.java:801)
	at org.jpos.q2.QFactory.startQBean(QFactory.java:188)
	at org.jpos.q2.Q2.start(Q2.java:525)
	at org.jpos.q2.Q2.deploy(Q2.java:311)
	at org.jpos.q2.Q2.run(Q2.java:186)
	at java.lang.Thread.run(Thread.java:745)
    </iso-exception>
  </warn>
</log>
<log realm="srv.server" at="Sun Feb 25 08:09:21.425 WIB 2018" lifespan="15ms">
  <iso-server>
    listening on port 9991
  </iso-server>
</log>
<log realm="ServerTrxMan.server" at="Sun Feb 25 08:09:21.428 WIB 2018">
  <iso-server>
    listening on port 2333
  </iso-server>
</log>
<log realm="org.jpos.q2.qbean.SystemMonitor" at="Sun Feb 25 08:09:21.429 WIB 2018">
  <info>
    Starting SystemMonitor
  </info>
</log>
<log realm="org.jpos.q2.qbean.SystemMonitor" at="Sun Feb 25 08:09:21.434 WIB 2018">
  <info>
               OS: Linux
             host: ngonar/127.0.1.1
          version: 2.0.2 (unknown)
         instance: 262a7f87-7322-4309-88bd-c89ca6a9d20a
           uptime: 00:00:01.127
       processors: 4
           drift : 0
    memory(t/u/f): 119/16/102
          threads: 25
            Thread[Reference Handler,10,system]
            Thread[Finalizer,8,system]
            Thread[Signal Dispatcher,9,system]
            Thread[Q2-262a7f87-7322-4309-88bd-c89ca6a9d20a,5,main]
            Thread[DestroyJavaVM,5,main]
            Thread[pool-1-thread-1,5,main]
            Thread[Timer-0,5,main]
            Thread[Timer-1,5,main]
            Thread[SimpleTransactionManager-0:idle,5,main]
            Thread[SimpleTransactionManager-1:idle,5,main]
            Thread[SimpleTransactionManager-2:idle,5,main]
            Thread[SimpleTransactionManager-3:idle,5,main]
            Thread[SimpleTransactionManager-4:idle,5,main]
            Thread[Thread-9,5,main]
            Thread[Thread-10,5,main]
            Thread[Thread-11,5,main]
            Thread[SystemMonitor,5,main]
            Thread[srv-ThreadPool.PooledThread-0,5,srv-ThreadPool-0]
            Thread[ServerTrxMan-ThreadPool.PooledThread-1,5,ServerTrxMan-ThreadPool-1]
            Thread[ServerTrxMan-ThreadPool.PooledThread-2,5,ServerTrxMan-ThreadPool-1]
            Thread[ServerTrxMan-ThreadPool.PooledThread-3,5,ServerTrxMan-ThreadPool-1]
            Thread[ServerTrxMan-ThreadPool.PooledThread-4,5,ServerTrxMan-ThreadPool-1]
            Thread[ServerTrxMan-ThreadPool.PooledThread-5,5,ServerTrxMan-ThreadPool-1]
            Thread[ServerTrxMan-ThreadPool.PooledThread-6,5,ServerTrxMan-ThreadPool-1]
            Thread[ServerTrxMan-ThreadPool.PooledThread-7,5,ServerTrxMan-ThreadPool-1]
            Thread[ServerTrxMan-ThreadPool.PooledThread-8,5,ServerTrxMan-ThreadPool-1]
            Thread[ServerTrxMan-ThreadPool.PooledThread-9,5,ServerTrxMan-ThreadPool-1]
            Thread[ServerTrxMan-ThreadPool.PooledThread-10,5,ServerTrxMan-ThreadPool-1]
         encoding: UTF-8
    name-registrar:
      logger.Q2: org.jpos.util.Logger
      server.srv: org.jpos.iso.ISOServer
        connected=0, rx=0, tx=0, last=0
      ServerTrxMan: org.jpos.q2.iso.QServer
      tspace:symphoni: org.jpos.space.TSpace
        <keycount>-1</keycount>
        <gcinfo>0,0</gcinfo>

      srv: org.jpos.q2.iso.QServer
      SimpleTransactionManager: org.jpos.transaction.TransactionManager
      biller-channel-adaptor: org.jpos.q2.iso.ChannelAdaptor
        tx=0, rx=0, connects=0, last=0
      tspace:default: org.jpos.space.TSpace
        <keycount>-1</keycount>
        <gcinfo>0,0</gcinfo>

      transient:default: org.jpos.space.TSpace
        <key count='1'>$TAILLOCK.1279460130</key>
        <keycount>0</keycount>
        <gcinfo>0,0</gcinfo>

      server.ServerTrxMan: org.jpos.iso.ISOServer
        connected=0, rx=0, tx=0, last=0
      logger.Q2.buffered: org.jpos.util.BufferedLogListener
      tspace:biller: org.jpos.space.TSpace
        <keycount>-1</keycount>
        <gcinfo>0,0</gcinfo>

      mux.jPOS-AUTORESPONDER: org.jpos.q2.iso.QMUX
        tx=0, rx=0, tx_expired=0, tx_pending=0, rx_expired=0, rx_pending=0, rx_unhandled=0, rx_forwarded=0, connected=false, last=0
      tspace:org.jpos.transaction.TransactionManager@4c430322: org.jpos.space.TSpace
        <key count='1'>$HEAD</key>
        <key count='1'>$TAIL</key>
        <keycount>1</keycount>
        <gcinfo>0,0</gcinfo>

  </info>
</log>
<log realm="echo-biller" at="Sun Feb 25 08:09:21.513 WIB 2018">
  <info>
    Echo request : 08000010000081810000201802074567898301SYMPHONI0070000000
  </info>
</log>
<log realm="Q2.system" at="Sun Feb 25 08:09:33.259 WIB 2018">
  <info>
    shutting down (hook)
  </info>
</log>
<log realm="Q2.system" at="Sun Feb 25 08:09:33.945 WIB 2018">
  <trace>
    undeploying:/home/ngonar/WebApp/Protonema/deploy/99_sysmon.xml
  </trace>
</log>
<log realm="org.jpos.q2.qbean.SystemMonitor" at="Sun Feb 25 08:09:33.949 WIB 2018">
  <info>
    Stopping SystemMonitor
  </info>
</log>
<log realm="Q2.system" at="Sun Feb 25 08:09:33.952 WIB 2018">
  <info>
    undeployed:/home/ngonar/WebApp/Protonema/deploy/99_sysmon.xml
  </info>
</log>
<log realm="Q2.system" at="Sun Feb 25 08:09:33.955 WIB 2018">
  <trace>
    undeploying:/home/ngonar/WebApp/Protonema/deploy/53_qecho.xml
  </trace>
</log>
<log realm="Q2.system" at="Sun Feb 25 08:09:33.958 WIB 2018">
  <info>
    undeployed:/home/ngonar/WebApp/Protonema/deploy/53_qecho.xml
  </info>
</log>
<log realm="Q2.system" at="Sun Feb 25 08:09:33.961 WIB 2018">
  <trace>
    undeploying:/home/ngonar/WebApp/Protonema/deploy/20_mux.xml
  </trace>
</log>
<log realm="Q2.system" at="Sun Feb 25 08:09:33.965 WIB 2018">
  <info>
    undeployed:/home/ngonar/WebApp/Protonema/deploy/20_mux.xml
  </info>
</log>
<log realm="Q2.system" at="Sun Feb 25 08:09:33.969 WIB 2018" lifespan="1ms">
  <trace>
    undeploying:/home/ngonar/WebApp/Protonema/deploy/15_server_port_trxman.xml
  </trace>
</log>
<log realm="Q2.system" at="Sun Feb 25 08:09:33.974 WIB 2018">
  <info>
    undeployed:/home/ngonar/WebApp/Protonema/deploy/15_server_port_trxman.xml
  </info>
</log>
<log realm="Q2.system" at="Sun Feb 25 08:09:33.977 WIB 2018">
  <trace>
    undeploying:/home/ngonar/WebApp/Protonema/deploy/12_biller_channel.xml
  </trace>
</log>
<log realm="Q2.system" at="Sun Feb 25 08:09:33.979 WIB 2018">
  <info>
    undeployed:/home/ngonar/WebApp/Protonema/deploy/12_biller_channel.xml
  </info>
</log>
<log realm="Q2.system" at="Sun Feb 25 08:09:33.981 WIB 2018">
  <trace>
    undeploying:/home/ngonar/WebApp/Protonema/deploy/11_serverport.xml
  </trace>
</log>
<log realm="Q2.system" at="Sun Feb 25 08:09:33.984 WIB 2018">
  <info>
    undeployed:/home/ngonar/WebApp/Protonema/deploy/11_serverport.xml
  </info>
</log>
<log realm="Q2.system" at="Sun Feb 25 08:09:33.986 WIB 2018">
  <trace>
    undeploying:/home/ngonar/WebApp/Protonema/deploy/10_transaction_manager.xml
  </trace>
</log>
<log realm="org.jpos.transaction.TransactionManager" at="Sun Feb 25 08:09:33.989 WIB 2018">
  <info>
    stop Thread[SimpleTransactionManager-2:idle,5,main], active sessions=4
  </info>
</log>
<log realm="org.jpos.transaction.TransactionManager" at="Sun Feb 25 08:09:33.991 WIB 2018" lifespan="2ms">
  <info>
    stop Thread[SimpleTransactionManager-0:idle,5,main], active sessions=0
  </info>
</log>
<log realm="org.jpos.transaction.TransactionManager" at="Sun Feb 25 08:09:33.993 WIB 2018" lifespan="4ms">
  <info>
    stop Thread[SimpleTransactionManager-3:idle,5,main], active sessions=1
  </info>
</log>
<log realm="org.jpos.transaction.TransactionManager" at="Sun Feb 25 08:09:33.995 WIB 2018" lifespan="6ms">
  <info>
    stop Thread[SimpleTransactionManager-4:idle,5,main], active sessions=3
  </info>
</log>
<log realm="org.jpos.transaction.TransactionManager" at="Sun Feb 25 08:09:33.997 WIB 2018" lifespan="8ms">
  <info>
    stop Thread[SimpleTransactionManager-1:idle,5,main], active sessions=2
  </info>
</log>
<log realm="Q2.system" at="Sun Feb 25 08:09:33.999 WIB 2018">
  <info>
    undeployed:/home/ngonar/WebApp/Protonema/deploy/10_transaction_manager.xml
  </info>
</log>
<log realm="Q2.system" at="Sun Feb 25 08:09:34.001 WIB 2018">
  <trace>
    undeploying:/home/ngonar/WebApp/Protonema/deploy/00_logger.xml
  </trace>
</log>
</logger>
<?xml version="1.0" encoding="UTF-8"?>
<logger class="org.jpos.util.DailyLogListener">
<log realm="Q2.system" at="Sun Feb 25 08:11:31.375 WIB 2018" lifespan="634ms">
  <info>
    Q2 started, deployDir=/home/ngonar/WebApp/Protonema/deploy
    
    jPOS 2.0.2 unknown/unknown (2016-08-10 11:16:58 WIT) 

-----BEGIN PGP SIGNED MESSAGE-----
Hash: SHA1

jPOS Community Edition, licensed under GNU AGPL v3.0.
This software is probably not suitable for commercial use.
Please see http://jpos.org/license for details.

-----BEGIN PGP SIGNATURE-----
Version: GnuPG v1.4.9 (Darwin)

iQEcBAEBAgAGBQJMolHDAAoJEOQyeO71nYtFv74H/3OgehDGEy1VXp2U3/GcAobg
HH2eZjPUz53r38ARPiU3pzm9LwDa3WZgJJaa/b9VrJwKvbPwe9+0kY3gScDE1skT
ladHt+KHHmGQArEutkzHlpZa73RbroFEIa1qmN6MaDEHGoxZqDh0Sv2cpvOaVYGO
St8ZaddLBPC17bSjAPWo9sWbvL7FgPFOHhnPmbeux8SLtnfWxXWsgo5hLBanKmO1
1z+I/w/6DL6ZYZU6bAJUk+eyVVImJqw0x3IEElI07Nh9MC6BA4iJ77ejobj8HI2r
q9ulRPEqH9NR79619lNKVUkE206dVlXo7xHmJS1QZy5v/GT66xBxyDVfTduPFXk=
=oP+v
-----END PGP SIGNATURE-----

  </info>
</log>
<log realm="Q2.system" at="Sun Feb 25 08:11:31.408 WIB 2018" lifespan="25ms">
  <info>
    deploy: /home/ngonar/WebApp/Protonema/deploy/10_transaction_manager.xml
  </info>
</log>
<log realm="Q2.system" at="Sun Feb 25 08:11:31.422 WIB 2018" lifespan="12ms">
  <info>
    deploy: /home/ngonar/WebApp/Protonema/deploy/11_serverport.xml
  </info>
</log>
<log realm="Q2.system" at="Sun Feb 25 08:11:31.435 WIB 2018" lifespan="11ms">
  <info>
    deploy: /home/ngonar/WebApp/Protonema/deploy/12_biller_channel.xml
  </info>
</log>
<log realm="Q2.system" at="Sun Feb 25 08:11:31.440 WIB 2018" lifespan="4ms">
  <info>
    deploy: /home/ngonar/WebApp/Protonema/deploy/15_server_port_trxman.xml
  </info>
</log>
<log realm="Q2.system" at="Sun Feb 25 08:11:31.464 WIB 2018" lifespan="22ms">
  <info>
    deploy: /home/ngonar/WebApp/Protonema/deploy/20_mux.xml
  </info>
</log>
<log realm="protonema.QEcho" at="Sun Feb 25 08:11:31.471 WIB 2018">
  <info>
    constructor
  </info>
</log>
<log realm="Q2.system" at="Sun Feb 25 08:11:31.474 WIB 2018" lifespan="8ms">
  <info>
    deploy: /home/ngonar/WebApp/Protonema/deploy/53_qecho.xml
  </info>
</log>
<log realm="Q2.system" at="Sun Feb 25 08:11:31.481 WIB 2018" lifespan="6ms">
  <info>
    deploy: /home/ngonar/WebApp/Protonema/deploy/99_sysmon.xml
  </info>
</log>
<log realm="org.jpos.transaction.TransactionManager" at="Sun Feb 25 08:11:31.485 WIB 2018">
  <info>
    start Thread[Thread-4,5,main]
  </info>
</log>
<log realm="org.jpos.transaction.TransactionManager" at="Sun Feb 25 08:11:31.490 WIB 2018" lifespan="4ms">
  <info>
    start Thread[Thread-7,5,main]
  </info>
</log>
<log realm="org.jpos.transaction.TransactionManager" at="Sun Feb 25 08:11:31.491 WIB 2018" lifespan="6ms">
  <info>
    start Thread[Thread-5,5,main]
  </info>
</log>
<log realm="org.jpos.transaction.TransactionManager" at="Sun Feb 25 08:11:31.493 WIB 2018" lifespan="8ms">
  <info>
    start Thread[Thread-6,5,main]
  </info>
</log>
<log realm="org.jpos.transaction.TransactionManager" at="Sun Feb 25 08:11:31.495 WIB 2018" lifespan="9ms">
  <info>
    start Thread[Thread-8,5,main]
  </info>
</log>
<log realm="srv.server" at="Sun Feb 25 08:11:31.532 WIB 2018">
  <iso-server>
    listening on port 9991
  </iso-server>
</log>
<log realm="channel/127.0.0.1:2300" at="Sun Feb 25 08:11:31.599 WIB 2018" lifespan="5ms">
  <connect>
    localhost:2300
  </connect>
</log>
<log realm="ServerTrxMan.server" at="Sun Feb 25 08:11:31.602 WIB 2018">
  <iso-server>
    listening on port 2333
  </iso-server>
</log>
<log realm="org.jpos.q2.qbean.SystemMonitor" at="Sun Feb 25 08:11:31.605 WIB 2018">
  <info>
    Starting SystemMonitor
  </info>
</log>
<log realm="org.jpos.q2.qbean.SystemMonitor" at="Sun Feb 25 08:11:31.607 WIB 2018">
  <info>
               OS: Linux
             host: ngonar/127.0.1.1
          version: 2.0.2 (unknown)
         instance: 66189489-9768-470e-845f-5fa2c62227c1
           uptime: 00:00:01.160
       processors: 4
           drift : 0
    memory(t/u/f): 119/16/102
          threads: 27
            Thread[Reference Handler,10,system]
            Thread[Finalizer,8,system]
            Thread[Signal Dispatcher,9,system]
            Thread[Q2-66189489-9768-470e-845f-5fa2c62227c1,5,main]
            Thread[DestroyJavaVM,5,main]
            Thread[pool-1-thread-1,5,main]
            Thread[Timer-0,5,main]
            Thread[Timer-1,5,main]
            Thread[SimpleTransactionManager-0:idle,5,main]
            Thread[SimpleTransactionManager-1:idle,5,main]
            Thread[SimpleTransactionManager-2:idle,5,main]
            Thread[SimpleTransactionManager-3:idle,5,main]
            Thread[SimpleTransactionManager-4:idle,5,main]
            Thread[Thread-9,5,main]
            Thread[channel-sender-biller-send,5,main]
            Thread[channel-receiver-biller-receive,5,main]
            Thread[Thread-12,5,main]
            Thread[Thread-13,5,main]
            Thread[SystemMonitor,5,main]
            Thread[srv-ThreadPool.PooledThread-0,5,srv-ThreadPool-0]
            Thread[ServerTrxMan-ThreadPool.PooledThread-1,5,ServerTrxMan-ThreadPool-1]
            Thread[ServerTrxMan-ThreadPool.PooledThread-2,5,ServerTrxMan-ThreadPool-1]
            Thread[ServerTrxMan-ThreadPool.PooledThread-3,5,ServerTrxMan-ThreadPool-1]
            Thread[ServerTrxMan-ThreadPool.PooledThread-4,5,ServerTrxMan-ThreadPool-1]
            Thread[ServerTrxMan-ThreadPool.PooledThread-5,5,ServerTrxMan-ThreadPool-1]
            Thread[ServerTrxMan-ThreadPool.PooledThread-6,5,ServerTrxMan-ThreadPool-1]
            Thread[ServerTrxMan-ThreadPool.PooledThread-7,5,ServerTrxMan-ThreadPool-1]
            Thread[ServerTrxMan-ThreadPool.PooledThread-8,5,ServerTrxMan-ThreadPool-1]
            Thread[ServerTrxMan-ThreadPool.PooledThread-9,5,ServerTrxMan-ThreadPool-1]
            Thread[ServerTrxMan-ThreadPool.PooledThread-10,5,ServerTrxMan-ThreadPool-1]
         encoding: UTF-8
    name-registrar:
      logger.Q2: org.jpos.util.Logger
      server.srv: org.jpos.iso.ISOServer
        connected=0, rx=0, tx=0, last=0
      ServerTrxMan: org.jpos.q2.iso.QServer
      tspace:symphoni: org.jpos.space.TSpace
        <keycount>-1</keycount>
        <gcinfo>0,0</gcinfo>

      srv: org.jpos.q2.iso.QServer
      SimpleTransactionManager: org.jpos.transaction.TransactionManager
      biller-channel-adaptor: org.jpos.q2.iso.ChannelAdaptor
        tx=0, rx=0, connects=1, last=0
      tspace:default: org.jpos.space.TSpace
        <keycount>-1</keycount>
        <gcinfo>0,0</gcinfo>

      channel.biller-channel-adaptor: org.jpos.iso.channel.ASCIIChannel
      transient:default: org.jpos.space.TSpace
        <key count='1'>$TAILLOCK.1132647499</key>
        <keycount>0</keycount>
        <gcinfo>0,0</gcinfo>

      tspace:org.jpos.transaction.TransactionManager@4382d44b: org.jpos.space.TSpace
        <key count='1'>$HEAD</key>
        <key count='1'>$TAIL</key>
        <keycount>1</keycount>
        <gcinfo>0,0</gcinfo>

      server.ServerTrxMan: org.jpos.iso.ISOServer
        connected=0, rx=0, tx=0, last=0
      logger.Q2.buffered: org.jpos.util.BufferedLogListener
      tspace:biller: org.jpos.space.TSpace
        <key count='1'>biller-channel-adaptor.ready</key>
        <keycount>0</keycount>
        <gcinfo>0,0</gcinfo>

      mux.jPOS-AUTORESPONDER: org.jpos.q2.iso.QMUX
        tx=0, rx=0, tx_expired=0, tx_pending=0, rx_expired=0, rx_pending=0, rx_unhandled=0, rx_forwarded=0, connected=false, last=0
      logger.: org.jpos.util.Logger
  </info>
</log>
<log realm="echo-biller" at="Sun Feb 25 08:11:31.664 WIB 2018">
  <info>
    Echo request : 08000010000081810000201802074567898301SYMPHONI0070000000
  </info>
</log>
<log realm="Q2.system" at="Sun Feb 25 08:11:47.049 WIB 2018">
  <info>
    shutting down (hook)
  </info>
</log>
<log realm="Q2.system" at="Sun Feb 25 08:11:49.121 WIB 2018">
  <trace>
    undeploying:/home/ngonar/WebApp/Protonema/deploy/99_sysmon.xml
  </trace>
</log>
<log realm="org.jpos.q2.qbean.SystemMonitor" at="Sun Feb 25 08:11:49.124 WIB 2018">
  <info>
    Stopping SystemMonitor
  </info>
</log>
<log realm="Q2.system" at="Sun Feb 25 08:11:49.128 WIB 2018">
  <info>
    undeployed:/home/ngonar/WebApp/Protonema/deploy/99_sysmon.xml
  </info>
</log>
<log realm="Q2.system" at="Sun Feb 25 08:11:49.130 WIB 2018">
  <trace>
    undeploying:/home/ngonar/WebApp/Protonema/deploy/53_qecho.xml
  </trace>
</log>
<log realm="Q2.system" at="Sun Feb 25 08:11:49.133 WIB 2018">
  <info>
    undeployed:/home/ngonar/WebApp/Protonema/deploy/53_qecho.xml
  </info>
</log>
<log realm="Q2.system" at="Sun Feb 25 08:11:49.135 WIB 2018">
  <trace>
    undeploying:/home/ngonar/WebApp/Protonema/deploy/20_mux.xml
  </trace>
</log>
<log realm="Q2.system" at="Sun Feb 25 08:11:49.138 WIB 2018">
  <info>
    undeployed:/home/ngonar/WebApp/Protonema/deploy/20_mux.xml
  </info>
</log>
<log realm="Q2.system" at="Sun Feb 25 08:11:49.139 WIB 2018">
  <trace>
    undeploying:/home/ngonar/WebApp/Protonema/deploy/15_server_port_trxman.xml
  </trace>
</log>
<log realm="Q2.system" at="Sun Feb 25 08:11:49.143 WIB 2018">
  <info>
    undeployed:/home/ngonar/WebApp/Protonema/deploy/15_server_port_trxman.xml
  </info>
</log>
<log realm="Q2.system" at="Sun Feb 25 08:11:49.145 WIB 2018">
  <trace>
    undeploying:/home/ngonar/WebApp/Protonema/deploy/12_biller_channel.xml
  </trace>
</log>
<log realm="channel/127.0.0.1:2300" at="Sun Feb 25 08:11:49.148 WIB 2018" lifespan="17546ms">
  <receive/>
</log>
<log realm="Q2.system" at="Sun Feb 25 08:11:49.149 WIB 2018" lifespan="1ms">
  <info>
    undeployed:/home/ngonar/WebApp/Protonema/deploy/12_biller_channel.xml
  </info>
</log>
<log realm="Q2.system" at="Sun Feb 25 08:11:49.151 WIB 2018">
  <trace>
    undeploying:/home/ngonar/WebApp/Protonema/deploy/11_serverport.xml
  </trace>
</log>
<log realm="Q2.system" at="Sun Feb 25 08:11:49.153 WIB 2018">
  <info>
    undeployed:/home/ngonar/WebApp/Protonema/deploy/11_serverport.xml
  </info>
</log>
<log realm="Q2.system" at="Sun Feb 25 08:11:49.154 WIB 2018">
  <trace>
    undeploying:/home/ngonar/WebApp/Protonema/deploy/10_transaction_manager.xml
  </trace>
</log>
<log realm="org.jpos.transaction.TransactionManager" at="Sun Feb 25 08:11:49.156 WIB 2018">
  <info>
    stop Thread[SimpleTransactionManager-4:idle,5,main], active sessions=4
  </info>
</log>
<log realm="org.jpos.transaction.TransactionManager" at="Sun Feb 25 08:11:49.158 WIB 2018" lifespan="1ms">
  <info>
    stop Thread[SimpleTransactionManager-0:idle,5,main], active sessions=0
  </info>
</log>
<log realm="org.jpos.transaction.TransactionManager" at="Sun Feb 25 08:11:49.160 WIB 2018" lifespan="3ms">
  <info>
    stop Thread[SimpleTransactionManager-3:idle,5,main], active sessions=1
  </info>
</log>
<log realm="org.jpos.transaction.TransactionManager" at="Sun Feb 25 08:11:49.162 WIB 2018" lifespan="5ms">
  <info>
    stop Thread[SimpleTransactionManager-2:idle,5,main], active sessions=3
  </info>
</log>
<log realm="org.jpos.transaction.TransactionManager" at="Sun Feb 25 08:11:49.163 WIB 2018" lifespan="6ms">
  <info>
    stop Thread[SimpleTransactionManager-1:idle,5,main], active sessions=2
  </info>
</log>
<log realm="Q2.system" at="Sun Feb 25 08:11:49.165 WIB 2018">
  <info>
    undeployed:/home/ngonar/WebApp/Protonema/deploy/10_transaction_manager.xml
  </info>
</log>
<log realm="Q2.system" at="Sun Feb 25 08:11:49.167 WIB 2018">
  <trace>
    undeploying:/home/ngonar/WebApp/Protonema/deploy/00_logger.xml
  </trace>
</log>
</logger>
<?xml version="1.0" encoding="UTF-8"?>
<logger class="org.jpos.util.DailyLogListener">
<log realm="Q2.system" at="Sun Feb 25 08:12:22.514 WIB 2018" lifespan="684ms">
  <info>
    Q2 started, deployDir=/home/ngonar/WebApp/Protonema/deploy
    
    jPOS 2.0.2 unknown/unknown (2016-08-10 11:16:58 WIT) 

-----BEGIN PGP SIGNED MESSAGE-----
Hash: SHA1

jPOS Community Edition, licensed under GNU AGPL v3.0.
This software is probably not suitable for commercial use.
Please see http://jpos.org/license for details.

-----BEGIN PGP SIGNATURE-----
Version: GnuPG v1.4.9 (Darwin)

iQEcBAEBAgAGBQJMolHDAAoJEOQyeO71nYtFv74H/3OgehDGEy1VXp2U3/GcAobg
HH2eZjPUz53r38ARPiU3pzm9LwDa3WZgJJaa/b9VrJwKvbPwe9+0kY3gScDE1skT
ladHt+KHHmGQArEutkzHlpZa73RbroFEIa1qmN6MaDEHGoxZqDh0Sv2cpvOaVYGO
St8ZaddLBPC17bSjAPWo9sWbvL7FgPFOHhnPmbeux8SLtnfWxXWsgo5hLBanKmO1
1z+I/w/6DL6ZYZU6bAJUk+eyVVImJqw0x3IEElI07Nh9MC6BA4iJ77ejobj8HI2r
q9ulRPEqH9NR79619lNKVUkE206dVlXo7xHmJS1QZy5v/GT66xBxyDVfTduPFXk=
=oP+v
-----END PGP SIGNATURE-----

  </info>
</log>
<log realm="Q2.system" at="Sun Feb 25 08:12:22.547 WIB 2018" lifespan="19ms">
  <info>
    deploy: /home/ngonar/WebApp/Protonema/deploy/10_transaction_manager.xml
  </info>
</log>
<log realm="Q2.system" at="Sun Feb 25 08:12:22.557 WIB 2018" lifespan="9ms">
  <info>
    deploy: /home/ngonar/WebApp/Protonema/deploy/11_serverport.xml
  </info>
</log>
<log realm="Q2.system" at="Sun Feb 25 08:12:22.565 WIB 2018" lifespan="7ms">
  <info>
    deploy: /home/ngonar/WebApp/Protonema/deploy/12_biller_channel.xml
  </info>
</log>
<log realm="Q2.system" at="Sun Feb 25 08:12:22.573 WIB 2018" lifespan="6ms">
  <info>
    deploy: /home/ngonar/WebApp/Protonema/deploy/15_server_port_trxman.xml
  </info>
</log>
<log realm="Q2.system" at="Sun Feb 25 08:12:22.603 WIB 2018" lifespan="28ms">
  <info>
    deploy: /home/ngonar/WebApp/Protonema/deploy/20_mux.xml
  </info>
</log>
<log realm="protonema.QEcho" at="Sun Feb 25 08:12:22.608 WIB 2018">
  <info>
    constructor
  </info>
</log>
<log realm="Q2.system" at="Sun Feb 25 08:12:22.611 WIB 2018" lifespan="7ms">
  <info>
    deploy: /home/ngonar/WebApp/Protonema/deploy/53_qecho.xml
  </info>
</log>
<log realm="Q2.system" at="Sun Feb 25 08:12:22.617 WIB 2018" lifespan="5ms">
  <info>
    deploy: /home/ngonar/WebApp/Protonema/deploy/99_sysmon.xml
  </info>
</log>
<log realm="org.jpos.transaction.TransactionManager" at="Sun Feb 25 08:12:22.621 WIB 2018">
  <info>
    start Thread[Thread-5,5,main]
  </info>
</log>
<log realm="org.jpos.transaction.TransactionManager" at="Sun Feb 25 08:12:22.623 WIB 2018" lifespan="2ms">
  <info>
    start Thread[Thread-8,5,main]
  </info>
</log>
<log realm="org.jpos.transaction.TransactionManager" at="Sun Feb 25 08:12:22.624 WIB 2018" lifespan="3ms">
  <info>
    start Thread[Thread-7,5,main]
  </info>
</log>
<log realm="org.jpos.transaction.TransactionManager" at="Sun Feb 25 08:12:22.626 WIB 2018" lifespan="5ms">
  <info>
    start Thread[Thread-6,5,main]
  </info>
</log>
<log realm="org.jpos.transaction.TransactionManager" at="Sun Feb 25 08:12:22.627 WIB 2018" lifespan="6ms">
  <info>
    start Thread[Thread-4,5,main]
  </info>
</log>
<log realm="srv.server" at="Sun Feb 25 08:12:22.660 WIB 2018">
  <iso-server>
    listening on port 9991
  </iso-server>
</log>
<log realm="org.jpos.q2.iso.ChannelAdaptor" at="Sun Feb 25 08:12:22.709 WIB 2018">
  <warn>
    channel-sender-biller-send
    hostname can't be null
  </warn>
</log>
<log realm="ServerTrxMan.server" at="Sun Feb 25 08:12:22.711 WIB 2018">
  <iso-server>
    listening on port 2333
  </iso-server>
</log>
<log realm="org.jpos.q2.qbean.SystemMonitor" at="Sun Feb 25 08:12:22.714 WIB 2018">
  <info>
    Starting SystemMonitor
  </info>
</log>
<log realm="org.jpos.q2.qbean.SystemMonitor" at="Sun Feb 25 08:12:22.716 WIB 2018">
  <info>
               OS: Linux
             host: ngonar/127.0.1.1
          version: 2.0.2 (unknown)
         instance: dc02c1b9-c31b-4d78-8b5d-9bc514a9ed5c
           uptime: 00:00:01.167
       processors: 4
           drift : 0
    memory(t/u/f): 119/16/102
          threads: 27
            Thread[Reference Handler,10,system]
            Thread[Finalizer,8,system]
            Thread[Signal Dispatcher,9,system]
            Thread[Q2-dc02c1b9-c31b-4d78-8b5d-9bc514a9ed5c,5,main]
            Thread[DestroyJavaVM,5,main]
            Thread[pool-1-thread-1,5,main]
            Thread[Timer-0,5,main]
            Thread[Timer-1,5,main]
            Thread[SimpleTransactionManager-0:idle,5,main]
            Thread[SimpleTransactionManager-1:idle,5,main]
            Thread[SimpleTransactionManager-2:idle,5,main]
            Thread[SimpleTransactionManager-3:idle,5,main]
            Thread[SimpleTransactionManager-4:idle,5,main]
            Thread[Thread-9,5,main]
            Thread[channel-sender-biller-send,5,main]
            Thread[channel-receiver-biller-receive,5,main]
            Thread[Thread-12,5,main]
            Thread[Thread-13,5,main]
            Thread[SystemMonitor,5,main]
            Thread[srv-ThreadPool.PooledThread-0,5,srv-ThreadPool-0]
            Thread[ServerTrxMan-ThreadPool.PooledThread-1,5,ServerTrxMan-ThreadPool-1]
            Thread[ServerTrxMan-ThreadPool.PooledThread-2,5,ServerTrxMan-ThreadPool-1]
            Thread[ServerTrxMan-ThreadPool.PooledThread-3,5,ServerTrxMan-ThreadPool-1]
            Thread[ServerTrxMan-ThreadPool.PooledThread-4,5,ServerTrxMan-ThreadPool-1]
            Thread[ServerTrxMan-ThreadPool.PooledThread-5,5,ServerTrxMan-ThreadPool-1]
            Thread[ServerTrxMan-ThreadPool.PooledThread-6,5,ServerTrxMan-ThreadPool-1]
            Thread[ServerTrxMan-ThreadPool.PooledThread-7,5,ServerTrxMan-ThreadPool-1]
            Thread[ServerTrxMan-ThreadPool.PooledThread-8,5,ServerTrxMan-ThreadPool-1]
            Thread[ServerTrxMan-ThreadPool.PooledThread-9,5,ServerTrxMan-ThreadPool-1]
            Thread[ServerTrxMan-ThreadPool.PooledThread-10,5,ServerTrxMan-ThreadPool-1]
         encoding: UTF-8
    name-registrar:
      logger.Q2: org.jpos.util.Logger
      server.srv: org.jpos.iso.ISOServer
        connected=0, rx=0, tx=0, last=0
      ServerTrxMan: org.jpos.q2.iso.QServer
      tspace:symphoni: org.jpos.space.TSpace
        <keycount>-1</keycount>
        <gcinfo>0,0</gcinfo>

      srv: org.jpos.q2.iso.QServer
      SimpleTransactionManager: org.jpos.transaction.TransactionManager
      biller-channel-adaptor: org.jpos.q2.iso.ChannelAdaptor
        tx=0, rx=0, connects=0, last=0
      tspace:default: org.jpos.space.TSpace
        <keycount>-1</keycount>
        <gcinfo>0,0</gcinfo>

      tspace:org.jpos.transaction.TransactionManager@55e95e9e: org.jpos.space.TSpace
        <key count='1'>$HEAD</key>
        <key count='1'>$TAIL</key>
        <keycount>1</keycount>
        <gcinfo>0,0</gcinfo>

      channel.biller-channel-adaptor: org.jpos.iso.channel.ASCIIChannel
      transient:default: org.jpos.space.TSpace
        <key count='1'>$TAILLOCK.1441357470</key>
        <keycount>0</keycount>
        <gcinfo>0,0</gcinfo>

      server.ServerTrxMan: org.jpos.iso.ISOServer
        connected=0, rx=0, tx=0, last=0
      logger.Q2.buffered: org.jpos.util.BufferedLogListener
      tspace:biller: org.jpos.space.TSpace
        <keycount>-1</keycount>
        <gcinfo>0,0</gcinfo>

      mux.jPOS-AUTORESPONDER: org.jpos.q2.iso.QMUX
        tx=0, rx=0, tx_expired=0, tx_pending=0, rx_expired=0, rx_pending=0, rx_unhandled=0, rx_forwarded=0, connected=false, last=0
      logger.: org.jpos.util.Logger
  </info>
</log>
<log realm="echo-biller" at="Sun Feb 25 08:12:22.770 WIB 2018">
  <info>
    Echo request : 08000010000081810000201802074567898301SYMPHONI0070000000
  </info>
</log>
<log realm="org.jpos.q2.iso.ChannelAdaptor" at="Sun Feb 25 08:12:23.712 WIB 2018">
  <warn>
    channel-sender-biller-send
    hostname can't be null
  </warn>
</log>
<log realm="org.jpos.q2.iso.ChannelAdaptor" at="Sun Feb 25 08:12:24.714 WIB 2018">
  <warn>
    channel-sender-biller-send
    hostname can't be null
  </warn>
</log>
<log realm="org.jpos.q2.iso.ChannelAdaptor" at="Sun Feb 25 08:12:25.717 WIB 2018">
  <warn>
    channel-sender-biller-send
    hostname can't be null
  </warn>
</log>
<log realm="org.jpos.q2.iso.ChannelAdaptor" at="Sun Feb 25 08:12:26.720 WIB 2018">
  <warn>
    channel-sender-biller-send
    hostname can't be null
  </warn>
</log>
<log realm="org.jpos.q2.iso.ChannelAdaptor" at="Sun Feb 25 08:12:27.722 WIB 2018">
  <warn>
    channel-sender-biller-send
    hostname can't be null
  </warn>
</log>
<log realm="Q2.system" at="Sun Feb 25 08:12:27.725 WIB 2018" lifespan="2ms">
  <trace>
    undeploying:/home/ngonar/WebApp/Protonema/deploy/12_biller_channel.xml
  </trace>
</log>
<log realm="Q2.system" at="Sun Feb 25 08:12:27.728 WIB 2018">
  <info>
    undeployed:/home/ngonar/WebApp/Protonema/deploy/12_biller_channel.xml
  </info>
</log>
<log realm="Q2.system" at="Sun Feb 25 08:12:30.236 WIB 2018" lifespan="4ms">
  <info>
    deploy: /home/ngonar/WebApp/Protonema/deploy/12_biller_channel.xml
  </info>
</log>
<log realm="channel" at="Sun Feb 25 08:12:30.276 WIB 2018" lifespan="4ms">
  <connect>
    localhost:2300
      Connection refused
    Unable to connect
  </connect>
</log>
<log realm="org.jpos.q2.iso.ChannelAdaptor" at="Sun Feb 25 08:12:30.278 WIB 2018">
  <warn>
    check-connection
    Unable to connect
  </warn>
</log>
<log realm="channel" at="Sun Feb 25 08:12:31.280 WIB 2018" lifespan="1ms">
  <connect>
    localhost:2300
      Connection refused
    Unable to connect
  </connect>
</log>
<log realm="org.jpos.q2.iso.ChannelAdaptor" at="Sun Feb 25 08:12:31.285 WIB 2018">
  <warn>
    check-connection
    Unable to connect
  </warn>
</log>
<log realm="channel" at="Sun Feb 25 08:12:32.290 WIB 2018" lifespan="1ms">
  <connect>
    localhost:2300
      Connection refused
    Unable to connect
  </connect>
</log>
<log realm="org.jpos.q2.iso.ChannelAdaptor" at="Sun Feb 25 08:12:32.294 WIB 2018">
  <warn>
    check-connection
    Unable to connect
  </warn>
</log>
<log realm="channel" at="Sun Feb 25 08:12:33.297 WIB 2018">
  <connect>
    localhost:2300
      Connection refused
    Unable to connect
  </connect>
</log>
<log realm="org.jpos.q2.iso.ChannelAdaptor" at="Sun Feb 25 08:12:33.299 WIB 2018">
  <warn>
    check-connection
    Unable to connect
  </warn>
</log>
<log realm="channel" at="Sun Feb 25 08:12:34.302 WIB 2018" lifespan="1ms">
  <connect>
    localhost:2300
      Connection refused
    Unable to connect
  </connect>
</log>
<log realm="org.jpos.q2.iso.ChannelAdaptor" at="Sun Feb 25 08:12:34.306 WIB 2018">
  <warn>
    check-connection
    Unable to connect
  </warn>
</log>
<log realm="channel" at="Sun Feb 25 08:12:35.309 WIB 2018" lifespan="1ms">
  <connect>
    localhost:2300
      Connection refused
    Unable to connect
  </connect>
</log>
<log realm="org.jpos.q2.iso.ChannelAdaptor" at="Sun Feb 25 08:12:35.311 WIB 2018">
  <warn>
    check-connection
    Unable to connect
  </warn>
</log>
<log realm="channel" at="Sun Feb 25 08:12:36.314 WIB 2018" lifespan="1ms">
  <connect>
    localhost:2300
      Connection refused
    Unable to connect
  </connect>
</log>
<log realm="org.jpos.q2.iso.ChannelAdaptor" at="Sun Feb 25 08:12:36.315 WIB 2018">
  <warn>
    check-connection
    Unable to connect
  </warn>
</log>
<log realm="channel" at="Sun Feb 25 08:12:37.318 WIB 2018" lifespan="1ms">
  <connect>
    localhost:2300
      Connection refused
    Unable to connect
  </connect>
</log>
<log realm="org.jpos.q2.iso.ChannelAdaptor" at="Sun Feb 25 08:12:37.321 WIB 2018">
  <warn>
    check-connection
    Unable to connect
  </warn>
</log>
<log realm="channel" at="Sun Feb 25 08:12:38.326 WIB 2018" lifespan="1ms">
  <connect>
    localhost:2300
      Connection refused
    Unable to connect
  </connect>
</log>
<log realm="org.jpos.q2.iso.ChannelAdaptor" at="Sun Feb 25 08:12:38.330 WIB 2018">
  <warn>
    check-connection
    Unable to connect
  </warn>
</log>
<log realm="channel" at="Sun Feb 25 08:12:39.334 WIB 2018" lifespan="1ms">
  <connect>
    localhost:2300
      Connection refused
    Unable to connect
  </connect>
</log>
<log realm="org.jpos.q2.iso.ChannelAdaptor" at="Sun Feb 25 08:12:39.337 WIB 2018">
  <warn>
    check-connection
    Unable to connect
  </warn>
</log>
<log realm="channel" at="Sun Feb 25 08:12:40.341 WIB 2018" lifespan="1ms">
  <connect>
    localhost:2300
      Connection refused
    Unable to connect
  </connect>
</log>
<log realm="org.jpos.q2.iso.ChannelAdaptor" at="Sun Feb 25 08:12:40.345 WIB 2018">
  <warn>
    check-connection
    Unable to connect
  </warn>
</log>
<log realm="channel" at="Sun Feb 25 08:12:41.349 WIB 2018" lifespan="1ms">
  <connect>
    localhost:2300
      Connection refused
    Unable to connect
  </connect>
</log>
<log realm="org.jpos.q2.iso.ChannelAdaptor" at="Sun Feb 25 08:12:41.354 WIB 2018">
  <warn>
    check-connection
    Unable to connect
  </warn>
</log>
<log realm="channel" at="Sun Feb 25 08:12:42.358 WIB 2018" lifespan="1ms">
  <connect>
    localhost:2300
      Connection refused
    Unable to connect
  </connect>
</log>
<log realm="org.jpos.q2.iso.ChannelAdaptor" at="Sun Feb 25 08:12:42.361 WIB 2018">
  <warn>
    check-connection
    Unable to connect
  </warn>
</log>
<log realm="channel" at="Sun Feb 25 08:12:43.364 WIB 2018" lifespan="1ms">
  <connect>
    localhost:2300
      Connection refused
    Unable to connect
  </connect>
</log>
<log realm="org.jpos.q2.iso.ChannelAdaptor" at="Sun Feb 25 08:12:43.367 WIB 2018">
  <warn>
    check-connection
    Unable to connect
  </warn>
</log>
<log realm="channel" at="Sun Feb 25 08:12:44.370 WIB 2018" lifespan="1ms">
  <connect>
    localhost:2300
      Connection refused
    Unable to connect
  </connect>
</log>
<log realm="org.jpos.q2.iso.ChannelAdaptor" at="Sun Feb 25 08:12:44.372 WIB 2018" lifespan="1ms">
  <warn>
    check-connection
    Unable to connect
  </warn>
</log>
<log realm="channel/127.0.0.1:2300" at="Sun Feb 25 08:12:45.375 WIB 2018" lifespan="2ms">
  <connect>
    localhost:2300
  </connect>
</log>
<log realm="org.jpos.q2.qbean.SystemMonitor" at="Sun Feb 25 08:13:22.733 WIB 2018">
  <info>
               OS: Linux
             host: ngonar/127.0.1.1
          version: 2.0.2 (unknown)
         instance: dc02c1b9-c31b-4d78-8b5d-9bc514a9ed5c
           uptime: 00:01:01.186
       processors: 4
           drift : 0
    memory(t/u/f): 119/19/99
          threads: 27
            Thread[Reference Handler,10,system]
            Thread[Finalizer,8,system]
            Thread[Signal Dispatcher,9,system]
            Thread[Q2-dc02c1b9-c31b-4d78-8b5d-9bc514a9ed5c,5,main]
            Thread[DestroyJavaVM,5,main]
            Thread[pool-1-thread-1,5,main]
            Thread[Timer-0,5,main]
            Thread[Timer-1,5,main]
            Thread[SimpleTransactionManager-0:idle,5,main]
            Thread[SimpleTransactionManager-1:idle,5,main]
            Thread[SimpleTransactionManager-2:idle,5,main]
            Thread[SimpleTransactionManager-3:idle,5,main]
            Thread[SimpleTransactionManager-4:idle,5,main]
            Thread[Thread-9,5,main]
            Thread[Thread-12,5,main]
            Thread[Thread-13,5,main]
            Thread[SystemMonitor,5,main]
            Thread[channel-sender-biller-send,5,main]
            Thread[channel-receiver-biller-receive,5,main]
            Thread[srv-ThreadPool.PooledThread-0,5,srv-ThreadPool-0]
            Thread[ServerTrxMan-ThreadPool.PooledThread-1,5,ServerTrxMan-ThreadPool-1]
            Thread[ServerTrxMan-ThreadPool.PooledThread-2,5,ServerTrxMan-ThreadPool-1]
            Thread[ServerTrxMan-ThreadPool.PooledThread-3,5,ServerTrxMan-ThreadPool-1]
            Thread[ServerTrxMan-ThreadPool.PooledThread-4,5,ServerTrxMan-ThreadPool-1]
            Thread[ServerTrxMan-ThreadPool.PooledThread-5,5,ServerTrxMan-ThreadPool-1]
            Thread[ServerTrxMan-ThreadPool.PooledThread-6,5,ServerTrxMan-ThreadPool-1]
            Thread[ServerTrxMan-ThreadPool.PooledThread-7,5,ServerTrxMan-ThreadPool-1]
            Thread[ServerTrxMan-ThreadPool.PooledThread-8,5,ServerTrxMan-ThreadPool-1]
            Thread[ServerTrxMan-ThreadPool.PooledThread-9,5,ServerTrxMan-ThreadPool-1]
            Thread[ServerTrxMan-ThreadPool.PooledThread-10,5,ServerTrxMan-ThreadPool-1]
         encoding: UTF-8
    name-registrar:
      logger.Q2: org.jpos.util.Logger
      server.srv: org.jpos.iso.ISOServer
        connected=0, rx=0, tx=0, last=0
      ServerTrxMan: org.jpos.q2.iso.QServer
      tspace:symphoni: org.jpos.space.TSpace
        <keycount>-1</keycount>
        <gcinfo>0,0</gcinfo>

      srv: org.jpos.q2.iso.QServer
      SimpleTransactionManager: org.jpos.transaction.TransactionManager
      biller-channel-adaptor: org.jpos.q2.iso.ChannelAdaptor
        tx=0, rx=0, connects=1, last=0
      tspace:default: org.jpos.space.TSpace
        <keycount>-1</keycount>
        <gcinfo>0,0</gcinfo>

      tspace:org.jpos.transaction.TransactionManager@55e95e9e: org.jpos.space.TSpace
        <key count='1'>$HEAD</key>
        <key count='1'>$TAIL</key>
        <keycount>1</keycount>
        <gcinfo>0,0</gcinfo>

      channel.biller-channel-adaptor: org.jpos.iso.channel.ASCIIChannel
      transient:default: org.jpos.space.TSpace
        <key count='1'>$TAILLOCK.1441357470</key>
        <keycount>0</keycount>
        <gcinfo>0,0</gcinfo>

      server.ServerTrxMan: org.jpos.iso.ISOServer
        connected=0, rx=0, tx=0, last=0
      logger.Q2.buffered: org.jpos.util.BufferedLogListener
      tspace:biller: org.jpos.space.TSpace
        <key count='1'>biller-channel-adaptor.ready</key>
        <keycount>0</keycount>
        <gcinfo>0,0</gcinfo>

      mux.jPOS-AUTORESPONDER: org.jpos.q2.iso.QMUX
        tx=0, rx=0, tx_expired=0, tx_pending=0, rx_expired=0, rx_pending=0, rx_unhandled=0, rx_forwarded=0, connected=false, last=0
      logger.: org.jpos.util.Logger
  </info>
</log>
<log realm="channel/127.0.0.1:2300" at="Sun Feb 25 08:13:30.247 WIB 2018" lifespan="44869ms">
  <receive>
    <peer-disconnect/>
  </receive>
</log>
<log realm="org.jpos.q2.iso.ChannelAdaptor" at="Sun Feb 25 08:13:30.250 WIB 2018">
  <warn>
    channel-receiver-biller-receive
    <exception name="null">
    java.io.EOFException
	at java.io.DataInputStream.readFully(DataInputStream.java:197)
	at org.jpos.iso.channel.ASCIIChannel.getMessageLength(ASCIIChannel.java:93)
	at org.jpos.iso.BaseChannel.receive(BaseChannel.java:699)
	at org.jpos.q2.iso.ChannelAdaptor$Receiver.run(ChannelAdaptor.java:317)
	at java.lang.Thread.run(Thread.java:745)
    </exception>
  </warn>
</log>
<log realm="channel/127.0.0.1:2300" at="Sun Feb 25 08:13:31.256 WIB 2018" lifespan="1ms">
  <connect>
    localhost:2300
      Connection refused
    Unable to connect
  </connect>
</log>
<log realm="org.jpos.q2.iso.ChannelAdaptor" at="Sun Feb 25 08:13:31.258 WIB 2018">
  <warn>
    check-connection
    Unable to connect
  </warn>
</log>
<log realm="channel/127.0.0.1:2300" at="Sun Feb 25 08:13:32.261 WIB 2018" lifespan="1ms">
  <connect>
    localhost:2300
      Connection refused
    Unable to connect
  </connect>
</log>
<log realm="org.jpos.q2.iso.ChannelAdaptor" at="Sun Feb 25 08:13:32.264 WIB 2018">
  <warn>
    check-connection
    Unable to connect
  </warn>
</log>
<log realm="echo-biller" at="Sun Feb 25 08:13:32.792 WIB 2018">
  <info>
    Echo request : 08000010000081810000201802074567898301SYMPHONI0070000000
  </info>
</log>
<log realm="channel/127.0.0.1:2300" at="Sun Feb 25 08:13:33.268 WIB 2018">
  <connect>
    localhost:2300
      Connection refused
    Unable to connect
  </connect>
</log>
<log realm="org.jpos.q2.iso.ChannelAdaptor" at="Sun Feb 25 08:13:33.271 WIB 2018">
  <warn>
    check-connection
    Unable to connect
  </warn>
</log>
<log realm="channel/127.0.0.1:2300" at="Sun Feb 25 08:13:34.273 WIB 2018" lifespan="1ms">
  <connect>
    localhost:2300
      Connection refused
    Unable to connect
  </connect>
</log>
<log realm="org.jpos.q2.iso.ChannelAdaptor" at="Sun Feb 25 08:13:34.275 WIB 2018">
  <warn>
    check-connection
    Unable to connect
  </warn>
</log>
<log realm="channel/127.0.0.1:2300" at="Sun Feb 25 08:13:35.277 WIB 2018">
  <connect>
    localhost:2300
      Connection refused
    Unable to connect
  </connect>
</log>
<log realm="org.jpos.q2.iso.ChannelAdaptor" at="Sun Feb 25 08:13:35.279 WIB 2018">
  <warn>
    check-connection
    Unable to connect
  </warn>
</log>
<log realm="channel/127.0.0.1:2300" at="Sun Feb 25 08:13:36.282 WIB 2018" lifespan="1ms">
  <connect>
    localhost:2300
      Connection refused
    Unable to connect
  </connect>
</log>
<log realm="org.jpos.q2.iso.ChannelAdaptor" at="Sun Feb 25 08:13:36.285 WIB 2018">
  <warn>
    check-connection
    Unable to connect
  </warn>
</log>
<log realm="channel/127.0.0.1:2300" at="Sun Feb 25 08:13:37.290 WIB 2018" lifespan="1ms">
  <connect>
    localhost:2300
      Connection refused
    Unable to connect
  </connect>
</log>
<log realm="org.jpos.q2.iso.ChannelAdaptor" at="Sun Feb 25 08:13:37.294 WIB 2018">
  <warn>
    check-connection
    Unable to connect
  </warn>
</log>
<log realm="channel/127.0.0.1:2300" at="Sun Feb 25 08:13:38.299 WIB 2018" lifespan="1ms">
  <connect>
    localhost:2300
      Connection refused
    Unable to connect
  </connect>
</log>
<log realm="org.jpos.q2.iso.ChannelAdaptor" at="Sun Feb 25 08:13:38.302 WIB 2018">
  <warn>
    check-connection
    Unable to connect
  </warn>
</log>
<log realm="channel/127.0.0.1:2300" at="Sun Feb 25 08:13:39.306 WIB 2018" lifespan="1ms">
  <connect>
    localhost:2300
      Connection refused
    Unable to connect
  </connect>
</log>
<log realm="org.jpos.q2.iso.ChannelAdaptor" at="Sun Feb 25 08:13:39.309 WIB 2018">
  <warn>
    check-connection
    Unable to connect
  </warn>
</log>
<log realm="channel/127.0.0.1:2300" at="Sun Feb 25 08:13:40.313 WIB 2018" lifespan="1ms">
  <connect>
    localhost:2300
      Connection refused
    Unable to connect
  </connect>
</log>
<log realm="org.jpos.q2.iso.ChannelAdaptor" at="Sun Feb 25 08:13:40.316 WIB 2018">
  <warn>
    check-connection
    Unable to connect
  </warn>
</log>
<log realm="channel/127.0.0.1:2300" at="Sun Feb 25 08:13:41.320 WIB 2018">
  <connect>
    localhost:2300
      Connection refused
    Unable to connect
  </connect>
</log>
<log realm="org.jpos.q2.iso.ChannelAdaptor" at="Sun Feb 25 08:13:41.324 WIB 2018">
  <warn>
    check-connection
    Unable to connect
  </warn>
</log>
<log realm="channel/127.0.0.1:2300" at="Sun Feb 25 08:13:42.328 WIB 2018">
  <connect>
    localhost:2300
      Connection refused
    Unable to connect
  </connect>
</log>
<log realm="org.jpos.q2.iso.ChannelAdaptor" at="Sun Feb 25 08:13:42.332 WIB 2018">
  <warn>
    check-connection
    Unable to connect
  </warn>
</log>
<log realm="channel/127.0.0.1:2300" at="Sun Feb 25 08:13:43.336 WIB 2018">
  <connect>
    localhost:2300
      Connection refused
    Unable to connect
  </connect>
</log>
<log realm="org.jpos.q2.iso.ChannelAdaptor" at="Sun Feb 25 08:13:43.339 WIB 2018">
  <warn>
    check-connection
    Unable to connect
  </warn>
</log>
<log realm="channel/127.0.0.1:2300" at="Sun Feb 25 08:13:44.342 WIB 2018" lifespan="1ms">
  <connect>
    localhost:2300
      Connection refused
    Unable to connect
  </connect>
</log>
<log realm="org.jpos.q2.iso.ChannelAdaptor" at="Sun Feb 25 08:13:44.343 WIB 2018">
  <warn>
    check-connection
    Unable to connect
  </warn>
</log>
<log realm="channel/127.0.0.1:2300" at="Sun Feb 25 08:13:45.346 WIB 2018" lifespan="1ms">
  <connect>
    localhost:2300
      Connection refused
    Unable to connect
  </connect>
</log>
<log realm="org.jpos.q2.iso.ChannelAdaptor" at="Sun Feb 25 08:13:45.350 WIB 2018">
  <warn>
    check-connection
    Unable to connect
  </warn>
</log>
<log realm="channel/127.0.0.1:2300" at="Sun Feb 25 08:13:46.354 WIB 2018" lifespan="1ms">
  <connect>
    localhost:2300
      Connection refused
    Unable to connect
  </connect>
</log>
<log realm="org.jpos.q2.iso.ChannelAdaptor" at="Sun Feb 25 08:13:46.357 WIB 2018">
  <warn>
    check-connection
    Unable to connect
  </warn>
</log>
<log realm="channel/127.0.0.1:2300" at="Sun Feb 25 08:13:47.360 WIB 2018" lifespan="1ms">
  <connect>
    localhost:2300
      Connection refused
    Unable to connect
  </connect>
</log>
<log realm="org.jpos.q2.iso.ChannelAdaptor" at="Sun Feb 25 08:13:47.363 WIB 2018">
  <warn>
    check-connection
    Unable to connect
  </warn>
</log>
<log realm="channel/127.0.0.1:2300" at="Sun Feb 25 08:13:48.366 WIB 2018" lifespan="1ms">
  <connect>
    localhost:2300
      Connection refused
    Unable to connect
  </connect>
</log>
<log realm="org.jpos.q2.iso.ChannelAdaptor" at="Sun Feb 25 08:13:48.368 WIB 2018">
  <warn>
    check-connection
    Unable to connect
  </warn>
</log>
<log realm="channel/127.0.0.1:2300" at="Sun Feb 25 08:13:49.370 WIB 2018">
  <connect>
    localhost:2300
      Connection refused
    Unable to connect
  </connect>
</log>
<log realm="org.jpos.q2.iso.ChannelAdaptor" at="Sun Feb 25 08:13:49.372 WIB 2018">
  <warn>
    check-connection
    Unable to connect
  </warn>
</log>
<log realm="rotate-log-listener" at="Sun Feb 25 08:13:50 WIB 2018">
   maxSize (10000) threshold reached
</log>
</logger>
